{timestamp:undefined, localtime:NaN, state:"undefined", message: "PROGRESS RESET CALLED "}
{timestamp:undefined, localtime:NaN, state:"configuring detector.", message: "undefined"}
{timestamp:undefined, localtime:NaN, state:"SEARCH_SP", message: "PROGRESS RESET CALLED "}
{timestamp:0.00000, localtime:0.00000, state:"SEARCH_SP", message: "SEARCHING  m = null"}
{timestamp:0.00000, localtime:0.00000, state:"SEARCH_SP", message: "PROGRESS RESET CALLED "}
{timestamp:0.01895, localtime:0.01895, state:"SEARCH_SP", message: "SEARCHING  m = 0.00000"}
{timestamp:0.01895, localtime:0.01895, state:"SEARCH_SP", message: "PROGRESS RESET CALLED "}
{timestamp:0.03690, localtime:0.03690, state:"SEARCH_SP", message: "SEARCHING  m = 0.00000"}
{timestamp:0.03690, localtime:0.03690, state:"SEARCH_SP", message: "PROGRESS RESET CALLED "}
{timestamp:0.06283, localtime:0.06283, state:"SEARCH_SP", message: "SEARCHING  m = 0.00000"}
{timestamp:0.06283, localtime:0.06283, state:"SEARCH_SP", message: "PROGRESS RESET CALLED "}
{timestamp:0.07979, localtime:0.07979, state:"SEARCH_SP", message: "SEARCHING  m = 0.00000"}
{timestamp:0.07979, localtime:0.07979, state:"SEARCH_SP", message: "PROGRESS RESET CALLED "}
{timestamp:0.09873, localtime:0.09873, state:"SEARCH_SP", message: "SEARCHING  m = 0.15305"}
{timestamp:0.09873, localtime:0.09873, state:"SEARCH_SP", message: "PROGRESS RESET CALLED "}
{timestamp:0.12068, localtime:0.12068, state:"SEARCH_SP", message: "SEARCHING  m = 0.88747"}
{timestamp:0.12068, localtime:0.12068, state:"SEARCH_SP", message: "PROGRESS RESET CALLED "}
{timestamp:0.13963, localtime:0.13963, state:"SEARCH_SP", message: "SEARCHING  m = 0.88747"}
{timestamp:0.13963, localtime:0.13963, state:"SEARCH_SP", message: "PROGRESS RESET CALLED "}
{timestamp:0.16057, localtime:0.16057, state:"SEARCH_SP", message: "SEARCHING  m = 0.13968"}
{timestamp:0.16057, localtime:0.16057, state:"SEARCH_SP", message: "PROGRESS RESET CALLED "}
{timestamp:0.18151, localtime:0.18151, state:"SEARCH_SP", message: "SEARCHING  m = 0.03294"}
{timestamp:0.18151, localtime:0.18151, state:"SEARCH_SP", message: "PROGRESS RESET CALLED "}
{timestamp:0.20346, localtime:0.20346, state:"SEARCH_SP", message: "SEARCHING  m = 0.03193"}
{timestamp:0.20346, localtime:0.20346, state:"SEARCH_SP", message: "PROGRESS RESET CALLED "}
{timestamp:0.22141, localtime:0.22141, state:"SEARCH_SP", message: "SEARCHING  m = 0.00000"}
{timestamp:0.22141, localtime:0.22141, state:"SEARCH_SP", message: "PROGRESS RESET CALLED "}
{timestamp:0.24036, localtime:0.24036, state:"SEARCH_SP", message: "SEARCHING  m = -0.00826"}
{timestamp:0.24036, localtime:0.24036, state:"SEARCH_SP", message: "PROGRESS RESET CALLED "}
{timestamp:0.26030, localtime:0.26030, state:"SEARCH_SP", message: "SEARCHING  m = -0.04059"}
{timestamp:0.26030, localtime:0.26030, state:"SEARCH_SP", message: "PROGRESS RESET CALLED "}
{timestamp:0.28025, localtime:0.28025, state:"SEARCH_SP", message: "SEARCHING  m = -0.04059"}
{timestamp:0.28025, localtime:0.28025, state:"SEARCH_SP", message: "PROGRESS RESET CALLED "}
{timestamp:0.29920, localtime:0.29920, state:"SEARCH_SP", message: "SEARCHING  m = -0.02565"}
{timestamp:0.29920, localtime:0.29920, state:"SEARCH_SP", message: "PROGRESS RESET CALLED "}
{timestamp:0.31915, localtime:0.31915, state:"SEARCH_SP", message: "SEARCHING  m = -0.02565"}
{timestamp:0.31915, localtime:0.31915, state:"SEARCH_SP", message: "PROGRESS RESET CALLED "}
{timestamp:0.34009, localtime:0.34009, state:"SEARCH_SP", message: "SEARCHING  m = -0.03733"}
{timestamp:0.34009, localtime:0.34009, state:"SEARCH_SP", message: "PROGRESS RESET CALLED "}
{timestamp:0.35904, localtime:0.35904, state:"SEARCH_SP", message: "SEARCHING  m = -0.04108"}
{timestamp:0.35904, localtime:0.35904, state:"SEARCH_SP", message: "PROGRESS RESET CALLED "}
{timestamp:0.37799, localtime:0.37799, state:"SEARCH_SP", message: "SEARCHING  m = -0.04108"}
{timestamp:0.37799, localtime:0.37799, state:"SEARCH_SP", message: "PROGRESS RESET CALLED "}
{timestamp:0.39793, localtime:0.39793, state:"STEP", message: "START STATIONARITY (COUNT = 0 T = 0.3979346752166748)"}
{timestamp:0.39793, localtime:0.39793, state:"SEARCH_SP", message: "START t = 0.3979346752166748 m = -0.05147797993783742 f = true"}
{timestamp:0.41988, localtime:0.41988, state:"SEARCH_SP", message: "BUILD EVIDENCE  dt = 0.02194 m = -0.06431  f = 1.00000 [1.00000]"}
{timestamp:0.44082, localtime:0.44082, state:"SEARCH_SP", message: "BUILD EVIDENCE  dt = 0.04289 m = -0.07590  f = 1.00000 [2.00000]"}
{timestamp:0.45877, localtime:0.45877, state:"SEARCH_SP", message: "BUILD EVIDENCE  dt = 0.06084 m = -0.08995  f = 1.00000 [3.00000]"}
{timestamp:0.48071, localtime:0.48071, state:"SEARCH_SP", message: "BUILD EVIDENCE  dt = 0.08278 m = -0.08995  f = 1.00000 [4.00000]"}
{timestamp:0.49867, localtime:0.49867, state:"SEARCH_SP", message: "ACCEPT c = 4.00000 dt = 0.10073  m = -0.06816 (start = 0.39793)"}
{timestamp:0.52160, localtime:0.52160, state:"IN_SP", message: "RAMP_STATUS = WITH dt = 0.10073 m = -0.06019"}
{timestamp:0.52160, localtime:0.52160, state:"IN_SP", message: "EXTEND dt = 0.12367 m = -0.06019"}
{timestamp:0.53956, localtime:0.53956, state:"IN_SP", message: "RAMP_STATUS = INDETERMINATE dt = 0.12367 m = -0.03364"}
{timestamp:0.53956, localtime:0.53956, state:"IN_SP", message: "INDETERMINATE dt = 0.14162 m = -0.03364"}
{timestamp:0.56050, localtime:0.56050, state:"IN_SP", message: "RAMP_STATUS = INDETERMINATE dt = 0.14162 m = 0.00000"}
{timestamp:0.56050, localtime:0.56050, state:"IN_SP", message: "INDETERMINATE dt = 0.16257 m = 0.00000"}
{timestamp:0.58045, localtime:0.58045, state:"IN_SP", message: "RAMP_STATUS = AGAINST dt = 0.16257 m = 0.26857"}
{timestamp:0.58045, localtime:0.58045, state:"IN_QP", message: "START QP @ t = 0.58045 d = UPWARD m = 0.26857 max_sp_v = -0.09312"}
{timestamp:0.59940, localtime:0.59940, state:"IN_QP", message: "IN_QP VELOCITY CHECK v: 0.19831093965642643 dirn.: UPWARD"}
{timestamp:0.59940, localtime:0.59940, state:"IN_QP", message: "EXTEND dt = 0.03889 m = 0.26857"}
{timestamp:0.62134, localtime:0.62134, state:"IN_QP", message: "IN_QP VELOCITY CHECK v: 0.035483629042262266 dirn.: UPWARD"}
{timestamp:0.62134, localtime:0.62134, state:"IN_QP", message: "EXTEND dt = 0.06084 m = 0.19831"}
{timestamp:0.63829, localtime:0.63829, state:"IN_QP", message: "IN_QP VELOCITY CHECK v: 0 dirn.: UPWARD"}
{timestamp:0.63829, localtime:0.63829, state:"FOUND", message: "END (INDETERMINATE) m = 0.03548 [PASS-THROUGH TO FOUND]"}
{timestamp:0.63829, localtime:0.63829, state:"FOUND", message: "END qp end time = 0.63829  qp duration = 0.07779"}
{timestamp:0.63829, localtime:0.63829, state:"FOUND", message: "[PRE-VALIDATOR] END qp end time = 0.63829  qp duration = 0.07779"}
{timestamp:0.63829, localtime:0.63829, state:"FOUND", message: "FAILED VALIDITY CHECK"}
{timestamp:0.63829, localtime:0.63829, state:"FOUND", message: "PROGRESS RESET CALLED "}
{timestamp:0.63829, localtime:0.63829, state:"SEARCH_SP", message: "[FOUND] EARLY RESTART t_early = 0.6382930278778076, t = 0.6382930278778076 m = 0.035483629042262266 f = true"}
{timestamp:0.65924, localtime:0.65924, state:"IN_SP", message: "INDETERMINATE dt = 0.02094 m = 0.00000"}
{timestamp:0.67918, localtime:0.67918, state:"IN_SP", message: "RAMP_STATUS = INDETERMINATE dt = 0.02094 m = -0.00927"}
{timestamp:0.67918, localtime:0.67918, state:"IN_SP", message: "INDETERMINATE dt = 0.04089 m = -0.00927"}
{timestamp:0.70013, localtime:0.70013, state:"IN_SP", message: "RAMP_STATUS = INDETERMINATE dt = 0.04089 m = -0.00927"}
{timestamp:0.70013, localtime:0.70013, state:"IN_SP", message: "INDETERMINATE dt = 0.06183 m = -0.00927"}
{timestamp:0.72007, localtime:0.72007, state:"IN_SP", message: "RAMP_STATUS = INDETERMINATE dt = 0.06183 m = -0.00169"}
{timestamp:0.72007, localtime:0.72007, state:"IN_SP", message: "INDETERMINATE dt = 0.08178 m = -0.00169"}
{timestamp:0.74002, localtime:0.74002, state:"IN_SP", message: "RAMP_STATUS = INDETERMINATE dt = 0.08178 m = -0.00165"}
{timestamp:0.74002, localtime:0.74002, state:"IN_SP", message: "INDETERMINATE dt = 0.10173 m = -0.00165"}
{timestamp:0.76097, localtime:0.76097, state:"IN_SP", message: "RAMP_STATUS = INDETERMINATE dt = 0.10173 m = -0.00169"}
{timestamp:0.76097, localtime:0.76097, state:"IN_SP", message: "INDETERMINATE dt = 0.12267 m = -0.00169"}
{timestamp:0.77892, localtime:0.77892, state:"IN_SP", message: "RAMP_STATUS = INDETERMINATE dt = 0.12267 m = -0.01524"}
{timestamp:0.77892, localtime:0.77892, state:"IN_SP", message: "INDETERMINATE dt = 0.14062 m = -0.01524"}
{timestamp:0.80086, localtime:0.80086, state:"IN_SP", message: "RAMP_STATUS = INDETERMINATE dt = 0.14062 m = -0.02254"}
{timestamp:0.80086, localtime:0.80086, state:"IN_SP", message: "INDETERMINATE dt = 0.16257 m = -0.02254"}
{timestamp:0.81981, localtime:0.81981, state:"IN_SP", message: "RAMP_STATUS = INDETERMINATE dt = 0.16257 m = -0.02254"}
{timestamp:0.81981, localtime:0.81981, state:"IN_SP", message: "INDETERMINATE dt = 0.18151 m = -0.02254"}
{timestamp:0.83975, localtime:0.83975, state:"IN_SP", message: "RAMP_STATUS = INDETERMINATE dt = 0.18151 m = -0.01500"}
{timestamp:0.83975, localtime:0.83975, state:"IN_SP", message: "INDETERMINATE dt = 0.20146 m = -0.01500"}
{timestamp:0.85970, localtime:0.85970, state:"IN_SP", message: "RAMP_STATUS = INDETERMINATE dt = 0.20146 m = -0.01500"}
{timestamp:0.85970, localtime:0.85970, state:"IN_SP", message: "INDETERMINATE dt = 0.22141 m = -0.01500"}
{timestamp:0.87965, localtime:0.87965, state:"IN_SP", message: "RAMP_STATUS = INDETERMINATE dt = 0.22141 m = -0.02840"}
{timestamp:0.87965, localtime:0.87965, state:"IN_SP", message: "INDETERMINATE dt = 0.24135 m = -0.02840"}
{timestamp:0.90059, localtime:0.90059, state:"IN_SP", message: "RAMP_STATUS = INDETERMINATE dt = 0.24135 m = -0.03971"}
{timestamp:0.90059, localtime:0.90059, state:"IN_SP", message: "INDETERMINATE dt = 0.26230 m = -0.03971"}
{timestamp:0.92154, localtime:0.92154, state:"IN_SP", message: "RAMP_STATUS = INDETERMINATE dt = 0.26230 m = -0.04722"}
{timestamp:0.92154, localtime:0.92154, state:"IN_SP", message: "INDETERMINATE dt = 0.28324 m = -0.04722"}
{timestamp:0.93949, localtime:0.93949, state:"IN_SP", message: "RAMP_STATUS = WITH dt = 0.28324 m = -0.05955"}
{timestamp:0.93949, localtime:0.93949, state:"IN_SP", message: "EXTEND dt = 0.30119 m = -0.05955"}
{timestamp:0.96043, localtime:0.96043, state:"IN_SP", message: "RAMP_STATUS = WITH dt = 0.30119 m = -0.05955"}
{timestamp:0.96043, localtime:0.96043, state:"IN_SP", message: "EXTEND dt = 0.32214 m = -0.05955"}
{timestamp:0.97938, localtime:0.97938, state:"IN_SP", message: "RAMP_STATUS = WITH dt = 0.32214 m = -0.05342"}
{timestamp:0.97938, localtime:0.97938, state:"IN_SP", message: "EXTEND dt = 0.34109 m = -0.05342"}
{timestamp:1.00033, localtime:1.00033, state:"IN_SP", message: "RAMP_STATUS = INDETERMINATE dt = 0.34109 m = -0.04910"}
{timestamp:1.00033, localtime:1.00033, state:"IN_SP", message: "INDETERMINATE dt = 0.36203 m = -0.04910"}
{timestamp:1.01927, localtime:1.01927, state:"IN_SP", message: "RAMP_STATUS = INDETERMINATE dt = 0.36203 m = 0.00000"}
{timestamp:1.01927, localtime:1.01927, state:"IN_SP", message: "INDETERMINATE dt = 0.38098 m = 0.00000"}
{timestamp:1.03922, localtime:1.03922, state:"IN_SP", message: "RAMP_STATUS = AGAINST dt = 0.38098 m = 0.08658"}
{timestamp:1.03922, localtime:1.03922, state:"IN_QP", message: "START QP @ t = 1.03922 d = UPWARD m = 0.08658 max_sp_v = -0.06207"}
{timestamp:1.06016, localtime:1.06016, state:"IN_QP", message: "IN_QP VELOCITY CHECK v: 0.16103267684798514 dirn.: UPWARD"}
{timestamp:1.06016, localtime:1.06016, state:"IN_QP", message: "EXTEND dt = 0.04089 m = 0.16103"}
{timestamp:1.07911, localtime:1.07911, state:"IN_QP", message: "IN_QP VELOCITY CHECK v: 0.10894231729579833 dirn.: UPWARD"}
{timestamp:1.07911, localtime:1.07911, state:"IN_QP", message: "EXTEND dt = 0.05984 m = 0.16103"}
{timestamp:1.09906, localtime:1.09906, state:"IN_QP", message: "IN_QP VELOCITY CHECK v: 0.02726351415823148 dirn.: UPWARD"}
{timestamp:1.09906, localtime:1.09906, state:"IN_QP", message: "EXTEND dt = 0.07979 m = 0.10894"}
{timestamp:1.12100, localtime:1.12100, state:"IN_QP", message: "IN_QP VELOCITY CHECK v: 0.0036355492234480392 dirn.: UPWARD"}
{timestamp:1.12100, localtime:1.12100, state:"FOUND", message: "END (INDETERMINATE) m = 0.02726 [PASS-THROUGH TO FOUND]"}
{timestamp:1.12100, localtime:1.12100, state:"FOUND", message: "END qp end time = 1.12100  qp duration = 0.10173"}
{timestamp:1.12100, localtime:1.12100, state:"FOUND", message: "[PRE-VALIDATOR] END qp end time = 1.12100  qp duration = 0.10173"}
{timestamp:1.12100, localtime:1.12100, state:"FOUND", message: "FAILED VALIDITY CHECK"}
{timestamp:1.12100, localtime:1.12100, state:"FOUND", message: "PROGRESS RESET CALLED "}
{timestamp:1.12100, localtime:1.12100, state:"SEARCH_SP", message: "[FOUND] EARLY RESTART t_early = 1.1210038661956787, t = 1.1210038661956787 m = 0.02726351415823148 f = true"}
{timestamp:1.13995, localtime:1.13995, state:"IN_SP", message: "INDETERMINATE dt = 0.01895 m = 0.00364"}
{timestamp:1.15990, localtime:1.15990, state:"IN_SP", message: "RAMP_STATUS = INDETERMINATE dt = 0.01895 m = 0.00198"}
{timestamp:1.15990, localtime:1.15990, state:"IN_SP", message: "INDETERMINATE dt = 0.03890 m = 0.00198"}
{timestamp:1.18084, localtime:1.18084, state:"IN_SP", message: "RAMP_STATUS = INDETERMINATE dt = 0.03890 m = -0.00188"}
{timestamp:1.18084, localtime:1.18084, state:"IN_SP", message: "INDETERMINATE dt = 0.05984 m = -0.00188"}
{timestamp:1.20079, localtime:1.20079, state:"IN_SP", message: "RAMP_STATUS = INDETERMINATE dt = 0.05984 m = -0.01748"}
{timestamp:1.20079, localtime:1.20079, state:"IN_SP", message: "INDETERMINATE dt = 0.07979 m = -0.01748"}
{timestamp:1.21974, localtime:1.21974, state:"IN_SP", message: "RAMP_STATUS = INDETERMINATE dt = 0.07979 m = -0.01748"}
{timestamp:1.21974, localtime:1.21974, state:"IN_SP", message: "INDETERMINATE dt = 0.09874 m = -0.01748"}
{timestamp:1.24068, localtime:1.24068, state:"IN_SP", message: "RAMP_STATUS = INDETERMINATE dt = 0.09874 m = -0.00360"}
{timestamp:1.24068, localtime:1.24068, state:"IN_SP", message: "INDETERMINATE dt = 0.11968 m = -0.00360"}
{timestamp:1.26362, localtime:1.26362, state:"IN_SP", message: "RAMP_STATUS = INDETERMINATE dt = 0.11968 m = -0.00360"}
{timestamp:1.26362, localtime:1.26362, state:"IN_SP", message: "INDETERMINATE dt = 0.14262 m = -0.00360"}
{timestamp:1.28058, localtime:1.28058, state:"IN_SP", message: "RAMP_STATUS = INDETERMINATE dt = 0.14262 m = -0.00360"}
{timestamp:1.28058, localtime:1.28058, state:"IN_SP", message: "INDETERMINATE dt = 0.15957 m = -0.00360"}
{timestamp:1.30252, localtime:1.30252, state:"IN_SP", message: "RAMP_STATUS = INDETERMINATE dt = 0.15957 m = -0.00396"}
{timestamp:1.30252, localtime:1.30252, state:"IN_SP", message: "INDETERMINATE dt = 0.18151 m = -0.00396"}
{timestamp:1.31947, localtime:1.31947, state:"IN_SP", message: "RAMP_STATUS = WITH dt = 0.18151 m = -0.05745"}
{timestamp:1.31947, localtime:1.31947, state:"IN_SP", message: "EXTEND dt = 0.19847 m = -0.05745"}
{timestamp:1.33842, localtime:1.33842, state:"IN_SP", message: "RAMP_STATUS = WITH dt = 0.19847 m = -0.05745"}
{timestamp:1.33842, localtime:1.33842, state:"IN_SP", message: "EXTEND dt = 0.21742 m = -0.05745"}
{timestamp:1.36136, localtime:1.36136, state:"IN_SP", message: "RAMP_STATUS = INDETERMINATE dt = 0.21742 m = -0.03604"}
{timestamp:1.36136, localtime:1.36136, state:"IN_SP", message: "INDETERMINATE dt = 0.24036 m = -0.03604"}
{timestamp:1.38231, localtime:1.38231, state:"IN_SP", message: "RAMP_STATUS = INDETERMINATE dt = 0.24036 m = -0.02243"}
{timestamp:1.38231, localtime:1.38231, state:"IN_SP", message: "INDETERMINATE dt = 0.26130 m = -0.02243"}
{timestamp:1.39926, localtime:1.39926, state:"IN_SP", message: "RAMP_STATUS = INDETERMINATE dt = 0.26130 m = 0.00000"}
{timestamp:1.39926, localtime:1.39926, state:"IN_SP", message: "INDETERMINATE dt = 0.27826 m = 0.00000"}
{timestamp:1.42320, localtime:1.42320, state:"IN_SP", message: "RAMP_STATUS = INDETERMINATE dt = 0.27826 m = 0.00839"}
{timestamp:1.42320, localtime:1.42320, state:"IN_SP", message: "INDETERMINATE dt = 0.30219 m = 0.00839"}
{timestamp:1.44414, localtime:1.44414, state:"IN_SP", message: "RAMP_STATUS = INDETERMINATE dt = 0.30219 m = 0.00839"}
{timestamp:1.44414, localtime:1.44414, state:"IN_SP", message: "INDETERMINATE dt = 0.32313 m = 0.00839"}
{timestamp:1.46209, localtime:1.46209, state:"IN_SP", message: "RAMP_STATUS = INDETERMINATE dt = 0.32313 m = 0.00000"}
{timestamp:1.46209, localtime:1.46209, state:"IN_SP", message: "INDETERMINATE dt = 0.34109 m = 0.00000"}
{timestamp:1.48004, localtime:1.48004, state:"IN_SP", message: "RAMP_STATUS = INDETERMINATE dt = 0.34109 m = -0.02101"}
{timestamp:1.48004, localtime:1.48004, state:"IN_SP", message: "INDETERMINATE dt = 0.35904 m = -0.02101"}
{timestamp:1.49999, localtime:1.49999, state:"IN_SP", message: "RAMP_STATUS = INDETERMINATE dt = 0.35904 m = -0.02101"}
{timestamp:1.49999, localtime:1.49999, state:"IN_SP", message: "INDETERMINATE dt = 0.37899 m = -0.02101"}
{timestamp:1.52193, localtime:1.52193, state:"IN_SP", message: "RAMP_STATUS = INDETERMINATE dt = 0.37899 m = -0.02473"}
{timestamp:1.52193, localtime:1.52193, state:"IN_SP", message: "INDETERMINATE dt = 0.40093 m = -0.02473"}
{timestamp:1.54587, localtime:1.54587, state:"IN_SP", message: "RAMP_STATUS = INDETERMINATE dt = 0.40093 m = -0.02670"}
{timestamp:1.54587, localtime:1.54587, state:"IN_SP", message: "INDETERMINATE dt = 0.42486 m = -0.02670"}
{timestamp:1.56182, localtime:1.56182, state:"IN_SP", message: "RAMP_STATUS = INDETERMINATE dt = 0.42486 m = -0.03581"}
{timestamp:1.56182, localtime:1.56182, state:"IN_SP", message: "INDETERMINATE dt = 0.44082 m = -0.03581"}
{timestamp:1.58177, localtime:1.58177, state:"IN_SP", message: "RAMP_STATUS = INDETERMINATE dt = 0.44082 m = -0.03982"}
{timestamp:1.58177, localtime:1.58177, state:"IN_SP", message: "INDETERMINATE dt = 0.46077 m = -0.03982"}
{timestamp:1.60072, localtime:1.60072, state:"IN_SP", message: "RAMP_STATUS = INDETERMINATE dt = 0.46077 m = -0.03982"}
{timestamp:1.60072, localtime:1.60072, state:"IN_SP", message: "INDETERMINATE dt = 0.47972 m = -0.03982"}
{timestamp:1.62067, localtime:1.62067, state:"IN_SP", message: "RAMP_STATUS = INDETERMINATE dt = 0.47972 m = -0.02481"}
{timestamp:1.62067, localtime:1.62067, state:"IN_SP", message: "INDETERMINATE dt = 0.49966 m = -0.02481"}
{timestamp:1.63962, localtime:1.63962, state:"IN_SP", message: "RAMP_STATUS = INDETERMINATE dt = 0.49966 m = -0.02319"}
{timestamp:1.63962, localtime:1.63962, state:"IN_SP", message: "INDETERMINATE dt = 0.51861 m = -0.02319"}
{timestamp:1.65956, localtime:1.65956, state:"IN_SP", message: "RAMP_STATUS = INDETERMINATE dt = 0.51861 m = -0.02481"}
{timestamp:1.65956, localtime:1.65956, state:"IN_SP", message: "INDETERMINATE dt = 0.53856 m = -0.02481"}
{timestamp:1.68450, localtime:1.68450, state:"IN_SP", message: "RAMP_STATUS = WITH dt = 0.53856 m = -0.05435"}
{timestamp:1.68450, localtime:1.68450, state:"IN_SP", message: "EXTEND dt = 0.56349 m = -0.05435"}
{timestamp:1.70145, localtime:1.70145, state:"IN_SP", message: "RAMP_STATUS = WITH dt = 0.56349 m = -0.06725"}
{timestamp:1.70145, localtime:1.70145, state:"IN_SP", message: "EXTEND dt = 0.58045 m = -0.06725"}
{timestamp:1.71940, localtime:1.71940, state:"IN_SP", message: "RAMP_STATUS = WITH dt = 0.58045 m = -0.06725"}
{timestamp:1.71940, localtime:1.71940, state:"IN_SP", message: "EXTEND dt = 0.59840 m = -0.06725"}
{timestamp:1.73935, localtime:1.73935, state:"IN_SP", message: "RAMP_STATUS = INDETERMINATE dt = 0.59840 m = -0.02273"}
{timestamp:1.73935, localtime:1.73935, state:"IN_SP", message: "INDETERMINATE dt = 0.61835 m = -0.02273"}
{timestamp:1.76229, localtime:1.76229, state:"IN_SP", message: "RAMP_STATUS = INDETERMINATE dt = 0.61835 m = -0.00205"}
{timestamp:1.76229, localtime:1.76229, state:"IN_SP", message: "INDETERMINATE dt = 0.64128 m = -0.00205"}
{timestamp:1.78124, localtime:1.78124, state:"IN_SP", message: "RAMP_STATUS = INDETERMINATE dt = 0.64128 m = 0.00000"}
{timestamp:1.78124, localtime:1.78124, state:"IN_SP", message: "INDETERMINATE dt = 0.66023 m = 0.00000"}
{timestamp:1.80019, localtime:1.80019, state:"IN_SP", message: "RAMP_STATUS = AGAINST dt = 0.66023 m = 0.13630"}
{timestamp:1.80019, localtime:1.80019, state:"IN_QP", message: "START QP @ t = 1.80019 d = UPWARD m = 0.13630 max_sp_v = -0.08755"}
{timestamp:1.82014, localtime:1.82014, state:"IN_QP", message: "IN_QP VELOCITY CHECK v: 0.09312508585935515 dirn.: UPWARD"}
{timestamp:1.82014, localtime:1.82014, state:"IN_QP", message: "EXTEND dt = 0.03890 m = 0.13630"}
{timestamp:1.83908, localtime:1.83908, state:"IN_QP", message: "IN_QP VELOCITY CHECK v: 0.03187688291364856 dirn.: UPWARD"}
{timestamp:1.83908, localtime:1.83908, state:"IN_QP", message: "EXTEND dt = 0.05785 m = 0.09313"}
{timestamp:1.85903, localtime:1.85903, state:"IN_QP", message: "IN_QP VELOCITY CHECK v: 0.01415027062426299 dirn.: UPWARD"}
{timestamp:1.85903, localtime:1.85903, state:"FOUND", message: "END (INDETERMINATE) m = 0.03188 [PASS-THROUGH TO FOUND]"}
{timestamp:1.85903, localtime:1.85903, state:"FOUND", message: "END qp end time = 1.85903  qp duration = 0.07779"}
{timestamp:1.85903, localtime:1.85903, state:"FOUND", message: "[PRE-VALIDATOR] END qp end time = 1.85903  qp duration = 0.07779"}
{timestamp:1.85903, localtime:1.85903, state:"FOUND", message: "FAILED VALIDITY CHECK"}
{timestamp:1.85903, localtime:1.85903, state:"FOUND", message: "PROGRESS RESET CALLED "}
{timestamp:1.85903, localtime:1.85903, state:"SEARCH_SP", message: "[FOUND] EARLY RESTART t_early = 1.859029769897461, t = 1.859029769897461 m = 0.03187688291364856 f = true"}
{timestamp:1.88097, localtime:1.88097, state:"IN_SP", message: "INDETERMINATE dt = 0.02194 m = 0.01415"}
{timestamp:1.89992, localtime:1.89992, state:"IN_SP", message: "RAMP_STATUS = INDETERMINATE dt = 0.02194 m = 0.01415"}
{timestamp:1.89992, localtime:1.89992, state:"IN_SP", message: "INDETERMINATE dt = 0.04089 m = 0.01415"}
{timestamp:1.91887, localtime:1.91887, state:"IN_SP", message: "RAMP_STATUS = AGAINST dt = 0.04089 m = 0.07315"}
{timestamp:1.91887, localtime:1.91887, state:"IN_QP", message: "START QP @ t = 1.91887 d = UPWARD m = 0.07315 max_sp_v = 0.00000"}
{timestamp:1.93882, localtime:1.93882, state:"IN_QP", message: "IN_QP VELOCITY CHECK v: 0.024841318361669633 dirn.: UPWARD"}
{timestamp:1.93882, localtime:1.93882, state:"IN_QP", message: "EXTEND dt = 0.07979 m = 0.07315"}
{timestamp:1.96076, localtime:1.96076, state:"IN_QP", message: "IN_QP VELOCITY CHECK v: 0 dirn.: UPWARD"}
{timestamp:1.96076, localtime:1.96076, state:"FOUND", message: "END (INDETERMINATE) m = 0.02484 [PASS-THROUGH TO FOUND]"}
{timestamp:1.96076, localtime:1.96076, state:"FOUND", message: "END qp end time = 1.96076  qp duration = 0.10173"}
{timestamp:1.96076, localtime:1.96076, state:"FOUND", message: "[PRE-VALIDATOR] END qp end time = 1.96076  qp duration = 0.10173"}
{timestamp:1.96076, localtime:1.96076, state:"FOUND", message: "FAILED VALIDITY CHECK"}
{timestamp:1.96076, localtime:1.96076, state:"FOUND", message: "PROGRESS RESET CALLED "}
{timestamp:1.96076, localtime:1.96076, state:"SEARCH_SP", message: "[FOUND] EARLY RESTART t_early = 1.9607584476470947, t = 1.9607584476470947 m = 0.024841318361669633 f = true"}
{timestamp:1.97971, localtime:1.97971, state:"IN_SP", message: "INDETERMINATE dt = 0.01895 m = 0.00000"}
{timestamp:1.99965, localtime:1.99965, state:"IN_SP", message: "RAMP_STATUS = INDETERMINATE dt = 0.01895 m = -0.02185"}
{timestamp:1.99965, localtime:1.99965, state:"IN_SP", message: "INDETERMINATE dt = 0.03890 m = -0.02185"}
{timestamp:2.02060, localtime:2.02060, state:"IN_SP", message: "RAMP_STATUS = INDETERMINATE dt = 0.03890 m = -0.02189"}
{timestamp:2.02060, localtime:2.02060, state:"IN_SP", message: "INDETERMINATE dt = 0.05984 m = -0.02189"}
{timestamp:2.03955, localtime:2.03955, state:"IN_SP", message: "RAMP_STATUS = INDETERMINATE dt = 0.05984 m = -0.02189"}
{timestamp:2.03955, localtime:2.03955, state:"IN_SP", message: "INDETERMINATE dt = 0.07879 m = -0.02189"}
{timestamp:2.06049, localtime:2.06049, state:"IN_SP", message: "RAMP_STATUS = INDETERMINATE dt = 0.07879 m = -0.00958"}
{timestamp:2.06049, localtime:2.06049, state:"IN_SP", message: "INDETERMINATE dt = 0.09973 m = -0.00958"}
{timestamp:2.07944, localtime:2.07944, state:"IN_SP", message: "RAMP_STATUS = INDETERMINATE dt = 0.09973 m = -0.00958"}
{timestamp:2.07944, localtime:2.07944, state:"IN_SP", message: "INDETERMINATE dt = 0.11868 m = -0.00958"}
{timestamp:2.09939, localtime:2.09939, state:"IN_SP", message: "RAMP_STATUS = INDETERMINATE dt = 0.11868 m = -0.02251"}
{timestamp:2.09939, localtime:2.09939, state:"IN_SP", message: "INDETERMINATE dt = 0.13863 m = -0.02251"}
{timestamp:2.12233, localtime:2.12233, state:"IN_SP", message: "RAMP_STATUS = INDETERMINATE dt = 0.13863 m = -0.02705"}
{timestamp:2.12233, localtime:2.12233, state:"IN_SP", message: "INDETERMINATE dt = 0.16157 m = -0.02705"}
{timestamp:2.14227, localtime:2.14227, state:"IN_SP", message: "RAMP_STATUS = INDETERMINATE dt = 0.16157 m = -0.04009"}
{timestamp:2.14227, localtime:2.14227, state:"IN_SP", message: "INDETERMINATE dt = 0.18152 m = -0.04009"}
{timestamp:2.16022, localtime:2.16022, state:"IN_SP", message: "RAMP_STATUS = WITH dt = 0.18152 m = -0.06966"}
{timestamp:2.16022, localtime:2.16022, state:"IN_SP", message: "EXTEND dt = 0.19947 m = -0.06966"}
{timestamp:2.17818, localtime:2.17818, state:"IN_SP", message: "RAMP_STATUS = WITH dt = 0.19947 m = -0.07336"}
{timestamp:2.17818, localtime:2.17818, state:"IN_SP", message: "EXTEND dt = 0.21742 m = -0.07336"}
{timestamp:2.20311, localtime:2.20311, state:"IN_SP", message: "RAMP_STATUS = WITH dt = 0.21742 m = -0.07391"}
{timestamp:2.20311, localtime:2.20311, state:"IN_SP", message: "EXTEND dt = 0.24235 m = -0.07391"}
{timestamp:2.22705, localtime:2.22705, state:"IN_SP", message: "RAMP_STATUS = WITH dt = 0.24235 m = -0.07502"}
{timestamp:2.22705, localtime:2.22705, state:"IN_SP", message: "EXTEND dt = 0.26629 m = -0.07502"}
{timestamp:2.24400, localtime:2.24400, state:"IN_SP", message: "RAMP_STATUS = WITH dt = 0.26629 m = -0.07502"}
{timestamp:2.24400, localtime:2.24400, state:"IN_SP", message: "EXTEND dt = 0.28324 m = -0.07502"}
{timestamp:2.26395, localtime:2.26395, state:"IN_SP", message: "RAMP_STATUS = INDETERMINATE dt = 0.28324 m = -0.04215"}
{timestamp:2.26395, localtime:2.26395, state:"IN_SP", message: "INDETERMINATE dt = 0.30319 m = -0.04215"}
{timestamp:2.27891, localtime:2.27891, state:"IN_SP", message: "RAMP_STATUS = INDETERMINATE dt = 0.30319 m = -0.03760"}
{timestamp:2.27891, localtime:2.27891, state:"IN_SP", message: "INDETERMINATE dt = 0.31815 m = -0.03760"}
{timestamp:2.29885, localtime:2.29885, state:"IN_SP", message: "RAMP_STATUS = INDETERMINATE dt = 0.31815 m = -0.03225"}
{timestamp:2.29885, localtime:2.29885, state:"IN_SP", message: "INDETERMINATE dt = 0.33810 m = -0.03225"}
{timestamp:2.31980, localtime:2.31980, state:"IN_SP", message: "RAMP_STATUS = INDETERMINATE dt = 0.33810 m = -0.03225"}
{timestamp:2.31980, localtime:2.31980, state:"IN_SP", message: "INDETERMINATE dt = 0.35904 m = -0.03225"}
{timestamp:2.33975, localtime:2.33975, state:"IN_SP", message: "RAMP_STATUS = INDETERMINATE dt = 0.35904 m = -0.03225"}
{timestamp:2.33975, localtime:2.33975, state:"IN_SP", message: "INDETERMINATE dt = 0.37899 m = -0.03225"}
{timestamp:2.35770, localtime:2.35770, state:"IN_SP", message: "RAMP_STATUS = WITH dt = 0.37899 m = -0.05289"}
{timestamp:2.35770, localtime:2.35770, state:"IN_SP", message: "EXTEND dt = 0.39694 m = -0.05289"}
{timestamp:2.38463, localtime:2.38463, state:"IN_SP", message: "RAMP_STATUS = WITH dt = 0.39694 m = -0.05289"}
{timestamp:2.38463, localtime:2.38463, state:"IN_SP", message: "EXTEND dt = 0.42387 m = -0.05289"}
{timestamp:2.40358, localtime:2.40358, state:"IN_SP", message: "RAMP_STATUS = INDETERMINATE dt = 0.42387 m = -0.03682"}
{timestamp:2.40358, localtime:2.40358, state:"IN_SP", message: "INDETERMINATE dt = 0.44282 m = -0.03682"}
{timestamp:2.41953, localtime:2.41953, state:"IN_SP", message: "RAMP_STATUS = INDETERMINATE dt = 0.44282 m = -0.02919"}
{timestamp:2.41953, localtime:2.41953, state:"IN_SP", message: "INDETERMINATE dt = 0.45877 m = -0.02919"}
{timestamp:2.43848, localtime:2.43848, state:"IN_SP", message: "RAMP_STATUS = INDETERMINATE dt = 0.45877 m = -0.02722"}
{timestamp:2.43848, localtime:2.43848, state:"IN_SP", message: "INDETERMINATE dt = 0.47772 m = -0.02722"}
{timestamp:2.45943, localtime:2.45943, state:"IN_SP", message: "RAMP_STATUS = INDETERMINATE dt = 0.47772 m = -0.02722"}
{timestamp:2.45943, localtime:2.45943, state:"IN_SP", message: "INDETERMINATE dt = 0.49867 m = -0.02722"}
{timestamp:2.47738, localtime:2.47738, state:"STEP", message: "END STATIONARITY (D = 2.0794432163238525) [LONG]"}
{timestamp:2.47738, localtime:2.47738, state:"IN_SP", message: "RAMP_STATUS = WITH dt = 0.49867 m = -0.06031"}
{timestamp:2.47738, localtime:2.47738, state:"IN_SP", message: "EXTEND dt = 0.51662 m = -0.06031"}
{timestamp:2.50231, localtime:2.50231, state:"IN_SP", message: "RAMP_STATUS = WITH dt = 0.51662 m = -0.06031"}
{timestamp:2.50231, localtime:2.50231, state:"IN_SP", message: "EXTEND dt = 0.54155 m = -0.06031"}
{timestamp:2.52226, localtime:2.52226, state:"IN_SP", message: "RAMP_STATUS = INDETERMINATE dt = 0.54155 m = -0.02948"}
{timestamp:2.52226, localtime:2.52226, state:"IN_SP", message: "INDETERMINATE dt = 0.56150 m = -0.02948"}
{timestamp:2.54121, localtime:2.54121, state:"IN_SP", message: "RAMP_STATUS = INDETERMINATE dt = 0.56150 m = -0.02073"}
{timestamp:2.54121, localtime:2.54121, state:"IN_SP", message: "INDETERMINATE dt = 0.58045 m = -0.02073"}
{timestamp:2.55916, localtime:2.55916, state:"STEP", message: "START STATIONARITY (COUNT = 1 T = 2.559159278869629)"}
{timestamp:2.55916, localtime:2.55916, state:"IN_SP", message: "RAMP_STATUS = INDETERMINATE dt = 0.58045 m = -0.01639"}
{timestamp:2.55916, localtime:2.55916, state:"IN_SP", message: "INDETERMINATE dt = 0.59840 m = -0.01639"}
{timestamp:2.58010, localtime:2.58010, state:"IN_SP", message: "RAMP_STATUS = INDETERMINATE dt = 0.59840 m = -0.00897"}
{timestamp:2.58010, localtime:2.58010, state:"IN_SP", message: "INDETERMINATE dt = 0.61934 m = -0.00897"}
{timestamp:2.60005, localtime:2.60005, state:"IN_SP", message: "RAMP_STATUS = INDETERMINATE dt = 0.61934 m = -0.00470"}
{timestamp:2.60005, localtime:2.60005, state:"IN_SP", message: "INDETERMINATE dt = 0.63929 m = -0.00470"}
{timestamp:2.61800, localtime:2.61800, state:"IN_SP", message: "RAMP_STATUS = INDETERMINATE dt = 0.63929 m = -0.00470"}
{timestamp:2.61800, localtime:2.61800, state:"IN_SP", message: "INDETERMINATE dt = 0.65724 m = -0.00470"}
{timestamp:2.63795, localtime:2.63795, state:"IN_SP", message: "RAMP_STATUS = INDETERMINATE dt = 0.65724 m = -0.02390"}
{timestamp:2.63795, localtime:2.63795, state:"IN_SP", message: "INDETERMINATE dt = 0.67719 m = -0.02390"}
{timestamp:2.66189, localtime:2.66189, state:"IN_SP", message: "RAMP_STATUS = WITH dt = 0.67719 m = -0.07099"}
{timestamp:2.66189, localtime:2.66189, state:"IN_SP", message: "EXTEND dt = 0.70113 m = -0.07099"}
{timestamp:2.67884, localtime:2.67884, state:"IN_SP", message: "RAMP_STATUS = WITH dt = 0.70113 m = -0.07099"}
{timestamp:2.67884, localtime:2.67884, state:"IN_SP", message: "EXTEND dt = 0.71808 m = -0.07099"}
{timestamp:2.69879, localtime:2.69879, state:"IN_SP", message: "RAMP_STATUS = WITH dt = 0.71808 m = -0.05901"}
{timestamp:2.69879, localtime:2.69879, state:"IN_SP", message: "EXTEND dt = 0.73803 m = -0.05901"}
{timestamp:2.72272, localtime:2.72272, state:"IN_SP", message: "RAMP_STATUS = INDETERMINATE dt = 0.73803 m = -0.04426"}
{timestamp:2.72272, localtime:2.72272, state:"IN_SP", message: "INDETERMINATE dt = 0.76196 m = -0.04426"}
{timestamp:2.74067, localtime:2.74067, state:"IN_SP", message: "RAMP_STATUS = INDETERMINATE dt = 0.76196 m = -0.03133"}
{timestamp:2.74067, localtime:2.74067, state:"IN_SP", message: "INDETERMINATE dt = 0.77992 m = -0.03133"}
{timestamp:2.76062, localtime:2.76062, state:"IN_SP", message: "RAMP_STATUS = INDETERMINATE dt = 0.77992 m = -0.01838"}
{timestamp:2.76062, localtime:2.76062, state:"IN_SP", message: "INDETERMINATE dt = 0.79986 m = -0.01838"}
{timestamp:2.77857, localtime:2.77857, state:"IN_SP", message: "RAMP_STATUS = INDETERMINATE dt = 0.79986 m = 0.00000"}
{timestamp:2.77857, localtime:2.77857, state:"IN_SP", message: "INDETERMINATE dt = 0.81781 m = 0.00000"}
{timestamp:2.80151, localtime:2.80151, state:"IN_SP", message: "RAMP_STATUS = INDETERMINATE dt = 0.81781 m = 0.03084"}
{timestamp:2.80151, localtime:2.80151, state:"IN_SP", message: "INDETERMINATE dt = 0.84075 m = 0.03084"}
{timestamp:2.82644, localtime:2.82644, state:"IN_SP", message: "RAMP_STATUS = AGAINST dt = 0.84075 m = 0.21589"}
{timestamp:2.82644, localtime:2.82644, state:"IN_QP", message: "START QP @ t = 2.82644 d = UPWARD m = 0.21589 max_sp_v = -0.07756"}
{timestamp:2.83841, localtime:2.83841, state:"IN_QP", message: "IN_QP VELOCITY CHECK v: 0.1587862659556147 dirn.: UPWARD"}
{timestamp:2.83841, localtime:2.83841, state:"IN_QP", message: "EXTEND dt = 0.05984 m = 0.21589"}
{timestamp:2.85836, localtime:2.85836, state:"IN_QP", message: "IN_QP VELOCITY CHECK v: 0.03281990074322548 dirn.: UPWARD"}
{timestamp:2.85836, localtime:2.85836, state:"IN_QP", message: "EXTEND dt = 0.07979 m = 0.15879"}
{timestamp:2.87930, localtime:2.87930, state:"IN_QP", message: "IN_QP VELOCITY CHECK v: 0 dirn.: UPWARD"}
{timestamp:2.87930, localtime:2.87930, state:"FOUND", message: "END (INDETERMINATE) m = 0.03282 [PASS-THROUGH TO FOUND]"}
{timestamp:2.87930, localtime:2.87930, state:"FOUND", message: "END qp end time = 2.87930  qp duration = 0.10073"}
{timestamp:2.87930, localtime:2.87930, state:"FOUND", message: "[PRE-VALIDATOR] END qp end time = 2.87930  qp duration = 0.10073"}
{timestamp:2.87930, localtime:2.87930, state:"FOUND", message: "PASSED VALIDITY CHECK"}
{timestamp:2.87930, localtime:2.87930, state:"FOUND", message: "PROGRESS RESET CALLED "}
{timestamp:2.87930, localtime:2.87930, state:"SEARCH_SP", message: "[FOUND] EARLY RESTART t_early = 2.8793036937713623, t = 2.8793036937713623 m = 0.03281990074322548 f = true"}
{timestamp:2.90324, localtime:2.90324, state:"IN_SP", message: "INDETERMINATE dt = 0.02394 m = 0.00000"}
{timestamp:2.91920, localtime:2.91920, state:"IN_SP", message: "RAMP_STATUS = INDETERMINATE dt = 0.02394 m = -0.01101"}
{timestamp:2.91920, localtime:2.91920, state:"IN_SP", message: "INDETERMINATE dt = 0.03989 m = -0.01101"}
{timestamp:2.94014, localtime:2.94014, state:"IN_SP", message: "RAMP_STATUS = INDETERMINATE dt = 0.03989 m = -0.02515"}
{timestamp:2.94014, localtime:2.94014, state:"IN_SP", message: "INDETERMINATE dt = 0.06084 m = -0.02515"}
{timestamp:2.96308, localtime:2.96308, state:"IN_SP", message: "RAMP_STATUS = INDETERMINATE dt = 0.06084 m = -0.04008"}
{timestamp:2.96308, localtime:2.96308, state:"IN_SP", message: "INDETERMINATE dt = 0.08378 m = -0.04008"}
{timestamp:2.98303, localtime:2.98303, state:"IN_SP", message: "RAMP_STATUS = INDETERMINATE dt = 0.08378 m = -0.04008"}
{timestamp:2.98303, localtime:2.98303, state:"IN_SP", message: "INDETERMINATE dt = 0.10372 m = -0.04008"}
{timestamp:3.00397, localtime:3.00397, state:"IN_SP", message: "RAMP_STATUS = INDETERMINATE dt = 0.10372 m = -0.03560"}
{timestamp:3.00397, localtime:3.00397, state:"IN_SP", message: "INDETERMINATE dt = 0.12467 m = -0.03560"}
{timestamp:3.02292, localtime:3.02292, state:"IN_SP", message: "RAMP_STATUS = INDETERMINATE dt = 0.12467 m = -0.03560"}
{timestamp:3.02292, localtime:3.02292, state:"IN_SP", message: "INDETERMINATE dt = 0.14362 m = -0.03560"}
{timestamp:3.04386, localtime:3.04386, state:"IN_SP", message: "RAMP_STATUS = INDETERMINATE dt = 0.14362 m = -0.04041"}
{timestamp:3.04386, localtime:3.04386, state:"IN_SP", message: "INDETERMINATE dt = 0.16456 m = -0.04041"}
{timestamp:3.06481, localtime:3.06481, state:"IN_SP", message: "RAMP_STATUS = INDETERMINATE dt = 0.16456 m = -0.04058"}
{timestamp:3.06481, localtime:3.06481, state:"IN_SP", message: "INDETERMINATE dt = 0.18550 m = -0.04058"}
{timestamp:3.08376, localtime:3.08376, state:"IN_SP", message: "RAMP_STATUS = WITH dt = 0.18550 m = -0.05444"}
{timestamp:3.08376, localtime:3.08376, state:"IN_SP", message: "EXTEND dt = 0.20445 m = -0.05444"}
{timestamp:3.10171, localtime:3.10171, state:"IN_SP", message: "RAMP_STATUS = WITH dt = 0.20445 m = -0.05444"}
{timestamp:3.10171, localtime:3.10171, state:"IN_SP", message: "EXTEND dt = 0.22241 m = -0.05444"}
{timestamp:3.12565, localtime:3.12565, state:"IN_SP", message: "RAMP_STATUS = INDETERMINATE dt = 0.22241 m = -0.03613"}
{timestamp:3.12565, localtime:3.12565, state:"IN_SP", message: "INDETERMINATE dt = 0.24634 m = -0.03613"}
{timestamp:3.14360, localtime:3.14360, state:"IN_SP", message: "RAMP_STATUS = INDETERMINATE dt = 0.24634 m = -0.03613"}
{timestamp:3.14360, localtime:3.14360, state:"IN_SP", message: "INDETERMINATE dt = 0.26429 m = -0.03613"}
{timestamp:3.16255, localtime:3.16255, state:"IN_SP", message: "RAMP_STATUS = INDETERMINATE dt = 0.26429 m = -0.03528"}
{timestamp:3.16255, localtime:3.16255, state:"IN_SP", message: "INDETERMINATE dt = 0.28324 m = -0.03528"}
{timestamp:3.18349, localtime:3.18349, state:"IN_SP", message: "RAMP_STATUS = INDETERMINATE dt = 0.28324 m = -0.03586"}
{timestamp:3.18349, localtime:3.18349, state:"IN_SP", message: "INDETERMINATE dt = 0.30419 m = -0.03586"}
{timestamp:3.21042, localtime:3.21042, state:"IN_SP", message: "RAMP_STATUS = INDETERMINATE dt = 0.30419 m = -0.03586"}
{timestamp:3.21042, localtime:3.21042, state:"IN_SP", message: "INDETERMINATE dt = 0.33112 m = -0.03586"}
{timestamp:3.22837, localtime:3.22837, state:"IN_SP", message: "RAMP_STATUS = INDETERMINATE dt = 0.33112 m = -0.03586"}
{timestamp:3.22837, localtime:3.22837, state:"IN_SP", message: "INDETERMINATE dt = 0.34907 m = -0.03586"}
{timestamp:3.24732, localtime:3.24732, state:"IN_SP", message: "RAMP_STATUS = INDETERMINATE dt = 0.34907 m = -0.02255"}
{timestamp:3.24732, localtime:3.24732, state:"IN_SP", message: "INDETERMINATE dt = 0.36802 m = -0.02255"}
{timestamp:3.26328, localtime:3.26328, state:"IN_SP", message: "RAMP_STATUS = INDETERMINATE dt = 0.36802 m = -0.01288"}
{timestamp:3.26328, localtime:3.26328, state:"IN_SP", message: "INDETERMINATE dt = 0.38397 m = -0.01288"}
{timestamp:3.28422, localtime:3.28422, state:"IN_SP", message: "RAMP_STATUS = INDETERMINATE dt = 0.38397 m = 0.00000"}
{timestamp:3.28422, localtime:3.28422, state:"IN_SP", message: "INDETERMINATE dt = 0.40492 m = 0.00000"}
{timestamp:3.30217, localtime:3.30217, state:"IN_SP", message: "RAMP_STATUS = INDETERMINATE dt = 0.40492 m = 0.02711"}
{timestamp:3.30217, localtime:3.30217, state:"IN_SP", message: "INDETERMINATE dt = 0.42287 m = 0.02711"}
{timestamp:3.32411, localtime:3.32411, state:"IN_SP", message: "RAMP_STATUS = INDETERMINATE dt = 0.42287 m = 0.02711"}
{timestamp:3.32411, localtime:3.32411, state:"IN_SP", message: "INDETERMINATE dt = 0.44481 m = 0.02711"}
{timestamp:3.34207, localtime:3.34207, state:"IN_SP", message: "RAMP_STATUS = INDETERMINATE dt = 0.44481 m = 0.00967"}
{timestamp:3.34207, localtime:3.34207, state:"IN_SP", message: "INDETERMINATE dt = 0.46276 m = 0.00967"}
{timestamp:3.36401, localtime:3.36401, state:"IN_SP", message: "RAMP_STATUS = INDETERMINATE dt = 0.46276 m = 0.00000"}
{timestamp:3.36401, localtime:3.36401, state:"IN_SP", message: "INDETERMINATE dt = 0.48470 m = 0.00000"}
{timestamp:3.38495, localtime:3.38495, state:"IN_SP", message: "RAMP_STATUS = INDETERMINATE dt = 0.48470 m = -0.01294"}
{timestamp:3.38495, localtime:3.38495, state:"IN_SP", message: "INDETERMINATE dt = 0.50565 m = -0.01294"}
{timestamp:3.40889, localtime:3.40889, state:"IN_SP", message: "RAMP_STATUS = INDETERMINATE dt = 0.50565 m = -0.02536"}
{timestamp:3.40889, localtime:3.40889, state:"IN_SP", message: "INDETERMINATE dt = 0.52958 m = -0.02536"}
{timestamp:3.42385, localtime:3.42385, state:"IN_SP", message: "RAMP_STATUS = INDETERMINATE dt = 0.52958 m = -0.03935"}
{timestamp:3.42385, localtime:3.42385, state:"IN_SP", message: "INDETERMINATE dt = 0.54454 m = -0.03935"}
{timestamp:3.44380, localtime:3.44380, state:"IN_SP", message: "RAMP_STATUS = INDETERMINATE dt = 0.54454 m = -0.04075"}
{timestamp:3.44380, localtime:3.44380, state:"IN_SP", message: "INDETERMINATE dt = 0.56449 m = -0.04075"}
{timestamp:3.46474, localtime:3.46474, state:"IN_SP", message: "RAMP_STATUS = WITH dt = 0.56449 m = -0.06690"}
{timestamp:3.46474, localtime:3.46474, state:"IN_SP", message: "EXTEND dt = 0.58544 m = -0.06690"}
{timestamp:3.48269, localtime:3.48269, state:"IN_SP", message: "RAMP_STATUS = WITH dt = 0.58544 m = -0.13337"}
{timestamp:3.48269, localtime:3.48269, state:"IN_SP", message: "EXTEND dt = 0.60339 m = -0.13337"}
{timestamp:3.50364, localtime:3.50364, state:"IN_SP", message: "RAMP_STATUS = WITH dt = 0.60339 m = -0.13337"}
{timestamp:3.50364, localtime:3.50364, state:"IN_SP", message: "EXTEND dt = 0.62433 m = -0.13337"}
{timestamp:3.52358, localtime:3.52358, state:"IN_SP", message: "RAMP_STATUS = WITH dt = 0.62433 m = -0.07290"}
{timestamp:3.52358, localtime:3.52358, state:"IN_SP", message: "EXTEND dt = 0.64428 m = -0.07290"}
{timestamp:3.54353, localtime:3.54353, state:"IN_SP", message: "RAMP_STATUS = INDETERMINATE dt = 0.64428 m = -0.02076"}
{timestamp:3.54353, localtime:3.54353, state:"IN_SP", message: "INDETERMINATE dt = 0.66422 m = -0.02076"}
{timestamp:3.56348, localtime:3.56348, state:"IN_SP", message: "RAMP_STATUS = INDETERMINATE dt = 0.66422 m = -0.02076"}
{timestamp:3.56348, localtime:3.56348, state:"IN_SP", message: "INDETERMINATE dt = 0.68417 m = -0.02076"}
{timestamp:3.58641, localtime:3.58641, state:"IN_SP", message: "RAMP_STATUS = INDETERMINATE dt = 0.68417 m = -0.02595"}
{timestamp:3.58641, localtime:3.58641, state:"IN_SP", message: "INDETERMINATE dt = 0.70711 m = -0.02595"}
{timestamp:3.60437, localtime:3.60437, state:"IN_SP", message: "RAMP_STATUS = INDETERMINATE dt = 0.70711 m = -0.02595"}
{timestamp:3.60437, localtime:3.60437, state:"IN_SP", message: "INDETERMINATE dt = 0.72506 m = -0.02595"}
{timestamp:3.62331, localtime:3.62331, state:"IN_SP", message: "RAMP_STATUS = INDETERMINATE dt = 0.72506 m = -0.01353"}
{timestamp:3.62331, localtime:3.62331, state:"IN_SP", message: "INDETERMINATE dt = 0.74401 m = -0.01353"}
{timestamp:3.64426, localtime:3.64426, state:"IN_SP", message: "RAMP_STATUS = INDETERMINATE dt = 0.74401 m = -0.01353"}
{timestamp:3.64426, localtime:3.64426, state:"IN_SP", message: "INDETERMINATE dt = 0.76496 m = -0.01353"}
{timestamp:3.66221, localtime:3.66221, state:"IN_SP", message: "RAMP_STATUS = INDETERMINATE dt = 0.76496 m = -0.01427"}
{timestamp:3.66221, localtime:3.66221, state:"IN_SP", message: "INDETERMINATE dt = 0.78291 m = -0.01427"}
{timestamp:3.68415, localtime:3.68415, state:"IN_SP", message: "RAMP_STATUS = INDETERMINATE dt = 0.78291 m = -0.02316"}
{timestamp:3.68415, localtime:3.68415, state:"IN_SP", message: "INDETERMINATE dt = 0.80485 m = -0.02316"}
{timestamp:3.70310, localtime:3.70310, state:"IN_SP", message: "RAMP_STATUS = INDETERMINATE dt = 0.80485 m = -0.02316"}
{timestamp:3.70310, localtime:3.70310, state:"IN_SP", message: "INDETERMINATE dt = 0.82380 m = -0.02316"}
{timestamp:3.72305, localtime:3.72305, state:"IN_SP", message: "RAMP_STATUS = INDETERMINATE dt = 0.82380 m = -0.02125"}
{timestamp:3.72305, localtime:3.72305, state:"IN_SP", message: "INDETERMINATE dt = 0.84374 m = -0.02125"}
{timestamp:3.74399, localtime:3.74399, state:"IN_SP", message: "RAMP_STATUS = INDETERMINATE dt = 0.84374 m = -0.02125"}
{timestamp:3.74399, localtime:3.74399, state:"IN_SP", message: "INDETERMINATE dt = 0.86469 m = -0.02125"}
{timestamp:3.76394, localtime:3.76394, state:"IN_SP", message: "RAMP_STATUS = INDETERMINATE dt = 0.86469 m = -0.02125"}
{timestamp:3.76394, localtime:3.76394, state:"IN_SP", message: "INDETERMINATE dt = 0.88464 m = -0.02125"}
{timestamp:3.78688, localtime:3.78688, state:"IN_SP", message: "RAMP_STATUS = INDETERMINATE dt = 0.88464 m = -0.03146"}
{timestamp:3.78688, localtime:3.78688, state:"IN_SP", message: "INDETERMINATE dt = 0.90757 m = -0.03146"}
{timestamp:3.80383, localtime:3.80383, state:"IN_SP", message: "RAMP_STATUS = INDETERMINATE dt = 0.90757 m = -0.03146"}
{timestamp:3.80383, localtime:3.80383, state:"IN_SP", message: "INDETERMINATE dt = 0.92453 m = -0.03146"}
{timestamp:3.82378, localtime:3.82378, state:"IN_SP", message: "RAMP_STATUS = INDETERMINATE dt = 0.92453 m = -0.03146"}
{timestamp:3.82378, localtime:3.82378, state:"IN_SP", message: "INDETERMINATE dt = 0.94448 m = -0.03146"}
{timestamp:3.84373, localtime:3.84373, state:"IN_SP", message: "RAMP_STATUS = INDETERMINATE dt = 0.94448 m = 0.00000"}
{timestamp:3.84373, localtime:3.84373, state:"IN_SP", message: "INDETERMINATE dt = 0.96442 m = 0.00000"}
{timestamp:3.86367, localtime:3.86367, state:"IN_SP", message: "RAMP_STATUS = AGAINST dt = 0.96442 m = 0.14314"}
{timestamp:3.86367, localtime:3.86367, state:"IN_QP", message: "START QP @ t = 3.86367 d = UPWARD m = 0.14314 max_sp_v = -0.13476"}
{timestamp:3.88362, localtime:3.88362, state:"IN_QP", message: "IN_QP VELOCITY CHECK v: 0.27752366893535335 dirn.: UPWARD"}
{timestamp:3.88362, localtime:3.88362, state:"IN_QP", message: "EXTEND dt = 0.03989 m = 0.27752"}
{timestamp:3.90456, localtime:3.90456, state:"IN_QP", message: "IN_QP VELOCITY CHECK v: 0.04770146157970185 dirn.: UPWARD"}
{timestamp:3.90456, localtime:3.90456, state:"IN_QP", message: "EXTEND dt = 0.06084 m = 0.27752"}
{timestamp:3.92351, localtime:3.92351, state:"IN_QP", message: "IN_QP VELOCITY CHECK v: 0.02589058843000391 dirn.: UPWARD"}
{timestamp:3.92351, localtime:3.92351, state:"FOUND", message: "END (INDETERMINATE) m = 0.04770 [PASS-THROUGH TO FOUND]"}
{timestamp:3.92351, localtime:3.92351, state:"FOUND", message: "END qp end time = 3.92351  qp duration = 0.07979"}
{timestamp:3.92351, localtime:3.92351, state:"FOUND", message: "[PRE-VALIDATOR] END qp end time = 3.92351  qp duration = 0.07979"}
{timestamp:3.92351, localtime:3.92351, state:"FOUND", message: "PASSED VALIDITY CHECK"}
{timestamp:3.92351, localtime:3.92351, state:"FOUND", message: "PROGRESS RESET CALLED "}
{timestamp:3.92351, localtime:3.92351, state:"SEARCH_SP", message: "[FOUND] EARLY RESTART t_early = 3.923513174057007, t = 3.923513174057007 m = 0.04770146157970185 f = true"}
{timestamp:3.94346, localtime:3.94346, state:"IN_SP", message: "INDETERMINATE dt = 0.01995 m = 0.02589"}
{timestamp:3.96939, localtime:3.96939, state:"IN_SP", message: "RAMP_STATUS = INDETERMINATE dt = 0.01995 m = 0.02113"}
{timestamp:3.96939, localtime:3.96939, state:"IN_SP", message: "INDETERMINATE dt = 0.04588 m = 0.02113"}
{timestamp:3.98435, localtime:3.98435, state:"IN_SP", message: "RAMP_STATUS = INDETERMINATE dt = 0.04588 m = 0.02113"}
{timestamp:3.98435, localtime:3.98435, state:"IN_SP", message: "INDETERMINATE dt = 0.06084 m = 0.02113"}
{timestamp:4.00430, localtime:4.00430, state:"IN_SP", message: "RAMP_STATUS = INDETERMINATE dt = 0.06084 m = 0.02513"}
{timestamp:4.00430, localtime:4.00430, state:"IN_SP", message: "INDETERMINATE dt = 0.08078 m = 0.02513"}
{timestamp:4.02325, localtime:4.02325, state:"IN_SP", message: "RAMP_STATUS = AGAINST dt = 0.08078 m = 0.05283"}
{timestamp:4.02325, localtime:4.02325, state:"IN_QP", message: "START QP @ t = 4.02325 d = UPWARD m = 0.05283 max_sp_v = 0.00000"}
{timestamp:4.04319, localtime:4.04319, state:"IN_QP", message: "IN_QP VELOCITY CHECK v: 0.027680751015265872 dirn.: UPWARD"}
{timestamp:4.04319, localtime:4.04319, state:"IN_QP", message: "EXTEND dt = 0.11968 m = 0.05283"}
{timestamp:4.06314, localtime:4.06314, state:"IN_QP", message: "IN_QP VELOCITY CHECK v: 0.0169150145117121 dirn.: UPWARD"}
{timestamp:4.06314, localtime:4.06314, state:"FOUND", message: "END (INDETERMINATE) m = 0.02768 [PASS-THROUGH TO FOUND]"}
{timestamp:4.06314, localtime:4.06314, state:"FOUND", message: "END qp end time = 4.06314  qp duration = 0.13963"}
{timestamp:4.06314, localtime:4.06314, state:"FOUND", message: "[PRE-VALIDATOR] END qp end time = 4.06314  qp duration = 0.13963"}
{timestamp:4.06314, localtime:4.06314, state:"FOUND", message: "FAILED VALIDITY CHECK"}
{timestamp:4.06314, localtime:4.06314, state:"FOUND", message: "PROGRESS RESET CALLED "}
{timestamp:4.06314, localtime:4.06314, state:"SEARCH_SP", message: "[FOUND] EARLY RESTART t_early = 4.063140630722046, t = 4.063140630722046 m = 0.027680751015265872 f = true"}
{timestamp:4.08608, localtime:4.08608, state:"IN_SP", message: "INDETERMINATE dt = 0.02294 m = 0.01692"}
{timestamp:4.10802, localtime:4.10802, state:"IN_SP", message: "RAMP_STATUS = INDETERMINATE dt = 0.02294 m = 0.00517"}
{timestamp:4.10802, localtime:4.10802, state:"IN_SP", message: "INDETERMINATE dt = 0.04488 m = 0.00517"}
{timestamp:4.12697, localtime:4.12697, state:"IN_SP", message: "RAMP_STATUS = INDETERMINATE dt = 0.04488 m = 0.00000"}
{timestamp:4.12697, localtime:4.12697, state:"IN_SP", message: "INDETERMINATE dt = 0.06383 m = 0.00000"}
{timestamp:4.14293, localtime:4.14293, state:"IN_SP", message: "RAMP_STATUS = INDETERMINATE dt = 0.06383 m = -0.02694"}
{timestamp:4.14293, localtime:4.14293, state:"IN_SP", message: "INDETERMINATE dt = 0.07979 m = -0.02694"}
{timestamp:4.16387, localtime:4.16387, state:"IN_SP", message: "RAMP_STATUS = INDETERMINATE dt = 0.07979 m = -0.02694"}
{timestamp:4.16387, localtime:4.16387, state:"IN_SP", message: "INDETERMINATE dt = 0.10073 m = -0.02694"}
{timestamp:4.18781, localtime:4.18781, state:"IN_SP", message: "RAMP_STATUS = INDETERMINATE dt = 0.10073 m = -0.03639"}
{timestamp:4.18781, localtime:4.18781, state:"IN_SP", message: "INDETERMINATE dt = 0.12467 m = -0.03639"}
{timestamp:4.20476, localtime:4.20476, state:"IN_SP", message: "RAMP_STATUS = INDETERMINATE dt = 0.12467 m = -0.03639"}
{timestamp:4.20476, localtime:4.20476, state:"IN_SP", message: "INDETERMINATE dt = 0.14162 m = -0.03639"}
{timestamp:4.22371, localtime:4.22371, state:"IN_SP", message: "RAMP_STATUS = WITH dt = 0.14162 m = -0.05748"}
{timestamp:4.22371, localtime:4.22371, state:"IN_SP", message: "EXTEND dt = 0.16057 m = -0.05748"}
{timestamp:4.24366, localtime:4.24366, state:"IN_SP", message: "RAMP_STATUS = WITH dt = 0.16057 m = -0.07940"}
{timestamp:4.24366, localtime:4.24366, state:"IN_SP", message: "EXTEND dt = 0.18052 m = -0.07940"}
{timestamp:4.26460, localtime:4.26460, state:"IN_SP", message: "RAMP_STATUS = WITH dt = 0.18052 m = -0.07940"}
{timestamp:4.26460, localtime:4.26460, state:"IN_SP", message: "EXTEND dt = 0.20146 m = -0.07940"}
{timestamp:4.28355, localtime:4.28355, state:"IN_SP", message: "RAMP_STATUS = INDETERMINATE dt = 0.20146 m = -0.04115"}
{timestamp:4.28355, localtime:4.28355, state:"IN_SP", message: "INDETERMINATE dt = 0.22041 m = -0.04115"}
{timestamp:4.30649, localtime:4.30649, state:"IN_SP", message: "RAMP_STATUS = INDETERMINATE dt = 0.22041 m = -0.01385"}
{timestamp:4.30649, localtime:4.30649, state:"IN_SP", message: "INDETERMINATE dt = 0.24335 m = -0.01385"}
{timestamp:4.32344, localtime:4.32344, state:"IN_SP", message: "RAMP_STATUS = INDETERMINATE dt = 0.24335 m = -0.01385"}
{timestamp:4.32344, localtime:4.32344, state:"IN_SP", message: "INDETERMINATE dt = 0.26030 m = -0.01385"}
{timestamp:4.34439, localtime:4.34439, state:"IN_SP", message: "RAMP_STATUS = WITH dt = 0.26030 m = -0.07328"}
{timestamp:4.34439, localtime:4.34439, state:"IN_SP", message: "EXTEND dt = 0.28125 m = -0.07328"}
{timestamp:4.36434, localtime:4.36434, state:"IN_SP", message: "RAMP_STATUS = WITH dt = 0.28125 m = -0.07328"}
{timestamp:4.36434, localtime:4.36434, state:"IN_SP", message: "EXTEND dt = 0.30119 m = -0.07328"}
{timestamp:4.38428, localtime:4.38428, state:"IN_SP", message: "RAMP_STATUS = WITH dt = 0.30119 m = -0.06261"}
{timestamp:4.38428, localtime:4.38428, state:"IN_SP", message: "EXTEND dt = 0.32114 m = -0.06261"}
{timestamp:4.40423, localtime:4.40423, state:"IN_SP", message: "RAMP_STATUS = WITH dt = 0.32114 m = -0.05957"}
{timestamp:4.40423, localtime:4.40423, state:"IN_SP", message: "EXTEND dt = 0.34109 m = -0.05957"}
{timestamp:4.42418, localtime:4.42418, state:"IN_SP", message: "RAMP_STATUS = INDETERMINATE dt = 0.34109 m = -0.02293"}
{timestamp:4.42418, localtime:4.42418, state:"IN_SP", message: "INDETERMINATE dt = 0.36103 m = -0.02293"}
{timestamp:4.44711, localtime:4.44711, state:"IN_SP", message: "RAMP_STATUS = INDETERMINATE dt = 0.36103 m = -0.00262"}
{timestamp:4.44711, localtime:4.44711, state:"IN_SP", message: "INDETERMINATE dt = 0.38397 m = -0.00262"}
{timestamp:4.46307, localtime:4.46307, state:"IN_SP", message: "RAMP_STATUS = INDETERMINATE dt = 0.38397 m = 0.00000"}
{timestamp:4.46307, localtime:4.46307, state:"IN_SP", message: "INDETERMINATE dt = 0.39993 m = 0.00000"}
{timestamp:4.48302, localtime:4.48302, state:"IN_SP", message: "RAMP_STATUS = INDETERMINATE dt = 0.39993 m = 0.03920"}
{timestamp:4.48302, localtime:4.48302, state:"IN_SP", message: "INDETERMINATE dt = 0.41988 m = 0.03920"}
{timestamp:4.50296, localtime:4.50296, state:"IN_SP", message: "RAMP_STATUS = INDETERMINATE dt = 0.41988 m = 0.03920"}
{timestamp:4.50296, localtime:4.50296, state:"IN_SP", message: "INDETERMINATE dt = 0.43982 m = 0.03920"}
{timestamp:4.52291, localtime:4.52291, state:"IN_SP", message: "RAMP_STATUS = INDETERMINATE dt = 0.43982 m = 0.03668"}
{timestamp:4.52291, localtime:4.52291, state:"IN_SP", message: "INDETERMINATE dt = 0.45977 m = 0.03668"}
{timestamp:4.54585, localtime:4.54585, state:"IN_SP", message: "RAMP_STATUS = INDETERMINATE dt = 0.45977 m = 0.00747"}
{timestamp:4.54585, localtime:4.54585, state:"IN_SP", message: "INDETERMINATE dt = 0.48271 m = 0.00747"}
{timestamp:4.56380, localtime:4.56380, state:"IN_SP", message: "RAMP_STATUS = INDETERMINATE dt = 0.48271 m = 0.00443"}
{timestamp:4.56380, localtime:4.56380, state:"IN_SP", message: "INDETERMINATE dt = 0.50066 m = 0.00443"}
{timestamp:4.58275, localtime:4.58275, state:"IN_SP", message: "RAMP_STATUS = INDETERMINATE dt = 0.50066 m = -0.00491"}
{timestamp:4.58275, localtime:4.58275, state:"IN_SP", message: "INDETERMINATE dt = 0.51961 m = -0.00491"}
{timestamp:4.60469, localtime:4.60469, state:"IN_SP", message: "RAMP_STATUS = INDETERMINATE dt = 0.51961 m = -0.01224"}
{timestamp:4.60469, localtime:4.60469, state:"IN_SP", message: "INDETERMINATE dt = 0.54155 m = -0.01224"}
{timestamp:4.62464, localtime:4.62464, state:"IN_SP", message: "RAMP_STATUS = INDETERMINATE dt = 0.54155 m = -0.03389"}
{timestamp:4.62464, localtime:4.62464, state:"IN_SP", message: "INDETERMINATE dt = 0.56150 m = -0.03389"}
{timestamp:4.64459, localtime:4.64459, state:"IN_SP", message: "RAMP_STATUS = INDETERMINATE dt = 0.56150 m = -0.03415"}
{timestamp:4.64459, localtime:4.64459, state:"IN_SP", message: "INDETERMINATE dt = 0.58145 m = -0.03415"}
{timestamp:4.66354, localtime:4.66354, state:"IN_SP", message: "RAMP_STATUS = INDETERMINATE dt = 0.58145 m = -0.04197"}
{timestamp:4.66354, localtime:4.66354, state:"IN_SP", message: "INDETERMINATE dt = 0.60039 m = -0.04197"}
{timestamp:4.68448, localtime:4.68448, state:"IN_SP", message: "RAMP_STATUS = INDETERMINATE dt = 0.60039 m = -0.04197"}
{timestamp:4.68448, localtime:4.68448, state:"IN_SP", message: "INDETERMINATE dt = 0.62134 m = -0.04197"}
{timestamp:4.70443, localtime:4.70443, state:"IN_SP", message: "RAMP_STATUS = INDETERMINATE dt = 0.62134 m = -0.02358"}
{timestamp:4.70443, localtime:4.70443, state:"IN_SP", message: "INDETERMINATE dt = 0.64129 m = -0.02358"}
{timestamp:4.72437, localtime:4.72437, state:"IN_SP", message: "RAMP_STATUS = INDETERMINATE dt = 0.64129 m = -0.02296"}
{timestamp:4.72437, localtime:4.72437, state:"IN_SP", message: "INDETERMINATE dt = 0.66123 m = -0.02296"}
{timestamp:4.74432, localtime:4.74432, state:"IN_SP", message: "RAMP_STATUS = INDETERMINATE dt = 0.66123 m = -0.01868"}
{timestamp:4.74432, localtime:4.74432, state:"IN_SP", message: "INDETERMINATE dt = 0.68118 m = -0.01868"}
{timestamp:4.76427, localtime:4.76427, state:"IN_SP", message: "RAMP_STATUS = INDETERMINATE dt = 0.68118 m = 0.00000"}
{timestamp:4.76427, localtime:4.76427, state:"IN_SP", message: "INDETERMINATE dt = 0.70113 m = 0.00000"}
{timestamp:4.78421, localtime:4.78421, state:"IN_SP", message: "RAMP_STATUS = INDETERMINATE dt = 0.70113 m = 0.01740"}
{timestamp:4.78421, localtime:4.78421, state:"IN_SP", message: "INDETERMINATE dt = 0.72107 m = 0.01740"}
{timestamp:4.80516, localtime:4.80516, state:"IN_SP", message: "RAMP_STATUS = INDETERMINATE dt = 0.72107 m = 0.03078"}
{timestamp:4.80516, localtime:4.80516, state:"IN_SP", message: "INDETERMINATE dt = 0.74202 m = 0.03078"}
{timestamp:4.82610, localtime:4.82610, state:"IN_SP", message: "RAMP_STATUS = INDETERMINATE dt = 0.74202 m = 0.03078"}
{timestamp:4.82610, localtime:4.82610, state:"IN_SP", message: "INDETERMINATE dt = 0.76296 m = 0.03078"}
{timestamp:4.84405, localtime:4.84405, state:"IN_SP", message: "RAMP_STATUS = INDETERMINATE dt = 0.76296 m = 0.00266"}
{timestamp:4.84405, localtime:4.84405, state:"IN_SP", message: "INDETERMINATE dt = 0.78091 m = 0.00266"}
{timestamp:4.86400, localtime:4.86400, state:"IN_SP", message: "RAMP_STATUS = INDETERMINATE dt = 0.78091 m = 0.00000"}
{timestamp:4.86400, localtime:4.86400, state:"IN_SP", message: "INDETERMINATE dt = 0.80086 m = 0.00000"}
{timestamp:4.88395, localtime:4.88395, state:"IN_SP", message: "RAMP_STATUS = INDETERMINATE dt = 0.80086 m = -0.01836"}
{timestamp:4.88395, localtime:4.88395, state:"IN_SP", message: "INDETERMINATE dt = 0.82081 m = -0.01836"}
{timestamp:4.90389, localtime:4.90389, state:"IN_SP", message: "RAMP_STATUS = INDETERMINATE dt = 0.82081 m = -0.02995"}
{timestamp:4.90389, localtime:4.90389, state:"IN_SP", message: "INDETERMINATE dt = 0.84075 m = -0.02995"}
{timestamp:4.92284, localtime:4.92284, state:"IN_SP", message: "RAMP_STATUS = INDETERMINATE dt = 0.84075 m = -0.02995"}
{timestamp:4.92284, localtime:4.92284, state:"IN_SP", message: "INDETERMINATE dt = 0.85970 m = -0.02995"}
{timestamp:4.94379, localtime:4.94379, state:"IN_SP", message: "RAMP_STATUS = INDETERMINATE dt = 0.85970 m = -0.00937"}
{timestamp:4.94379, localtime:4.94379, state:"IN_SP", message: "INDETERMINATE dt = 0.88065 m = -0.00937"}
{timestamp:4.96373, localtime:4.96373, state:"IN_SP", message: "RAMP_STATUS = INDETERMINATE dt = 0.88065 m = -0.00937"}
{timestamp:4.96373, localtime:4.96373, state:"IN_SP", message: "INDETERMINATE dt = 0.90059 m = -0.00937"}
{timestamp:4.98268, localtime:4.98268, state:"IN_SP", message: "RAMP_STATUS = INDETERMINATE dt = 0.90059 m = -0.01029"}
{timestamp:4.98268, localtime:4.98268, state:"IN_SP", message: "INDETERMINATE dt = 0.91954 m = -0.01029"}
{timestamp:5.00462, localtime:5.00462, state:"IN_SP", message: "RAMP_STATUS = INDETERMINATE dt = 0.91954 m = -0.01279"}
{timestamp:5.00462, localtime:5.00462, state:"IN_SP", message: "INDETERMINATE dt = 0.94148 m = -0.01279"}
{timestamp:5.02457, localtime:5.02457, state:"IN_SP", message: "RAMP_STATUS = INDETERMINATE dt = 0.94148 m = -0.02053"}
{timestamp:5.02457, localtime:5.02457, state:"IN_SP", message: "INDETERMINATE dt = 0.96143 m = -0.02053"}
{timestamp:5.04452, localtime:5.04452, state:"IN_SP", message: "RAMP_STATUS = INDETERMINATE dt = 0.96143 m = -0.03127"}
{timestamp:5.04452, localtime:5.04452, state:"IN_SP", message: "INDETERMINATE dt = 0.98138 m = -0.03127"}
{timestamp:5.06446, localtime:5.06446, state:"IN_SP", message: "RAMP_STATUS = INDETERMINATE dt = 0.98138 m = -0.04883"}
{timestamp:5.06446, localtime:5.06446, state:"IN_SP", message: "INDETERMINATE dt = 1.00132 m = -0.04883"}
{timestamp:5.08441, localtime:5.08441, state:"IN_SP", message: "RAMP_STATUS = INDETERMINATE dt = 1.00132 m = -0.04883"}
{timestamp:5.08441, localtime:5.08441, state:"IN_SP", message: "INDETERMINATE dt = 1.02127 m = -0.04883"}
{timestamp:5.10436, localtime:5.10436, state:"IN_SP", message: "RAMP_STATUS = INDETERMINATE dt = 1.02127 m = -0.01814"}
{timestamp:5.10436, localtime:5.10436, state:"IN_SP", message: "INDETERMINATE dt = 1.04122 m = -0.01814"}
{timestamp:5.12530, localtime:5.12530, state:"IN_SP", message: "RAMP_STATUS = INDETERMINATE dt = 1.04122 m = -0.01814"}
{timestamp:5.12530, localtime:5.12530, state:"IN_SP", message: "INDETERMINATE dt = 1.06216 m = -0.01814"}
{timestamp:5.14425, localtime:5.14425, state:"IN_SP", message: "RAMP_STATUS = INDETERMINATE dt = 1.06216 m = -0.02907"}
{timestamp:5.14425, localtime:5.14425, state:"IN_SP", message: "INDETERMINATE dt = 1.08111 m = -0.02907"}
{timestamp:5.16220, localtime:5.16220, state:"IN_SP", message: "RAMP_STATUS = INDETERMINATE dt = 1.08111 m = -0.02907"}
{timestamp:5.16220, localtime:5.16220, state:"IN_SP", message: "INDETERMINATE dt = 1.09906 m = -0.02907"}
{timestamp:5.18215, localtime:5.18215, state:"IN_SP", message: "RAMP_STATUS = INDETERMINATE dt = 1.09906 m = -0.02156"}
{timestamp:5.18215, localtime:5.18215, state:"IN_SP", message: "INDETERMINATE dt = 1.11901 m = -0.02156"}
{timestamp:5.20608, localtime:5.20608, state:"IN_SP", message: "RAMP_STATUS = INDETERMINATE dt = 1.11901 m = -0.00271"}
{timestamp:5.20608, localtime:5.20608, state:"IN_SP", message: "INDETERMINATE dt = 1.14294 m = -0.00271"}
{timestamp:5.22404, localtime:5.22404, state:"IN_SP", message: "RAMP_STATUS = INDETERMINATE dt = 1.14294 m = -0.00227"}
{timestamp:5.22404, localtime:5.22404, state:"IN_SP", message: "INDETERMINATE dt = 1.16090 m = -0.00227"}
{timestamp:5.24299, localtime:5.24299, state:"IN_SP", message: "RAMP_STATUS = INDETERMINATE dt = 1.16090 m = 0.00258"}
{timestamp:5.24299, localtime:5.24299, state:"IN_SP", message: "INDETERMINATE dt = 1.17985 m = 0.00258"}
{timestamp:5.26194, localtime:5.26194, state:"IN_SP", message: "RAMP_STATUS = INDETERMINATE dt = 1.17985 m = 0.00719"}
{timestamp:5.26194, localtime:5.26194, state:"IN_SP", message: "INDETERMINATE dt = 1.19880 m = 0.00719"}
{timestamp:5.28687, localtime:5.28687, state:"IN_SP", message: "RAMP_STATUS = INDETERMINATE dt = 1.19880 m = 0.01608"}
{timestamp:5.28687, localtime:5.28687, state:"IN_SP", message: "INDETERMINATE dt = 1.22373 m = 0.01608"}
{timestamp:5.30682, localtime:5.30682, state:"IN_SP", message: "RAMP_STATUS = INDETERMINATE dt = 1.22373 m = 0.01608"}
{timestamp:5.30682, localtime:5.30682, state:"IN_SP", message: "INDETERMINATE dt = 1.24368 m = 0.01608"}
{timestamp:5.32576, localtime:5.32576, state:"IN_SP", message: "RAMP_STATUS = INDETERMINATE dt = 1.24368 m = 0.00455"}
{timestamp:5.32576, localtime:5.32576, state:"IN_SP", message: "INDETERMINATE dt = 1.26262 m = 0.00455"}
{timestamp:5.34172, localtime:5.34172, state:"IN_SP", message: "RAMP_STATUS = INDETERMINATE dt = 1.26262 m = 0.00000"}
{timestamp:5.34172, localtime:5.34172, state:"IN_SP", message: "INDETERMINATE dt = 1.27858 m = 0.00000"}
{timestamp:5.36366, localtime:5.36366, state:"IN_SP", message: "RAMP_STATUS = INDETERMINATE dt = 1.27858 m = -0.00052"}
{timestamp:5.36366, localtime:5.36366, state:"IN_SP", message: "INDETERMINATE dt = 1.30052 m = -0.00052"}
{timestamp:5.38261, localtime:5.38261, state:"IN_SP", message: "RAMP_STATUS = INDETERMINATE dt = 1.30052 m = -0.01613"}
{timestamp:5.38261, localtime:5.38261, state:"IN_SP", message: "INDETERMINATE dt = 1.31947 m = -0.01613"}
{timestamp:5.40954, localtime:5.40954, state:"IN_SP", message: "RAMP_STATUS = INDETERMINATE dt = 1.31947 m = -0.01613"}
{timestamp:5.40954, localtime:5.40954, state:"IN_SP", message: "INDETERMINATE dt = 1.34640 m = -0.01613"}
{timestamp:5.42749, localtime:5.42749, state:"IN_SP", message: "RAMP_STATUS = INDETERMINATE dt = 1.34640 m = -0.00838"}
{timestamp:5.42749, localtime:5.42749, state:"IN_SP", message: "INDETERMINATE dt = 1.36435 m = -0.00838"}
{timestamp:5.44245, localtime:5.44245, state:"IN_SP", message: "RAMP_STATUS = INDETERMINATE dt = 1.36435 m = 0.00000"}
{timestamp:5.44245, localtime:5.44245, state:"IN_SP", message: "INDETERMINATE dt = 1.37931 m = 0.00000"}
{timestamp:5.46340, localtime:5.46340, state:"IN_SP", message: "RAMP_STATUS = INDETERMINATE dt = 1.37931 m = 0.00144"}
{timestamp:5.46340, localtime:5.46340, state:"IN_SP", message: "INDETERMINATE dt = 1.40026 m = 0.00144"}
{timestamp:5.48733, localtime:5.48733, state:"IN_SP", message: "RAMP_STATUS = INDETERMINATE dt = 1.40026 m = 0.00144"}
{timestamp:5.48733, localtime:5.48733, state:"IN_SP", message: "INDETERMINATE dt = 1.42419 m = 0.00144"}
{timestamp:5.50229, localtime:5.50229, state:"IN_SP", message: "RAMP_STATUS = INDETERMINATE dt = 1.42419 m = 0.00041"}
{timestamp:5.50229, localtime:5.50229, state:"IN_SP", message: "INDETERMINATE dt = 1.43915 m = 0.00041"}
{timestamp:5.52623, localtime:5.52623, state:"IN_SP", message: "RAMP_STATUS = INDETERMINATE dt = 1.43915 m = 0.00000"}
{timestamp:5.52623, localtime:5.52623, state:"IN_SP", message: "INDETERMINATE dt = 1.46309 m = 0.00000"}
{timestamp:5.54618, localtime:5.54618, state:"IN_SP", message: "RAMP_STATUS = INDETERMINATE dt = 1.46309 m = -0.01707"}
{timestamp:5.54618, localtime:5.54618, state:"IN_SP", message: "INDETERMINATE dt = 1.48304 m = -0.01707"}
{timestamp:5.56513, localtime:5.56513, state:"IN_SP", message: "RAMP_STATUS = INDETERMINATE dt = 1.48304 m = -0.02898"}
{timestamp:5.56513, localtime:5.56513, state:"IN_SP", message: "INDETERMINATE dt = 1.50198 m = -0.02898"}
{timestamp:5.58408, localtime:5.58408, state:"IN_SP", message: "RAMP_STATUS = WITH dt = 1.50198 m = -0.05085"}
{timestamp:5.58408, localtime:5.58408, state:"IN_SP", message: "EXTEND dt = 1.52093 m = -0.05085"}
{timestamp:5.60402, localtime:5.60402, state:"IN_SP", message: "RAMP_STATUS = WITH dt = 1.52093 m = -0.05085"}
{timestamp:5.60402, localtime:5.60402, state:"IN_SP", message: "EXTEND dt = 1.54088 m = -0.05085"}
{timestamp:5.62297, localtime:5.62297, state:"IN_SP", message: "RAMP_STATUS = INDETERMINATE dt = 1.54088 m = -0.02886"}
{timestamp:5.62297, localtime:5.62297, state:"IN_SP", message: "INDETERMINATE dt = 1.55983 m = -0.02886"}
{timestamp:5.65189, localtime:5.65189, state:"IN_SP", message: "RAMP_STATUS = INDETERMINATE dt = 1.55983 m = -0.02113"}
{timestamp:5.65189, localtime:5.65189, state:"IN_SP", message: "INDETERMINATE dt = 1.58875 m = -0.02113"}
{timestamp:5.67184, localtime:5.67184, state:"IN_SP", message: "RAMP_STATUS = INDETERMINATE dt = 1.58875 m = 0.00000"}
{timestamp:5.67184, localtime:5.67184, state:"IN_SP", message: "INDETERMINATE dt = 1.60870 m = 0.00000"}
{timestamp:5.69179, localtime:5.69179, state:"IN_SP", message: "RAMP_STATUS = INDETERMINATE dt = 1.60870 m = 0.00392"}
{timestamp:5.69179, localtime:5.69179, state:"IN_SP", message: "INDETERMINATE dt = 1.62865 m = 0.00392"}
{timestamp:5.71173, localtime:5.71173, state:"IN_SP", message: "RAMP_STATUS = INDETERMINATE dt = 1.62865 m = 0.01518"}
{timestamp:5.71173, localtime:5.71173, state:"IN_SP", message: "INDETERMINATE dt = 1.64859 m = 0.01518"}
{timestamp:5.73168, localtime:5.73168, state:"IN_SP", message: "RAMP_STATUS = INDETERMINATE dt = 1.64859 m = 0.01518"}
{timestamp:5.73168, localtime:5.73168, state:"IN_SP", message: "INDETERMINATE dt = 1.66854 m = 0.01518"}
{timestamp:5.75063, localtime:5.75063, state:"IN_SP", message: "RAMP_STATUS = INDETERMINATE dt = 1.66854 m = 0.00692"}
{timestamp:5.75063, localtime:5.75063, state:"IN_SP", message: "INDETERMINATE dt = 1.68749 m = 0.00692"}
{timestamp:5.77257, localtime:5.77257, state:"IN_SP", message: "RAMP_STATUS = INDETERMINATE dt = 1.68749 m = 0.00423"}
{timestamp:5.77257, localtime:5.77257, state:"IN_SP", message: "INDETERMINATE dt = 1.70943 m = 0.00423"}
{timestamp:5.79152, localtime:5.79152, state:"IN_SP", message: "RAMP_STATUS = INDETERMINATE dt = 1.70943 m = 0.00000"}
{timestamp:5.79152, localtime:5.79152, state:"IN_SP", message: "INDETERMINATE dt = 1.72838 m = 0.00000"}
{timestamp:5.81147, localtime:5.81147, state:"IN_SP", message: "RAMP_STATUS = INDETERMINATE dt = 1.72838 m = -0.02422"}
{timestamp:5.81147, localtime:5.81147, state:"IN_SP", message: "INDETERMINATE dt = 1.74833 m = -0.02422"}
{timestamp:5.83141, localtime:5.83141, state:"IN_SP", message: "RAMP_STATUS = INDETERMINATE dt = 1.74833 m = -0.02422"}
{timestamp:5.83141, localtime:5.83141, state:"IN_SP", message: "INDETERMINATE dt = 1.76827 m = -0.02422"}
{timestamp:5.85236, localtime:5.85236, state:"IN_SP", message: "RAMP_STATUS = INDETERMINATE dt = 1.76827 m = 0.00000"}
{timestamp:5.85236, localtime:5.85236, state:"IN_SP", message: "INDETERMINATE dt = 1.78922 m = 0.00000"}
{timestamp:5.87230, localtime:5.87230, state:"IN_SP", message: "RAMP_STATUS = INDETERMINATE dt = 1.78922 m = 0.00682"}
{timestamp:5.87230, localtime:5.87230, state:"IN_SP", message: "INDETERMINATE dt = 1.80916 m = 0.00682"}
{timestamp:5.89225, localtime:5.89225, state:"IN_SP", message: "RAMP_STATUS = INDETERMINATE dt = 1.80916 m = 0.00735"}
{timestamp:5.89225, localtime:5.89225, state:"IN_SP", message: "INDETERMINATE dt = 1.82911 m = 0.00735"}
{timestamp:5.91020, localtime:5.91020, state:"IN_SP", message: "RAMP_STATUS = INDETERMINATE dt = 1.82911 m = 0.00974"}
{timestamp:5.91020, localtime:5.91020, state:"IN_SP", message: "INDETERMINATE dt = 1.84706 m = 0.00974"}
{timestamp:5.93115, localtime:5.93115, state:"IN_SP", message: "RAMP_STATUS = INDETERMINATE dt = 1.84706 m = 0.00974"}
{timestamp:5.93115, localtime:5.93115, state:"IN_SP", message: "INDETERMINATE dt = 1.86801 m = 0.00974"}
{timestamp:5.95209, localtime:5.95209, state:"IN_SP", message: "RAMP_STATUS = INDETERMINATE dt = 1.86801 m = 0.00946"}
{timestamp:5.95209, localtime:5.95209, state:"IN_SP", message: "INDETERMINATE dt = 1.88895 m = 0.00946"}
{timestamp:5.97104, localtime:5.97104, state:"IN_SP", message: "RAMP_STATUS = INDETERMINATE dt = 1.88895 m = 0.00810"}
{timestamp:5.97104, localtime:5.97104, state:"IN_SP", message: "INDETERMINATE dt = 1.90790 m = 0.00810"}
{timestamp:5.98999, localtime:5.98999, state:"IN_SP", message: "RAMP_STATUS = INDETERMINATE dt = 1.90790 m = 0.00208"}
{timestamp:5.98999, localtime:5.98999, state:"IN_SP", message: "INDETERMINATE dt = 1.92685 m = 0.00208"}
{timestamp:6.01093, localtime:6.01093, state:"IN_SP", message: "RAMP_STATUS = INDETERMINATE dt = 1.92685 m = 0.00098"}
{timestamp:6.01093, localtime:6.01093, state:"IN_SP", message: "INDETERMINATE dt = 1.94779 m = 0.00098"}
{timestamp:6.03188, localtime:6.03188, state:"IN_SP", message: "RAMP_STATUS = INDETERMINATE dt = 1.94779 m = 0.00036"}
{timestamp:6.03188, localtime:6.03188, state:"IN_SP", message: "INDETERMINATE dt = 1.96874 m = 0.00036"}
{timestamp:6.05182, localtime:6.05182, state:"IN_SP", message: "RAMP_STATUS = INDETERMINATE dt = 1.96874 m = -0.00095"}
{timestamp:6.05182, localtime:6.05182, state:"IN_SP", message: "INDETERMINATE dt = 1.98868 m = -0.00095"}
{timestamp:6.07077, localtime:6.07077, state:"IN_SP", message: "RAMP_STATUS = INDETERMINATE dt = 1.98868 m = -0.01649"}
{timestamp:6.07077, localtime:6.07077, state:"IN_SP", message: "INDETERMINATE dt = 2.00763 m = -0.01649"}
{timestamp:6.09172, localtime:6.09172, state:"IN_SP", message: "RAMP_STATUS = INDETERMINATE dt = 2.00763 m = -0.03196"}
{timestamp:6.09172, localtime:6.09172, state:"IN_SP", message: "INDETERMINATE dt = 2.02858 m = -0.03196"}
{timestamp:6.11167, localtime:6.11167, state:"IN_SP", message: "RAMP_STATUS = INDETERMINATE dt = 2.02858 m = -0.03196"}
{timestamp:6.11167, localtime:6.11167, state:"IN_SP", message: "INDETERMINATE dt = 2.04852 m = -0.03196"}
{timestamp:6.13261, localtime:6.13261, state:"IN_SP", message: "RAMP_STATUS = INDETERMINATE dt = 2.04852 m = -0.02306"}
{timestamp:6.13261, localtime:6.13261, state:"IN_SP", message: "INDETERMINATE dt = 2.06947 m = -0.02306"}
{timestamp:6.15256, localtime:6.15256, state:"IN_SP", message: "RAMP_STATUS = INDETERMINATE dt = 2.06947 m = -0.01575"}
{timestamp:6.15256, localtime:6.15256, state:"IN_SP", message: "INDETERMINATE dt = 2.08941 m = -0.01575"}
{timestamp:6.17250, localtime:6.17250, state:"IN_SP", message: "RAMP_STATUS = INDETERMINATE dt = 2.08941 m = -0.01575"}
{timestamp:6.17250, localtime:6.17250, state:"IN_SP", message: "INDETERMINATE dt = 2.10936 m = -0.01575"}
{timestamp:6.19145, localtime:6.19145, state:"IN_SP", message: "RAMP_STATUS = INDETERMINATE dt = 2.10936 m = -0.03099"}
{timestamp:6.19145, localtime:6.19145, state:"IN_SP", message: "INDETERMINATE dt = 2.12831 m = -0.03099"}
{timestamp:6.21140, localtime:6.21140, state:"IN_SP", message: "RAMP_STATUS = INDETERMINATE dt = 2.12831 m = -0.03099"}
{timestamp:6.21140, localtime:6.21140, state:"IN_SP", message: "INDETERMINATE dt = 2.14826 m = -0.03099"}
{timestamp:6.23134, localtime:6.23134, state:"IN_SP", message: "RAMP_STATUS = INDETERMINATE dt = 2.14826 m = -0.01610"}
{timestamp:6.23134, localtime:6.23134, state:"IN_SP", message: "INDETERMINATE dt = 2.16820 m = -0.01610"}
{timestamp:6.25428, localtime:6.25428, state:"IN_SP", message: "RAMP_STATUS = INDETERMINATE dt = 2.16820 m = -0.00692"}
{timestamp:6.25428, localtime:6.25428, state:"IN_SP", message: "INDETERMINATE dt = 2.19114 m = -0.00692"}
{timestamp:6.27224, localtime:6.27224, state:"IN_SP", message: "RAMP_STATUS = INDETERMINATE dt = 2.19114 m = -0.00692"}
{timestamp:6.27224, localtime:6.27224, state:"IN_SP", message: "INDETERMINATE dt = 2.20910 m = -0.00692"}
{timestamp:6.29218, localtime:6.29218, state:"IN_SP", message: "RAMP_STATUS = INDETERMINATE dt = 2.20910 m = -0.00692"}
{timestamp:6.29218, localtime:6.29218, state:"IN_SP", message: "INDETERMINATE dt = 2.22904 m = -0.00692"}
{timestamp:6.31213, localtime:6.31213, state:"IN_SP", message: "RAMP_STATUS = INDETERMINATE dt = 2.22904 m = 0.00744"}
{timestamp:6.31213, localtime:6.31213, state:"IN_SP", message: "INDETERMINATE dt = 2.24899 m = 0.00744"}
{timestamp:6.33208, localtime:6.33208, state:"IN_SP", message: "RAMP_STATUS = INDETERMINATE dt = 2.24899 m = 0.00744"}
{timestamp:6.33208, localtime:6.33208, state:"IN_SP", message: "INDETERMINATE dt = 2.26893 m = 0.00744"}
{timestamp:6.35202, localtime:6.35202, state:"IN_SP", message: "RAMP_STATUS = INDETERMINATE dt = 2.26893 m = -0.00524"}
{timestamp:6.35202, localtime:6.35202, state:"IN_SP", message: "INDETERMINATE dt = 2.28888 m = -0.00524"}
{timestamp:6.37097, localtime:6.37097, state:"IN_SP", message: "RAMP_STATUS = INDETERMINATE dt = 2.28888 m = -0.00524"}
{timestamp:6.37097, localtime:6.37097, state:"IN_SP", message: "INDETERMINATE dt = 2.30783 m = -0.00524"}
{timestamp:6.38892, localtime:6.38892, state:"IN_SP", message: "RAMP_STATUS = INDETERMINATE dt = 2.30783 m = -0.00369"}
{timestamp:6.38892, localtime:6.38892, state:"IN_SP", message: "INDETERMINATE dt = 2.32578 m = -0.00369"}
{timestamp:6.41186, localtime:6.41186, state:"IN_SP", message: "RAMP_STATUS = INDETERMINATE dt = 2.32578 m = -0.00369"}
{timestamp:6.41186, localtime:6.41186, state:"IN_SP", message: "INDETERMINATE dt = 2.34872 m = -0.00369"}
{timestamp:6.43181, localtime:6.43181, state:"IN_SP", message: "RAMP_STATUS = INDETERMINATE dt = 2.34872 m = -0.00369"}
{timestamp:6.43181, localtime:6.43181, state:"IN_SP", message: "INDETERMINATE dt = 2.36867 m = -0.00369"}
{timestamp:6.45176, localtime:6.45176, state:"IN_SP", message: "RAMP_STATUS = INDETERMINATE dt = 2.36867 m = -0.00223"}
{timestamp:6.45176, localtime:6.45176, state:"IN_SP", message: "INDETERMINATE dt = 2.38862 m = -0.00223"}
{timestamp:6.48467, localtime:6.48467, state:"IN_SP", message: "RAMP_STATUS = INDETERMINATE dt = 2.38862 m = -0.00150"}
{timestamp:6.48467, localtime:6.48467, state:"IN_SP", message: "INDETERMINATE dt = 2.42153 m = -0.00150"}
{timestamp:6.49863, localtime:6.49863, state:"IN_SP", message: "RAMP_STATUS = INDETERMINATE dt = 2.42153 m = -0.00133"}
{timestamp:6.49863, localtime:6.49863, state:"IN_SP", message: "INDETERMINATE dt = 2.43549 m = -0.00133"}
{timestamp:6.51758, localtime:6.51758, state:"IN_SP", message: "RAMP_STATUS = INDETERMINATE dt = 2.43549 m = 0.00000"}
{timestamp:6.51758, localtime:6.51758, state:"IN_SP", message: "INDETERMINATE dt = 2.45444 m = 0.00000"}
{timestamp:6.53553, localtime:6.53553, state:"IN_SP", message: "RAMP_STATUS = INDETERMINATE dt = 2.45444 m = 0.00003"}
{timestamp:6.53553, localtime:6.53553, state:"IN_SP", message: "INDETERMINATE dt = 2.47239 m = 0.00003"}
{timestamp:6.55747, localtime:6.55747, state:"IN_SP", message: "RAMP_STATUS = INDETERMINATE dt = 2.47239 m = 0.00003"}
{timestamp:6.55747, localtime:6.55747, state:"IN_SP", message: "INDETERMINATE dt = 2.49433 m = 0.00003"}
{timestamp:6.57642, localtime:6.57642, state:"IN_SP", message: "RAMP_STATUS = INDETERMINATE dt = 2.49433 m = 0.00000"}
{timestamp:6.57642, localtime:6.57642, state:"IN_SP", message: "INDETERMINATE dt = 2.51328 m = 0.00000"}
{timestamp:6.59637, localtime:6.59637, state:"IN_SP", message: "RAMP_STATUS = INDETERMINATE dt = 2.51328 m = -0.00027"}
{timestamp:6.59637, localtime:6.59637, state:"IN_SP", message: "INDETERMINATE dt = 2.53323 m = -0.00027"}
{timestamp:6.61532, localtime:6.61532, state:"IN_SP", message: "RAMP_STATUS = INDETERMINATE dt = 2.53323 m = -0.01231"}
{timestamp:6.61532, localtime:6.61532, state:"IN_SP", message: "INDETERMINATE dt = 2.55218 m = -0.01231"}
{timestamp:6.63527, localtime:6.63527, state:"IN_SP", message: "RAMP_STATUS = INDETERMINATE dt = 2.55218 m = -0.01231"}
{timestamp:6.63527, localtime:6.63527, state:"IN_SP", message: "INDETERMINATE dt = 2.57212 m = -0.01231"}
{timestamp:6.65521, localtime:6.65521, state:"IN_SP", message: "RAMP_STATUS = INDETERMINATE dt = 2.57212 m = -0.01357"}
{timestamp:6.65521, localtime:6.65521, state:"IN_SP", message: "INDETERMINATE dt = 2.59207 m = -0.01357"}
{timestamp:6.67915, localtime:6.67915, state:"IN_SP", message: "RAMP_STATUS = INDETERMINATE dt = 2.59207 m = -0.02221"}
{timestamp:6.67915, localtime:6.67915, state:"IN_SP", message: "INDETERMINATE dt = 2.61601 m = -0.02221"}
{timestamp:6.69710, localtime:6.69710, state:"IN_SP", message: "RAMP_STATUS = INDETERMINATE dt = 2.61601 m = -0.02221"}
{timestamp:6.69710, localtime:6.69710, state:"IN_SP", message: "INDETERMINATE dt = 2.63396 m = -0.02221"}
{timestamp:6.71505, localtime:6.71505, state:"IN_SP", message: "RAMP_STATUS = INDETERMINATE dt = 2.63396 m = -0.00933"}
{timestamp:6.71505, localtime:6.71505, state:"IN_SP", message: "INDETERMINATE dt = 2.65191 m = -0.00933"}
{timestamp:6.73500, localtime:6.73500, state:"IN_SP", message: "RAMP_STATUS = INDETERMINATE dt = 2.65191 m = -0.00538"}
{timestamp:6.73500, localtime:6.73500, state:"IN_SP", message: "INDETERMINATE dt = 2.67186 m = -0.00538"}
{timestamp:6.75495, localtime:6.75495, state:"IN_SP", message: "RAMP_STATUS = INDETERMINATE dt = 2.67186 m = -0.00538"}
{timestamp:6.75495, localtime:6.75495, state:"IN_SP", message: "INDETERMINATE dt = 2.69181 m = -0.00538"}
{timestamp:6.77489, localtime:6.77489, state:"IN_SP", message: "RAMP_STATUS = INDETERMINATE dt = 2.69181 m = -0.00546"}
{timestamp:6.77489, localtime:6.77489, state:"IN_SP", message: "INDETERMINATE dt = 2.71175 m = -0.00546"}
{timestamp:6.79284, localtime:6.79284, state:"IN_SP", message: "RAMP_STATUS = INDETERMINATE dt = 2.71175 m = -0.00866"}
{timestamp:6.79284, localtime:6.79284, state:"IN_SP", message: "INDETERMINATE dt = 2.72970 m = -0.00866"}
{timestamp:6.81977, localtime:6.81977, state:"IN_SP", message: "RAMP_STATUS = INDETERMINATE dt = 2.72970 m = -0.00866"}
{timestamp:6.81977, localtime:6.81977, state:"IN_SP", message: "INDETERMINATE dt = 2.75663 m = -0.00866"}
{timestamp:6.83573, localtime:6.83573, state:"IN_SP", message: "RAMP_STATUS = INDETERMINATE dt = 2.75663 m = 0.00000"}
{timestamp:6.83573, localtime:6.83573, state:"IN_SP", message: "INDETERMINATE dt = 2.77259 m = 0.00000"}
{timestamp:6.85368, localtime:6.85368, state:"IN_SP", message: "RAMP_STATUS = INDETERMINATE dt = 2.77259 m = 0.00497"}
{timestamp:6.85368, localtime:6.85368, state:"IN_SP", message: "INDETERMINATE dt = 2.79054 m = 0.00497"}
{timestamp:6.87562, localtime:6.87562, state:"IN_SP", message: "RAMP_STATUS = INDETERMINATE dt = 2.79054 m = 0.00566"}
{timestamp:6.87562, localtime:6.87562, state:"IN_SP", message: "INDETERMINATE dt = 2.81248 m = 0.00566"}
{timestamp:6.89557, localtime:6.89557, state:"IN_SP", message: "RAMP_STATUS = INDETERMINATE dt = 2.81248 m = 0.00599"}
{timestamp:6.89557, localtime:6.89557, state:"IN_SP", message: "INDETERMINATE dt = 2.83243 m = 0.00599"}
{timestamp:6.91851, localtime:6.91851, state:"IN_SP", message: "RAMP_STATUS = INDETERMINATE dt = 2.83243 m = 0.00599"}
{timestamp:6.91851, localtime:6.91851, state:"IN_SP", message: "INDETERMINATE dt = 2.85537 m = 0.00599"}
{timestamp:6.94145, localtime:6.94145, state:"IN_SP", message: "RAMP_STATUS = INDETERMINATE dt = 2.85537 m = 0.00433"}
{timestamp:6.94145, localtime:6.94145, state:"IN_SP", message: "INDETERMINATE dt = 2.87831 m = 0.00433"}
{timestamp:6.95940, localtime:6.95940, state:"IN_SP", message: "RAMP_STATUS = INDETERMINATE dt = 2.87831 m = 0.00392"}
{timestamp:6.95940, localtime:6.95940, state:"IN_SP", message: "INDETERMINATE dt = 2.89626 m = 0.00392"}
{timestamp:6.97436, localtime:6.97436, state:"IN_SP", message: "RAMP_STATUS = INDETERMINATE dt = 2.89626 m = 0.00392"}
{timestamp:6.97436, localtime:6.97436, state:"IN_SP", message: "INDETERMINATE dt = 2.91122 m = 0.00392"}
{timestamp:6.99530, localtime:6.99530, state:"IN_SP", message: "RAMP_STATUS = INDETERMINATE dt = 2.91122 m = 0.01608"}
{timestamp:6.99530, localtime:6.99530, state:"IN_SP", message: "INDETERMINATE dt = 2.93216 m = 0.01608"}
{timestamp:7.01425, localtime:7.01425, state:"IN_SP", message: "RAMP_STATUS = INDETERMINATE dt = 2.93216 m = 0.02623"}
{timestamp:7.01425, localtime:7.01425, state:"IN_SP", message: "INDETERMINATE dt = 2.95111 m = 0.02623"}
{timestamp:7.03619, localtime:7.03619, state:"IN_SP", message: "RAMP_STATUS = INDETERMINATE dt = 2.95111 m = 0.03417"}
{timestamp:7.03619, localtime:7.03619, state:"IN_SP", message: "INDETERMINATE dt = 2.97305 m = 0.03417"}
{timestamp:7.05913, localtime:7.05913, state:"IN_SP", message: "RAMP_STATUS = INDETERMINATE dt = 2.97305 m = 0.03675"}
{timestamp:7.05913, localtime:7.05913, state:"IN_SP", message: "INDETERMINATE dt = 2.99599 m = 0.03675"}
{timestamp:7.07609, localtime:7.07609, state:"IN_SP", message: "RAMP_STATUS = INDETERMINATE dt = 2.99599 m = 0.03675"}
{timestamp:7.07609, localtime:7.07609, state:"IN_SP", message: "INDETERMINATE dt = 3.01295 m = 0.03675"}
{timestamp:7.09603, localtime:7.09603, state:"IN_SP", message: "RAMP_STATUS = INDETERMINATE dt = 3.01295 m = 0.01502"}
{timestamp:7.09603, localtime:7.09603, state:"IN_SP", message: "INDETERMINATE dt = 3.03289 m = 0.01502"}
{timestamp:7.11797, localtime:7.11797, state:"IN_SP", message: "RAMP_STATUS = INDETERMINATE dt = 3.03289 m = 0.00338"}
{timestamp:7.11797, localtime:7.11797, state:"IN_SP", message: "INDETERMINATE dt = 3.05483 m = 0.00338"}
{timestamp:7.13393, localtime:7.13393, state:"IN_SP", message: "RAMP_STATUS = INDETERMINATE dt = 3.05483 m = 0.00129"}
{timestamp:7.13393, localtime:7.13393, state:"IN_SP", message: "INDETERMINATE dt = 3.07079 m = 0.00129"}
{timestamp:7.15986, localtime:7.15986, state:"IN_SP", message: "RAMP_STATUS = INDETERMINATE dt = 3.07079 m = -0.00117"}
{timestamp:7.15986, localtime:7.15986, state:"IN_SP", message: "INDETERMINATE dt = 3.09672 m = -0.00117"}
{timestamp:7.17482, localtime:7.17482, state:"IN_SP", message: "RAMP_STATUS = INDETERMINATE dt = 3.09672 m = -0.01131"}
{timestamp:7.17482, localtime:7.17482, state:"IN_SP", message: "INDETERMINATE dt = 3.11168 m = -0.01131"}
{timestamp:7.19278, localtime:7.19278, state:"IN_SP", message: "RAMP_STATUS = INDETERMINATE dt = 3.11168 m = -0.03151"}
{timestamp:7.19278, localtime:7.19278, state:"IN_SP", message: "INDETERMINATE dt = 3.12964 m = -0.03151"}
{timestamp:7.21472, localtime:7.21472, state:"IN_SP", message: "RAMP_STATUS = INDETERMINATE dt = 3.12964 m = -0.03176"}
{timestamp:7.21472, localtime:7.21472, state:"IN_SP", message: "INDETERMINATE dt = 3.15158 m = -0.03176"}
{timestamp:7.23865, localtime:7.23865, state:"IN_SP", message: "RAMP_STATUS = INDETERMINATE dt = 3.15158 m = -0.03151"}
{timestamp:7.23865, localtime:7.23865, state:"IN_SP", message: "INDETERMINATE dt = 3.17551 m = -0.03151"}
{timestamp:7.26059, localtime:7.26059, state:"IN_SP", message: "RAMP_STATUS = INDETERMINATE dt = 3.17551 m = -0.03031"}
{timestamp:7.26059, localtime:7.26059, state:"IN_SP", message: "INDETERMINATE dt = 3.19745 m = -0.03031"}
{timestamp:7.27555, localtime:7.27555, state:"IN_SP", message: "RAMP_STATUS = INDETERMINATE dt = 3.19745 m = -0.01447"}
{timestamp:7.27555, localtime:7.27555, state:"IN_SP", message: "INDETERMINATE dt = 3.21241 m = -0.01447"}
{timestamp:7.29949, localtime:7.29949, state:"IN_SP", message: "RAMP_STATUS = INDETERMINATE dt = 3.21241 m = -0.01447"}
{timestamp:7.29949, localtime:7.29949, state:"IN_SP", message: "INDETERMINATE dt = 3.23635 m = -0.01447"}
