{timestamp:undefined, localtime:NaN, state:"undefined", message: "PROGRESS RESET CALLED "}
{timestamp:undefined, localtime:NaN, state:"configuring detector.", message: "undefined"}
{timestamp:undefined, localtime:NaN, state:"SEARCH_SP", message: "PROGRESS RESET CALLED "}
{timestamp:0.00000, localtime:0.00000, state:"SEARCH_SP", message: "SEARCHING  m = null"}
{timestamp:0.00000, localtime:0.00000, state:"SEARCH_SP", message: "PROGRESS RESET CALLED "}
{timestamp:0.01895, localtime:0.01895, state:"SEARCH_SP", message: "SEARCHING  m = 0.00000"}
{timestamp:0.01895, localtime:0.01895, state:"SEARCH_SP", message: "PROGRESS RESET CALLED "}
{timestamp:0.03790, localtime:0.03790, state:"SEARCH_SP", message: "SEARCHING  m = 0.00000"}
{timestamp:0.03790, localtime:0.03790, state:"SEARCH_SP", message: "PROGRESS RESET CALLED "}
{timestamp:0.05984, localtime:0.05984, state:"SEARCH_SP", message: "SEARCHING  m = -0.89914"}
{timestamp:0.05984, localtime:0.05984, state:"SEARCH_SP", message: "PROGRESS RESET CALLED "}
{timestamp:0.08178, localtime:0.08178, state:"SEARCH_SP", message: "SEARCHING  m = -0.89914"}
{timestamp:0.08178, localtime:0.08178, state:"SEARCH_SP", message: "PROGRESS RESET CALLED "}
{timestamp:0.09774, localtime:0.09774, state:"SEARCH_SP", message: "SEARCHING  m = -0.13470"}
{timestamp:0.09774, localtime:0.09774, state:"SEARCH_SP", message: "PROGRESS RESET CALLED "}
{timestamp:0.11768, localtime:0.11768, state:"SEARCH_SP", message: "SEARCHING  m = 0.00000"}
{timestamp:0.11768, localtime:0.11768, state:"SEARCH_SP", message: "PROGRESS RESET CALLED "}
{timestamp:0.13863, localtime:0.13863, state:"SEARCH_SP", message: "SEARCHING  m = 0.04026"}
{timestamp:0.13863, localtime:0.13863, state:"SEARCH_SP", message: "PROGRESS RESET CALLED "}
{timestamp:0.15857, localtime:0.15857, state:"SEARCH_SP", message: "START t = 0.15857410430908203 m = 0.060298418042956714 f = true"}
{timestamp:0.18151, localtime:0.18151, state:"SEARCH_SP", message: "BUILD EVIDENCE  dt = 0.02294 m = 0.06030  f = 1.00000 [1.00000]"}
{timestamp:0.20345, localtime:0.20345, state:"SEARCH_SP", message: "BUILD EVIDENCE  dt = 0.04488 m = 0.06030  f = 1.00000 [2.00000]"}
{timestamp:0.21941, localtime:0.21941, state:"SEARCH_SP", message: "BUILD EVIDENCE  dt = 0.06084 m = 0.06527  f = 1.00000 [3.00000]"}
{timestamp:0.24036, localtime:0.24036, state:"SEARCH_SP", message: "BUILD EVIDENCE  dt = 0.08178 m = 0.06527  f = 1.00000 [4.00000]"}
{timestamp:0.25931, localtime:0.25931, state:"SEARCH_SP", message: "ACCEPT c = 4.00000 dt = 0.10073  m = 0.05457 (start = 0.15857)"}
{timestamp:0.28025, localtime:0.28025, state:"IN_SP", message: "RAMP_STATUS = INDETERMINATE dt = 0.10073 m = 0.03366"}
{timestamp:0.28025, localtime:0.28025, state:"IN_SP", message: "INDETERMINATE dt = 0.12168 m = 0.03366"}
{timestamp:0.30020, localtime:0.30020, state:"IN_SP", message: "RAMP_STATUS = INDETERMINATE dt = 0.12168 m = 0.01836"}
{timestamp:0.30020, localtime:0.30020, state:"IN_SP", message: "INDETERMINATE dt = 0.14162 m = 0.01836"}
{timestamp:0.31915, localtime:0.31915, state:"IN_SP", message: "RAMP_STATUS = INDETERMINATE dt = 0.14162 m = 0.01810"}
{timestamp:0.31915, localtime:0.31915, state:"IN_SP", message: "INDETERMINATE dt = 0.16057 m = 0.01810"}
{timestamp:0.34408, localtime:0.34408, state:"IN_SP", message: "RAMP_STATUS = INDETERMINATE dt = 0.16057 m = 0.01810"}
{timestamp:0.34408, localtime:0.34408, state:"IN_SP", message: "INDETERMINATE dt = 0.18550 m = 0.01810"}
{timestamp:0.35904, localtime:0.35904, state:"IN_SP", message: "RAMP_STATUS = INDETERMINATE dt = 0.18550 m = 0.02852"}
{timestamp:0.35904, localtime:0.35904, state:"IN_SP", message: "INDETERMINATE dt = 0.20046 m = 0.02852"}
{timestamp:0.38397, localtime:0.38397, state:"IN_SP", message: "RAMP_STATUS = INDETERMINATE dt = 0.20046 m = 0.04084"}
{timestamp:0.38397, localtime:0.38397, state:"IN_SP", message: "INDETERMINATE dt = 0.22540 m = 0.04084"}
{timestamp:0.40192, localtime:0.40192, state:"STEP", message: "START STATIONARITY (COUNT = 0 T = 0.40192437171936035)"}
{timestamp:0.40192, localtime:0.40192, state:"IN_SP", message: "RAMP_STATUS = INDETERMINATE dt = 0.22540 m = 0.04084"}
{timestamp:0.40192, localtime:0.40192, state:"IN_SP", message: "INDETERMINATE dt = 0.24335 m = 0.04084"}
{timestamp:0.41988, localtime:0.41988, state:"IN_SP", message: "RAMP_STATUS = INDETERMINATE dt = 0.24335 m = 0.03871"}
{timestamp:0.41988, localtime:0.41988, state:"IN_SP", message: "INDETERMINATE dt = 0.26130 m = 0.03871"}
{timestamp:0.44182, localtime:0.44182, state:"IN_SP", message: "RAMP_STATUS = INDETERMINATE dt = 0.26130 m = 0.03871"}
{timestamp:0.44182, localtime:0.44182, state:"IN_SP", message: "INDETERMINATE dt = 0.28324 m = 0.03871"}
{timestamp:0.45977, localtime:0.45977, state:"IN_SP", message: "RAMP_STATUS = WITH dt = 0.28324 m = 0.08569"}
{timestamp:0.45977, localtime:0.45977, state:"IN_SP", message: "EXTEND dt = 0.30120 m = 0.08569"}
{timestamp:0.47972, localtime:0.47972, state:"IN_SP", message: "RAMP_STATUS = WITH dt = 0.30120 m = 0.08569"}
{timestamp:0.47972, localtime:0.47972, state:"IN_SP", message: "EXTEND dt = 0.32114 m = 0.08569"}
{timestamp:0.49966, localtime:0.49966, state:"IN_SP", message: "RAMP_STATUS = WITH dt = 0.32114 m = 0.05735"}
{timestamp:0.49966, localtime:0.49966, state:"IN_SP", message: "EXTEND dt = 0.34109 m = 0.05735"}
{timestamp:0.51961, localtime:0.51961, state:"IN_SP", message: "RAMP_STATUS = WITH dt = 0.34109 m = 0.05735"}
{timestamp:0.51961, localtime:0.51961, state:"IN_SP", message: "EXTEND dt = 0.36104 m = 0.05735"}
{timestamp:0.53856, localtime:0.53856, state:"IN_SP", message: "RAMP_STATUS = WITH dt = 0.36104 m = 0.05931"}
{timestamp:0.53856, localtime:0.53856, state:"IN_SP", message: "EXTEND dt = 0.37999 m = 0.05931"}
{timestamp:0.55851, localtime:0.55851, state:"IN_SP", message: "RAMP_STATUS = WITH dt = 0.37999 m = 0.09172"}
{timestamp:0.55851, localtime:0.55851, state:"IN_SP", message: "EXTEND dt = 0.39993 m = 0.09172"}
{timestamp:0.58144, localtime:0.58144, state:"IN_SP", message: "RAMP_STATUS = WITH dt = 0.39993 m = 0.09172"}
{timestamp:0.58144, localtime:0.58144, state:"IN_SP", message: "EXTEND dt = 0.42287 m = 0.09172"}
{timestamp:0.59840, localtime:0.59840, state:"IN_SP", message: "RAMP_STATUS = WITH dt = 0.42287 m = 0.05354"}
{timestamp:0.59840, localtime:0.59840, state:"IN_SP", message: "EXTEND dt = 0.43983 m = 0.05354"}
{timestamp:0.61835, localtime:0.61835, state:"IN_SP", message: "RAMP_STATUS = INDETERMINATE dt = 0.43983 m = 0.03112"}
{timestamp:0.61835, localtime:0.61835, state:"IN_SP", message: "INDETERMINATE dt = 0.45977 m = 0.03112"}
{timestamp:0.63929, localtime:0.63929, state:"IN_SP", message: "RAMP_STATUS = INDETERMINATE dt = 0.45977 m = 0.02925"}
{timestamp:0.63929, localtime:0.63929, state:"IN_SP", message: "INDETERMINATE dt = 0.48072 m = 0.02925"}
{timestamp:0.65824, localtime:0.65824, state:"IN_SP", message: "RAMP_STATUS = INDETERMINATE dt = 0.48072 m = 0.00000"}
{timestamp:0.65824, localtime:0.65824, state:"IN_SP", message: "INDETERMINATE dt = 0.49966 m = 0.00000"}
{timestamp:0.67819, localtime:0.67819, state:"IN_SP", message: "RAMP_STATUS = AGAINST dt = 0.49966 m = -0.15769"}
{timestamp:0.67819, localtime:0.67819, state:"IN_QP", message: "START QP @ t = 0.67819 d = DOWNWARD m = -0.15769 max_sp_v = 0.12148"}
{timestamp:0.70212, localtime:0.70212, state:"IN_QP", message: "IN_QP VELOCITY CHECK v: -0.3672182436969885 dirn.: DOWNWARD"}
{timestamp:0.70212, localtime:0.70212, state:"IN_QP", message: "EXTEND dt = 0.04388 m = -0.36722"}
{timestamp:0.72307, localtime:0.72307, state:"IN_QP", message: "IN_QP VELOCITY CHECK v: 0 dirn.: DOWNWARD"}
{timestamp:0.72307, localtime:0.72307, state:"IN_QP", message: "EXTEND dt = 0.06483 m = -0.36722"}
{timestamp:0.74202, localtime:0.74202, state:"IN_QP", message: "IN_QP VELOCITY CHECK v: 0.0011586964102915853 dirn.: DOWNWARD"}
{timestamp:0.74202, localtime:0.74202, state:"FOUND", message: "END (INDETERMINATE) m = 0.00000 [PASS-THROUGH TO FOUND]"}
{timestamp:0.74202, localtime:0.74202, state:"FOUND", message: "END qp end time = 0.74202  qp duration = 0.08378"}
{timestamp:0.74202, localtime:0.74202, state:"FOUND", message: "[PRE-VALIDATOR] END qp end time = 0.74202  qp duration = 0.08378"}
{timestamp:0.74202, localtime:0.74202, state:"FOUND", message: "PASSED VALIDITY CHECK"}
{timestamp:0.74202, localtime:0.74202, state:"FOUND", message: "PROGRESS RESET CALLED "}
{timestamp:0.74202, localtime:0.74202, state:"SEARCH_SP", message: "[FOUND] EARLY RESTART t_early = 0.7420158386230469, t = 0.7420158386230469 m = 0 f = true"}
{timestamp:0.75797, localtime:0.75797, state:"IN_SP", message: "INDETERMINATE dt = 0.01596 m = 0.00116"}
{timestamp:0.77892, localtime:0.77892, state:"IN_SP", message: "RAMP_STATUS = INDETERMINATE dt = 0.01596 m = 0.02962"}
{timestamp:0.77892, localtime:0.77892, state:"IN_SP", message: "INDETERMINATE dt = 0.03690 m = 0.02962"}
{timestamp:0.79886, localtime:0.79886, state:"IN_SP", message: "RAMP_STATUS = INDETERMINATE dt = 0.03690 m = 0.03609"}
{timestamp:0.79886, localtime:0.79886, state:"IN_SP", message: "INDETERMINATE dt = 0.05685 m = 0.03609"}
{timestamp:0.82081, localtime:0.82081, state:"IN_SP", message: "RAMP_STATUS = INDETERMINATE dt = 0.05685 m = 0.03759"}
{timestamp:0.82081, localtime:0.82081, state:"IN_SP", message: "INDETERMINATE dt = 0.07879 m = 0.03759"}
{timestamp:0.84175, localtime:0.84175, state:"IN_SP", message: "RAMP_STATUS = INDETERMINATE dt = 0.07879 m = 0.03759"}
{timestamp:0.84175, localtime:0.84175, state:"IN_SP", message: "INDETERMINATE dt = 0.09973 m = 0.03759"}
{timestamp:0.86269, localtime:0.86269, state:"IN_SP", message: "RAMP_STATUS = INDETERMINATE dt = 0.09973 m = 0.03759"}
{timestamp:0.86269, localtime:0.86269, state:"IN_SP", message: "INDETERMINATE dt = 0.12068 m = 0.03759"}
{timestamp:0.87865, localtime:0.87865, state:"IN_SP", message: "RAMP_STATUS = INDETERMINATE dt = 0.12068 m = 0.03821"}
{timestamp:0.87865, localtime:0.87865, state:"IN_SP", message: "INDETERMINATE dt = 0.13663 m = 0.03821"}
{timestamp:0.89760, localtime:0.89760, state:"IN_SP", message: "RAMP_STATUS = INDETERMINATE dt = 0.13663 m = 0.03547"}
{timestamp:0.89760, localtime:0.89760, state:"IN_SP", message: "INDETERMINATE dt = 0.15558 m = 0.03547"}
{timestamp:0.91854, localtime:0.91854, state:"IN_SP", message: "RAMP_STATUS = INDETERMINATE dt = 0.15558 m = 0.02433"}
{timestamp:0.91854, localtime:0.91854, state:"IN_SP", message: "INDETERMINATE dt = 0.17653 m = 0.02433"}
{timestamp:0.93949, localtime:0.93949, state:"IN_SP", message: "RAMP_STATUS = INDETERMINATE dt = 0.17653 m = 0.00000"}
{timestamp:0.93949, localtime:0.93949, state:"IN_SP", message: "INDETERMINATE dt = 0.19747 m = 0.00000"}
{timestamp:0.96043, localtime:0.96043, state:"IN_SP", message: "RAMP_STATUS = INDETERMINATE dt = 0.19747 m = -0.00789"}
{timestamp:0.96043, localtime:0.96043, state:"IN_SP", message: "INDETERMINATE dt = 0.21842 m = -0.00789"}
{timestamp:0.97938, localtime:0.97938, state:"IN_SP", message: "RAMP_STATUS = AGAINST dt = 0.21842 m = -0.12663"}
{timestamp:0.97938, localtime:0.97938, state:"IN_QP", message: "START QP @ t = 0.97938 d = DOWNWARD m = -0.12663 max_sp_v = 0.04334"}
{timestamp:0.99833, localtime:0.99833, state:"IN_QP", message: "IN_QP VELOCITY CHECK v: -0.005917748306030051 dirn.: DOWNWARD"}
{timestamp:0.99833, localtime:0.99833, state:"IN_QP", message: "EXTEND dt = 0.05884 m = -0.12663"}
{timestamp:1.02027, localtime:1.02027, state:"IN_QP", message: "IN_QP VELOCITY CHECK v: 0.00591771380201973 dirn.: DOWNWARD"}
{timestamp:1.02027, localtime:1.02027, state:"FOUND", message: "END (INDETERMINATE) m = -0.00592 [PASS-THROUGH TO FOUND]"}
{timestamp:1.02027, localtime:1.02027, state:"FOUND", message: "END qp end time = 1.02027  qp duration = 0.08078"}
{timestamp:1.02027, localtime:1.02027, state:"FOUND", message: "[PRE-VALIDATOR] END qp end time = 1.02027  qp duration = 0.08078"}
{timestamp:1.02027, localtime:1.02027, state:"FOUND", message: "FAILED VALIDITY CHECK"}
{timestamp:1.02027, localtime:1.02027, state:"FOUND", message: "PROGRESS RESET CALLED "}
{timestamp:1.02027, localtime:1.02027, state:"SEARCH_SP", message: "[FOUND] EARLY RESTART t_early = 1.0202715396881104, t = 1.0202715396881104 m = -0.005917748306030051 f = true"}
{timestamp:1.03922, localtime:1.03922, state:"IN_SP", message: "INDETERMINATE dt = 0.01895 m = 0.00592"}
{timestamp:1.06116, localtime:1.06116, state:"IN_SP", message: "RAMP_STATUS = INDETERMINATE dt = 0.01895 m = 0.01683"}
{timestamp:1.06116, localtime:1.06116, state:"IN_SP", message: "INDETERMINATE dt = 0.04089 m = 0.01683"}
{timestamp:1.08011, localtime:1.08011, state:"IN_SP", message: "RAMP_STATUS = INDETERMINATE dt = 0.04089 m = 0.04849"}
{timestamp:1.08011, localtime:1.08011, state:"IN_SP", message: "INDETERMINATE dt = 0.05984 m = 0.04849"}
{timestamp:1.10006, localtime:1.10006, state:"IN_SP", message: "RAMP_STATUS = WITH dt = 0.05984 m = 0.09135"}
{timestamp:1.10006, localtime:1.10006, state:"IN_SP", message: "EXTEND dt = 0.07979 m = 0.09135"}
{timestamp:1.11901, localtime:1.11901, state:"IN_SP", message: "RAMP_STATUS = WITH dt = 0.07979 m = 0.09135"}
{timestamp:1.11901, localtime:1.11901, state:"IN_SP", message: "EXTEND dt = 0.09874 m = 0.09135"}
{timestamp:1.13895, localtime:1.13895, state:"IN_SP", message: "RAMP_STATUS = WITH dt = 0.09874 m = 0.08998"}
{timestamp:1.13895, localtime:1.13895, state:"IN_SP", message: "EXTEND dt = 0.11868 m = 0.08998"}
{timestamp:1.16189, localtime:1.16189, state:"IN_SP", message: "RAMP_STATUS = INDETERMINATE dt = 0.11868 m = 0.04004"}
{timestamp:1.16189, localtime:1.16189, state:"IN_SP", message: "INDETERMINATE dt = 0.14162 m = 0.04004"}
{timestamp:1.17985, localtime:1.17985, state:"IN_SP", message: "RAMP_STATUS = INDETERMINATE dt = 0.14162 m = 0.02785"}
{timestamp:1.17985, localtime:1.17985, state:"IN_SP", message: "INDETERMINATE dt = 0.15957 m = 0.02785"}
{timestamp:1.19780, localtime:1.19780, state:"IN_SP", message: "RAMP_STATUS = INDETERMINATE dt = 0.15957 m = 0.02785"}
{timestamp:1.19780, localtime:1.19780, state:"IN_SP", message: "INDETERMINATE dt = 0.17753 m = 0.02785"}
{timestamp:1.21874, localtime:1.21874, state:"IN_SP", message: "RAMP_STATUS = INDETERMINATE dt = 0.17753 m = 0.02785"}
{timestamp:1.21874, localtime:1.21874, state:"IN_SP", message: "INDETERMINATE dt = 0.19847 m = 0.02785"}
{timestamp:1.24168, localtime:1.24168, state:"IN_SP", message: "RAMP_STATUS = INDETERMINATE dt = 0.19847 m = 0.02564"}
{timestamp:1.24168, localtime:1.24168, state:"IN_SP", message: "INDETERMINATE dt = 0.22141 m = 0.02564"}
{timestamp:1.26063, localtime:1.26063, state:"IN_SP", message: "RAMP_STATUS = INDETERMINATE dt = 0.22141 m = 0.02363"}
{timestamp:1.26063, localtime:1.26063, state:"IN_SP", message: "INDETERMINATE dt = 0.24036 m = 0.02363"}
{timestamp:1.27958, localtime:1.27958, state:"IN_SP", message: "RAMP_STATUS = INDETERMINATE dt = 0.24036 m = 0.02363"}
{timestamp:1.27958, localtime:1.27958, state:"IN_SP", message: "INDETERMINATE dt = 0.25931 m = 0.02363"}
{timestamp:1.29953, localtime:1.29953, state:"IN_SP", message: "RAMP_STATUS = INDETERMINATE dt = 0.25931 m = 0.02460"}
{timestamp:1.29953, localtime:1.29953, state:"IN_SP", message: "INDETERMINATE dt = 0.27925 m = 0.02460"}
{timestamp:1.32147, localtime:1.32147, state:"IN_SP", message: "RAMP_STATUS = INDETERMINATE dt = 0.27925 m = 0.03577"}
{timestamp:1.32147, localtime:1.32147, state:"IN_SP", message: "INDETERMINATE dt = 0.30120 m = 0.03577"}
{timestamp:1.33942, localtime:1.33942, state:"IN_SP", message: "RAMP_STATUS = INDETERMINATE dt = 0.30120 m = 0.03577"}
{timestamp:1.33942, localtime:1.33942, state:"IN_SP", message: "INDETERMINATE dt = 0.31915 m = 0.03577"}
{timestamp:1.35837, localtime:1.35837, state:"IN_SP", message: "RAMP_STATUS = INDETERMINATE dt = 0.31915 m = 0.03577"}
{timestamp:1.35837, localtime:1.35837, state:"IN_SP", message: "INDETERMINATE dt = 0.33810 m = 0.03577"}
{timestamp:1.37831, localtime:1.37831, state:"IN_SP", message: "RAMP_STATUS = WITH dt = 0.33810 m = 0.06578"}
{timestamp:1.37831, localtime:1.37831, state:"IN_SP", message: "EXTEND dt = 0.35804 m = 0.06578"}
{timestamp:1.40026, localtime:1.40026, state:"IN_SP", message: "RAMP_STATUS = WITH dt = 0.35804 m = 0.07506"}
{timestamp:1.40026, localtime:1.40026, state:"IN_SP", message: "EXTEND dt = 0.37998 m = 0.07506"}
{timestamp:1.42120, localtime:1.42120, state:"IN_SP", message: "RAMP_STATUS = WITH dt = 0.37998 m = 0.08933"}
{timestamp:1.42120, localtime:1.42120, state:"IN_SP", message: "EXTEND dt = 0.40093 m = 0.08933"}
{timestamp:1.43915, localtime:1.43915, state:"IN_SP", message: "RAMP_STATUS = WITH dt = 0.40093 m = 0.08933"}
{timestamp:1.43915, localtime:1.43915, state:"IN_SP", message: "EXTEND dt = 0.41888 m = 0.08933"}
{timestamp:1.46109, localtime:1.46109, state:"IN_SP", message: "RAMP_STATUS = INDETERMINATE dt = 0.41888 m = 0.02400"}
{timestamp:1.46109, localtime:1.46109, state:"IN_SP", message: "INDETERMINATE dt = 0.44082 m = 0.02400"}
{timestamp:1.48004, localtime:1.48004, state:"IN_SP", message: "RAMP_STATUS = INDETERMINATE dt = 0.44082 m = 0.01077"}
{timestamp:1.48004, localtime:1.48004, state:"IN_SP", message: "INDETERMINATE dt = 0.45977 m = 0.01077"}
{timestamp:1.49799, localtime:1.49799, state:"IN_SP", message: "RAMP_STATUS = INDETERMINATE dt = 0.45977 m = 0.00000"}
{timestamp:1.49799, localtime:1.49799, state:"IN_SP", message: "INDETERMINATE dt = 0.47772 m = 0.00000"}
{timestamp:1.51894, localtime:1.51894, state:"IN_SP", message: "RAMP_STATUS = INDETERMINATE dt = 0.47772 m = -0.02083"}
{timestamp:1.51894, localtime:1.51894, state:"IN_SP", message: "INDETERMINATE dt = 0.49867 m = -0.02083"}
{timestamp:1.54188, localtime:1.54188, state:"IN_SP", message: "RAMP_STATUS = AGAINST dt = 0.49867 m = -0.06572"}
{timestamp:1.54188, localtime:1.54188, state:"IN_QP", message: "START QP @ t = 1.54188 d = DOWNWARD m = -0.06572 max_sp_v = 0.10785"}
{timestamp:1.56182, localtime:1.56182, state:"IN_QP", message: "IN_QP VELOCITY CHECK v: -0.027388835086365363 dirn.: DOWNWARD"}
{timestamp:1.56182, localtime:1.56182, state:"IN_QP", message: "EXTEND dt = 0.06383 m = -0.06572"}
{timestamp:1.57978, localtime:1.57978, state:"IN_QP", message: "IN_QP VELOCITY CHECK v: -0.014435094806170024 dirn.: DOWNWARD"}
{timestamp:1.57978, localtime:1.57978, state:"FOUND", message: "END (INDETERMINATE) m = -0.02739 [PASS-THROUGH TO FOUND]"}
{timestamp:1.57978, localtime:1.57978, state:"FOUND", message: "END qp end time = 1.57978  qp duration = 0.08178"}
{timestamp:1.57978, localtime:1.57978, state:"FOUND", message: "[PRE-VALIDATOR] END qp end time = 1.57978  qp duration = 0.08178"}
{timestamp:1.57978, localtime:1.57978, state:"FOUND", message: "FAILED VALIDITY CHECK"}
{timestamp:1.57978, localtime:1.57978, state:"FOUND", message: "PROGRESS RESET CALLED "}
{timestamp:1.57978, localtime:1.57978, state:"SEARCH_SP", message: "[FOUND] EARLY RESTART t_early = 1.5797758102416992, t = 1.5797758102416992 m = -0.027388835086365363 f = true"}
{timestamp:1.59972, localtime:1.59972, state:"IN_SP", message: "INDETERMINATE dt = 0.01995 m = -0.01444"}
{timestamp:1.61967, localtime:1.61967, state:"IN_SP", message: "RAMP_STATUS = INDETERMINATE dt = 0.01995 m = 0.00000"}
{timestamp:1.61967, localtime:1.61967, state:"IN_SP", message: "INDETERMINATE dt = 0.03989 m = 0.00000"}
{timestamp:1.63862, localtime:1.63862, state:"IN_SP", message: "RAMP_STATUS = INDETERMINATE dt = 0.03989 m = 0.01309"}
{timestamp:1.63862, localtime:1.63862, state:"IN_SP", message: "INDETERMINATE dt = 0.05884 m = 0.01309"}
{timestamp:1.65657, localtime:1.65657, state:"IN_SP", message: "RAMP_STATUS = INDETERMINATE dt = 0.05884 m = 0.01309"}
{timestamp:1.65657, localtime:1.65657, state:"IN_SP", message: "INDETERMINATE dt = 0.07680 m = 0.01309"}
{timestamp:1.67851, localtime:1.67851, state:"IN_SP", message: "RAMP_STATUS = INDETERMINATE dt = 0.07680 m = 0.02001"}
{timestamp:1.67851, localtime:1.67851, state:"IN_SP", message: "INDETERMINATE dt = 0.09874 m = 0.02001"}
{timestamp:1.70045, localtime:1.70045, state:"IN_SP", message: "RAMP_STATUS = INDETERMINATE dt = 0.09874 m = 0.04298"}
{timestamp:1.70045, localtime:1.70045, state:"IN_SP", message: "INDETERMINATE dt = 0.12068 m = 0.04298"}
{timestamp:1.71841, localtime:1.71841, state:"IN_SP", message: "RAMP_STATUS = INDETERMINATE dt = 0.12068 m = 0.04298"}
{timestamp:1.71841, localtime:1.71841, state:"IN_SP", message: "INDETERMINATE dt = 0.13863 m = 0.04298"}
{timestamp:1.74134, localtime:1.74134, state:"IN_SP", message: "RAMP_STATUS = WITH dt = 0.13863 m = 0.05451"}
{timestamp:1.74134, localtime:1.74134, state:"IN_SP", message: "EXTEND dt = 0.16157 m = 0.05451"}
{timestamp:1.76229, localtime:1.76229, state:"IN_SP", message: "RAMP_STATUS = WITH dt = 0.16157 m = 0.06613"}
{timestamp:1.76229, localtime:1.76229, state:"IN_SP", message: "EXTEND dt = 0.18251 m = 0.06613"}
{timestamp:1.77825, localtime:1.77825, state:"IN_SP", message: "RAMP_STATUS = WITH dt = 0.18251 m = 0.06613"}
{timestamp:1.77825, localtime:1.77825, state:"IN_SP", message: "EXTEND dt = 0.19847 m = 0.06613"}
{timestamp:1.79719, localtime:1.79719, state:"IN_SP", message: "RAMP_STATUS = INDETERMINATE dt = 0.19847 m = 0.00000"}
{timestamp:1.79719, localtime:1.79719, state:"IN_SP", message: "INDETERMINATE dt = 0.21742 m = 0.00000"}
{timestamp:1.81914, localtime:1.81914, state:"IN_SP", message: "RAMP_STATUS = INDETERMINATE dt = 0.21742 m = -0.00074"}
{timestamp:1.81914, localtime:1.81914, state:"IN_SP", message: "INDETERMINATE dt = 0.23936 m = -0.00074"}
{timestamp:1.83908, localtime:1.83908, state:"IN_SP", message: "RAMP_STATUS = INDETERMINATE dt = 0.23936 m = -0.01018"}
{timestamp:1.83908, localtime:1.83908, state:"IN_SP", message: "INDETERMINATE dt = 0.25931 m = -0.01018"}
{timestamp:1.85704, localtime:1.85704, state:"IN_SP", message: "RAMP_STATUS = INDETERMINATE dt = 0.25931 m = -0.01018"}
{timestamp:1.85704, localtime:1.85704, state:"IN_SP", message: "INDETERMINATE dt = 0.27726 m = -0.01018"}
{timestamp:1.87798, localtime:1.87798, state:"IN_SP", message: "RAMP_STATUS = INDETERMINATE dt = 0.27726 m = 0.00000"}
{timestamp:1.87798, localtime:1.87798, state:"IN_SP", message: "INDETERMINATE dt = 0.29820 m = 0.00000"}
{timestamp:1.89992, localtime:1.89992, state:"IN_SP", message: "RAMP_STATUS = INDETERMINATE dt = 0.29820 m = 0.00670"}
{timestamp:1.89992, localtime:1.89992, state:"IN_SP", message: "INDETERMINATE dt = 0.32014 m = 0.00670"}
{timestamp:1.91787, localtime:1.91787, state:"IN_SP", message: "RAMP_STATUS = INDETERMINATE dt = 0.32014 m = 0.00745"}
{timestamp:1.91787, localtime:1.91787, state:"IN_SP", message: "INDETERMINATE dt = 0.33810 m = 0.00745"}
{timestamp:1.93682, localtime:1.93682, state:"IN_SP", message: "RAMP_STATUS = INDETERMINATE dt = 0.33810 m = 0.01927"}
{timestamp:1.93682, localtime:1.93682, state:"IN_SP", message: "INDETERMINATE dt = 0.35705 m = 0.01927"}
{timestamp:1.95976, localtime:1.95976, state:"IN_SP", message: "RAMP_STATUS = INDETERMINATE dt = 0.35705 m = 0.02514"}
{timestamp:1.95976, localtime:1.95976, state:"IN_SP", message: "INDETERMINATE dt = 0.37999 m = 0.02514"}
{timestamp:1.98669, localtime:1.98669, state:"IN_SP", message: "RAMP_STATUS = INDETERMINATE dt = 0.37999 m = 0.02544"}
{timestamp:1.98669, localtime:1.98669, state:"IN_SP", message: "INDETERMINATE dt = 0.40691 m = 0.02544"}
{timestamp:2.00265, localtime:2.00265, state:"IN_SP", message: "RAMP_STATUS = INDETERMINATE dt = 0.40691 m = 0.02514"}
{timestamp:2.00265, localtime:2.00265, state:"IN_SP", message: "INDETERMINATE dt = 0.42287 m = 0.02514"}
{timestamp:2.02259, localtime:2.02259, state:"IN_SP", message: "RAMP_STATUS = INDETERMINATE dt = 0.42287 m = 0.03353"}
{timestamp:2.02259, localtime:2.02259, state:"IN_SP", message: "INDETERMINATE dt = 0.44282 m = 0.03353"}
{timestamp:2.04453, localtime:2.04453, state:"IN_SP", message: "RAMP_STATUS = INDETERMINATE dt = 0.44282 m = 0.03578"}
{timestamp:2.04453, localtime:2.04453, state:"IN_SP", message: "INDETERMINATE dt = 0.46476 m = 0.03578"}
{timestamp:2.06249, localtime:2.06249, state:"IN_SP", message: "RAMP_STATUS = WITH dt = 0.46476 m = 0.06641"}
{timestamp:2.06249, localtime:2.06249, state:"IN_SP", message: "EXTEND dt = 0.48271 m = 0.06641"}
{timestamp:2.08343, localtime:2.08343, state:"IN_SP", message: "RAMP_STATUS = WITH dt = 0.48271 m = 0.07469"}
{timestamp:2.08343, localtime:2.08343, state:"IN_SP", message: "EXTEND dt = 0.50365 m = 0.07469"}
{timestamp:2.10038, localtime:2.10038, state:"IN_SP", message: "RAMP_STATUS = WITH dt = 0.50365 m = 0.09625"}
{timestamp:2.10038, localtime:2.10038, state:"IN_SP", message: "EXTEND dt = 0.52061 m = 0.09625"}
{timestamp:2.11834, localtime:2.11834, state:"IN_SP", message: "RAMP_STATUS = WITH dt = 0.52061 m = 0.11519"}
{timestamp:2.11834, localtime:2.11834, state:"IN_SP", message: "EXTEND dt = 0.53856 m = 0.11519"}
{timestamp:2.13729, localtime:2.13729, state:"IN_SP", message: "RAMP_STATUS = WITH dt = 0.53856 m = 0.11519"}
{timestamp:2.13729, localtime:2.13729, state:"IN_SP", message: "EXTEND dt = 0.55751 m = 0.11519"}
{timestamp:2.15823, localtime:2.15823, state:"IN_SP", message: "RAMP_STATUS = WITH dt = 0.55751 m = 0.06137"}
{timestamp:2.15823, localtime:2.15823, state:"IN_SP", message: "EXTEND dt = 0.57845 m = 0.06137"}
{timestamp:2.17818, localtime:2.17818, state:"IN_SP", message: "RAMP_STATUS = WITH dt = 0.57845 m = 0.05075"}
{timestamp:2.17818, localtime:2.17818, state:"IN_SP", message: "EXTEND dt = 0.59840 m = 0.05075"}
{timestamp:2.19812, localtime:2.19812, state:"IN_SP", message: "RAMP_STATUS = INDETERMINATE dt = 0.59840 m = 0.04256"}
{timestamp:2.19812, localtime:2.19812, state:"IN_SP", message: "INDETERMINATE dt = 0.61835 m = 0.04256"}
{timestamp:2.22106, localtime:2.22106, state:"IN_SP", message: "RAMP_STATUS = INDETERMINATE dt = 0.61835 m = 0.01495"}
{timestamp:2.22106, localtime:2.22106, state:"IN_SP", message: "INDETERMINATE dt = 0.64129 m = 0.01495"}
{timestamp:2.24201, localtime:2.24201, state:"IN_SP", message: "RAMP_STATUS = INDETERMINATE dt = 0.64129 m = 0.01495"}
{timestamp:2.24201, localtime:2.24201, state:"IN_SP", message: "INDETERMINATE dt = 0.66223 m = 0.01495"}
{timestamp:2.26195, localtime:2.26195, state:"IN_SP", message: "RAMP_STATUS = INDETERMINATE dt = 0.66223 m = 0.04799"}
{timestamp:2.26195, localtime:2.26195, state:"IN_SP", message: "INDETERMINATE dt = 0.68218 m = 0.04799"}
{timestamp:2.28090, localtime:2.28090, state:"IN_SP", message: "RAMP_STATUS = INDETERMINATE dt = 0.68218 m = 0.04799"}
{timestamp:2.28090, localtime:2.28090, state:"IN_SP", message: "INDETERMINATE dt = 0.70113 m = 0.04799"}
{timestamp:2.29885, localtime:2.29885, state:"IN_SP", message: "RAMP_STATUS = INDETERMINATE dt = 0.70113 m = 0.00000"}
{timestamp:2.29885, localtime:2.29885, state:"IN_SP", message: "INDETERMINATE dt = 0.71908 m = 0.00000"}
{timestamp:2.31880, localtime:2.31880, state:"IN_SP", message: "RAMP_STATUS = AGAINST dt = 0.71908 m = -0.44328"}
{timestamp:2.31880, localtime:2.31880, state:"IN_QP", message: "START QP @ t = 2.31880 d = DOWNWARD m = -0.44328 max_sp_v = 0.11619"}
{timestamp:2.34274, localtime:2.34274, state:"IN_QP", message: "IN_QP VELOCITY CHECK v: -0.40248566144831005 dirn.: DOWNWARD"}
{timestamp:2.34274, localtime:2.34274, state:"IN_QP", message: "EXTEND dt = 0.04388 m = -0.44328"}
{timestamp:2.36368, localtime:2.36368, state:"IN_QP", message: "IN_QP VELOCITY CHECK v: 0 dirn.: DOWNWARD"}
{timestamp:2.36368, localtime:2.36368, state:"IN_QP", message: "EXTEND dt = 0.06483 m = -0.40249"}
{timestamp:2.37964, localtime:2.37964, state:"IN_QP", message: "IN_QP VELOCITY CHECK v: 0.07024913920215965 dirn.: DOWNWARD"}
{timestamp:2.37964, localtime:2.37964, state:"FOUND", message: "END (INDETERMINATE) m = 0.00000 [PASS-THROUGH TO FOUND]"}
{timestamp:2.37964, localtime:2.37964, state:"FOUND", message: "END qp end time = 2.37964  qp duration = 0.08078"}
{timestamp:2.37964, localtime:2.37964, state:"FOUND", message: "[PRE-VALIDATOR] END qp end time = 2.37964  qp duration = 0.08078"}
{timestamp:2.37964, localtime:2.37964, state:"FOUND", message: "PASSED VALIDITY CHECK"}
{timestamp:2.37964, localtime:2.37964, state:"FOUND", message: "PROGRESS RESET CALLED "}
{timestamp:2.37964, localtime:2.37964, state:"SEARCH_SP", message: "[FOUND] EARLY RESTART t_early = 2.379638195037842, t = 2.379638195037842 m = 0 f = true"}
{timestamp:2.39859, localtime:2.39859, state:"SEARCH_SP", message: "BUILD EVIDENCE  dt = 0.01895 m = 0.07025  f = 1.00000 [1.00000]"}
{timestamp:2.41654, localtime:2.41654, state:"SEARCH_SP", message: "BUILD EVIDENCE  dt = 0.03690 m = 0.07025  f = 1.00000 [2.00000]"}
{timestamp:2.43948, localtime:2.43948, state:"IN_SP", message: "INDETERMINATE dt = 0.05984 m = 0.04344"}
{timestamp:2.46441, localtime:2.46441, state:"IN_SP", message: "RAMP_STATUS = INDETERMINATE dt = 0.05984 m = 0.04198"}
{timestamp:2.46441, localtime:2.46441, state:"IN_SP", message: "INDETERMINATE dt = 0.08477 m = 0.04198"}
{timestamp:2.48037, localtime:2.48037, state:"IN_SP", message: "RAMP_STATUS = INDETERMINATE dt = 0.08477 m = 0.04198"}
{timestamp:2.48037, localtime:2.48037, state:"IN_SP", message: "INDETERMINATE dt = 0.10073 m = 0.04198"}
{timestamp:2.49832, localtime:2.49832, state:"IN_SP", message: "RAMP_STATUS = INDETERMINATE dt = 0.10073 m = 0.04198"}
{timestamp:2.49832, localtime:2.49832, state:"IN_SP", message: "INDETERMINATE dt = 0.11868 m = 0.04198"}
{timestamp:2.51827, localtime:2.51827, state:"IN_SP", message: "RAMP_STATUS = INDETERMINATE dt = 0.11868 m = 0.04194"}
{timestamp:2.51827, localtime:2.51827, state:"IN_SP", message: "INDETERMINATE dt = 0.13863 m = 0.04194"}
{timestamp:2.53921, localtime:2.53921, state:"IN_SP", message: "RAMP_STATUS = INDETERMINATE dt = 0.13863 m = 0.03288"}
{timestamp:2.53921, localtime:2.53921, state:"IN_SP", message: "INDETERMINATE dt = 0.15957 m = 0.03288"}
{timestamp:2.55816, localtime:2.55816, state:"IN_SP", message: "RAMP_STATUS = INDETERMINATE dt = 0.15957 m = 0.02887"}
{timestamp:2.55816, localtime:2.55816, state:"IN_SP", message: "INDETERMINATE dt = 0.17852 m = 0.02887"}
{timestamp:2.58210, localtime:2.58210, state:"IN_SP", message: "RAMP_STATUS = INDETERMINATE dt = 0.17852 m = 0.02774"}
{timestamp:2.58210, localtime:2.58210, state:"IN_SP", message: "INDETERMINATE dt = 0.20246 m = 0.02774"}
{timestamp:2.60304, localtime:2.60304, state:"IN_SP", message: "RAMP_STATUS = INDETERMINATE dt = 0.20246 m = 0.02774"}
{timestamp:2.60304, localtime:2.60304, state:"IN_SP", message: "INDETERMINATE dt = 0.22340 m = 0.02774"}
{timestamp:2.62299, localtime:2.62299, state:"IN_SP", message: "RAMP_STATUS = INDETERMINATE dt = 0.22340 m = 0.02232"}
{timestamp:2.62299, localtime:2.62299, state:"IN_SP", message: "INDETERMINATE dt = 0.24335 m = 0.02232"}
{timestamp:2.64094, localtime:2.64094, state:"IN_SP", message: "RAMP_STATUS = INDETERMINATE dt = 0.24335 m = 0.02079"}
{timestamp:2.64094, localtime:2.64094, state:"IN_SP", message: "INDETERMINATE dt = 0.26130 m = 0.02079"}
{timestamp:2.66388, localtime:2.66388, state:"IN_SP", message: "RAMP_STATUS = INDETERMINATE dt = 0.26130 m = 0.02232"}
{timestamp:2.66388, localtime:2.66388, state:"IN_SP", message: "INDETERMINATE dt = 0.28424 m = 0.02232"}
{timestamp:2.68682, localtime:2.68682, state:"IN_SP", message: "RAMP_STATUS = INDETERMINATE dt = 0.28424 m = 0.03167"}
{timestamp:2.68682, localtime:2.68682, state:"IN_SP", message: "INDETERMINATE dt = 0.30718 m = 0.03167"}
{timestamp:2.70277, localtime:2.70277, state:"IN_SP", message: "RAMP_STATUS = INDETERMINATE dt = 0.30718 m = 0.03167"}
{timestamp:2.70277, localtime:2.70277, state:"IN_SP", message: "INDETERMINATE dt = 0.32314 m = 0.03167"}
{timestamp:2.72172, localtime:2.72172, state:"IN_SP", message: "RAMP_STATUS = INDETERMINATE dt = 0.32314 m = 0.03078"}
{timestamp:2.72172, localtime:2.72172, state:"IN_SP", message: "INDETERMINATE dt = 0.34209 m = 0.03078"}
{timestamp:2.74267, localtime:2.74267, state:"IN_SP", message: "RAMP_STATUS = INDETERMINATE dt = 0.34209 m = 0.03078"}
{timestamp:2.74267, localtime:2.74267, state:"IN_SP", message: "INDETERMINATE dt = 0.36303 m = 0.03078"}
{timestamp:2.76261, localtime:2.76261, state:"IN_SP", message: "RAMP_STATUS = INDETERMINATE dt = 0.36303 m = 0.03936"}
{timestamp:2.76261, localtime:2.76261, state:"IN_SP", message: "INDETERMINATE dt = 0.38298 m = 0.03936"}
{timestamp:2.78156, localtime:2.78156, state:"IN_SP", message: "RAMP_STATUS = WITH dt = 0.38298 m = 0.06937"}
{timestamp:2.78156, localtime:2.78156, state:"IN_SP", message: "EXTEND dt = 0.40193 m = 0.06937"}
{timestamp:2.80351, localtime:2.80351, state:"IN_SP", message: "RAMP_STATUS = WITH dt = 0.40193 m = 0.06937"}
{timestamp:2.80351, localtime:2.80351, state:"IN_SP", message: "EXTEND dt = 0.42387 m = 0.06937"}
{timestamp:2.82146, localtime:2.82146, state:"STEP", message: "END STATIONARITY (D = 2.4195339679718018) [LONG]"}
{timestamp:2.82146, localtime:2.82146, state:"IN_SP", message: "RAMP_STATUS = INDETERMINATE dt = 0.42387 m = 0.04412"}
{timestamp:2.82146, localtime:2.82146, state:"IN_SP", message: "INDETERMINATE dt = 0.44182 m = 0.04412"}
{timestamp:2.84340, localtime:2.84340, state:"IN_SP", message: "RAMP_STATUS = INDETERMINATE dt = 0.44182 m = 0.04412"}
{timestamp:2.84340, localtime:2.84340, state:"IN_SP", message: "INDETERMINATE dt = 0.46376 m = 0.04412"}
{timestamp:2.86135, localtime:2.86135, state:"IN_SP", message: "RAMP_STATUS = INDETERMINATE dt = 0.46376 m = 0.04412"}
{timestamp:2.86135, localtime:2.86135, state:"IN_SP", message: "INDETERMINATE dt = 0.48171 m = 0.04412"}
{timestamp:2.88230, localtime:2.88230, state:"STEP", message: "START STATIONARITY (COUNT = 1 T = 2.8822953701019287)"}
{timestamp:2.88230, localtime:2.88230, state:"IN_SP", message: "RAMP_STATUS = INDETERMINATE dt = 0.48171 m = 0.03970"}
{timestamp:2.88230, localtime:2.88230, state:"IN_SP", message: "INDETERMINATE dt = 0.50266 m = 0.03970"}
{timestamp:2.90324, localtime:2.90324, state:"IN_SP", message: "RAMP_STATUS = INDETERMINATE dt = 0.50266 m = 0.00000"}
{timestamp:2.90324, localtime:2.90324, state:"IN_SP", message: "INDETERMINATE dt = 0.52360 m = 0.00000"}
{timestamp:2.92319, localtime:2.92319, state:"IN_SP", message: "RAMP_STATUS = AGAINST dt = 0.52360 m = -0.05972"}
{timestamp:2.92319, localtime:2.92319, state:"IN_QP", message: "START QP @ t = 2.92319 d = DOWNWARD m = -0.05972 max_sp_v = 0.09515"}
{timestamp:2.94114, localtime:2.94114, state:"IN_QP", message: "IN_QP VELOCITY CHECK v: -0.08507072460402718 dirn.: DOWNWARD"}
{timestamp:2.94114, localtime:2.94114, state:"IN_QP", message: "EXTEND dt = 0.03790 m = -0.08507"}
{timestamp:2.96208, localtime:2.96208, state:"IN_QP", message: "IN_QP VELOCITY CHECK v: -0.03692618450467695 dirn.: DOWNWARD"}
{timestamp:2.96208, localtime:2.96208, state:"IN_QP", message: "EXTEND dt = 0.05884 m = -0.08507"}
{timestamp:2.98602, localtime:2.98602, state:"IN_QP", message: "IN_QP VELOCITY CHECK v: -0.03014660008732367 dirn.: DOWNWARD"}
{timestamp:2.98602, localtime:2.98602, state:"FOUND", message: "END (INDETERMINATE) m = -0.03693 [PASS-THROUGH TO FOUND]"}
{timestamp:2.98602, localtime:2.98602, state:"FOUND", message: "END qp end time = 2.98602  qp duration = 0.08278"}
{timestamp:2.98602, localtime:2.98602, state:"FOUND", message: "[PRE-VALIDATOR] END qp end time = 2.98602  qp duration = 0.08278"}
{timestamp:2.98602, localtime:2.98602, state:"FOUND", message: "FAILED VALIDITY CHECK"}
{timestamp:2.98602, localtime:2.98602, state:"FOUND", message: "PROGRESS RESET CALLED "}
{timestamp:2.98602, localtime:2.98602, state:"SEARCH_SP", message: "[FOUND] EARLY RESTART t_early = 2.986018180847168, t = 2.986018180847168 m = -0.03692618450467695 f = true"}
{timestamp:3.00297, localtime:3.00297, state:"IN_SP", message: "INDETERMINATE dt = 0.01695 m = -0.03015"}
{timestamp:3.02292, localtime:3.02292, state:"IN_SP", message: "RAMP_STATUS = INDETERMINATE dt = 0.01695 m = -0.01265"}
{timestamp:3.02292, localtime:3.02292, state:"IN_SP", message: "INDETERMINATE dt = 0.03690 m = -0.01265"}
{timestamp:3.04287, localtime:3.04287, state:"IN_SP", message: "RAMP_STATUS = INDETERMINATE dt = 0.03690 m = -0.00317"}
{timestamp:3.04287, localtime:3.04287, state:"IN_SP", message: "INDETERMINATE dt = 0.05685 m = -0.00317"}
{timestamp:3.06281, localtime:3.06281, state:"IN_SP", message: "RAMP_STATUS = INDETERMINATE dt = 0.05685 m = -0.00313"}
{timestamp:3.06281, localtime:3.06281, state:"IN_SP", message: "INDETERMINATE dt = 0.07680 m = -0.00313"}
{timestamp:3.08575, localtime:3.08575, state:"IN_SP", message: "RAMP_STATUS = INDETERMINATE dt = 0.07680 m = 0.00000"}
{timestamp:3.08575, localtime:3.08575, state:"IN_SP", message: "INDETERMINATE dt = 0.09973 m = 0.00000"}
{timestamp:3.10271, localtime:3.10271, state:"IN_SP", message: "RAMP_STATUS = INDETERMINATE dt = 0.09973 m = 0.00090"}
{timestamp:3.10271, localtime:3.10271, state:"IN_SP", message: "INDETERMINATE dt = 0.11669 m = 0.00090"}
{timestamp:3.12365, localtime:3.12365, state:"IN_SP", message: "RAMP_STATUS = INDETERMINATE dt = 0.11669 m = 0.00363"}
{timestamp:3.12365, localtime:3.12365, state:"IN_SP", message: "INDETERMINATE dt = 0.13763 m = 0.00363"}
{timestamp:3.14360, localtime:3.14360, state:"IN_SP", message: "RAMP_STATUS = INDETERMINATE dt = 0.13763 m = 0.02371"}
{timestamp:3.14360, localtime:3.14360, state:"IN_SP", message: "INDETERMINATE dt = 0.15758 m = 0.02371"}
{timestamp:3.16354, localtime:3.16354, state:"IN_SP", message: "RAMP_STATUS = INDETERMINATE dt = 0.15758 m = 0.04652"}
{timestamp:3.16354, localtime:3.16354, state:"IN_SP", message: "INDETERMINATE dt = 0.17753 m = 0.04652"}
{timestamp:3.18249, localtime:3.18249, state:"IN_SP", message: "RAMP_STATUS = WITH dt = 0.17753 m = 0.05542"}
{timestamp:3.18249, localtime:3.18249, state:"IN_SP", message: "EXTEND dt = 0.19647 m = 0.05542"}
{timestamp:3.20543, localtime:3.20543, state:"IN_SP", message: "RAMP_STATUS = WITH dt = 0.19647 m = 0.05905"}
{timestamp:3.20543, localtime:3.20543, state:"IN_SP", message: "EXTEND dt = 0.21941 m = 0.05905"}
{timestamp:3.22338, localtime:3.22338, state:"IN_SP", message: "RAMP_STATUS = WITH dt = 0.21941 m = 0.07124"}
{timestamp:3.22338, localtime:3.22338, state:"IN_SP", message: "EXTEND dt = 0.23737 m = 0.07124"}
{timestamp:3.24233, localtime:3.24233, state:"IN_SP", message: "RAMP_STATUS = WITH dt = 0.23737 m = 0.07124"}
{timestamp:3.24233, localtime:3.24233, state:"IN_SP", message: "EXTEND dt = 0.25632 m = 0.07124"}
{timestamp:3.26527, localtime:3.26527, state:"IN_SP", message: "RAMP_STATUS = INDETERMINATE dt = 0.25632 m = 0.03466"}
{timestamp:3.26527, localtime:3.26527, state:"IN_SP", message: "INDETERMINATE dt = 0.27925 m = 0.03466"}
{timestamp:3.28223, localtime:3.28223, state:"IN_SP", message: "RAMP_STATUS = INDETERMINATE dt = 0.27925 m = 0.03466"}
{timestamp:3.28223, localtime:3.28223, state:"IN_SP", message: "INDETERMINATE dt = 0.29621 m = 0.03466"}
{timestamp:3.30217, localtime:3.30217, state:"IN_SP", message: "RAMP_STATUS = WITH dt = 0.29621 m = 0.05310"}
{timestamp:3.30217, localtime:3.30217, state:"IN_SP", message: "EXTEND dt = 0.31615 m = 0.05310"}
{timestamp:3.32312, localtime:3.32312, state:"IN_SP", message: "RAMP_STATUS = WITH dt = 0.31615 m = 0.05310"}
{timestamp:3.32312, localtime:3.32312, state:"IN_SP", message: "EXTEND dt = 0.33710 m = 0.05310"}
{timestamp:3.34506, localtime:3.34506, state:"IN_SP", message: "RAMP_STATUS = INDETERMINATE dt = 0.33710 m = 0.03287"}
{timestamp:3.34506, localtime:3.34506, state:"IN_SP", message: "INDETERMINATE dt = 0.35904 m = 0.03287"}
{timestamp:3.36201, localtime:3.36201, state:"IN_SP", message: "RAMP_STATUS = INDETERMINATE dt = 0.35904 m = 0.01310"}
{timestamp:3.36201, localtime:3.36201, state:"IN_SP", message: "INDETERMINATE dt = 0.37600 m = 0.01310"}
{timestamp:3.38296, localtime:3.38296, state:"IN_SP", message: "RAMP_STATUS = INDETERMINATE dt = 0.37600 m = 0.01201"}
{timestamp:3.38296, localtime:3.38296, state:"IN_SP", message: "INDETERMINATE dt = 0.39694 m = 0.01201"}
{timestamp:3.40290, localtime:3.40290, state:"IN_SP", message: "RAMP_STATUS = INDETERMINATE dt = 0.39694 m = 0.01201"}
{timestamp:3.40290, localtime:3.40290, state:"IN_SP", message: "INDETERMINATE dt = 0.41689 m = 0.01201"}
{timestamp:3.42285, localtime:3.42285, state:"IN_SP", message: "RAMP_STATUS = INDETERMINATE dt = 0.41689 m = 0.00000"}
{timestamp:3.42285, localtime:3.42285, state:"IN_SP", message: "INDETERMINATE dt = 0.43683 m = 0.00000"}
{timestamp:3.44379, localtime:3.44379, state:"IN_SP", message: "RAMP_STATUS = AGAINST dt = 0.43683 m = -0.09885"}
{timestamp:3.44379, localtime:3.44379, state:"IN_QP", message: "START QP @ t = 3.44379 d = DOWNWARD m = -0.09885 max_sp_v = 0.08497"}
{timestamp:3.46274, localtime:3.46274, state:"IN_QP", message: "IN_QP VELOCITY CHECK v: -0.10178997092734994 dirn.: DOWNWARD"}
{timestamp:3.46274, localtime:3.46274, state:"IN_QP", message: "EXTEND dt = 0.03989 m = -0.10179"}
{timestamp:3.48269, localtime:3.48269, state:"IN_QP", message: "IN_QP VELOCITY CHECK v: -0.037417158845884466 dirn.: DOWNWARD"}
{timestamp:3.48269, localtime:3.48269, state:"IN_QP", message: "EXTEND dt = 0.05984 m = -0.10179"}
{timestamp:3.50164, localtime:3.50164, state:"IN_QP", message: "IN_QP VELOCITY CHECK v: -0.01413929244684822 dirn.: DOWNWARD"}
{timestamp:3.50164, localtime:3.50164, state:"FOUND", message: "END (INDETERMINATE) m = -0.03742 [PASS-THROUGH TO FOUND]"}
{timestamp:3.50164, localtime:3.50164, state:"FOUND", message: "END qp end time = 3.50164  qp duration = 0.07879"}
{timestamp:3.50164, localtime:3.50164, state:"FOUND", message: "[PRE-VALIDATOR] END qp end time = 3.50164  qp duration = 0.07879"}
{timestamp:3.50164, localtime:3.50164, state:"FOUND", message: "FAILED VALIDITY CHECK"}
{timestamp:3.50164, localtime:3.50164, state:"FOUND", message: "PROGRESS RESET CALLED "}
{timestamp:3.50164, localtime:3.50164, state:"SEARCH_SP", message: "[FOUND] EARLY RESTART t_early = 3.5016398429870605, t = 3.5016398429870605 m = -0.037417158845884466 f = true"}
{timestamp:3.53655, localtime:3.53655, state:"IN_SP", message: "INDETERMINATE dt = 0.03491 m = -0.01554"}
{timestamp:3.55450, localtime:3.55450, state:"IN_SP", message: "RAMP_STATUS = INDETERMINATE dt = 0.03491 m = -0.01414"}
{timestamp:3.55450, localtime:3.55450, state:"IN_SP", message: "INDETERMINATE dt = 0.05286 m = -0.01414"}
{timestamp:3.57445, localtime:3.57445, state:"IN_SP", message: "RAMP_STATUS = INDETERMINATE dt = 0.05286 m = -0.01348"}
{timestamp:3.57445, localtime:3.57445, state:"IN_SP", message: "INDETERMINATE dt = 0.07281 m = -0.01348"}
{timestamp:3.59439, localtime:3.59439, state:"IN_SP", message: "RAMP_STATUS = INDETERMINATE dt = 0.07281 m = 0.00000"}
{timestamp:3.59439, localtime:3.59439, state:"IN_SP", message: "INDETERMINATE dt = 0.09275 m = 0.00000"}
{timestamp:3.60836, localtime:3.60836, state:"IN_SP", message: "RAMP_STATUS = WITH dt = 0.09275 m = 0.07049"}
{timestamp:3.60836, localtime:3.60836, state:"IN_SP", message: "EXTEND dt = 0.10672 m = 0.07049"}
{timestamp:3.62731, localtime:3.62731, state:"IN_SP", message: "RAMP_STATUS = WITH dt = 0.10672 m = 0.08970"}
{timestamp:3.62731, localtime:3.62731, state:"IN_SP", message: "EXTEND dt = 0.12567 m = 0.08970"}
{timestamp:3.64625, localtime:3.64625, state:"IN_SP", message: "RAMP_STATUS = WITH dt = 0.12567 m = 0.08970"}
{timestamp:3.64625, localtime:3.64625, state:"IN_SP", message: "EXTEND dt = 0.14461 m = 0.08970"}
{timestamp:3.66221, localtime:3.66221, state:"IN_SP", message: "RAMP_STATUS = WITH dt = 0.14461 m = 0.08364"}
{timestamp:3.66221, localtime:3.66221, state:"IN_SP", message: "EXTEND dt = 0.16057 m = 0.08364"}
{timestamp:3.68615, localtime:3.68615, state:"IN_SP", message: "RAMP_STATUS = INDETERMINATE dt = 0.16057 m = 0.02597"}
{timestamp:3.68615, localtime:3.68615, state:"IN_SP", message: "INDETERMINATE dt = 0.18451 m = 0.02597"}
{timestamp:3.70111, localtime:3.70111, state:"IN_SP", message: "RAMP_STATUS = INDETERMINATE dt = 0.18451 m = 0.00000"}
{timestamp:3.70111, localtime:3.70111, state:"IN_SP", message: "INDETERMINATE dt = 0.19947 m = 0.00000"}
{timestamp:3.72903, localtime:3.72903, state:"IN_SP", message: "RAMP_STATUS = AGAINST dt = 0.19947 m = -0.08971"}
{timestamp:3.72903, localtime:3.72903, state:"IN_QP", message: "START QP @ t = 3.72903 d = DOWNWARD m = -0.08971 max_sp_v = 0.11869"}
{timestamp:3.74898, localtime:3.74898, state:"IN_QP", message: "IN_QP VELOCITY CHECK v: -0.05603016986957611 dirn.: DOWNWARD"}
{timestamp:3.74898, localtime:3.74898, state:"IN_QP", message: "EXTEND dt = 0.04787 m = -0.08971"}
{timestamp:3.76793, localtime:3.76793, state:"IN_QP", message: "IN_QP VELOCITY CHECK v: -0.033560544212371146 dirn.: DOWNWARD"}
{timestamp:3.76793, localtime:3.76793, state:"IN_QP", message: "EXTEND dt = 0.06682 m = -0.05603"}
{timestamp:3.78488, localtime:3.78488, state:"IN_QP", message: "IN_QP VELOCITY CHECK v: 0 dirn.: DOWNWARD"}
{timestamp:3.78488, localtime:3.78488, state:"FOUND", message: "END (INDETERMINATE) m = -0.03356 [PASS-THROUGH TO FOUND]"}
{timestamp:3.78488, localtime:3.78488, state:"FOUND", message: "END qp end time = 3.78488  qp duration = 0.08378"}
{timestamp:3.78488, localtime:3.78488, state:"FOUND", message: "[PRE-VALIDATOR] END qp end time = 3.78488  qp duration = 0.08378"}
{timestamp:3.78488, localtime:3.78488, state:"FOUND", message: "FAILED VALIDITY CHECK"}
{timestamp:3.78488, localtime:3.78488, state:"FOUND", message: "PROGRESS RESET CALLED "}
{timestamp:3.78488, localtime:3.78488, state:"SEARCH_SP", message: "[FOUND] EARLY RESTART t_early = 3.7848825454711914, t = 3.7848825454711914 m = -0.033560544212371146 f = true"}
{timestamp:3.80283, localtime:3.80283, state:"IN_SP", message: "INDETERMINATE dt = 0.01795 m = 0.00000"}
{timestamp:3.82378, localtime:3.82378, state:"IN_SP", message: "RAMP_STATUS = INDETERMINATE dt = 0.01795 m = 0.01850"}
{timestamp:3.82378, localtime:3.82378, state:"IN_SP", message: "INDETERMINATE dt = 0.03890 m = 0.01850"}
{timestamp:3.84273, localtime:3.84273, state:"IN_SP", message: "RAMP_STATUS = INDETERMINATE dt = 0.03890 m = 0.01850"}
{timestamp:3.84273, localtime:3.84273, state:"IN_SP", message: "INDETERMINATE dt = 0.05785 m = 0.01850"}
{timestamp:3.86367, localtime:3.86367, state:"IN_SP", message: "RAMP_STATUS = INDETERMINATE dt = 0.05785 m = 0.01114"}
{timestamp:3.86367, localtime:3.86367, state:"IN_SP", message: "INDETERMINATE dt = 0.07879 m = 0.01114"}
{timestamp:3.88063, localtime:3.88063, state:"IN_SP", message: "RAMP_STATUS = INDETERMINATE dt = 0.07879 m = 0.01114"}
{timestamp:3.88063, localtime:3.88063, state:"IN_SP", message: "INDETERMINATE dt = 0.09574 m = 0.01114"}
{timestamp:3.90257, localtime:3.90257, state:"IN_SP", message: "RAMP_STATUS = INDETERMINATE dt = 0.09574 m = 0.01715"}
{timestamp:3.90257, localtime:3.90257, state:"IN_SP", message: "INDETERMINATE dt = 0.11769 m = 0.01715"}
{timestamp:3.92251, localtime:3.92251, state:"IN_SP", message: "RAMP_STATUS = INDETERMINATE dt = 0.11769 m = 0.03336"}
{timestamp:3.92251, localtime:3.92251, state:"IN_SP", message: "INDETERMINATE dt = 0.13763 m = 0.03336"}
{timestamp:3.94346, localtime:3.94346, state:"IN_SP", message: "RAMP_STATUS = INDETERMINATE dt = 0.13763 m = 0.03976"}
{timestamp:3.94346, localtime:3.94346, state:"IN_SP", message: "INDETERMINATE dt = 0.15858 m = 0.03976"}
{timestamp:3.96341, localtime:3.96341, state:"IN_SP", message: "RAMP_STATUS = INDETERMINATE dt = 0.15858 m = 0.03976"}
{timestamp:3.96341, localtime:3.96341, state:"IN_SP", message: "INDETERMINATE dt = 0.17852 m = 0.03976"}
{timestamp:3.98236, localtime:3.98236, state:"IN_SP", message: "RAMP_STATUS = INDETERMINATE dt = 0.17852 m = 0.03676"}
{timestamp:3.98236, localtime:3.98236, state:"IN_SP", message: "INDETERMINATE dt = 0.19747 m = 0.03676"}
{timestamp:4.00130, localtime:4.00130, state:"IN_SP", message: "RAMP_STATUS = INDETERMINATE dt = 0.19747 m = 0.02644"}
{timestamp:4.00130, localtime:4.00130, state:"IN_SP", message: "INDETERMINATE dt = 0.21642 m = 0.02644"}
{timestamp:4.02524, localtime:4.02524, state:"IN_SP", message: "RAMP_STATUS = INDETERMINATE dt = 0.21642 m = 0.02644"}
{timestamp:4.02524, localtime:4.02524, state:"IN_SP", message: "INDETERMINATE dt = 0.24036 m = 0.02644"}
{timestamp:4.04319, localtime:4.04319, state:"IN_SP", message: "RAMP_STATUS = INDETERMINATE dt = 0.24036 m = 0.00269"}
{timestamp:4.04319, localtime:4.04319, state:"IN_SP", message: "INDETERMINATE dt = 0.25831 m = 0.00269"}
{timestamp:4.06214, localtime:4.06214, state:"IN_SP", message: "RAMP_STATUS = INDETERMINATE dt = 0.25831 m = 0.00269"}
{timestamp:4.06214, localtime:4.06214, state:"IN_SP", message: "INDETERMINATE dt = 0.27726 m = 0.00269"}
{timestamp:4.08708, localtime:4.08708, state:"IN_SP", message: "RAMP_STATUS = INDETERMINATE dt = 0.27726 m = 0.01701"}
{timestamp:4.08708, localtime:4.08708, state:"IN_SP", message: "INDETERMINATE dt = 0.30219 m = 0.01701"}
{timestamp:4.10403, localtime:4.10403, state:"IN_SP", message: "RAMP_STATUS = WITH dt = 0.30219 m = 0.35055"}
{timestamp:4.10403, localtime:4.10403, state:"IN_SP", message: "EXTEND dt = 0.31915 m = 0.35055"}
{timestamp:4.12298, localtime:4.12298, state:"IN_SP", message: "RAMP_STATUS = WITH dt = 0.31915 m = 3.00063"}
{timestamp:4.12298, localtime:4.12298, state:"IN_SP", message: "EXTEND dt = 0.33810 m = 3.00063"}
{timestamp:4.14293, localtime:4.14293, state:"IN_SP", message: "RAMP_STATUS = WITH dt = 0.33810 m = 3.00063"}
{timestamp:4.14293, localtime:4.14293, state:"IN_SP", message: "EXTEND dt = 0.35804 m = 3.00063"}
{timestamp:4.16188, localtime:4.16188, state:"IN_SP", message: "RAMP_STATUS = WITH dt = 0.35804 m = 2.30852"}
{timestamp:4.16188, localtime:4.16188, state:"IN_SP", message: "EXTEND dt = 0.37699 m = 2.30852"}
{timestamp:4.18382, localtime:4.18382, state:"IN_SP", message: "RAMP_STATUS = WITH dt = 0.37699 m = 0.79399"}
{timestamp:4.18382, localtime:4.18382, state:"IN_SP", message: "EXTEND dt = 0.39893 m = 0.79399"}
{timestamp:4.20277, localtime:4.20277, state:"IN_SP", message: "RAMP_STATUS = INDETERMINATE dt = 0.39893 m = 0.00000"}
{timestamp:4.20277, localtime:4.20277, state:"IN_SP", message: "INDETERMINATE dt = 0.41788 m = 0.00000"}
{timestamp:4.22271, localtime:4.22271, state:"IN_SP", message: "RAMP_STATUS = AGAINST dt = 0.41788 m = -4.61480"}
{timestamp:4.22271, localtime:4.22271, state:"IN_QP", message: "START QP @ t = 4.22271 d = DOWNWARD m = -4.61480 max_sp_v = 3.88285"}
{timestamp:4.24765, localtime:4.24765, state:"IN_QP", message: "IN_QP VELOCITY CHECK v: -0.7842213162094904 dirn.: DOWNWARD"}
{timestamp:4.24765, localtime:4.24765, state:"IN_QP", message: "EXTEND dt = 0.04488 m = -4.61480"}
{timestamp:4.26460, localtime:4.26460, state:"IN_QP", message: "IN_QP VELOCITY CHECK v: -0.21537777221873308 dirn.: DOWNWARD"}
{timestamp:4.26460, localtime:4.26460, state:"IN_QP", message: "EXTEND dt = 0.06183 m = -0.78422"}
{timestamp:4.28555, localtime:4.28555, state:"IN_QP", message: "IN_QP VELOCITY CHECK v: -0.125856588408156 dirn.: DOWNWARD"}
{timestamp:4.28555, localtime:4.28555, state:"IN_QP", message: "EXTEND dt = 0.08278 m = -0.21538"}
{timestamp:4.30549, localtime:4.30549, state:"IN_QP", message: "IN_QP VELOCITY CHECK v: -0.14105864293929637 dirn.: DOWNWARD"}
{timestamp:4.30549, localtime:4.30549, state:"IN_QP", message: "EXTEND dt = 0.10273 m = -0.14106"}
{timestamp:4.32344, localtime:4.32344, state:"IN_QP", message: "IN_QP VELOCITY CHECK v: -0.13546644996534352 dirn.: DOWNWARD"}
{timestamp:4.32344, localtime:4.32344, state:"IN_QP", message: "EXTEND dt = 0.12068 m = -0.13547"}
{timestamp:4.34339, localtime:4.34339, state:"IN_QP", message: "IN_QP VELOCITY CHECK v: -0.05306903460255191 dirn.: DOWNWARD"}
{timestamp:4.34339, localtime:4.34339, state:"IN_QP", message: "EXTEND dt = 0.14062 m = -0.13547"}
{timestamp:4.36334, localtime:4.36334, state:"IN_QP", message: "IN_QP VELOCITY CHECK v: -0.025613568321833136 dirn.: DOWNWARD"}
{timestamp:4.36334, localtime:4.36334, state:"IN_QP", message: "EXTEND dt = 0.16057 m = -0.05307"}
{timestamp:4.38328, localtime:4.38328, state:"IN_QP", message: "IN_QP VELOCITY CHECK v: 0 dirn.: DOWNWARD"}
{timestamp:4.38328, localtime:4.38328, state:"FOUND", message: "END (INDETERMINATE) m = -0.02561 [PASS-THROUGH TO FOUND]"}
{timestamp:4.38328, localtime:4.38328, state:"FOUND", message: "END qp end time = 4.38328  qp duration = 0.18052"}
{timestamp:4.38328, localtime:4.38328, state:"FOUND", message: "[PRE-VALIDATOR] END qp end time = 4.38328  qp duration = 0.18052"}
{timestamp:4.38328, localtime:4.38328, state:"FOUND", message: "PASSED VALIDITY CHECK"}
{timestamp:4.38328, localtime:4.38328, state:"FOUND", message: "PROGRESS RESET CALLED "}
{timestamp:4.38328, localtime:4.38328, state:"SEARCH_SP", message: "[FOUND] EARLY RESTART t_early = 4.383283615112305, t = 4.383283615112305 m = -0.025613568321833136 f = true"}
{timestamp:4.40323, localtime:4.40323, state:"IN_SP", message: "INDETERMINATE dt = 0.01995 m = 0.00000"}
{timestamp:4.42318, localtime:4.42318, state:"IN_SP", message: "RAMP_STATUS = WITH dt = 0.01995 m = 0.11060"}
{timestamp:4.42318, localtime:4.42318, state:"IN_SP", message: "EXTEND dt = 0.03989 m = 0.11060"}
{timestamp:4.44412, localtime:4.44412, state:"IN_SP", message: "RAMP_STATUS = WITH dt = 0.03989 m = 0.11060"}
{timestamp:4.44412, localtime:4.44412, state:"IN_SP", message: "EXTEND dt = 0.06084 m = 0.11060"}
{timestamp:4.46307, localtime:4.46307, state:"IN_SP", message: "RAMP_STATUS = WITH dt = 0.06084 m = 0.12348"}
{timestamp:4.46307, localtime:4.46307, state:"IN_SP", message: "EXTEND dt = 0.07979 m = 0.12348"}
{timestamp:4.48501, localtime:4.48501, state:"IN_SP", message: "RAMP_STATUS = WITH dt = 0.07979 m = 0.08780"}
{timestamp:4.48501, localtime:4.48501, state:"IN_SP", message: "EXTEND dt = 0.10173 m = 0.08780"}
{timestamp:4.50296, localtime:4.50296, state:"IN_SP", message: "RAMP_STATUS = WITH dt = 0.10173 m = 0.06966"}
{timestamp:4.50296, localtime:4.50296, state:"IN_SP", message: "EXTEND dt = 0.11968 m = 0.06966"}
{timestamp:4.52191, localtime:4.52191, state:"IN_SP", message: "RAMP_STATUS = WITH dt = 0.11968 m = 0.05803"}
{timestamp:4.52191, localtime:4.52191, state:"IN_SP", message: "EXTEND dt = 0.13863 m = 0.05803"}
{timestamp:4.54286, localtime:4.54286, state:"IN_SP", message: "RAMP_STATUS = INDETERMINATE dt = 0.13863 m = 0.04660"}
{timestamp:4.54286, localtime:4.54286, state:"IN_SP", message: "INDETERMINATE dt = 0.15957 m = 0.04660"}
{timestamp:4.56380, localtime:4.56380, state:"IN_SP", message: "RAMP_STATUS = INDETERMINATE dt = 0.15957 m = 0.02681"}
{timestamp:4.56380, localtime:4.56380, state:"IN_SP", message: "INDETERMINATE dt = 0.18052 m = 0.02681"}
{timestamp:4.58175, localtime:4.58175, state:"IN_SP", message: "RAMP_STATUS = INDETERMINATE dt = 0.18052 m = 0.01109"}
{timestamp:4.58175, localtime:4.58175, state:"IN_SP", message: "INDETERMINATE dt = 0.19847 m = 0.01109"}
{timestamp:4.60369, localtime:4.60369, state:"IN_SP", message: "RAMP_STATUS = INDETERMINATE dt = 0.19847 m = 0.00936"}
{timestamp:4.60369, localtime:4.60369, state:"IN_SP", message: "INDETERMINATE dt = 0.22041 m = 0.00936"}
{timestamp:4.62264, localtime:4.62264, state:"IN_SP", message: "RAMP_STATUS = INDETERMINATE dt = 0.22041 m = 0.00775"}
{timestamp:4.62264, localtime:4.62264, state:"IN_SP", message: "INDETERMINATE dt = 0.23936 m = 0.00775"}
{timestamp:4.64259, localtime:4.64259, state:"IN_SP", message: "RAMP_STATUS = INDETERMINATE dt = 0.23936 m = 0.00775"}
{timestamp:4.64259, localtime:4.64259, state:"IN_SP", message: "INDETERMINATE dt = 0.25931 m = 0.00775"}
{timestamp:4.66254, localtime:4.66254, state:"IN_SP", message: "RAMP_STATUS = INDETERMINATE dt = 0.25931 m = 0.02008"}
{timestamp:4.66254, localtime:4.66254, state:"IN_SP", message: "INDETERMINATE dt = 0.27925 m = 0.02008"}
{timestamp:4.68348, localtime:4.68348, state:"IN_SP", message: "RAMP_STATUS = INDETERMINATE dt = 0.27925 m = 0.02436"}
{timestamp:4.68348, localtime:4.68348, state:"IN_SP", message: "INDETERMINATE dt = 0.30020 m = 0.02436"}
{timestamp:4.70343, localtime:4.70343, state:"IN_SP", message: "RAMP_STATUS = INDETERMINATE dt = 0.30020 m = 0.03481"}
{timestamp:4.70343, localtime:4.70343, state:"IN_SP", message: "INDETERMINATE dt = 0.32014 m = 0.03481"}
{timestamp:4.72337, localtime:4.72337, state:"IN_SP", message: "RAMP_STATUS = INDETERMINATE dt = 0.32014 m = 0.03481"}
{timestamp:4.72337, localtime:4.72337, state:"IN_SP", message: "INDETERMINATE dt = 0.34009 m = 0.03481"}
{timestamp:4.74631, localtime:4.74631, state:"IN_SP", message: "RAMP_STATUS = INDETERMINATE dt = 0.34009 m = 0.03621"}
{timestamp:4.74631, localtime:4.74631, state:"IN_SP", message: "INDETERMINATE dt = 0.36303 m = 0.03621"}
{timestamp:4.76526, localtime:4.76526, state:"IN_SP", message: "RAMP_STATUS = INDETERMINATE dt = 0.36303 m = 0.03136"}
{timestamp:4.76526, localtime:4.76526, state:"IN_SP", message: "INDETERMINATE dt = 0.38198 m = 0.03136"}
{timestamp:4.78322, localtime:4.78322, state:"IN_SP", message: "RAMP_STATUS = INDETERMINATE dt = 0.38198 m = 0.01765"}
{timestamp:4.78322, localtime:4.78322, state:"IN_SP", message: "INDETERMINATE dt = 0.39993 m = 0.01765"}
{timestamp:4.80516, localtime:4.80516, state:"IN_SP", message: "RAMP_STATUS = INDETERMINATE dt = 0.39993 m = 0.00919"}
{timestamp:4.80516, localtime:4.80516, state:"IN_SP", message: "INDETERMINATE dt = 0.42187 m = 0.00919"}
{timestamp:4.82311, localtime:4.82311, state:"IN_SP", message: "RAMP_STATUS = INDETERMINATE dt = 0.42187 m = 0.00919"}
{timestamp:4.82311, localtime:4.82311, state:"IN_SP", message: "INDETERMINATE dt = 0.43982 m = 0.00919"}
{timestamp:4.84106, localtime:4.84106, state:"IN_SP", message: "RAMP_STATUS = INDETERMINATE dt = 0.43982 m = 0.04063"}
{timestamp:4.84106, localtime:4.84106, state:"IN_SP", message: "INDETERMINATE dt = 0.45778 m = 0.04063"}
{timestamp:4.86300, localtime:4.86300, state:"IN_SP", message: "RAMP_STATUS = WITH dt = 0.45778 m = 0.06182"}
{timestamp:4.86300, localtime:4.86300, state:"IN_SP", message: "EXTEND dt = 0.47972 m = 0.06182"}
{timestamp:4.88494, localtime:4.88494, state:"IN_SP", message: "RAMP_STATUS = WITH dt = 0.47972 m = 0.06255"}
{timestamp:4.88494, localtime:4.88494, state:"IN_SP", message: "EXTEND dt = 0.50166 m = 0.06255"}
{timestamp:4.90489, localtime:4.90489, state:"IN_SP", message: "RAMP_STATUS = WITH dt = 0.50166 m = 0.06571"}
{timestamp:4.90489, localtime:4.90489, state:"IN_SP", message: "EXTEND dt = 0.52161 m = 0.06571"}
{timestamp:4.92184, localtime:4.92184, state:"IN_SP", message: "RAMP_STATUS = WITH dt = 0.52161 m = 0.06571"}
{timestamp:4.92184, localtime:4.92184, state:"IN_SP", message: "EXTEND dt = 0.53856 m = 0.06571"}
{timestamp:4.94778, localtime:4.94778, state:"IN_SP", message: "RAMP_STATUS = WITH dt = 0.53856 m = 0.05554"}
{timestamp:4.94778, localtime:4.94778, state:"IN_SP", message: "EXTEND dt = 0.56449 m = 0.05554"}
{timestamp:4.96672, localtime:4.96672, state:"IN_SP", message: "RAMP_STATUS = WITH dt = 0.56449 m = 0.05554"}
{timestamp:4.96672, localtime:4.96672, state:"IN_SP", message: "EXTEND dt = 0.58344 m = 0.05554"}
{timestamp:4.98468, localtime:4.98468, state:"IN_SP", message: "RAMP_STATUS = WITH dt = 0.58344 m = 0.09101"}
{timestamp:4.98468, localtime:4.98468, state:"IN_SP", message: "EXTEND dt = 0.60139 m = 0.09101"}
{timestamp:5.00064, localtime:5.00064, state:"IN_SP", message: "RAMP_STATUS = WITH dt = 0.60139 m = 0.10167"}
{timestamp:5.00064, localtime:5.00064, state:"IN_SP", message: "EXTEND dt = 0.61735 m = 0.10167"}
{timestamp:5.02557, localtime:5.02557, state:"IN_SP", message: "RAMP_STATUS = WITH dt = 0.61735 m = 0.10167"}
{timestamp:5.02557, localtime:5.02557, state:"IN_SP", message: "EXTEND dt = 0.64228 m = 0.10167"}
{timestamp:5.04651, localtime:5.04651, state:"IN_SP", message: "RAMP_STATUS = WITH dt = 0.64228 m = 0.05099"}
{timestamp:5.04651, localtime:5.04651, state:"IN_SP", message: "EXTEND dt = 0.66323 m = 0.05099"}
{timestamp:5.06446, localtime:5.06446, state:"IN_SP", message: "RAMP_STATUS = INDETERMINATE dt = 0.66323 m = 0.03386"}
{timestamp:5.06446, localtime:5.06446, state:"IN_SP", message: "INDETERMINATE dt = 0.68118 m = 0.03386"}
{timestamp:5.08142, localtime:5.08142, state:"IN_SP", message: "RAMP_STATUS = INDETERMINATE dt = 0.68118 m = 0.02676"}
{timestamp:5.08142, localtime:5.08142, state:"IN_SP", message: "INDETERMINATE dt = 0.69813 m = 0.02676"}
{timestamp:5.10137, localtime:5.10137, state:"IN_SP", message: "RAMP_STATUS = INDETERMINATE dt = 0.69813 m = 0.03386"}
{timestamp:5.10137, localtime:5.10137, state:"IN_SP", message: "INDETERMINATE dt = 0.71808 m = 0.03386"}
{timestamp:5.12231, localtime:5.12231, state:"IN_SP", message: "RAMP_STATUS = INDETERMINATE dt = 0.71808 m = 0.04950"}
{timestamp:5.12231, localtime:5.12231, state:"IN_SP", message: "INDETERMINATE dt = 0.73902 m = 0.04950"}
{timestamp:5.14026, localtime:5.14026, state:"IN_SP", message: "RAMP_STATUS = WITH dt = 0.73902 m = 0.09569"}
{timestamp:5.14026, localtime:5.14026, state:"IN_SP", message: "EXTEND dt = 0.75698 m = 0.09569"}
{timestamp:5.16220, localtime:5.16220, state:"IN_SP", message: "RAMP_STATUS = WITH dt = 0.75698 m = 0.09569"}
{timestamp:5.16220, localtime:5.16220, state:"IN_SP", message: "EXTEND dt = 0.77892 m = 0.09569"}
{timestamp:5.18514, localtime:5.18514, state:"IN_SP", message: "RAMP_STATUS = WITH dt = 0.77892 m = 0.05247"}
{timestamp:5.18514, localtime:5.18514, state:"IN_SP", message: "EXTEND dt = 0.80186 m = 0.05247"}
{timestamp:5.20509, localtime:5.20509, state:"STEP", message: "END STATIONARITY (D = 2.322791337966919) [LONG]"}
{timestamp:5.20509, localtime:5.20509, state:"IN_SP", message: "RAMP_STATUS = WITH dt = 0.80186 m = 0.05247"}
{timestamp:5.20509, localtime:5.20509, state:"IN_SP", message: "EXTEND dt = 0.82180 m = 0.05247"}
{timestamp:5.22204, localtime:5.22204, state:"IN_SP", message: "RAMP_STATUS = WITH dt = 0.82180 m = 0.07500"}
{timestamp:5.22204, localtime:5.22204, state:"IN_SP", message: "EXTEND dt = 0.83876 m = 0.07500"}
{timestamp:5.24598, localtime:5.24598, state:"IN_SP", message: "RAMP_STATUS = WITH dt = 0.83876 m = 0.07500"}
{timestamp:5.24598, localtime:5.24598, state:"IN_SP", message: "EXTEND dt = 0.86269 m = 0.07500"}
{timestamp:5.26293, localtime:5.26293, state:"IN_SP", message: "RAMP_STATUS = INDETERMINATE dt = 0.86269 m = 0.04537"}
{timestamp:5.26293, localtime:5.26293, state:"IN_SP", message: "INDETERMINATE dt = 0.87965 m = 0.04537"}
{timestamp:5.28088, localtime:5.28088, state:"IN_SP", message: "RAMP_STATUS = INDETERMINATE dt = 0.87965 m = 0.04537"}
{timestamp:5.28088, localtime:5.28088, state:"IN_SP", message: "INDETERMINATE dt = 0.89760 m = 0.04537"}
{timestamp:5.30283, localtime:5.30283, state:"IN_SP", message: "RAMP_STATUS = INDETERMINATE dt = 0.89760 m = 0.04537"}
{timestamp:5.30283, localtime:5.30283, state:"IN_SP", message: "INDETERMINATE dt = 0.91954 m = 0.04537"}
{timestamp:5.32277, localtime:5.32277, state:"STEP", message: "START STATIONARITY (COUNT = 2 T = 5.32277250289917)"}
{timestamp:5.32277, localtime:5.32277, state:"IN_SP", message: "RAMP_STATUS = INDETERMINATE dt = 0.91954 m = 0.03874"}
{timestamp:5.32277, localtime:5.32277, state:"IN_SP", message: "INDETERMINATE dt = 0.93949 m = 0.03874"}
{timestamp:5.34771, localtime:5.34771, state:"IN_SP", message: "RAMP_STATUS = INDETERMINATE dt = 0.93949 m = 0.00000"}
{timestamp:5.34771, localtime:5.34771, state:"IN_SP", message: "INDETERMINATE dt = 0.96442 m = 0.00000"}
{timestamp:5.36666, localtime:5.36666, state:"IN_SP", message: "RAMP_STATUS = AGAINST dt = 0.96442 m = -0.12199"}
{timestamp:5.36666, localtime:5.36666, state:"IN_QP", message: "START QP @ t = 5.36666 d = DOWNWARD m = -0.12199 max_sp_v = 0.13058"}
{timestamp:5.38261, localtime:5.38261, state:"IN_QP", message: "IN_QP VELOCITY CHECK v: -0.2603652429026428 dirn.: DOWNWARD"}
{timestamp:5.38261, localtime:5.38261, state:"IN_QP", message: "EXTEND dt = 0.03491 m = -0.26037"}
{timestamp:5.40156, localtime:5.40156, state:"IN_QP", message: "IN_QP VELOCITY CHECK v: -0.008090078781207016 dirn.: DOWNWARD"}
{timestamp:5.40156, localtime:5.40156, state:"IN_QP", message: "EXTEND dt = 0.05386 m = -0.26037"}
{timestamp:5.42350, localtime:5.42350, state:"IN_QP", message: "IN_QP VELOCITY CHECK v: 0 dirn.: DOWNWARD"}
{timestamp:5.42350, localtime:5.42350, state:"FOUND", message: "END (INDETERMINATE) m = -0.00809 [PASS-THROUGH TO FOUND]"}
{timestamp:5.42350, localtime:5.42350, state:"FOUND", message: "END qp end time = 5.42350  qp duration = 0.07580"}
{timestamp:5.42350, localtime:5.42350, state:"FOUND", message: "[PRE-VALIDATOR] END qp end time = 5.42350  qp duration = 0.07580"}
{timestamp:5.42350, localtime:5.42350, state:"FOUND", message: "PASSED VALIDITY CHECK"}
{timestamp:5.42350, localtime:5.42350, state:"FOUND", message: "PROGRESS RESET CALLED "}
{timestamp:5.42350, localtime:5.42350, state:"SEARCH_SP", message: "[FOUND] EARLY RESTART t_early = 5.423503637313843, t = 5.423503637313843 m = -0.008090078781207016 f = true"}
{timestamp:5.44146, localtime:5.44146, state:"IN_SP", message: "INDETERMINATE dt = 0.01795 m = 0.00000"}
{timestamp:5.46240, localtime:5.46240, state:"IN_SP", message: "RAMP_STATUS = INDETERMINATE dt = 0.01795 m = 0.00000"}
{timestamp:5.46240, localtime:5.46240, state:"IN_SP", message: "INDETERMINATE dt = 0.03890 m = 0.00000"}
{timestamp:5.48334, localtime:5.48334, state:"IN_SP", message: "RAMP_STATUS = INDETERMINATE dt = 0.03890 m = 0.00000"}
{timestamp:5.48334, localtime:5.48334, state:"IN_SP", message: "INDETERMINATE dt = 0.05984 m = 0.00000"}
{timestamp:5.50728, localtime:5.50728, state:"IN_SP", message: "RAMP_STATUS = AGAINST dt = 0.05984 m = -0.14722"}
{timestamp:5.50728, localtime:5.50728, state:"IN_QP", message: "START QP @ t = 5.50728 d = DOWNWARD m = -0.14722 max_sp_v = 0.00000"}
{timestamp:5.52324, localtime:5.52324, state:"IN_QP", message: "IN_QP VELOCITY CHECK v: -0.10678522236404685 dirn.: DOWNWARD"}
{timestamp:5.52324, localtime:5.52324, state:"IN_QP", message: "EXTEND dt = 0.03989 m = -0.14722"}
{timestamp:5.54618, localtime:5.54618, state:"IN_QP", message: "IN_QP VELOCITY CHECK v: -0.00675122504003454 dirn.: DOWNWARD"}
{timestamp:5.54618, localtime:5.54618, state:"IN_QP", message: "EXTEND dt = 0.06283 m = -0.10679"}
{timestamp:5.56413, localtime:5.56413, state:"IN_QP", message: "IN_QP VELOCITY CHECK v: 0.007481020009182327 dirn.: DOWNWARD"}
{timestamp:5.56413, localtime:5.56413, state:"FOUND", message: "END (INDETERMINATE) m = -0.00675 [PASS-THROUGH TO FOUND]"}
{timestamp:5.56413, localtime:5.56413, state:"FOUND", message: "END qp end time = 5.56413  qp duration = 0.08078"}
{timestamp:5.56413, localtime:5.56413, state:"FOUND", message: "[PRE-VALIDATOR] END qp end time = 5.56413  qp duration = 0.08078"}
{timestamp:5.56413, localtime:5.56413, state:"FOUND", message: "FAILED VALIDITY CHECK"}
{timestamp:5.56413, localtime:5.56413, state:"FOUND", message: "PROGRESS RESET CALLED "}
{timestamp:5.56413, localtime:5.56413, state:"SEARCH_SP", message: "[FOUND] EARLY RESTART t_early = 5.564127445220947, t = 5.564127445220947 m = -0.00675122504003454 f = true"}
{timestamp:5.58308, localtime:5.58308, state:"IN_SP", message: "INDETERMINATE dt = 0.01895 m = 0.00748"}
{timestamp:5.60203, localtime:5.60203, state:"IN_SP", message: "RAMP_STATUS = INDETERMINATE dt = 0.01895 m = 0.02634"}
{timestamp:5.60203, localtime:5.60203, state:"IN_SP", message: "INDETERMINATE dt = 0.03790 m = 0.02634"}
{timestamp:5.62197, localtime:5.62197, state:"IN_SP", message: "RAMP_STATUS = INDETERMINATE dt = 0.03790 m = 0.02888"}
{timestamp:5.62197, localtime:5.62197, state:"IN_SP", message: "INDETERMINATE dt = 0.05785 m = 0.02888"}
{timestamp:5.64092, localtime:5.64092, state:"IN_SP", message: "RAMP_STATUS = INDETERMINATE dt = 0.05785 m = 0.02981"}
{timestamp:5.64092, localtime:5.64092, state:"IN_SP", message: "INDETERMINATE dt = 0.07680 m = 0.02981"}
{timestamp:5.66785, localtime:5.66785, state:"IN_SP", message: "RAMP_STATUS = INDETERMINATE dt = 0.07680 m = 0.02981"}
{timestamp:5.66785, localtime:5.66785, state:"IN_SP", message: "INDETERMINATE dt = 0.10372 m = 0.02981"}
{timestamp:5.68780, localtime:5.68780, state:"IN_SP", message: "RAMP_STATUS = INDETERMINATE dt = 0.10372 m = 0.02981"}
{timestamp:5.68780, localtime:5.68780, state:"IN_SP", message: "INDETERMINATE dt = 0.12367 m = 0.02981"}
{timestamp:5.70675, localtime:5.70675, state:"IN_SP", message: "RAMP_STATUS = INDETERMINATE dt = 0.12367 m = 0.03869"}
{timestamp:5.70675, localtime:5.70675, state:"IN_SP", message: "INDETERMINATE dt = 0.14262 m = 0.03869"}
{timestamp:5.72669, localtime:5.72669, state:"IN_SP", message: "RAMP_STATUS = INDETERMINATE dt = 0.14262 m = 0.03869"}
{timestamp:5.72669, localtime:5.72669, state:"IN_SP", message: "INDETERMINATE dt = 0.16257 m = 0.03869"}
{timestamp:5.74764, localtime:5.74764, state:"IN_SP", message: "RAMP_STATUS = INDETERMINATE dt = 0.16257 m = 0.02718"}
{timestamp:5.74764, localtime:5.74764, state:"IN_SP", message: "INDETERMINATE dt = 0.18351 m = 0.02718"}
{timestamp:5.77157, localtime:5.77157, state:"IN_SP", message: "RAMP_STATUS = INDETERMINATE dt = 0.18351 m = 0.01847"}
{timestamp:5.77157, localtime:5.77157, state:"IN_SP", message: "INDETERMINATE dt = 0.20745 m = 0.01847"}
{timestamp:5.78653, localtime:5.78653, state:"IN_SP", message: "RAMP_STATUS = INDETERMINATE dt = 0.20745 m = 0.01838"}
{timestamp:5.78653, localtime:5.78653, state:"IN_SP", message: "INDETERMINATE dt = 0.22241 m = 0.01838"}
{timestamp:5.81047, localtime:5.81047, state:"IN_SP", message: "RAMP_STATUS = INDETERMINATE dt = 0.22241 m = 0.01847"}
{timestamp:5.81047, localtime:5.81047, state:"IN_SP", message: "INDETERMINATE dt = 0.24634 m = 0.01847"}
{timestamp:5.82643, localtime:5.82643, state:"IN_SP", message: "RAMP_STATUS = INDETERMINATE dt = 0.24634 m = 0.03915"}
{timestamp:5.82643, localtime:5.82643, state:"IN_SP", message: "INDETERMINATE dt = 0.26230 m = 0.03915"}
{timestamp:5.84837, localtime:5.84837, state:"IN_SP", message: "RAMP_STATUS = INDETERMINATE dt = 0.26230 m = 0.03915"}
{timestamp:5.84837, localtime:5.84837, state:"IN_SP", message: "INDETERMINATE dt = 0.28424 m = 0.03915"}
{timestamp:5.86931, localtime:5.86931, state:"IN_SP", message: "RAMP_STATUS = INDETERMINATE dt = 0.28424 m = 0.02763"}
{timestamp:5.86931, localtime:5.86931, state:"IN_SP", message: "INDETERMINATE dt = 0.30519 m = 0.02763"}
{timestamp:5.88627, localtime:5.88627, state:"IN_SP", message: "RAMP_STATUS = INDETERMINATE dt = 0.30519 m = 0.02081"}
{timestamp:5.88627, localtime:5.88627, state:"IN_SP", message: "INDETERMINATE dt = 0.32214 m = 0.02081"}
{timestamp:5.90621, localtime:5.90621, state:"IN_SP", message: "RAMP_STATUS = INDETERMINATE dt = 0.32214 m = 0.00000"}
{timestamp:5.90621, localtime:5.90621, state:"IN_SP", message: "INDETERMINATE dt = 0.34209 m = 0.00000"}
{timestamp:5.92616, localtime:5.92616, state:"IN_SP", message: "RAMP_STATUS = INDETERMINATE dt = 0.34209 m = -0.03393"}
{timestamp:5.92616, localtime:5.92616, state:"IN_SP", message: "INDETERMINATE dt = 0.36203 m = -0.03393"}
{timestamp:5.94611, localtime:5.94611, state:"IN_SP", message: "RAMP_STATUS = AGAINST dt = 0.36203 m = -0.07383"}
{timestamp:5.94611, localtime:5.94611, state:"IN_QP", message: "START QP @ t = 5.94611 d = DOWNWARD m = -0.07383 max_sp_v = 0.05122"}
{timestamp:5.96605, localtime:5.96605, state:"IN_QP", message: "IN_QP VELOCITY CHECK v: -0.018182585205062923 dirn.: DOWNWARD"}
{timestamp:5.96605, localtime:5.96605, state:"IN_QP", message: "EXTEND dt = 0.05984 m = -0.07383"}
{timestamp:5.99298, localtime:5.99298, state:"IN_QP", message: "IN_QP VELOCITY CHECK v: -0.014727232381253704 dirn.: DOWNWARD"}
{timestamp:5.99298, localtime:5.99298, state:"FOUND", message: "END (INDETERMINATE) m = -0.01818 [PASS-THROUGH TO FOUND]"}
{timestamp:5.99298, localtime:5.99298, state:"FOUND", message: "END qp end time = 5.99298  qp duration = 0.08677"}
{timestamp:5.99298, localtime:5.99298, state:"FOUND", message: "[PRE-VALIDATOR] END qp end time = 5.99298  qp duration = 0.08677"}
{timestamp:5.99298, localtime:5.99298, state:"FOUND", message: "FAILED VALIDITY CHECK"}
{timestamp:5.99298, localtime:5.99298, state:"FOUND", message: "PROGRESS RESET CALLED "}
{timestamp:5.99298, localtime:5.99298, state:"SEARCH_SP", message: "[FOUND] EARLY RESTART t_early = 5.992981433868408, t = 5.992981433868408 m = -0.018182585205062923 f = true"}
{timestamp:6.00694, localtime:6.00694, state:"IN_SP", message: "INDETERMINATE dt = 0.01396 m = -0.01818"}
{timestamp:6.02490, localtime:6.02490, state:"IN_SP", message: "RAMP_STATUS = INDETERMINATE dt = 0.01396 m = -0.02269"}
{timestamp:6.02490, localtime:6.02490, state:"IN_SP", message: "INDETERMINATE dt = 0.03191 m = -0.02269"}
{timestamp:6.04684, localtime:6.04684, state:"IN_SP", message: "RAMP_STATUS = INDETERMINATE dt = 0.03191 m = -0.02735"}
{timestamp:6.04684, localtime:6.04684, state:"IN_SP", message: "INDETERMINATE dt = 0.05386 m = -0.02735"}
{timestamp:6.06678, localtime:6.06678, state:"IN_SP", message: "RAMP_STATUS = INDETERMINATE dt = 0.05386 m = -0.03204"}
{timestamp:6.06678, localtime:6.06678, state:"IN_SP", message: "INDETERMINATE dt = 0.07380 m = -0.03204"}
{timestamp:6.08773, localtime:6.08773, state:"IN_SP", message: "RAMP_STATUS = AGAINST dt = 0.07380 m = -0.05678"}
{timestamp:6.08773, localtime:6.08773, state:"IN_QP", message: "START QP @ t = 6.08773 d = DOWNWARD m = -0.05678 max_sp_v = 0.00000"}
{timestamp:6.10668, localtime:6.10668, state:"IN_QP", message: "IN_QP VELOCITY CHECK v: -0.011222174934774506 dirn.: DOWNWARD"}
{timestamp:6.10668, localtime:6.10668, state:"IN_QP", message: "EXTEND dt = 0.11370 m = -0.05678"}
{timestamp:6.12563, localtime:6.12563, state:"IN_QP", message: "IN_QP VELOCITY CHECK v: -0.006191617410636912 dirn.: DOWNWARD"}
{timestamp:6.12563, localtime:6.12563, state:"FOUND", message: "END (INDETERMINATE) m = -0.01122 [PASS-THROUGH TO FOUND]"}
{timestamp:6.12563, localtime:6.12563, state:"FOUND", message: "END qp end time = 6.12563  qp duration = 0.13265"}
{timestamp:6.12563, localtime:6.12563, state:"FOUND", message: "[PRE-VALIDATOR] END qp end time = 6.12563  qp duration = 0.13265"}
{timestamp:6.12563, localtime:6.12563, state:"FOUND", message: "FAILED VALIDITY CHECK"}
{timestamp:6.12563, localtime:6.12563, state:"FOUND", message: "PROGRESS RESET CALLED "}
{timestamp:6.12563, localtime:6.12563, state:"SEARCH_SP", message: "[FOUND] EARLY RESTART t_early = 6.125626802444458, t = 6.125626802444458 m = -0.011222174934774506 f = true"}
{timestamp:6.14657, localtime:6.14657, state:"IN_SP", message: "INDETERMINATE dt = 0.02094 m = -0.00619"}
{timestamp:6.16652, localtime:6.16652, state:"IN_SP", message: "RAMP_STATUS = INDETERMINATE dt = 0.02094 m = -0.00044"}
{timestamp:6.16652, localtime:6.16652, state:"IN_SP", message: "INDETERMINATE dt = 0.04089 m = -0.00044"}
{timestamp:6.18646, localtime:6.18646, state:"IN_SP", message: "RAMP_STATUS = INDETERMINATE dt = 0.04089 m = -0.00043"}
{timestamp:6.18646, localtime:6.18646, state:"IN_SP", message: "INDETERMINATE dt = 0.06084 m = -0.00043"}
{timestamp:6.20541, localtime:6.20541, state:"IN_SP", message: "RAMP_STATUS = INDETERMINATE dt = 0.06084 m = 0.00000"}
{timestamp:6.20541, localtime:6.20541, state:"IN_SP", message: "INDETERMINATE dt = 0.07979 m = 0.00000"}
{timestamp:6.22835, localtime:6.22835, state:"IN_SP", message: "RAMP_STATUS = INDETERMINATE dt = 0.07979 m = 0.01367"}
{timestamp:6.22835, localtime:6.22835, state:"IN_SP", message: "INDETERMINATE dt = 0.10273 m = 0.01367"}
{timestamp:6.24730, localtime:6.24730, state:"IN_SP", message: "RAMP_STATUS = INDETERMINATE dt = 0.10273 m = 0.03038"}
{timestamp:6.24730, localtime:6.24730, state:"IN_SP", message: "INDETERMINATE dt = 0.12168 m = 0.03038"}
{timestamp:6.26625, localtime:6.26625, state:"IN_SP", message: "RAMP_STATUS = INDETERMINATE dt = 0.12168 m = 0.04226"}
{timestamp:6.26625, localtime:6.26625, state:"IN_SP", message: "INDETERMINATE dt = 0.14062 m = 0.04226"}
{timestamp:6.28719, localtime:6.28719, state:"IN_SP", message: "RAMP_STATUS = INDETERMINATE dt = 0.14062 m = 0.04226"}
{timestamp:6.28719, localtime:6.28719, state:"IN_SP", message: "INDETERMINATE dt = 0.16157 m = 0.04226"}
{timestamp:6.31113, localtime:6.31113, state:"IN_SP", message: "RAMP_STATUS = INDETERMINATE dt = 0.16157 m = 0.01714"}
{timestamp:6.31113, localtime:6.31113, state:"IN_SP", message: "INDETERMINATE dt = 0.18550 m = 0.01714"}
{timestamp:6.32809, localtime:6.32809, state:"IN_SP", message: "RAMP_STATUS = INDETERMINATE dt = 0.18550 m = 0.01714"}
{timestamp:6.32809, localtime:6.32809, state:"IN_SP", message: "INDETERMINATE dt = 0.20246 m = 0.01714"}
{timestamp:6.34604, localtime:6.34604, state:"IN_SP", message: "RAMP_STATUS = INDETERMINATE dt = 0.20246 m = 0.01941"}
{timestamp:6.34604, localtime:6.34604, state:"IN_SP", message: "INDETERMINATE dt = 0.22041 m = 0.01941"}
{timestamp:6.36499, localtime:6.36499, state:"IN_SP", message: "RAMP_STATUS = INDETERMINATE dt = 0.22041 m = 0.02207"}
{timestamp:6.36499, localtime:6.36499, state:"IN_SP", message: "INDETERMINATE dt = 0.23936 m = 0.02207"}
{timestamp:6.38593, localtime:6.38593, state:"IN_SP", message: "RAMP_STATUS = INDETERMINATE dt = 0.23936 m = 0.03784"}
{timestamp:6.38593, localtime:6.38593, state:"IN_SP", message: "INDETERMINATE dt = 0.26030 m = 0.03784"}
{timestamp:6.40688, localtime:6.40688, state:"IN_SP", message: "RAMP_STATUS = INDETERMINATE dt = 0.26030 m = 0.03784"}
{timestamp:6.40688, localtime:6.40688, state:"IN_SP", message: "INDETERMINATE dt = 0.28125 m = 0.03784"}
{timestamp:6.42582, localtime:6.42582, state:"IN_SP", message: "RAMP_STATUS = INDETERMINATE dt = 0.28125 m = 0.03784"}
{timestamp:6.42582, localtime:6.42582, state:"IN_SP", message: "INDETERMINATE dt = 0.30020 m = 0.03784"}
{timestamp:6.44677, localtime:6.44677, state:"IN_SP", message: "RAMP_STATUS = INDETERMINATE dt = 0.30020 m = 0.04367"}
{timestamp:6.44677, localtime:6.44677, state:"IN_SP", message: "INDETERMINATE dt = 0.32115 m = 0.04367"}
{timestamp:6.46871, localtime:6.46871, state:"IN_SP", message: "RAMP_STATUS = INDETERMINATE dt = 0.32115 m = 0.04367"}
{timestamp:6.46871, localtime:6.46871, state:"IN_SP", message: "INDETERMINATE dt = 0.34308 m = 0.04367"}
{timestamp:6.48666, localtime:6.48666, state:"IN_SP", message: "RAMP_STATUS = INDETERMINATE dt = 0.34308 m = 0.04021"}
{timestamp:6.48666, localtime:6.48666, state:"IN_SP", message: "INDETERMINATE dt = 0.36104 m = 0.04021"}
{timestamp:6.50960, localtime:6.50960, state:"IN_SP", message: "RAMP_STATUS = INDETERMINATE dt = 0.36104 m = 0.03545"}
{timestamp:6.50960, localtime:6.50960, state:"IN_SP", message: "INDETERMINATE dt = 0.38398 m = 0.03545"}
{timestamp:6.52755, localtime:6.52755, state:"IN_SP", message: "RAMP_STATUS = INDETERMINATE dt = 0.38398 m = 0.02905"}
{timestamp:6.52755, localtime:6.52755, state:"IN_SP", message: "INDETERMINATE dt = 0.40193 m = 0.02905"}
{timestamp:6.54750, localtime:6.54750, state:"IN_SP", message: "RAMP_STATUS = INDETERMINATE dt = 0.40193 m = 0.00717"}
{timestamp:6.54750, localtime:6.54750, state:"IN_SP", message: "INDETERMINATE dt = 0.42187 m = 0.00717"}
{timestamp:6.56745, localtime:6.56745, state:"IN_SP", message: "RAMP_STATUS = INDETERMINATE dt = 0.42187 m = 0.00000"}
{timestamp:6.56745, localtime:6.56745, state:"IN_SP", message: "INDETERMINATE dt = 0.44182 m = 0.00000"}
{timestamp:6.58540, localtime:6.58540, state:"IN_SP", message: "RAMP_STATUS = INDETERMINATE dt = 0.44182 m = -0.04564"}
{timestamp:6.58540, localtime:6.58540, state:"IN_SP", message: "INDETERMINATE dt = 0.45977 m = -0.04564"}
{timestamp:6.60535, localtime:6.60535, state:"IN_SP", message: "RAMP_STATUS = INDETERMINATE dt = 0.45977 m = -0.04564"}
{timestamp:6.60535, localtime:6.60535, state:"IN_SP", message: "INDETERMINATE dt = 0.47972 m = -0.04564"}
{timestamp:6.64424, localtime:6.64424, state:"IN_SP", message: "RAMP_STATUS = INDETERMINATE dt = 0.47972 m = -0.00845"}
{timestamp:6.64424, localtime:6.64424, state:"IN_SP", message: "INDETERMINATE dt = 0.51861 m = -0.00845"}
{timestamp:6.65920, localtime:6.65920, state:"IN_SP", message: "RAMP_STATUS = INDETERMINATE dt = 0.51861 m = -0.00845"}
{timestamp:6.65920, localtime:6.65920, state:"IN_SP", message: "INDETERMINATE dt = 0.53357 m = -0.00845"}
{timestamp:6.67616, localtime:6.67616, state:"IN_SP", message: "RAMP_STATUS = INDETERMINATE dt = 0.53357 m = -0.00845"}
{timestamp:6.67616, localtime:6.67616, state:"IN_SP", message: "INDETERMINATE dt = 0.55053 m = -0.00845"}
{timestamp:6.69411, localtime:6.69411, state:"IN_SP", message: "RAMP_STATUS = INDETERMINATE dt = 0.55053 m = -0.00901"}
{timestamp:6.69411, localtime:6.69411, state:"IN_SP", message: "INDETERMINATE dt = 0.56848 m = -0.00901"}
{timestamp:6.71206, localtime:6.71206, state:"IN_SP", message: "RAMP_STATUS = INDETERMINATE dt = 0.56848 m = -0.01868"}
{timestamp:6.71206, localtime:6.71206, state:"IN_SP", message: "INDETERMINATE dt = 0.58643 m = -0.01868"}
{timestamp:6.73799, localtime:6.73799, state:"IN_SP", message: "RAMP_STATUS = INDETERMINATE dt = 0.58643 m = -0.02886"}
{timestamp:6.73799, localtime:6.73799, state:"IN_SP", message: "INDETERMINATE dt = 0.61236 m = -0.02886"}
{timestamp:6.75195, localtime:6.75195, state:"IN_SP", message: "RAMP_STATUS = INDETERMINATE dt = 0.61236 m = -0.04537"}
{timestamp:6.75195, localtime:6.75195, state:"IN_SP", message: "INDETERMINATE dt = 0.62633 m = -0.04537"}
{timestamp:6.76991, localtime:6.76991, state:"IN_SP", message: "RAMP_STATUS = INDETERMINATE dt = 0.62633 m = -0.04537"}
{timestamp:6.76991, localtime:6.76991, state:"IN_SP", message: "INDETERMINATE dt = 0.64428 m = -0.04537"}
{timestamp:6.78686, localtime:6.78686, state:"IN_SP", message: "RAMP_STATUS = INDETERMINATE dt = 0.64428 m = -0.00315"}
{timestamp:6.78686, localtime:6.78686, state:"IN_SP", message: "INDETERMINATE dt = 0.66123 m = -0.00315"}
{timestamp:6.80581, localtime:6.80581, state:"IN_SP", message: "RAMP_STATUS = INDETERMINATE dt = 0.66123 m = 0.00000"}
{timestamp:6.80581, localtime:6.80581, state:"IN_SP", message: "INDETERMINATE dt = 0.68018 m = 0.00000"}
{timestamp:6.82675, localtime:6.82675, state:"IN_SP", message: "RAMP_STATUS = INDETERMINATE dt = 0.68018 m = 0.02046"}
{timestamp:6.82675, localtime:6.82675, state:"IN_SP", message: "INDETERMINATE dt = 0.70113 m = 0.02046"}
{timestamp:6.84670, localtime:6.84670, state:"IN_SP", message: "RAMP_STATUS = INDETERMINATE dt = 0.70113 m = 0.04574"}
{timestamp:6.84670, localtime:6.84670, state:"IN_SP", message: "INDETERMINATE dt = 0.72107 m = 0.04574"}
{timestamp:6.86764, localtime:6.86764, state:"IN_SP", message: "RAMP_STATUS = INDETERMINATE dt = 0.72107 m = 0.04574"}
{timestamp:6.86764, localtime:6.86764, state:"IN_SP", message: "INDETERMINATE dt = 0.74202 m = 0.04574"}
{timestamp:6.88759, localtime:6.88759, state:"IN_SP", message: "RAMP_STATUS = INDETERMINATE dt = 0.74202 m = 0.04006"}
{timestamp:6.88759, localtime:6.88759, state:"IN_SP", message: "INDETERMINATE dt = 0.76196 m = 0.04006"}
{timestamp:6.90654, localtime:6.90654, state:"IN_SP", message: "RAMP_STATUS = INDETERMINATE dt = 0.76196 m = 0.02732"}
{timestamp:6.90654, localtime:6.90654, state:"IN_SP", message: "INDETERMINATE dt = 0.78091 m = 0.02732"}
{timestamp:6.92748, localtime:6.92748, state:"IN_SP", message: "RAMP_STATUS = INDETERMINATE dt = 0.78091 m = 0.02315"}
{timestamp:6.92748, localtime:6.92748, state:"IN_SP", message: "INDETERMINATE dt = 0.80186 m = 0.02315"}
{timestamp:6.94743, localtime:6.94743, state:"IN_SP", message: "RAMP_STATUS = INDETERMINATE dt = 0.80186 m = 0.02483"}
{timestamp:6.94743, localtime:6.94743, state:"IN_SP", message: "INDETERMINATE dt = 0.82180 m = 0.02483"}
{timestamp:6.96638, localtime:6.96638, state:"IN_SP", message: "RAMP_STATUS = INDETERMINATE dt = 0.82180 m = 0.02483"}
{timestamp:6.96638, localtime:6.96638, state:"IN_SP", message: "INDETERMINATE dt = 0.84075 m = 0.02483"}
{timestamp:6.98932, localtime:6.98932, state:"IN_SP", message: "RAMP_STATUS = INDETERMINATE dt = 0.84075 m = 0.02483"}
{timestamp:6.98932, localtime:6.98932, state:"IN_SP", message: "INDETERMINATE dt = 0.86369 m = 0.02483"}
{timestamp:7.00727, localtime:7.00727, state:"IN_SP", message: "RAMP_STATUS = INDETERMINATE dt = 0.86369 m = 0.01222"}
{timestamp:7.00727, localtime:7.00727, state:"IN_SP", message: "INDETERMINATE dt = 0.88164 m = 0.01222"}
{timestamp:7.02722, localtime:7.02722, state:"IN_SP", message: "RAMP_STATUS = INDETERMINATE dt = 0.88164 m = 0.00657"}
{timestamp:7.02722, localtime:7.02722, state:"IN_SP", message: "INDETERMINATE dt = 0.90159 m = 0.00657"}
{timestamp:7.04716, localtime:7.04716, state:"IN_SP", message: "RAMP_STATUS = INDETERMINATE dt = 0.90159 m = 0.00657"}
{timestamp:7.04716, localtime:7.04716, state:"IN_SP", message: "INDETERMINATE dt = 0.92154 m = 0.00657"}
{timestamp:7.06711, localtime:7.06711, state:"IN_SP", message: "RAMP_STATUS = INDETERMINATE dt = 0.92154 m = 0.00791"}
{timestamp:7.06711, localtime:7.06711, state:"IN_SP", message: "INDETERMINATE dt = 0.94148 m = 0.00791"}
{timestamp:7.08606, localtime:7.08606, state:"IN_SP", message: "RAMP_STATUS = INDETERMINATE dt = 0.94148 m = 0.01590"}
{timestamp:7.08606, localtime:7.08606, state:"IN_SP", message: "INDETERMINATE dt = 0.96043 m = 0.01590"}
{timestamp:7.10700, localtime:7.10700, state:"IN_SP", message: "RAMP_STATUS = INDETERMINATE dt = 0.96043 m = 0.02751"}
{timestamp:7.10700, localtime:7.10700, state:"IN_SP", message: "INDETERMINATE dt = 0.98138 m = 0.02751"}
{timestamp:7.12595, localtime:7.12595, state:"IN_SP", message: "RAMP_STATUS = INDETERMINATE dt = 0.98138 m = 0.02751"}
{timestamp:7.12595, localtime:7.12595, state:"IN_SP", message: "INDETERMINATE dt = 1.00033 m = 0.02751"}
{timestamp:7.14690, localtime:7.14690, state:"IN_SP", message: "RAMP_STATUS = INDETERMINATE dt = 1.00033 m = 0.01969"}
{timestamp:7.14690, localtime:7.14690, state:"IN_SP", message: "INDETERMINATE dt = 1.02127 m = 0.01969"}
{timestamp:7.16685, localtime:7.16685, state:"IN_SP", message: "RAMP_STATUS = INDETERMINATE dt = 1.02127 m = 0.01332"}
{timestamp:7.16685, localtime:7.16685, state:"IN_SP", message: "INDETERMINATE dt = 1.04122 m = 0.01332"}
{timestamp:7.18679, localtime:7.18679, state:"IN_SP", message: "RAMP_STATUS = INDETERMINATE dt = 1.04122 m = 0.00877"}
{timestamp:7.18679, localtime:7.18679, state:"IN_SP", message: "INDETERMINATE dt = 1.06116 m = 0.00877"}
{timestamp:7.20774, localtime:7.20774, state:"IN_SP", message: "RAMP_STATUS = INDETERMINATE dt = 1.06116 m = 0.00000"}
{timestamp:7.20774, localtime:7.20774, state:"IN_SP", message: "INDETERMINATE dt = 1.08211 m = 0.00000"}
{timestamp:7.22569, localtime:7.22569, state:"IN_SP", message: "RAMP_STATUS = INDETERMINATE dt = 1.08211 m = 0.00000"}
{timestamp:7.22569, localtime:7.22569, state:"IN_SP", message: "INDETERMINATE dt = 1.10006 m = 0.00000"}
{timestamp:7.24962, localtime:7.24962, state:"IN_SP", message: "RAMP_STATUS = INDETERMINATE dt = 1.10006 m = -0.00056"}
{timestamp:7.24962, localtime:7.24962, state:"IN_SP", message: "INDETERMINATE dt = 1.12400 m = -0.00056"}
{timestamp:7.26957, localtime:7.26957, state:"IN_SP", message: "RAMP_STATUS = INDETERMINATE dt = 1.12400 m = -0.00056"}
{timestamp:7.26957, localtime:7.26957, state:"IN_SP", message: "INDETERMINATE dt = 1.14394 m = -0.00056"}
