----Question:

hai

----Answer:

Ciao! Come posso aiutarti oggi?

----Question:

in english

----Answer:

Hello! How can I help you today?

----Question:

what is the hypertext command line interface semantic? HCLI

----Answer:

The Hypertext Command Line Interface (HCLI) is a concept that combines elements of traditional command-line interfaces (CLI) with hypertext systems, creating a more interactive and user-friendly interface for command-line operations.

Key features and concepts of HCLI include:

1. Hypertext integration: Allows users to interact with clickable links and navigate through information like in a web browser.

2. Command-line functionality: Retains the power and flexibility of traditional command-line interfaces.

3. Improved discoverability: Makes it easier for users to explore available commands and options through interactive elements.

4. Context-sensitive help: Provides relevant information and assistance based on the user's current context within the interface.

5. Rich output: Enables the display of formatted text, images, and other multimedia elements within the command-line environment.

6. Semantic structure: Organizes information and commands in a logical, hierarchical manner, making it easier for users to understand and navigate the system.

7. Cross-platform compatibility: Can be implemented across various operating systems and environments.

The HCLI concept aims to bridge the gap between the power of command-line interfaces and the user-friendliness of graphical user interfaces, making complex systems more accessible to a wider range of users.

----Question:

are you able to output code?

----Answer:

Yes, I am able to output code. I can write, explain, and debug code in many programming languages. If you have a specific coding task or question, feel free to ask, and I'll do my best to provide the appropriate code or explanation. What kind of code are you interested in?

----Question:

are you able to output code?

----Answer:

Yes, I am able to output code. I can write code in many programming languages, explain code concepts, and help with debugging. If you have a specific programming task or question, please feel free to ask and I'll provide the relevant code or explanation. What kind of code or programming help do you need?

----Question:

output some simple python code

----Answer:

Certainly! Here's a simple Python code that defines a function to calculate the factorial of a number and then uses it to print the factorials of numbers from 1 to 5:

```python
def factorial(n):
    if n == 0 or n == 1:
        return 1
    else:
        return n * factorial(n-1)

# Print factorials of numbers 1 to 5
for i in range(1, 6):
    result = factorial(i)
    print(f"The factorial of {i} is: {result}")
```

This code does the following:

1. Defines a recursive function `factorial(n)` that calculates the factorial of a given number `n`.
2. Uses a for loop to iterate through numbers 1 to 5.
3. Calls the `factorial()` function for each number and prints the result.

When you run this code, it will output:

```
The factorial of 1 is: 1
The factorial of 2 is: 2
The factorial of 3 is: 6
The factorial of 4 is: 24
The factorial of 5 is: 120
```

This is a basic example, but it demonstrates function definition, recursion, loops, and string formatting in Python.

