{timestamp:undefined, localtime:NaN, state:"undefined", message: "PROGRESS RESET CALLED "}
{timestamp:undefined, localtime:NaN, state:"configuring detector.", message: "undefined"}
{timestamp:undefined, localtime:NaN, state:"SEARCH_SP", message: "PROGRESS RESET CALLED "}
{timestamp:0.00000, localtime:0.00000, state:"SEARCH_SP", message: "SEARCHING  m = null"}
{timestamp:0.00000, localtime:0.00000, state:"SEARCH_SP", message: "PROGRESS RESET CALLED "}
{timestamp:0.01496, localtime:0.01496, state:"SEARCH_SP", message: "SEARCHING  m = 0.00000"}
{timestamp:0.01496, localtime:0.01496, state:"SEARCH_SP", message: "PROGRESS RESET CALLED "}
{timestamp:0.03391, localtime:0.03391, state:"SEARCH_SP", message: "SEARCHING  m = 0.03197"}
{timestamp:0.03391, localtime:0.03391, state:"SEARCH_SP", message: "PROGRESS RESET CALLED "}
{timestamp:0.05485, localtime:0.05485, state:"SEARCH_SP", message: "SEARCHING  m = 0.03197"}
{timestamp:0.05485, localtime:0.05485, state:"SEARCH_SP", message: "PROGRESS RESET CALLED "}
{timestamp:0.07879, localtime:0.07879, state:"SEARCH_SP", message: "SEARCHING  m = 0.03197"}
{timestamp:0.07879, localtime:0.07879, state:"SEARCH_SP", message: "PROGRESS RESET CALLED "}
{timestamp:0.09973, localtime:0.09973, state:"SEARCH_SP", message: "SEARCHING  m = 0.09322"}
{timestamp:0.09973, localtime:0.09973, state:"SEARCH_SP", message: "PROGRESS RESET CALLED "}
{timestamp:0.11469, localtime:0.11469, state:"SEARCH_SP", message: "SEARCHING  m = 0.09322"}
{timestamp:0.11469, localtime:0.11469, state:"SEARCH_SP", message: "PROGRESS RESET CALLED "}
{timestamp:0.13364, localtime:0.13364, state:"SEARCH_SP", message: "SEARCHING  m = 0.00639"}
{timestamp:0.13364, localtime:0.13364, state:"SEARCH_SP", message: "PROGRESS RESET CALLED "}
{timestamp:0.15259, localtime:0.15259, state:"SEARCH_SP", message: "SEARCHING  m = 0.00156"}
{timestamp:0.15259, localtime:0.15259, state:"SEARCH_SP", message: "PROGRESS RESET CALLED "}
{timestamp:0.17653, localtime:0.17653, state:"SEARCH_SP", message: "SEARCHING  m = 0.00000"}
{timestamp:0.17653, localtime:0.17653, state:"SEARCH_SP", message: "PROGRESS RESET CALLED "}
{timestamp:0.19548, localtime:0.19548, state:"SEARCH_SP", message: "SEARCHING  m = 0.00000"}
{timestamp:0.19548, localtime:0.19548, state:"SEARCH_SP", message: "PROGRESS RESET CALLED "}
{timestamp:0.21742, localtime:0.21742, state:"SEARCH_SP", message: "SEARCHING  m = 0.00000"}
{timestamp:0.21742, localtime:0.21742, state:"SEARCH_SP", message: "PROGRESS RESET CALLED "}
{timestamp:0.23338, localtime:0.23338, state:"SEARCH_SP", message: "SEARCHING  m = 0.03131"}
{timestamp:0.23338, localtime:0.23338, state:"SEARCH_SP", message: "PROGRESS RESET CALLED "}
{timestamp:0.25332, localtime:0.25332, state:"SEARCH_SP", message: "SEARCHING  m = 0.03131"}
{timestamp:0.25332, localtime:0.25332, state:"SEARCH_SP", message: "PROGRESS RESET CALLED "}
{timestamp:0.27427, localtime:0.27427, state:"SEARCH_SP", message: "SEARCHING  m = 0.00873"}
{timestamp:0.27427, localtime:0.27427, state:"SEARCH_SP", message: "PROGRESS RESET CALLED "}
{timestamp:0.29421, localtime:0.29421, state:"SEARCH_SP", message: "SEARCHING  m = 0.00000"}
{timestamp:0.29421, localtime:0.29421, state:"SEARCH_SP", message: "PROGRESS RESET CALLED "}
{timestamp:0.31915, localtime:0.31915, state:"SEARCH_SP", message: "SEARCHING  m = -0.04581"}
{timestamp:0.31915, localtime:0.31915, state:"SEARCH_SP", message: "PROGRESS RESET CALLED "}
{timestamp:0.33909, localtime:0.33909, state:"SEARCH_SP", message: "START t = 0.3390936851501465 m = -0.07120810467655136 f = true"}
{timestamp:0.35505, localtime:0.35505, state:"SEARCH_SP", message: "BUILD EVIDENCE  dt = 0.01596 m = -0.10853  f = 1.00000 [1.00000]"}
{timestamp:0.37500, localtime:0.37500, state:"SEARCH_SP", message: "BUILD EVIDENCE  dt = 0.03590 m = -0.10853  f = 1.00000 [2.00000]"}
{timestamp:0.39993, localtime:0.39993, state:"STEP", message: "START STATIONARITY (COUNT = 0 T = 0.3999311923980713)"}
{timestamp:0.39993, localtime:0.39993, state:"SEARCH_SP", message: "BUILD EVIDENCE  dt = 0.06084 m = -0.05663  f = 1.00000 [3.00000]"}
{timestamp:0.41988, localtime:0.41988, state:"SEARCH_SP", message: "BUILD EVIDENCE  dt = 0.08078 m = -0.05663  f = 1.00000 [4.00000]"}
{timestamp:0.43484, localtime:0.43484, state:"SEARCH_SP", message: "BUILD EVIDENCE  dt = 0.09574 m = -0.05389  f = 1.00000 [5.00000]"}
{timestamp:0.45578, localtime:0.45578, state:"SEARCH_SP", message: "ACCEPT c = 5.00000 dt = 0.11669  m = -0.05379 (start = 0.33909)"}
{timestamp:0.47373, localtime:0.47373, state:"IN_SP", message: "RAMP_STATUS = INDETERMINATE dt = 0.11669 m = -0.03992"}
{timestamp:0.47373, localtime:0.47373, state:"IN_SP", message: "INDETERMINATE dt = 0.13464 m = -0.03992"}
{timestamp:0.49966, localtime:0.49966, state:"IN_SP", message: "RAMP_STATUS = INDETERMINATE dt = 0.13464 m = -0.03595"}
{timestamp:0.49966, localtime:0.49966, state:"IN_SP", message: "INDETERMINATE dt = 0.16057 m = -0.03595"}
{timestamp:0.51463, localtime:0.51463, state:"IN_SP", message: "RAMP_STATUS = INDETERMINATE dt = 0.16057 m = -0.03595"}
{timestamp:0.51463, localtime:0.51463, state:"IN_SP", message: "INDETERMINATE dt = 0.17553 m = -0.03595"}
{timestamp:0.53457, localtime:0.53457, state:"IN_SP", message: "RAMP_STATUS = INDETERMINATE dt = 0.17553 m = -0.03883"}
{timestamp:0.53457, localtime:0.53457, state:"IN_SP", message: "INDETERMINATE dt = 0.19548 m = -0.03883"}
{timestamp:0.55552, localtime:0.55552, state:"IN_SP", message: "RAMP_STATUS = INDETERMINATE dt = 0.19548 m = -0.03883"}
{timestamp:0.55552, localtime:0.55552, state:"IN_SP", message: "INDETERMINATE dt = 0.21642 m = -0.03883"}
{timestamp:0.57347, localtime:0.57347, state:"IN_SP", message: "RAMP_STATUS = INDETERMINATE dt = 0.21642 m = -0.02958"}
{timestamp:0.57347, localtime:0.57347, state:"IN_SP", message: "INDETERMINATE dt = 0.23437 m = -0.02958"}
{timestamp:0.59341, localtime:0.59341, state:"IN_SP", message: "RAMP_STATUS = INDETERMINATE dt = 0.23437 m = -0.02882"}
{timestamp:0.59341, localtime:0.59341, state:"IN_SP", message: "INDETERMINATE dt = 0.25432 m = -0.02882"}
{timestamp:0.62034, localtime:0.62034, state:"IN_SP", message: "RAMP_STATUS = AGAINST dt = 0.25432 m = 0.06120"}
{timestamp:0.62034, localtime:0.62034, state:"IN_QP", message: "START QP @ t = 0.62034 d = UPWARD m = 0.06120 max_sp_v = -0.12403"}
{timestamp:0.64129, localtime:0.64129, state:"IN_QP", message: "IN_QP VELOCITY CHECK v: 1.541698074643339 dirn.: UPWARD"}
{timestamp:0.64129, localtime:0.64129, state:"IN_QP", message: "EXTEND dt = 0.04787 m = 1.44103"}
{timestamp:0.66323, localtime:0.66323, state:"IN_QP", message: "IN_QP VELOCITY CHECK v: 0.2801425530243822 dirn.: UPWARD"}
{timestamp:0.66323, localtime:0.66323, state:"IN_QP", message: "EXTEND dt = 0.06981 m = 1.44103"}
{timestamp:0.68218, localtime:0.68218, state:"IN_QP", message: "IN_QP VELOCITY CHECK v: 0.2945135490049455 dirn.: UPWARD"}
{timestamp:0.68218, localtime:0.68218, state:"IN_QP", message: "EXTEND dt = 0.08876 m = 0.29451"}
{timestamp:0.70212, localtime:0.70212, state:"IN_QP", message: "IN_QP VELOCITY CHECK v: 0.2913941314052592 dirn.: UPWARD"}
{timestamp:0.70212, localtime:0.70212, state:"IN_QP", message: "EXTEND dt = 0.10871 m = 0.29139"}
{timestamp:0.71908, localtime:0.71908, state:"IN_QP", message: "IN_QP VELOCITY CHECK v: 2.471118036618619 dirn.: UPWARD"}
{timestamp:0.71908, localtime:0.71908, state:"IN_QP", message: "EXTEND dt = 0.12566 m = 0.29451"}
{timestamp:0.73902, localtime:0.73902, state:"IN_QP", message: "IN_QP VELOCITY CHECK v: 1.9670631038991135 dirn.: UPWARD"}
{timestamp:0.73902, localtime:0.73902, state:"IN_QP", message: "EXTEND dt = 0.14561 m = 1.96706"}
{timestamp:0.75997, localtime:0.75997, state:"IN_QP", message: "IN_QP VELOCITY CHECK v: 0 dirn.: UPWARD"}
{timestamp:0.75997, localtime:0.75997, state:"IN_QP", message: "EXTEND dt = 0.16656 m = 1.96706"}
{timestamp:0.77692, localtime:0.77692, state:"IN_QP", message: "IN_QP VELOCITY CHECK v: -3.8223629492261257 dirn.: UPWARD"}
{timestamp:0.77692, localtime:0.77692, state:"FOUND", message: "END (INDETERMINATE) m = 0.00000 [PASS-THROUGH TO FOUND]"}
{timestamp:0.77692, localtime:0.77692, state:"FOUND", message: "END qp end time = 0.77692  qp duration = 0.18351"}
{timestamp:0.77692, localtime:0.77692, state:"FOUND", message: "[PRE-VALIDATOR] END qp end time = 0.77692  qp duration = 0.18351"}
{timestamp:0.77692, localtime:0.77692, state:"FOUND", message: "PASSED VALIDITY CHECK"}
{timestamp:0.77692, localtime:0.77692, state:"FOUND", message: "PROGRESS RESET CALLED "}
{timestamp:0.77692, localtime:0.77692, state:"SEARCH_SP", message: "[FOUND] EARLY RESTART t_early = 0.7769229412078857, t = 0.7769229412078857 m = 0 f = true"}
{timestamp:0.80086, localtime:0.80086, state:"SEARCH_SP", message: "BUILD EVIDENCE  dt = 0.02394 m = -3.82236  f = 1.00000 [1.00000]"}
{timestamp:0.81981, localtime:0.81981, state:"SEARCH_SP", message: "BUILD EVIDENCE  dt = 0.04289 m = -3.82236  f = 1.00000 [2.00000]"}
{timestamp:0.83976, localtime:0.83976, state:"SEARCH_SP", message: "BUILD EVIDENCE  dt = 0.06283 m = -0.63032  f = 1.00000 [3.00000]"}
{timestamp:0.85870, localtime:0.85870, state:"IN_SP", message: "INDETERMINATE dt = 0.08178 m = -0.01466"}
{timestamp:0.87965, localtime:0.87965, state:"IN_SP", message: "RAMP_STATUS = INDETERMINATE dt = 0.08178 m = -0.00737"}
{timestamp:0.87965, localtime:0.87965, state:"IN_SP", message: "INDETERMINATE dt = 0.10273 m = -0.00737"}
{timestamp:0.90059, localtime:0.90059, state:"IN_SP", message: "RAMP_STATUS = INDETERMINATE dt = 0.10273 m = -0.00737"}
{timestamp:0.90059, localtime:0.90059, state:"IN_SP", message: "INDETERMINATE dt = 0.12367 m = -0.00737"}
{timestamp:0.91855, localtime:0.91855, state:"IN_SP", message: "RAMP_STATUS = INDETERMINATE dt = 0.12367 m = -0.02043"}
{timestamp:0.91855, localtime:0.91855, state:"IN_SP", message: "INDETERMINATE dt = 0.14162 m = -0.02043"}
{timestamp:0.93949, localtime:0.93949, state:"IN_SP", message: "RAMP_STATUS = INDETERMINATE dt = 0.14162 m = -0.04763"}
{timestamp:0.93949, localtime:0.93949, state:"IN_SP", message: "INDETERMINATE dt = 0.16257 m = -0.04763"}
{timestamp:0.95844, localtime:0.95844, state:"IN_SP", message: "RAMP_STATUS = INDETERMINATE dt = 0.16257 m = -0.04763"}
{timestamp:0.95844, localtime:0.95844, state:"IN_SP", message: "INDETERMINATE dt = 0.18152 m = -0.04763"}
{timestamp:0.97938, localtime:0.97938, state:"IN_SP", message: "RAMP_STATUS = INDETERMINATE dt = 0.18152 m = 0.00000"}
{timestamp:0.97938, localtime:0.97938, state:"IN_SP", message: "INDETERMINATE dt = 0.20246 m = 0.00000"}
{timestamp:1.00033, localtime:1.00033, state:"IN_SP", message: "RAMP_STATUS = INDETERMINATE dt = 0.20246 m = 0.03731"}
{timestamp:1.00033, localtime:1.00033, state:"IN_SP", message: "INDETERMINATE dt = 0.22340 m = 0.03731"}
{timestamp:1.02027, localtime:1.02027, state:"IN_SP", message: "RAMP_STATUS = INDETERMINATE dt = 0.22340 m = 0.03731"}
{timestamp:1.02027, localtime:1.02027, state:"IN_SP", message: "INDETERMINATE dt = 0.24335 m = 0.03731"}
{timestamp:1.04221, localtime:1.04221, state:"IN_SP", message: "RAMP_STATUS = AGAINST dt = 0.24335 m = 0.05369"}
{timestamp:1.04221, localtime:1.04221, state:"IN_QP", message: "START QP @ t = 1.04221 d = UPWARD m = 0.05369 max_sp_v = -4.20977"}
{timestamp:1.06017, localtime:1.06017, state:"IN_QP", message: "IN_QP VELOCITY CHECK v: 0.06619918298289353 dirn.: UPWARD"}
{timestamp:1.06017, localtime:1.06017, state:"IN_QP", message: "EXTEND dt = 0.08078 m = 0.06620"}
{timestamp:1.08011, localtime:1.08011, state:"IN_QP", message: "IN_QP VELOCITY CHECK v: 0.001643063662425651 dirn.: UPWARD"}
{timestamp:1.08011, localtime:1.08011, state:"IN_QP", message: "EXTEND dt = 0.10073 m = 0.06620"}
{timestamp:1.09806, localtime:1.09806, state:"IN_QP", message: "IN_QP VELOCITY CHECK v: 0.008861335034256328 dirn.: UPWARD"}
{timestamp:1.09806, localtime:1.09806, state:"FOUND", message: "END (INDETERMINATE) m = 0.00886 [PASS-THROUGH TO FOUND]"}
{timestamp:1.09806, localtime:1.09806, state:"FOUND", message: "END qp end time = 1.09806  qp duration = 0.11868"}
{timestamp:1.09806, localtime:1.09806, state:"FOUND", message: "[PRE-VALIDATOR] END qp end time = 1.09806  qp duration = 0.11868"}
{timestamp:1.09806, localtime:1.09806, state:"FOUND", message: "FAILED VALIDITY CHECK"}
{timestamp:1.09806, localtime:1.09806, state:"FOUND", message: "PROGRESS RESET CALLED "}
{timestamp:1.09806, localtime:1.09806, state:"SEARCH_SP", message: "[FOUND] EARLY RESTART t_early = 1.098064661026001, t = 1.098064661026001 m = 0.008861335034256328 f = true"}
{timestamp:1.11901, localtime:1.11901, state:"IN_SP", message: "INDETERMINATE dt = 0.02094 m = 0.00804"}
{timestamp:1.14095, localtime:1.14095, state:"IN_SP", message: "RAMP_STATUS = INDETERMINATE dt = 0.02094 m = 0.00804"}
{timestamp:1.14095, localtime:1.14095, state:"IN_SP", message: "INDETERMINATE dt = 0.04289 m = 0.00804"}
{timestamp:1.15791, localtime:1.15791, state:"IN_SP", message: "RAMP_STATUS = INDETERMINATE dt = 0.04289 m = -0.01226"}
{timestamp:1.15791, localtime:1.15791, state:"IN_SP", message: "INDETERMINATE dt = 0.05984 m = -0.01226"}
{timestamp:1.17885, localtime:1.17885, state:"IN_SP", message: "RAMP_STATUS = INDETERMINATE dt = 0.05984 m = -0.02119"}
{timestamp:1.17885, localtime:1.17885, state:"IN_SP", message: "INDETERMINATE dt = 0.08078 m = -0.02119"}
{timestamp:1.19880, localtime:1.19880, state:"IN_SP", message: "RAMP_STATUS = INDETERMINATE dt = 0.08078 m = -0.03716"}
{timestamp:1.19880, localtime:1.19880, state:"IN_SP", message: "INDETERMINATE dt = 0.10073 m = -0.03716"}
{timestamp:1.21874, localtime:1.21874, state:"IN_SP", message: "RAMP_STATUS = WITH dt = 0.10073 m = -0.05470"}
{timestamp:1.21874, localtime:1.21874, state:"IN_SP", message: "EXTEND dt = 0.12068 m = -0.05470"}
{timestamp:1.24068, localtime:1.24068, state:"IN_SP", message: "RAMP_STATUS = WITH dt = 0.12068 m = -0.05470"}
{timestamp:1.24068, localtime:1.24068, state:"IN_SP", message: "EXTEND dt = 0.14262 m = -0.05470"}
{timestamp:1.25963, localtime:1.25963, state:"IN_SP", message: "RAMP_STATUS = INDETERMINATE dt = 0.14262 m = -0.03683"}
{timestamp:1.25963, localtime:1.25963, state:"IN_SP", message: "INDETERMINATE dt = 0.16157 m = -0.03683"}
{timestamp:1.27858, localtime:1.27858, state:"IN_SP", message: "RAMP_STATUS = INDETERMINATE dt = 0.16157 m = -0.00157"}
{timestamp:1.27858, localtime:1.27858, state:"IN_SP", message: "INDETERMINATE dt = 0.18052 m = -0.00157"}
{timestamp:1.30252, localtime:1.30252, state:"IN_SP", message: "RAMP_STATUS = INDETERMINATE dt = 0.18052 m = 0.00139"}
{timestamp:1.30252, localtime:1.30252, state:"IN_SP", message: "INDETERMINATE dt = 0.20445 m = 0.00139"}
{timestamp:1.31848, localtime:1.31848, state:"IN_SP", message: "RAMP_STATUS = INDETERMINATE dt = 0.20445 m = 0.00912"}
{timestamp:1.31848, localtime:1.31848, state:"IN_SP", message: "INDETERMINATE dt = 0.22041 m = 0.00912"}
{timestamp:1.33842, localtime:1.33842, state:"IN_SP", message: "RAMP_STATUS = INDETERMINATE dt = 0.22041 m = 0.00912"}
{timestamp:1.33842, localtime:1.33842, state:"IN_SP", message: "INDETERMINATE dt = 0.24036 m = 0.00912"}
{timestamp:1.36136, localtime:1.36136, state:"IN_SP", message: "RAMP_STATUS = INDETERMINATE dt = 0.24036 m = 0.00000"}
{timestamp:1.36136, localtime:1.36136, state:"IN_SP", message: "INDETERMINATE dt = 0.26330 m = 0.00000"}
{timestamp:1.38430, localtime:1.38430, state:"IN_SP", message: "RAMP_STATUS = INDETERMINATE dt = 0.26330 m = -0.00226"}
{timestamp:1.38430, localtime:1.38430, state:"IN_SP", message: "INDETERMINATE dt = 0.28624 m = -0.00226"}
{timestamp:1.40325, localtime:1.40325, state:"IN_SP", message: "RAMP_STATUS = INDETERMINATE dt = 0.28624 m = -0.00403"}
{timestamp:1.40325, localtime:1.40325, state:"IN_SP", message: "INDETERMINATE dt = 0.30518 m = -0.00403"}
{timestamp:1.42020, localtime:1.42020, state:"IN_SP", message: "RAMP_STATUS = INDETERMINATE dt = 0.30518 m = -0.00403"}
{timestamp:1.42020, localtime:1.42020, state:"IN_SP", message: "INDETERMINATE dt = 0.32214 m = -0.00403"}
{timestamp:1.43816, localtime:1.43816, state:"IN_SP", message: "RAMP_STATUS = INDETERMINATE dt = 0.32214 m = 0.00000"}
{timestamp:1.43816, localtime:1.43816, state:"IN_SP", message: "INDETERMINATE dt = 0.34009 m = 0.00000"}
{timestamp:1.46110, localtime:1.46110, state:"IN_SP", message: "RAMP_STATUS = INDETERMINATE dt = 0.34009 m = 0.00048"}
{timestamp:1.46110, localtime:1.46110, state:"IN_SP", message: "INDETERMINATE dt = 0.36303 m = 0.00048"}
{timestamp:1.48104, localtime:1.48104, state:"IN_SP", message: "RAMP_STATUS = INDETERMINATE dt = 0.36303 m = 0.00438"}
{timestamp:1.48104, localtime:1.48104, state:"IN_SP", message: "INDETERMINATE dt = 0.38298 m = 0.00438"}
{timestamp:1.50199, localtime:1.50199, state:"IN_SP", message: "RAMP_STATUS = INDETERMINATE dt = 0.38298 m = 0.00461"}
{timestamp:1.50199, localtime:1.50199, state:"IN_SP", message: "INDETERMINATE dt = 0.40392 m = 0.00461"}
{timestamp:1.51894, localtime:1.51894, state:"IN_SP", message: "RAMP_STATUS = INDETERMINATE dt = 0.40392 m = 0.00783"}
{timestamp:1.51894, localtime:1.51894, state:"IN_SP", message: "INDETERMINATE dt = 0.42088 m = 0.00783"}
{timestamp:1.53988, localtime:1.53988, state:"IN_SP", message: "RAMP_STATUS = INDETERMINATE dt = 0.42088 m = 0.00783"}
{timestamp:1.53988, localtime:1.53988, state:"IN_SP", message: "INDETERMINATE dt = 0.44182 m = 0.00783"}
{timestamp:1.55983, localtime:1.55983, state:"IN_SP", message: "RAMP_STATUS = INDETERMINATE dt = 0.44182 m = 0.00550"}
{timestamp:1.55983, localtime:1.55983, state:"IN_SP", message: "INDETERMINATE dt = 0.46177 m = 0.00550"}
{timestamp:1.57878, localtime:1.57878, state:"IN_SP", message: "RAMP_STATUS = INDETERMINATE dt = 0.46177 m = 0.00172"}
{timestamp:1.57878, localtime:1.57878, state:"IN_SP", message: "INDETERMINATE dt = 0.48072 m = 0.00172"}
{timestamp:1.59873, localtime:1.59873, state:"IN_SP", message: "RAMP_STATUS = INDETERMINATE dt = 0.48072 m = 0.00104"}
{timestamp:1.59873, localtime:1.59873, state:"IN_SP", message: "INDETERMINATE dt = 0.50066 m = 0.00104"}
{timestamp:1.61967, localtime:1.61967, state:"IN_SP", message: "RAMP_STATUS = INDETERMINATE dt = 0.50066 m = 0.00172"}
{timestamp:1.61967, localtime:1.61967, state:"IN_SP", message: "INDETERMINATE dt = 0.52161 m = 0.00172"}
{timestamp:1.63962, localtime:1.63962, state:"IN_SP", message: "RAMP_STATUS = INDETERMINATE dt = 0.52161 m = 0.02233"}
{timestamp:1.63962, localtime:1.63962, state:"IN_SP", message: "INDETERMINATE dt = 0.54155 m = 0.02233"}
{timestamp:1.66256, localtime:1.66256, state:"IN_SP", message: "RAMP_STATUS = INDETERMINATE dt = 0.54155 m = 0.02233"}
{timestamp:1.66256, localtime:1.66256, state:"IN_SP", message: "INDETERMINATE dt = 0.56449 m = 0.02233"}
{timestamp:1.67951, localtime:1.67951, state:"IN_SP", message: "RAMP_STATUS = INDETERMINATE dt = 0.56449 m = 0.00259"}
{timestamp:1.67951, localtime:1.67951, state:"IN_SP", message: "INDETERMINATE dt = 0.58145 m = 0.00259"}
{timestamp:1.69946, localtime:1.69946, state:"IN_SP", message: "RAMP_STATUS = INDETERMINATE dt = 0.58145 m = 0.00201"}
{timestamp:1.69946, localtime:1.69946, state:"IN_SP", message: "INDETERMINATE dt = 0.60139 m = 0.00201"}
{timestamp:1.71841, localtime:1.71841, state:"IN_SP", message: "RAMP_STATUS = INDETERMINATE dt = 0.60139 m = 0.00000"}
{timestamp:1.71841, localtime:1.71841, state:"IN_SP", message: "INDETERMINATE dt = 0.62034 m = 0.00000"}
{timestamp:1.73935, localtime:1.73935, state:"IN_SP", message: "RAMP_STATUS = INDETERMINATE dt = 0.62034 m = 0.00000"}
{timestamp:1.73935, localtime:1.73935, state:"IN_SP", message: "INDETERMINATE dt = 0.64129 m = 0.00000"}
{timestamp:1.76129, localtime:1.76129, state:"IN_SP", message: "RAMP_STATUS = INDETERMINATE dt = 0.64129 m = 0.00000"}
{timestamp:1.76129, localtime:1.76129, state:"IN_SP", message: "INDETERMINATE dt = 0.66323 m = 0.00000"}
{timestamp:1.78323, localtime:1.78323, state:"IN_SP", message: "RAMP_STATUS = INDETERMINATE dt = 0.66323 m = 0.00000"}
{timestamp:1.78323, localtime:1.78323, state:"IN_SP", message: "INDETERMINATE dt = 0.68517 m = 0.00000"}
{timestamp:1.80019, localtime:1.80019, state:"IN_SP", message: "RAMP_STATUS = INDETERMINATE dt = 0.68517 m = 0.00000"}
{timestamp:1.80019, localtime:1.80019, state:"IN_SP", message: "INDETERMINATE dt = 0.70212 m = 0.00000"}
{timestamp:1.82113, localtime:1.82113, state:"IN_SP", message: "RAMP_STATUS = INDETERMINATE dt = 0.70212 m = -0.00202"}
{timestamp:1.82113, localtime:1.82113, state:"IN_SP", message: "INDETERMINATE dt = 0.72307 m = -0.00202"}
{timestamp:1.84108, localtime:1.84108, state:"IN_SP", message: "RAMP_STATUS = INDETERMINATE dt = 0.72307 m = -0.00202"}
{timestamp:1.84108, localtime:1.84108, state:"IN_SP", message: "INDETERMINATE dt = 0.74301 m = -0.00202"}
{timestamp:1.87798, localtime:1.87798, state:"IN_SP", message: "RAMP_STATUS = INDETERMINATE dt = 0.74301 m = 0.00146"}
{timestamp:1.87798, localtime:1.87798, state:"IN_SP", message: "INDETERMINATE dt = 0.77992 m = 0.00146"}
{timestamp:1.89194, localtime:1.89194, state:"IN_SP", message: "RAMP_STATUS = INDETERMINATE dt = 0.77992 m = 0.00146"}
{timestamp:1.89194, localtime:1.89194, state:"IN_SP", message: "INDETERMINATE dt = 0.79388 m = 0.00146"}
{timestamp:1.90990, localtime:1.90990, state:"IN_SP", message: "RAMP_STATUS = INDETERMINATE dt = 0.79388 m = 0.00163"}
{timestamp:1.90990, localtime:1.90990, state:"IN_SP", message: "INDETERMINATE dt = 0.81183 m = 0.00163"}
{timestamp:1.92585, localtime:1.92585, state:"IN_SP", message: "RAMP_STATUS = INDETERMINATE dt = 0.81183 m = 0.00352"}
{timestamp:1.92585, localtime:1.92585, state:"IN_SP", message: "INDETERMINATE dt = 0.82779 m = 0.00352"}
{timestamp:1.94281, localtime:1.94281, state:"IN_SP", message: "RAMP_STATUS = INDETERMINATE dt = 0.82779 m = 0.00426"}
{timestamp:1.94281, localtime:1.94281, state:"IN_SP", message: "INDETERMINATE dt = 0.84474 m = 0.00426"}
{timestamp:1.96176, localtime:1.96176, state:"IN_SP", message: "RAMP_STATUS = INDETERMINATE dt = 0.84474 m = 0.01123"}
{timestamp:1.96176, localtime:1.96176, state:"IN_SP", message: "INDETERMINATE dt = 0.86369 m = 0.01123"}
{timestamp:1.97871, localtime:1.97871, state:"IN_SP", message: "RAMP_STATUS = INDETERMINATE dt = 0.86369 m = 0.01123"}
{timestamp:1.97871, localtime:1.97871, state:"IN_SP", message: "INDETERMINATE dt = 0.88065 m = 0.01123"}
{timestamp:1.99866, localtime:1.99866, state:"IN_SP", message: "RAMP_STATUS = INDETERMINATE dt = 0.88065 m = 0.00000"}
{timestamp:1.99866, localtime:1.99866, state:"IN_SP", message: "INDETERMINATE dt = 0.90059 m = 0.00000"}
{timestamp:2.02060, localtime:2.02060, state:"IN_SP", message: "RAMP_STATUS = INDETERMINATE dt = 0.90059 m = -0.00265"}
{timestamp:2.02060, localtime:2.02060, state:"IN_SP", message: "INDETERMINATE dt = 0.92254 m = -0.00265"}
{timestamp:2.03955, localtime:2.03955, state:"IN_SP", message: "RAMP_STATUS = INDETERMINATE dt = 0.92254 m = -0.00265"}
{timestamp:2.03955, localtime:2.03955, state:"IN_SP", message: "INDETERMINATE dt = 0.94148 m = -0.00265"}
{timestamp:2.06249, localtime:2.06249, state:"IN_SP", message: "RAMP_STATUS = INDETERMINATE dt = 0.94148 m = 0.00000"}
{timestamp:2.06249, localtime:2.06249, state:"IN_SP", message: "INDETERMINATE dt = 0.96442 m = 0.00000"}
{timestamp:2.08044, localtime:2.08044, state:"IN_SP", message: "RAMP_STATUS = INDETERMINATE dt = 0.96442 m = 0.00368"}
{timestamp:2.08044, localtime:2.08044, state:"IN_SP", message: "INDETERMINATE dt = 0.98238 m = 0.00368"}
{timestamp:2.09939, localtime:2.09939, state:"IN_SP", message: "RAMP_STATUS = INDETERMINATE dt = 0.98238 m = 0.01966"}
{timestamp:2.09939, localtime:2.09939, state:"IN_SP", message: "INDETERMINATE dt = 1.00132 m = 0.01966"}
{timestamp:2.11934, localtime:2.11934, state:"IN_SP", message: "RAMP_STATUS = INDETERMINATE dt = 1.00132 m = 0.02479"}
{timestamp:2.11934, localtime:2.11934, state:"IN_SP", message: "INDETERMINATE dt = 1.02127 m = 0.02479"}
{timestamp:2.13928, localtime:2.13928, state:"IN_SP", message: "RAMP_STATUS = INDETERMINATE dt = 1.02127 m = 0.02479"}
{timestamp:2.13928, localtime:2.13928, state:"IN_SP", message: "INDETERMINATE dt = 1.04122 m = 0.02479"}
{timestamp:2.16023, localtime:2.16023, state:"IN_SP", message: "RAMP_STATUS = INDETERMINATE dt = 1.04122 m = 0.02479"}
{timestamp:2.16023, localtime:2.16023, state:"IN_SP", message: "INDETERMINATE dt = 1.06216 m = 0.02479"}
{timestamp:2.18117, localtime:2.18117, state:"IN_SP", message: "RAMP_STATUS = AGAINST dt = 1.06216 m = 0.08296"}
{timestamp:2.18117, localtime:2.18117, state:"IN_QP", message: "START QP @ t = 2.18117 d = UPWARD m = 0.08296 max_sp_v = -0.05813"}
{timestamp:2.19912, localtime:2.19912, state:"IN_QP", message: "IN_QP VELOCITY CHECK v: 0.07144110176567281 dirn.: UPWARD"}
{timestamp:2.19912, localtime:2.19912, state:"IN_QP", message: "TOO LONG 2.1991219520568848 start: 1.2785828113555908 dt: 0.920539140701294"}
{timestamp:2.19912, localtime:2.19912, state:"IN_QP", message: "PROGRESS RESET CALLED "}
{timestamp:2.22106, localtime:2.22106, state:"SEARCH_SP", message: "SEARCHING  m = 0.07144"}
{timestamp:2.22106, localtime:2.22106, state:"SEARCH_SP", message: "PROGRESS RESET CALLED "}
{timestamp:2.24101, localtime:2.24101, state:"SEARCH_SP", message: "SEARCHING  m = 0.05382"}
{timestamp:2.24101, localtime:2.24101, state:"SEARCH_SP", message: "PROGRESS RESET CALLED "}
{timestamp:2.25996, localtime:2.25996, state:"SEARCH_SP", message: "SEARCHING  m = 0.05382"}
{timestamp:2.25996, localtime:2.25996, state:"SEARCH_SP", message: "PROGRESS RESET CALLED "}
{timestamp:2.27891, localtime:2.27891, state:"SEARCH_SP", message: "SEARCHING  m = 0.07898"}
{timestamp:2.27891, localtime:2.27891, state:"SEARCH_SP", message: "PROGRESS RESET CALLED "}
{timestamp:2.29985, localtime:2.29985, state:"SEARCH_SP", message: "SEARCHING  m = 0.07898"}
{timestamp:2.29985, localtime:2.29985, state:"SEARCH_SP", message: "PROGRESS RESET CALLED "}
{timestamp:2.31880, localtime:2.31880, state:"SEARCH_SP", message: "SEARCHING  m = 0.04250"}
{timestamp:2.31880, localtime:2.31880, state:"SEARCH_SP", message: "PROGRESS RESET CALLED "}
{timestamp:2.34174, localtime:2.34174, state:"SEARCH_SP", message: "SEARCHING  m = 0.00000"}
{timestamp:2.34174, localtime:2.34174, state:"SEARCH_SP", message: "PROGRESS RESET CALLED "}
{timestamp:2.36169, localtime:2.36169, state:"SEARCH_SP", message: "SEARCHING  m = -0.01473"}
{timestamp:2.36169, localtime:2.36169, state:"SEARCH_SP", message: "PROGRESS RESET CALLED "}
{timestamp:2.38263, localtime:2.38263, state:"SEARCH_SP", message: "SEARCHING  m = -0.01473"}
{timestamp:2.38263, localtime:2.38263, state:"SEARCH_SP", message: "PROGRESS RESET CALLED "}
{timestamp:2.40058, localtime:2.40058, state:"SEARCH_SP", message: "SEARCHING  m = -0.00097"}
{timestamp:2.40058, localtime:2.40058, state:"SEARCH_SP", message: "PROGRESS RESET CALLED "}
{timestamp:2.41953, localtime:2.41953, state:"SEARCH_SP", message: "SEARCHING  m = -0.00087"}
{timestamp:2.41953, localtime:2.41953, state:"SEARCH_SP", message: "PROGRESS RESET CALLED "}
{timestamp:2.44048, localtime:2.44048, state:"SEARCH_SP", message: "SEARCHING  m = -0.00097"}
{timestamp:2.44048, localtime:2.44048, state:"SEARCH_SP", message: "PROGRESS RESET CALLED "}
{timestamp:2.46042, localtime:2.46042, state:"SEARCH_SP", message: "SEARCHING  m = -0.00603"}
{timestamp:2.46042, localtime:2.46042, state:"SEARCH_SP", message: "PROGRESS RESET CALLED "}
{timestamp:2.47937, localtime:2.47937, state:"SEARCH_SP", message: "SEARCHING  m = -0.01530"}
{timestamp:2.47937, localtime:2.47937, state:"SEARCH_SP", message: "PROGRESS RESET CALLED "}
{timestamp:2.50032, localtime:2.50032, state:"SEARCH_SP", message: "SEARCHING  m = -0.02033"}
{timestamp:2.50032, localtime:2.50032, state:"SEARCH_SP", message: "PROGRESS RESET CALLED "}
{timestamp:2.52026, localtime:2.52026, state:"SEARCH_SP", message: "SEARCHING  m = -0.02856"}
{timestamp:2.52026, localtime:2.52026, state:"SEARCH_SP", message: "PROGRESS RESET CALLED "}
{timestamp:2.54520, localtime:2.54520, state:"SEARCH_SP", message: "SEARCHING  m = -0.02856"}
{timestamp:2.54520, localtime:2.54520, state:"SEARCH_SP", message: "PROGRESS RESET CALLED "}
{timestamp:2.55916, localtime:2.55916, state:"SEARCH_SP", message: "SEARCHING  m = -0.00977"}
{timestamp:2.55916, localtime:2.55916, state:"SEARCH_SP", message: "PROGRESS RESET CALLED "}
{timestamp:2.58010, localtime:2.58010, state:"SEARCH_SP", message: "SEARCHING  m = 0.00000"}
{timestamp:2.58010, localtime:2.58010, state:"SEARCH_SP", message: "PROGRESS RESET CALLED "}
{timestamp:2.59905, localtime:2.59905, state:"SEARCH_SP", message: "SEARCHING  m = 0.00023"}
{timestamp:2.59905, localtime:2.59905, state:"SEARCH_SP", message: "PROGRESS RESET CALLED "}
{timestamp:2.62000, localtime:2.62000, state:"SEARCH_SP", message: "SEARCHING  m = 0.00023"}
{timestamp:2.62000, localtime:2.62000, state:"SEARCH_SP", message: "PROGRESS RESET CALLED "}
{timestamp:2.63994, localtime:2.63994, state:"SEARCH_SP", message: "SEARCHING  m = 0.08958"}
{timestamp:2.63994, localtime:2.63994, state:"SEARCH_SP", message: "PROGRESS RESET CALLED "}
{timestamp:2.65989, localtime:2.65989, state:"SEARCH_SP", message: "SEARCHING  m = 0.23455"}
{timestamp:2.65989, localtime:2.65989, state:"SEARCH_SP", message: "PROGRESS RESET CALLED "}
{timestamp:2.67984, localtime:2.67984, state:"SEARCH_SP", message: "SEARCHING  m = 0.23455"}
{timestamp:2.67984, localtime:2.67984, state:"SEARCH_SP", message: "PROGRESS RESET CALLED "}
{timestamp:2.70078, localtime:2.70078, state:"SEARCH_SP", message: "SEARCHING  m = 0.06921"}
{timestamp:2.70078, localtime:2.70078, state:"SEARCH_SP", message: "PROGRESS RESET CALLED "}
{timestamp:2.72073, localtime:2.72073, state:"SEARCH_SP", message: "SEARCHING  m = 0.06921"}
{timestamp:2.72073, localtime:2.72073, state:"SEARCH_SP", message: "PROGRESS RESET CALLED "}
{timestamp:2.73768, localtime:2.73768, state:"SEARCH_SP", message: "SEARCHING  m = 0.07514"}
{timestamp:2.73768, localtime:2.73768, state:"SEARCH_SP", message: "PROGRESS RESET CALLED "}
{timestamp:2.75763, localtime:2.75763, state:"SEARCH_SP", message: "SEARCHING  m = 0.20014"}
{timestamp:2.75763, localtime:2.75763, state:"SEARCH_SP", message: "PROGRESS RESET CALLED "}
{timestamp:2.77957, localtime:2.77957, state:"SEARCH_SP", message: "SEARCHING  m = 0.20014"}
{timestamp:2.77957, localtime:2.77957, state:"SEARCH_SP", message: "PROGRESS RESET CALLED "}
{timestamp:2.79752, localtime:2.79752, state:"SEARCH_SP", message: "SEARCHING  m = 0.01406"}
{timestamp:2.79752, localtime:2.79752, state:"SEARCH_SP", message: "PROGRESS RESET CALLED "}
{timestamp:2.81747, localtime:2.81747, state:"SEARCH_SP", message: "SEARCHING  m = 0.00025"}
{timestamp:2.81747, localtime:2.81747, state:"SEARCH_SP", message: "PROGRESS RESET CALLED "}
{timestamp:2.83742, localtime:2.83742, state:"SEARCH_SP", message: "SEARCHING  m = -0.00718"}
{timestamp:2.83742, localtime:2.83742, state:"SEARCH_SP", message: "PROGRESS RESET CALLED "}
{timestamp:2.85637, localtime:2.85637, state:"SEARCH_SP", message: "SEARCHING  m = -0.00718"}
{timestamp:2.85637, localtime:2.85637, state:"SEARCH_SP", message: "PROGRESS RESET CALLED "}
{timestamp:2.87831, localtime:2.87831, state:"SEARCH_SP", message: "SEARCHING  m = -0.00761"}
{timestamp:2.87831, localtime:2.87831, state:"SEARCH_SP", message: "PROGRESS RESET CALLED "}
{timestamp:2.89825, localtime:2.89825, state:"SEARCH_SP", message: "SEARCHING  m = -0.02282"}
{timestamp:2.89825, localtime:2.89825, state:"SEARCH_SP", message: "PROGRESS RESET CALLED "}
{timestamp:2.92319, localtime:2.92319, state:"SEARCH_SP", message: "SEARCHING  m = -0.02282"}
{timestamp:2.92319, localtime:2.92319, state:"SEARCH_SP", message: "PROGRESS RESET CALLED "}
{timestamp:2.94114, localtime:2.94114, state:"SEARCH_SP", message: "SEARCHING  m = -0.02126"}
{timestamp:2.94114, localtime:2.94114, state:"SEARCH_SP", message: "PROGRESS RESET CALLED "}
{timestamp:2.96308, localtime:2.96308, state:"SEARCH_SP", message: "SEARCHING  m = -0.02126"}
{timestamp:2.96308, localtime:2.96308, state:"SEARCH_SP", message: "PROGRESS RESET CALLED "}
{timestamp:2.98402, localtime:2.98402, state:"SEARCH_SP", message: "SEARCHING  m = -0.02126"}
{timestamp:2.98402, localtime:2.98402, state:"SEARCH_SP", message: "PROGRESS RESET CALLED "}
{timestamp:3.00098, localtime:3.00098, state:"SEARCH_SP", message: "SEARCHING  m = -0.00959"}
{timestamp:3.00098, localtime:3.00098, state:"SEARCH_SP", message: "PROGRESS RESET CALLED "}
{timestamp:3.01893, localtime:3.01893, state:"SEARCH_SP", message: "SEARCHING  m = -0.00303"}
{timestamp:3.01893, localtime:3.01893, state:"SEARCH_SP", message: "PROGRESS RESET CALLED "}
{timestamp:3.04287, localtime:3.04287, state:"SEARCH_SP", message: "SEARCHING  m = -0.00303"}
{timestamp:3.04287, localtime:3.04287, state:"SEARCH_SP", message: "PROGRESS RESET CALLED "}
{timestamp:3.05982, localtime:3.05982, state:"SEARCH_SP", message: "SEARCHING  m = -0.01143"}
{timestamp:3.05982, localtime:3.05982, state:"SEARCH_SP", message: "PROGRESS RESET CALLED "}
{timestamp:3.07877, localtime:3.07877, state:"SEARCH_SP", message: "SEARCHING  m = -0.01269"}
{timestamp:3.07877, localtime:3.07877, state:"SEARCH_SP", message: "PROGRESS RESET CALLED "}
{timestamp:3.10071, localtime:3.10071, state:"SEARCH_SP", message: "SEARCHING  m = -0.03525"}
{timestamp:3.10071, localtime:3.10071, state:"SEARCH_SP", message: "PROGRESS RESET CALLED "}
{timestamp:3.11767, localtime:3.11767, state:"SEARCH_SP", message: "SEARCHING  m = -0.03525"}
{timestamp:3.11767, localtime:3.11767, state:"SEARCH_SP", message: "PROGRESS RESET CALLED "}
{timestamp:3.13861, localtime:3.13861, state:"SEARCH_SP", message: "SEARCHING  m = -0.00668"}
{timestamp:3.13861, localtime:3.13861, state:"SEARCH_SP", message: "PROGRESS RESET CALLED "}
{timestamp:3.15956, localtime:3.15956, state:"SEARCH_SP", message: "SEARCHING  m = -0.00668"}
{timestamp:3.15956, localtime:3.15956, state:"SEARCH_SP", message: "PROGRESS RESET CALLED "}
{timestamp:3.17751, localtime:3.17751, state:"SEARCH_SP", message: "SEARCHING  m = -0.01935"}
{timestamp:3.17751, localtime:3.17751, state:"SEARCH_SP", message: "PROGRESS RESET CALLED "}
{timestamp:3.19745, localtime:3.19745, state:"SEARCH_SP", message: "SEARCHING  m = -0.02185"}
{timestamp:3.19745, localtime:3.19745, state:"SEARCH_SP", message: "PROGRESS RESET CALLED "}
{timestamp:3.21840, localtime:3.21840, state:"SEARCH_SP", message: "SEARCHING  m = -0.02185"}
{timestamp:3.21840, localtime:3.21840, state:"SEARCH_SP", message: "PROGRESS RESET CALLED "}
{timestamp:3.23735, localtime:3.23735, state:"SEARCH_SP", message: "SEARCHING  m = -0.00537"}
{timestamp:3.23735, localtime:3.23735, state:"SEARCH_SP", message: "PROGRESS RESET CALLED "}
{timestamp:3.26128, localtime:3.26128, state:"SEARCH_SP", message: "SEARCHING  m = 0.00000"}
{timestamp:3.26128, localtime:3.26128, state:"SEARCH_SP", message: "PROGRESS RESET CALLED "}
{timestamp:3.28721, localtime:3.28721, state:"SEARCH_SP", message: "SEARCHING  m = 0.01544"}
{timestamp:3.28721, localtime:3.28721, state:"SEARCH_SP", message: "PROGRESS RESET CALLED "}
{timestamp:3.30317, localtime:3.30317, state:"SEARCH_SP", message: "SEARCHING  m = 0.03231"}
{timestamp:3.30317, localtime:3.30317, state:"SEARCH_SP", message: "PROGRESS RESET CALLED "}
{timestamp:3.31913, localtime:3.31913, state:"SEARCH_SP", message: "SEARCHING  m = 0.03231"}
{timestamp:3.31913, localtime:3.31913, state:"SEARCH_SP", message: "PROGRESS RESET CALLED "}
{timestamp:3.33808, localtime:3.33808, state:"SEARCH_SP", message: "SEARCHING  m = 0.00722"}
{timestamp:3.33808, localtime:3.33808, state:"SEARCH_SP", message: "PROGRESS RESET CALLED "}
{timestamp:3.35902, localtime:3.35902, state:"SEARCH_SP", message: "SEARCHING  m = 0.00536"}
{timestamp:3.35902, localtime:3.35902, state:"SEARCH_SP", message: "PROGRESS RESET CALLED "}
{timestamp:3.37697, localtime:3.37697, state:"SEARCH_SP", message: "SEARCHING  m = 0.00313"}
{timestamp:3.37697, localtime:3.37697, state:"SEARCH_SP", message: "PROGRESS RESET CALLED "}
{timestamp:3.40390, localtime:3.40390, state:"SEARCH_SP", message: "SEARCHING  m = 0.00237"}
{timestamp:3.40390, localtime:3.40390, state:"SEARCH_SP", message: "PROGRESS RESET CALLED "}
{timestamp:3.42385, localtime:3.42385, state:"SEARCH_SP", message: "SEARCHING  m = 0.00227"}
{timestamp:3.42385, localtime:3.42385, state:"SEARCH_SP", message: "PROGRESS RESET CALLED "}
{timestamp:3.44380, localtime:3.44380, state:"SEARCH_SP", message: "SEARCHING  m = 0.00004"}
{timestamp:3.44380, localtime:3.44380, state:"SEARCH_SP", message: "PROGRESS RESET CALLED "}
{timestamp:3.46374, localtime:3.46374, state:"SEARCH_SP", message: "SEARCHING  m = 0.00004"}
{timestamp:3.46374, localtime:3.46374, state:"SEARCH_SP", message: "PROGRESS RESET CALLED "}
{timestamp:3.48269, localtime:3.48269, state:"SEARCH_SP", message: "SEARCHING  m = 0.00000"}
{timestamp:3.48269, localtime:3.48269, state:"SEARCH_SP", message: "PROGRESS RESET CALLED "}
{timestamp:3.49666, localtime:3.49666, state:"SEARCH_SP", message: "SEARCHING  m = 0.00000"}
{timestamp:3.49666, localtime:3.49666, state:"SEARCH_SP", message: "PROGRESS RESET CALLED "}
{timestamp:3.51860, localtime:3.51860, state:"SEARCH_SP", message: "SEARCHING  m = 0.00000"}
{timestamp:3.51860, localtime:3.51860, state:"SEARCH_SP", message: "PROGRESS RESET CALLED "}
{timestamp:3.54353, localtime:3.54353, state:"SEARCH_SP", message: "SEARCHING  m = -0.00244"}
{timestamp:3.54353, localtime:3.54353, state:"SEARCH_SP", message: "PROGRESS RESET CALLED "}
{timestamp:3.56348, localtime:3.56348, state:"SEARCH_SP", message: "SEARCHING  m = -0.00245"}
{timestamp:3.56348, localtime:3.56348, state:"SEARCH_SP", message: "PROGRESS RESET CALLED "}
{timestamp:3.58342, localtime:3.58342, state:"SEARCH_SP", message: "SEARCHING  m = -0.00411"}
{timestamp:3.58342, localtime:3.58342, state:"SEARCH_SP", message: "PROGRESS RESET CALLED "}
{timestamp:3.60138, localtime:3.60138, state:"SEARCH_SP", message: "SEARCHING  m = -0.00475"}
{timestamp:3.60138, localtime:3.60138, state:"SEARCH_SP", message: "PROGRESS RESET CALLED "}
{timestamp:3.61933, localtime:3.61933, state:"SEARCH_SP", message: "SEARCHING  m = -0.00647"}
{timestamp:3.61933, localtime:3.61933, state:"SEARCH_SP", message: "PROGRESS RESET CALLED "}
{timestamp:3.63728, localtime:3.63728, state:"SEARCH_SP", message: "SEARCHING  m = -0.00821"}
{timestamp:3.63728, localtime:3.63728, state:"SEARCH_SP", message: "PROGRESS RESET CALLED "}
{timestamp:3.65822, localtime:3.65822, state:"SEARCH_SP", message: "SEARCHING  m = -0.00821"}
{timestamp:3.65822, localtime:3.65822, state:"SEARCH_SP", message: "PROGRESS RESET CALLED "}
{timestamp:3.68415, localtime:3.68415, state:"SEARCH_SP", message: "SEARCHING  m = -0.00164"}
{timestamp:3.68415, localtime:3.68415, state:"SEARCH_SP", message: "PROGRESS RESET CALLED "}
{timestamp:3.70609, localtime:3.70609, state:"SEARCH_SP", message: "SEARCHING  m = -0.00164"}
{timestamp:3.70609, localtime:3.70609, state:"SEARCH_SP", message: "PROGRESS RESET CALLED "}
{timestamp:3.72405, localtime:3.72405, state:"SEARCH_SP", message: "SEARCHING  m = -0.00732"}
{timestamp:3.72405, localtime:3.72405, state:"SEARCH_SP", message: "PROGRESS RESET CALLED "}
{timestamp:3.74399, localtime:3.74399, state:"SEARCH_SP", message: "SEARCHING  m = -0.00808"}
{timestamp:3.74399, localtime:3.74399, state:"SEARCH_SP", message: "PROGRESS RESET CALLED "}
{timestamp:3.76294, localtime:3.76294, state:"SEARCH_SP", message: "SEARCHING  m = -0.01961"}
{timestamp:3.76294, localtime:3.76294, state:"SEARCH_SP", message: "PROGRESS RESET CALLED "}
{timestamp:3.78389, localtime:3.78389, state:"SEARCH_SP", message: "SEARCHING  m = -0.02172"}
{timestamp:3.78389, localtime:3.78389, state:"SEARCH_SP", message: "PROGRESS RESET CALLED "}
{timestamp:3.80383, localtime:3.80383, state:"SEARCH_SP", message: "SEARCHING  m = -0.02199"}
{timestamp:3.80383, localtime:3.80383, state:"SEARCH_SP", message: "PROGRESS RESET CALLED "}
{timestamp:3.82478, localtime:3.82478, state:"SEARCH_SP", message: "SEARCHING  m = -0.02172"}
{timestamp:3.82478, localtime:3.82478, state:"SEARCH_SP", message: "PROGRESS RESET CALLED "}
{timestamp:3.84373, localtime:3.84373, state:"SEARCH_SP", message: "SEARCHING  m = -0.01419"}
{timestamp:3.84373, localtime:3.84373, state:"SEARCH_SP", message: "PROGRESS RESET CALLED "}
{timestamp:3.86467, localtime:3.86467, state:"SEARCH_SP", message: "SEARCHING  m = -0.01419"}
{timestamp:3.86467, localtime:3.86467, state:"SEARCH_SP", message: "PROGRESS RESET CALLED "}
{timestamp:3.88262, localtime:3.88262, state:"SEARCH_SP", message: "START t = 3.8826239109039307 m = -0.05608002985435304 f = true"}
{timestamp:3.90257, localtime:3.90257, state:"SEARCH_SP", message: "BUILD EVIDENCE  dt = 0.01995 m = -0.05608  f = 1.00000 [1.00000]"}
{timestamp:3.92351, localtime:3.92351, state:"IN_SP", message: "INDETERMINATE dt = 0.04089 m = -0.01691"}
{timestamp:3.94346, localtime:3.94346, state:"IN_SP", message: "RAMP_STATUS = INDETERMINATE dt = 0.04089 m = -0.01691"}
{timestamp:3.94346, localtime:3.94346, state:"IN_SP", message: "INDETERMINATE dt = 0.06084 m = -0.01691"}
{timestamp:3.96341, localtime:3.96341, state:"IN_SP", message: "RAMP_STATUS = INDETERMINATE dt = 0.06084 m = -0.02497"}
{timestamp:3.96341, localtime:3.96341, state:"IN_SP", message: "INDETERMINATE dt = 0.08078 m = -0.02497"}
{timestamp:3.98236, localtime:3.98236, state:"IN_SP", message: "RAMP_STATUS = INDETERMINATE dt = 0.08078 m = -0.02497"}
{timestamp:3.98236, localtime:3.98236, state:"IN_SP", message: "INDETERMINATE dt = 0.09973 m = -0.02497"}
{timestamp:4.00330, localtime:4.00330, state:"IN_SP", message: "RAMP_STATUS = INDETERMINATE dt = 0.09973 m = -0.01816"}
{timestamp:4.00330, localtime:4.00330, state:"IN_SP", message: "INDETERMINATE dt = 0.12068 m = -0.01816"}
{timestamp:4.02225, localtime:4.02225, state:"IN_SP", message: "RAMP_STATUS = INDETERMINATE dt = 0.12068 m = -0.00565"}
{timestamp:4.02225, localtime:4.02225, state:"IN_SP", message: "INDETERMINATE dt = 0.13963 m = -0.00565"}
{timestamp:4.04220, localtime:4.04220, state:"IN_SP", message: "RAMP_STATUS = INDETERMINATE dt = 0.13963 m = -0.00565"}
{timestamp:4.04220, localtime:4.04220, state:"IN_SP", message: "INDETERMINATE dt = 0.15957 m = -0.00565"}
{timestamp:4.06214, localtime:4.06214, state:"IN_SP", message: "RAMP_STATUS = INDETERMINATE dt = 0.15957 m = -0.00565"}
{timestamp:4.06214, localtime:4.06214, state:"IN_SP", message: "INDETERMINATE dt = 0.17952 m = -0.00565"}
{timestamp:4.08508, localtime:4.08508, state:"IN_SP", message: "RAMP_STATUS = INDETERMINATE dt = 0.17952 m = 0.00512"}
{timestamp:4.08508, localtime:4.08508, state:"IN_SP", message: "INDETERMINATE dt = 0.20246 m = 0.00512"}
{timestamp:4.10104, localtime:4.10104, state:"IN_SP", message: "RAMP_STATUS = INDETERMINATE dt = 0.20246 m = 0.02021"}
{timestamp:4.10104, localtime:4.10104, state:"IN_SP", message: "INDETERMINATE dt = 0.21842 m = 0.02021"}
{timestamp:4.12398, localtime:4.12398, state:"IN_SP", message: "RAMP_STATUS = AGAINST dt = 0.21842 m = 0.11567"}
{timestamp:4.12398, localtime:4.12398, state:"IN_QP", message: "START QP @ t = 4.12398 d = UPWARD m = 0.11567 max_sp_v = -0.05786"}
{timestamp:4.14293, localtime:4.14293, state:"IN_QP", message: "IN_QP VELOCITY CHECK v: 0.07756216706196817 dirn.: UPWARD"}
{timestamp:4.14293, localtime:4.14293, state:"IN_QP", message: "EXTEND dt = 0.08079 m = 0.11567"}
{timestamp:4.16287, localtime:4.16287, state:"IN_QP", message: "IN_QP VELOCITY CHECK v: 0.032410719527675005 dirn.: UPWARD"}
{timestamp:4.16287, localtime:4.16287, state:"IN_QP", message: "EXTEND dt = 0.10073 m = 0.07756"}
{timestamp:4.18282, localtime:4.18282, state:"IN_QP", message: "IN_QP VELOCITY CHECK v: 0.010849385260652608 dirn.: UPWARD"}
{timestamp:4.18282, localtime:4.18282, state:"FOUND", message: "END (INDETERMINATE) m = 0.03241 [PASS-THROUGH TO FOUND]"}
{timestamp:4.18282, localtime:4.18282, state:"FOUND", message: "END qp end time = 4.18282  qp duration = 0.12068"}
{timestamp:4.18282, localtime:4.18282, state:"FOUND", message: "[PRE-VALIDATOR] END qp end time = 4.18282  qp duration = 0.12068"}
{timestamp:4.18282, localtime:4.18282, state:"FOUND", message: "FAILED VALIDITY CHECK"}
{timestamp:4.18282, localtime:4.18282, state:"FOUND", message: "PROGRESS RESET CALLED "}
{timestamp:4.18282, localtime:4.18282, state:"SEARCH_SP", message: "[FOUND] EARLY RESTART t_early = 4.182821035385132, t = 4.182821035385132 m = 0.032410719527675005 f = true"}
{timestamp:4.20476, localtime:4.20476, state:"IN_SP", message: "INDETERMINATE dt = 0.02194 m = 0.01085"}
{timestamp:4.22371, localtime:4.22371, state:"IN_SP", message: "RAMP_STATUS = INDETERMINATE dt = 0.02194 m = 0.00375"}
{timestamp:4.22371, localtime:4.22371, state:"IN_SP", message: "INDETERMINATE dt = 0.04089 m = 0.00375"}
{timestamp:4.24665, localtime:4.24665, state:"IN_SP", message: "RAMP_STATUS = INDETERMINATE dt = 0.04089 m = 0.00375"}
{timestamp:4.24665, localtime:4.24665, state:"IN_SP", message: "INDETERMINATE dt = 0.06383 m = 0.00375"}
{timestamp:4.26261, localtime:4.26261, state:"IN_SP", message: "RAMP_STATUS = INDETERMINATE dt = 0.06383 m = 0.00375"}
{timestamp:4.26261, localtime:4.26261, state:"IN_SP", message: "INDETERMINATE dt = 0.07979 m = 0.00375"}
{timestamp:4.28355, localtime:4.28355, state:"IN_SP", message: "RAMP_STATUS = INDETERMINATE dt = 0.07979 m = -0.00426"}
{timestamp:4.28355, localtime:4.28355, state:"IN_SP", message: "INDETERMINATE dt = 0.10073 m = -0.00426"}
{timestamp:4.30350, localtime:4.30350, state:"IN_SP", message: "RAMP_STATUS = INDETERMINATE dt = 0.10073 m = -0.00898"}
{timestamp:4.30350, localtime:4.30350, state:"IN_SP", message: "INDETERMINATE dt = 0.12068 m = -0.00898"}
{timestamp:4.32344, localtime:4.32344, state:"IN_SP", message: "RAMP_STATUS = INDETERMINATE dt = 0.12068 m = -0.01480"}
{timestamp:4.32344, localtime:4.32344, state:"IN_SP", message: "INDETERMINATE dt = 0.14062 m = -0.01480"}
{timestamp:4.34339, localtime:4.34339, state:"IN_SP", message: "RAMP_STATUS = INDETERMINATE dt = 0.14062 m = -0.01480"}
{timestamp:4.34339, localtime:4.34339, state:"IN_SP", message: "INDETERMINATE dt = 0.16057 m = -0.01480"}
{timestamp:4.36234, localtime:4.36234, state:"IN_SP", message: "RAMP_STATUS = INDETERMINATE dt = 0.16057 m = 0.00000"}
{timestamp:4.36234, localtime:4.36234, state:"IN_SP", message: "INDETERMINATE dt = 0.17952 m = 0.00000"}
{timestamp:4.38428, localtime:4.38428, state:"IN_SP", message: "RAMP_STATUS = INDETERMINATE dt = 0.17952 m = 0.00944"}
{timestamp:4.38428, localtime:4.38428, state:"IN_SP", message: "INDETERMINATE dt = 0.20146 m = 0.00944"}
{timestamp:4.40622, localtime:4.40622, state:"IN_SP", message: "RAMP_STATUS = INDETERMINATE dt = 0.20146 m = 0.00944"}
{timestamp:4.40622, localtime:4.40622, state:"IN_SP", message: "INDETERMINATE dt = 0.22340 m = 0.00944"}
{timestamp:4.42617, localtime:4.42617, state:"IN_SP", message: "RAMP_STATUS = INDETERMINATE dt = 0.22340 m = 0.00000"}
{timestamp:4.42617, localtime:4.42617, state:"IN_SP", message: "INDETERMINATE dt = 0.24335 m = 0.00000"}
{timestamp:4.44711, localtime:4.44711, state:"IN_SP", message: "RAMP_STATUS = INDETERMINATE dt = 0.24335 m = -0.00784"}
{timestamp:4.44711, localtime:4.44711, state:"IN_SP", message: "INDETERMINATE dt = 0.26429 m = -0.00784"}
{timestamp:4.46606, localtime:4.46606, state:"IN_SP", message: "RAMP_STATUS = INDETERMINATE dt = 0.26429 m = -0.00872"}
{timestamp:4.46606, localtime:4.46606, state:"IN_SP", message: "INDETERMINATE dt = 0.28324 m = -0.00872"}
{timestamp:4.48501, localtime:4.48501, state:"IN_SP", message: "RAMP_STATUS = INDETERMINATE dt = 0.28324 m = -0.01313"}
{timestamp:4.48501, localtime:4.48501, state:"IN_SP", message: "INDETERMINATE dt = 0.30219 m = -0.01313"}
{timestamp:4.50197, localtime:4.50197, state:"IN_SP", message: "RAMP_STATUS = INDETERMINATE dt = 0.30219 m = -0.01313"}
{timestamp:4.50197, localtime:4.50197, state:"IN_SP", message: "INDETERMINATE dt = 0.31915 m = -0.01313"}
{timestamp:4.52391, localtime:4.52391, state:"IN_SP", message: "RAMP_STATUS = INDETERMINATE dt = 0.31915 m = -0.02030"}
{timestamp:4.52391, localtime:4.52391, state:"IN_SP", message: "INDETERMINATE dt = 0.34109 m = -0.02030"}
{timestamp:4.54286, localtime:4.54286, state:"IN_SP", message: "RAMP_STATUS = INDETERMINATE dt = 0.34109 m = -0.02030"}
{timestamp:4.54286, localtime:4.54286, state:"IN_SP", message: "INDETERMINATE dt = 0.36004 m = -0.02030"}
{timestamp:4.56380, localtime:4.56380, state:"IN_SP", message: "RAMP_STATUS = INDETERMINATE dt = 0.36004 m = -0.01665"}
{timestamp:4.56380, localtime:4.56380, state:"IN_SP", message: "INDETERMINATE dt = 0.38098 m = -0.01665"}
{timestamp:4.58375, localtime:4.58375, state:"IN_SP", message: "RAMP_STATUS = INDETERMINATE dt = 0.38098 m = -0.01169"}
{timestamp:4.58375, localtime:4.58375, state:"IN_SP", message: "INDETERMINATE dt = 0.40093 m = -0.01169"}
{timestamp:4.60370, localtime:4.60370, state:"IN_SP", message: "RAMP_STATUS = INDETERMINATE dt = 0.40093 m = -0.00799"}
{timestamp:4.60370, localtime:4.60370, state:"IN_SP", message: "INDETERMINATE dt = 0.42088 m = -0.00799"}
{timestamp:4.62663, localtime:4.62663, state:"IN_SP", message: "RAMP_STATUS = INDETERMINATE dt = 0.42088 m = -0.00799"}
{timestamp:4.62663, localtime:4.62663, state:"IN_SP", message: "INDETERMINATE dt = 0.44381 m = -0.00799"}
{timestamp:4.64359, localtime:4.64359, state:"IN_SP", message: "RAMP_STATUS = INDETERMINATE dt = 0.44381 m = -0.01193"}
{timestamp:4.64359, localtime:4.64359, state:"IN_SP", message: "INDETERMINATE dt = 0.46077 m = -0.01193"}
{timestamp:4.66254, localtime:4.66254, state:"IN_SP", message: "RAMP_STATUS = INDETERMINATE dt = 0.46077 m = -0.01193"}
{timestamp:4.66254, localtime:4.66254, state:"IN_SP", message: "INDETERMINATE dt = 0.47972 m = -0.01193"}
{timestamp:4.68448, localtime:4.68448, state:"IN_SP", message: "RAMP_STATUS = INDETERMINATE dt = 0.47972 m = -0.00363"}
{timestamp:4.68448, localtime:4.68448, state:"IN_SP", message: "INDETERMINATE dt = 0.50166 m = -0.00363"}
{timestamp:4.70443, localtime:4.70443, state:"IN_SP", message: "RAMP_STATUS = INDETERMINATE dt = 0.50166 m = -0.00363"}
{timestamp:4.70443, localtime:4.70443, state:"IN_SP", message: "INDETERMINATE dt = 0.52161 m = -0.00363"}
{timestamp:4.72338, localtime:4.72338, state:"IN_SP", message: "RAMP_STATUS = INDETERMINATE dt = 0.52161 m = -0.01627"}
{timestamp:4.72338, localtime:4.72338, state:"IN_SP", message: "INDETERMINATE dt = 0.54056 m = -0.01627"}
{timestamp:4.74233, localtime:4.74233, state:"IN_SP", message: "RAMP_STATUS = WITH dt = 0.54056 m = -0.10052"}
{timestamp:4.74233, localtime:4.74233, state:"IN_SP", message: "EXTEND dt = 0.55950 m = -0.10052"}
{timestamp:4.76427, localtime:4.76427, state:"IN_SP", message: "RAMP_STATUS = WITH dt = 0.55950 m = -0.10052"}
{timestamp:4.76427, localtime:4.76427, state:"IN_SP", message: "EXTEND dt = 0.58145 m = -0.10052"}
{timestamp:4.78421, localtime:4.78421, state:"IN_SP", message: "RAMP_STATUS = INDETERMINATE dt = 0.58145 m = -0.03227"}
{timestamp:4.78421, localtime:4.78421, state:"IN_SP", message: "INDETERMINATE dt = 0.60139 m = -0.03227"}
{timestamp:4.80516, localtime:4.80516, state:"IN_SP", message: "RAMP_STATUS = INDETERMINATE dt = 0.60139 m = -0.02633"}
{timestamp:4.80516, localtime:4.80516, state:"IN_SP", message: "INDETERMINATE dt = 0.62234 m = -0.02633"}
{timestamp:4.82311, localtime:4.82311, state:"IN_SP", message: "RAMP_STATUS = INDETERMINATE dt = 0.62234 m = -0.01815"}
{timestamp:4.82311, localtime:4.82311, state:"IN_SP", message: "INDETERMINATE dt = 0.64029 m = -0.01815"}
{timestamp:4.84405, localtime:4.84405, state:"IN_SP", message: "RAMP_STATUS = INDETERMINATE dt = 0.64029 m = -0.01128"}
{timestamp:4.84405, localtime:4.84405, state:"IN_SP", message: "INDETERMINATE dt = 0.66123 m = -0.01128"}
{timestamp:4.86400, localtime:4.86400, state:"IN_SP", message: "RAMP_STATUS = INDETERMINATE dt = 0.66123 m = -0.00004"}
{timestamp:4.86400, localtime:4.86400, state:"IN_SP", message: "INDETERMINATE dt = 0.68118 m = -0.00004"}
{timestamp:4.88395, localtime:4.88395, state:"IN_SP", message: "RAMP_STATUS = INDETERMINATE dt = 0.68118 m = 0.00004"}
{timestamp:4.88395, localtime:4.88395, state:"IN_SP", message: "INDETERMINATE dt = 0.70113 m = 0.00004"}
{timestamp:4.90290, localtime:4.90290, state:"IN_SP", message: "RAMP_STATUS = INDETERMINATE dt = 0.70113 m = 0.00456"}
{timestamp:4.90290, localtime:4.90290, state:"IN_SP", message: "INDETERMINATE dt = 0.72008 m = 0.00456"}
{timestamp:4.92384, localtime:4.92384, state:"IN_SP", message: "RAMP_STATUS = INDETERMINATE dt = 0.72008 m = 0.00581"}
{timestamp:4.92384, localtime:4.92384, state:"IN_SP", message: "INDETERMINATE dt = 0.74102 m = 0.00581"}
{timestamp:4.94678, localtime:4.94678, state:"IN_SP", message: "RAMP_STATUS = INDETERMINATE dt = 0.74102 m = 0.00585"}
{timestamp:4.94678, localtime:4.94678, state:"IN_SP", message: "INDETERMINATE dt = 0.76396 m = 0.00585"}
{timestamp:4.96274, localtime:4.96274, state:"IN_SP", message: "RAMP_STATUS = INDETERMINATE dt = 0.76396 m = 0.00585"}
{timestamp:4.96274, localtime:4.96274, state:"IN_SP", message: "INDETERMINATE dt = 0.77992 m = 0.00585"}
{timestamp:4.98368, localtime:4.98368, state:"IN_SP", message: "RAMP_STATUS = INDETERMINATE dt = 0.77992 m = 0.00016"}
{timestamp:4.98368, localtime:4.98368, state:"IN_SP", message: "INDETERMINATE dt = 0.80086 m = 0.00016"}
{timestamp:5.00363, localtime:5.00363, state:"IN_SP", message: "RAMP_STATUS = INDETERMINATE dt = 0.80086 m = 0.00016"}
{timestamp:5.00363, localtime:5.00363, state:"IN_SP", message: "INDETERMINATE dt = 0.82081 m = 0.00016"}
{timestamp:5.02357, localtime:5.02357, state:"IN_SP", message: "RAMP_STATUS = INDETERMINATE dt = 0.82081 m = 0.00288"}
{timestamp:5.02357, localtime:5.02357, state:"IN_SP", message: "INDETERMINATE dt = 0.84075 m = 0.00288"}
{timestamp:5.04651, localtime:5.04651, state:"IN_SP", message: "RAMP_STATUS = INDETERMINATE dt = 0.84075 m = 0.00288"}
{timestamp:5.04651, localtime:5.04651, state:"IN_SP", message: "INDETERMINATE dt = 0.86369 m = 0.00288"}
{timestamp:5.06347, localtime:5.06347, state:"IN_SP", message: "RAMP_STATUS = INDETERMINATE dt = 0.86369 m = -0.00669"}
{timestamp:5.06347, localtime:5.06347, state:"IN_SP", message: "INDETERMINATE dt = 0.88065 m = -0.00669"}
{timestamp:5.08341, localtime:5.08341, state:"IN_SP", message: "RAMP_STATUS = INDETERMINATE dt = 0.88065 m = -0.00781"}
{timestamp:5.08341, localtime:5.08341, state:"IN_SP", message: "INDETERMINATE dt = 0.90059 m = -0.00781"}
{timestamp:5.10336, localtime:5.10336, state:"IN_SP", message: "RAMP_STATUS = INDETERMINATE dt = 0.90059 m = -0.01923"}
{timestamp:5.10336, localtime:5.10336, state:"IN_SP", message: "INDETERMINATE dt = 0.92054 m = -0.01923"}
{timestamp:5.12430, localtime:5.12430, state:"IN_SP", message: "RAMP_STATUS = INDETERMINATE dt = 0.92054 m = -0.01990"}
{timestamp:5.12430, localtime:5.12430, state:"IN_SP", message: "INDETERMINATE dt = 0.94148 m = -0.01990"}
{timestamp:5.14325, localtime:5.14325, state:"IN_SP", message: "RAMP_STATUS = INDETERMINATE dt = 0.94148 m = -0.03378"}
{timestamp:5.14325, localtime:5.14325, state:"IN_SP", message: "INDETERMINATE dt = 0.96043 m = -0.03378"}
{timestamp:5.16420, localtime:5.16420, state:"IN_SP", message: "RAMP_STATUS = WITH dt = 0.96043 m = -0.05171"}
{timestamp:5.16420, localtime:5.16420, state:"IN_SP", message: "EXTEND dt = 0.98138 m = -0.05171"}
{timestamp:5.18614, localtime:5.18614, state:"IN_SP", message: "RAMP_STATUS = WITH dt = 0.98138 m = -0.05171"}
{timestamp:5.18614, localtime:5.18614, state:"IN_SP", message: "EXTEND dt = 1.00332 m = -0.05171"}
{timestamp:5.20409, localtime:5.20409, state:"IN_SP", message: "RAMP_STATUS = INDETERMINATE dt = 1.00332 m = -0.02533"}
{timestamp:5.20409, localtime:5.20409, state:"IN_SP", message: "INDETERMINATE dt = 1.02127 m = -0.02533"}
{timestamp:5.22404, localtime:5.22404, state:"IN_SP", message: "RAMP_STATUS = INDETERMINATE dt = 1.02127 m = -0.02533"}
{timestamp:5.22404, localtime:5.22404, state:"IN_SP", message: "INDETERMINATE dt = 1.04122 m = -0.02533"}
{timestamp:5.24299, localtime:5.24299, state:"IN_SP", message: "RAMP_STATUS = INDETERMINATE dt = 1.04122 m = -0.03599"}
{timestamp:5.24299, localtime:5.24299, state:"IN_SP", message: "INDETERMINATE dt = 1.06017 m = -0.03599"}
{timestamp:5.26493, localtime:5.26493, state:"IN_SP", message: "RAMP_STATUS = INDETERMINATE dt = 1.06017 m = -0.03599"}
{timestamp:5.26493, localtime:5.26493, state:"IN_SP", message: "INDETERMINATE dt = 1.08211 m = -0.03599"}
{timestamp:5.28488, localtime:5.28488, state:"IN_SP", message: "RAMP_STATUS = INDETERMINATE dt = 1.08211 m = -0.02836"}
{timestamp:5.28488, localtime:5.28488, state:"IN_SP", message: "INDETERMINATE dt = 1.10205 m = -0.02836"}
{timestamp:5.30482, localtime:5.30482, state:"IN_SP", message: "RAMP_STATUS = INDETERMINATE dt = 1.10205 m = -0.02695"}
{timestamp:5.30482, localtime:5.30482, state:"IN_SP", message: "INDETERMINATE dt = 1.12200 m = -0.02695"}
{timestamp:5.32277, localtime:5.32277, state:"IN_SP", message: "RAMP_STATUS = INDETERMINATE dt = 1.12200 m = -0.02053"}
{timestamp:5.32277, localtime:5.32277, state:"IN_SP", message: "INDETERMINATE dt = 1.13995 m = -0.02053"}
{timestamp:5.34472, localtime:5.34472, state:"IN_SP", message: "RAMP_STATUS = INDETERMINATE dt = 1.13995 m = -0.02053"}
{timestamp:5.34472, localtime:5.34472, state:"IN_SP", message: "INDETERMINATE dt = 1.16189 m = -0.02053"}
{timestamp:5.36466, localtime:5.36466, state:"IN_SP", message: "RAMP_STATUS = INDETERMINATE dt = 1.16189 m = -0.02137"}
{timestamp:5.36466, localtime:5.36466, state:"IN_SP", message: "INDETERMINATE dt = 1.18184 m = -0.02137"}
{timestamp:5.38461, localtime:5.38461, state:"IN_SP", message: "RAMP_STATUS = INDETERMINATE dt = 1.18184 m = -0.02137"}
{timestamp:5.38461, localtime:5.38461, state:"IN_SP", message: "INDETERMINATE dt = 1.20179 m = -0.02137"}
{timestamp:5.40456, localtime:5.40456, state:"IN_SP", message: "RAMP_STATUS = INDETERMINATE dt = 1.20179 m = -0.01289"}
{timestamp:5.40456, localtime:5.40456, state:"IN_SP", message: "INDETERMINATE dt = 1.22174 m = -0.01289"}
{timestamp:5.42650, localtime:5.42650, state:"IN_SP", message: "RAMP_STATUS = INDETERMINATE dt = 1.22174 m = 0.00000"}
{timestamp:5.42650, localtime:5.42650, state:"IN_SP", message: "INDETERMINATE dt = 1.24368 m = 0.00000"}
{timestamp:5.44246, localtime:5.44246, state:"IN_SP", message: "RAMP_STATUS = INDETERMINATE dt = 1.24368 m = 0.00000"}
{timestamp:5.44246, localtime:5.44246, state:"IN_SP", message: "INDETERMINATE dt = 1.25963 m = 0.00000"}
{timestamp:5.46340, localtime:5.46340, state:"IN_SP", message: "RAMP_STATUS = INDETERMINATE dt = 1.25963 m = 0.00000"}
{timestamp:5.46340, localtime:5.46340, state:"IN_SP", message: "INDETERMINATE dt = 1.28058 m = 0.00000"}
{timestamp:5.48833, localtime:5.48833, state:"IN_SP", message: "RAMP_STATUS = INDETERMINATE dt = 1.28058 m = -0.01138"}
{timestamp:5.48833, localtime:5.48833, state:"IN_SP", message: "INDETERMINATE dt = 1.30551 m = -0.01138"}
{timestamp:5.50429, localtime:5.50429, state:"IN_SP", message: "RAMP_STATUS = WITH dt = 1.30551 m = -0.06743"}
{timestamp:5.50429, localtime:5.50429, state:"IN_SP", message: "EXTEND dt = 1.32147 m = -0.06743"}
{timestamp:5.52523, localtime:5.52523, state:"IN_SP", message: "RAMP_STATUS = WITH dt = 1.32147 m = -0.06743"}
{timestamp:5.52523, localtime:5.52523, state:"IN_SP", message: "EXTEND dt = 1.34241 m = -0.06743"}
{timestamp:5.54418, localtime:5.54418, state:"IN_SP", message: "RAMP_STATUS = INDETERMINATE dt = 1.34241 m = -0.01195"}
{timestamp:5.54418, localtime:5.54418, state:"IN_SP", message: "INDETERMINATE dt = 1.36136 m = -0.01195"}
{timestamp:5.56612, localtime:5.56612, state:"IN_SP", message: "RAMP_STATUS = INDETERMINATE dt = 1.36136 m = -0.01195"}
{timestamp:5.56612, localtime:5.56612, state:"IN_SP", message: "INDETERMINATE dt = 1.38330 m = -0.01195"}
{timestamp:5.58308, localtime:5.58308, state:"IN_SP", message: "RAMP_STATUS = INDETERMINATE dt = 1.38330 m = -0.01211"}
{timestamp:5.58308, localtime:5.58308, state:"IN_SP", message: "INDETERMINATE dt = 1.40026 m = -0.01211"}
{timestamp:5.60303, localtime:5.60303, state:"IN_SP", message: "RAMP_STATUS = INDETERMINATE dt = 1.40026 m = -0.01211"}
{timestamp:5.60303, localtime:5.60303, state:"IN_SP", message: "INDETERMINATE dt = 1.42020 m = -0.01211"}
{timestamp:5.62696, localtime:5.62696, state:"IN_SP", message: "RAMP_STATUS = INDETERMINATE dt = 1.42020 m = 0.00000"}
{timestamp:5.62696, localtime:5.62696, state:"IN_SP", message: "INDETERMINATE dt = 1.44414 m = 0.00000"}
{timestamp:5.64392, localtime:5.64392, state:"IN_SP", message: "RAMP_STATUS = INDETERMINATE dt = 1.44414 m = 0.01093"}
{timestamp:5.64392, localtime:5.64392, state:"IN_SP", message: "INDETERMINATE dt = 1.46109 m = 0.01093"}
{timestamp:5.66386, localtime:5.66386, state:"IN_SP", message: "RAMP_STATUS = INDETERMINATE dt = 1.46109 m = 0.01198"}
{timestamp:5.66386, localtime:5.66386, state:"IN_SP", message: "INDETERMINATE dt = 1.48104 m = 0.01198"}
{timestamp:5.68281, localtime:5.68281, state:"IN_SP", message: "RAMP_STATUS = INDETERMINATE dt = 1.48104 m = 0.01515"}
{timestamp:5.68281, localtime:5.68281, state:"IN_SP", message: "INDETERMINATE dt = 1.49999 m = 0.01515"}
{timestamp:5.70376, localtime:5.70376, state:"IN_SP", message: "RAMP_STATUS = INDETERMINATE dt = 1.49999 m = 0.01515"}
{timestamp:5.70376, localtime:5.70376, state:"IN_SP", message: "INDETERMINATE dt = 1.52093 m = 0.01515"}
{timestamp:5.72570, localtime:5.72570, state:"IN_SP", message: "RAMP_STATUS = INDETERMINATE dt = 1.52093 m = 0.00281"}
{timestamp:5.72570, localtime:5.72570, state:"IN_SP", message: "INDETERMINATE dt = 1.54288 m = 0.00281"}
{timestamp:5.74365, localtime:5.74365, state:"IN_SP", message: "RAMP_STATUS = INDETERMINATE dt = 1.54288 m = 0.00250"}
{timestamp:5.74365, localtime:5.74365, state:"IN_SP", message: "INDETERMINATE dt = 1.56083 m = 0.00250"}
{timestamp:5.76260, localtime:5.76260, state:"IN_SP", message: "RAMP_STATUS = INDETERMINATE dt = 1.56083 m = 0.00250"}
{timestamp:5.76260, localtime:5.76260, state:"IN_SP", message: "INDETERMINATE dt = 1.57978 m = 0.00250"}
{timestamp:5.78454, localtime:5.78454, state:"IN_SP", message: "RAMP_STATUS = INDETERMINATE dt = 1.57978 m = 0.00250"}
{timestamp:5.78454, localtime:5.78454, state:"IN_SP", message: "INDETERMINATE dt = 1.60172 m = 0.00250"}
{timestamp:5.80548, localtime:5.80548, state:"IN_SP", message: "RAMP_STATUS = INDETERMINATE dt = 1.60172 m = 0.00290"}
{timestamp:5.80548, localtime:5.80548, state:"IN_SP", message: "INDETERMINATE dt = 1.62266 m = 0.00290"}
{timestamp:5.82543, localtime:5.82543, state:"IN_SP", message: "RAMP_STATUS = INDETERMINATE dt = 1.62266 m = 0.01128"}
{timestamp:5.82543, localtime:5.82543, state:"IN_SP", message: "INDETERMINATE dt = 1.64261 m = 0.01128"}
{timestamp:5.84239, localtime:5.84239, state:"IN_SP", message: "RAMP_STATUS = INDETERMINATE dt = 1.64261 m = 0.01582"}
{timestamp:5.84239, localtime:5.84239, state:"IN_SP", message: "INDETERMINATE dt = 1.65956 m = 0.01582"}
{timestamp:5.86134, localtime:5.86134, state:"IN_SP", message: "RAMP_STATUS = INDETERMINATE dt = 1.65956 m = 0.01620"}
{timestamp:5.86134, localtime:5.86134, state:"IN_SP", message: "INDETERMINATE dt = 1.67851 m = 0.01620"}
{timestamp:5.88228, localtime:5.88228, state:"IN_SP", message: "RAMP_STATUS = INDETERMINATE dt = 1.67851 m = 0.01714"}
{timestamp:5.88228, localtime:5.88228, state:"IN_SP", message: "INDETERMINATE dt = 1.69946 m = 0.01714"}
{timestamp:5.90322, localtime:5.90322, state:"IN_SP", message: "RAMP_STATUS = INDETERMINATE dt = 1.69946 m = 0.03428"}
{timestamp:5.90322, localtime:5.90322, state:"IN_SP", message: "INDETERMINATE dt = 1.72040 m = 0.03428"}
{timestamp:5.92516, localtime:5.92516, state:"IN_SP", message: "RAMP_STATUS = INDETERMINATE dt = 1.72040 m = 0.03428"}
{timestamp:5.92516, localtime:5.92516, state:"IN_SP", message: "INDETERMINATE dt = 1.74234 m = 0.03428"}
{timestamp:5.94910, localtime:5.94910, state:"IN_SP", message: "RAMP_STATUS = INDETERMINATE dt = 1.74234 m = 0.03273"}
{timestamp:5.94910, localtime:5.94910, state:"IN_SP", message: "INDETERMINATE dt = 1.76628 m = 0.03273"}
{timestamp:5.96705, localtime:5.96705, state:"IN_SP", message: "RAMP_STATUS = INDETERMINATE dt = 1.76628 m = 0.01402"}
{timestamp:5.96705, localtime:5.96705, state:"IN_SP", message: "INDETERMINATE dt = 1.78423 m = 0.01402"}
{timestamp:5.98301, localtime:5.98301, state:"IN_SP", message: "RAMP_STATUS = INDETERMINATE dt = 1.78423 m = 0.00263"}
{timestamp:5.98301, localtime:5.98301, state:"IN_SP", message: "INDETERMINATE dt = 1.80019 m = 0.00263"}
{timestamp:6.00196, localtime:6.00196, state:"IN_SP", message: "RAMP_STATUS = INDETERMINATE dt = 1.80019 m = 0.00263"}
{timestamp:6.00196, localtime:6.00196, state:"IN_SP", message: "INDETERMINATE dt = 1.81914 m = 0.00263"}
{timestamp:6.02689, localtime:6.02689, state:"IN_SP", message: "RAMP_STATUS = INDETERMINATE dt = 1.81914 m = 0.01153"}
{timestamp:6.02689, localtime:6.02689, state:"IN_SP", message: "INDETERMINATE dt = 1.84407 m = 0.01153"}
{timestamp:6.04584, localtime:6.04584, state:"IN_SP", message: "RAMP_STATUS = INDETERMINATE dt = 1.84407 m = 0.01153"}
{timestamp:6.04584, localtime:6.04584, state:"IN_SP", message: "INDETERMINATE dt = 1.86302 m = 0.01153"}
{timestamp:6.06379, localtime:6.06379, state:"IN_SP", message: "RAMP_STATUS = INDETERMINATE dt = 1.86302 m = 0.00514"}
{timestamp:6.06379, localtime:6.06379, state:"IN_SP", message: "INDETERMINATE dt = 1.88097 m = 0.00514"}
{timestamp:6.08175, localtime:6.08175, state:"IN_SP", message: "RAMP_STATUS = INDETERMINATE dt = 1.88097 m = 0.00397"}
{timestamp:6.08175, localtime:6.08175, state:"IN_SP", message: "INDETERMINATE dt = 1.89893 m = 0.00397"}
{timestamp:6.10468, localtime:6.10468, state:"IN_SP", message: "RAMP_STATUS = INDETERMINATE dt = 1.89893 m = 0.00043"}
{timestamp:6.10468, localtime:6.10468, state:"IN_SP", message: "INDETERMINATE dt = 1.92186 m = 0.00043"}
{timestamp:6.12762, localtime:6.12762, state:"IN_SP", message: "RAMP_STATUS = INDETERMINATE dt = 1.92186 m = 0.00043"}
{timestamp:6.12762, localtime:6.12762, state:"IN_SP", message: "INDETERMINATE dt = 1.94480 m = 0.00043"}
{timestamp:6.14956, localtime:6.14956, state:"IN_SP", message: "RAMP_STATUS = INDETERMINATE dt = 1.94480 m = 0.00340"}
{timestamp:6.14956, localtime:6.14956, state:"IN_SP", message: "INDETERMINATE dt = 1.96674 m = 0.00340"}
{timestamp:6.16552, localtime:6.16552, state:"IN_SP", message: "RAMP_STATUS = INDETERMINATE dt = 1.96674 m = 0.00340"}
{timestamp:6.16552, localtime:6.16552, state:"IN_SP", message: "INDETERMINATE dt = 1.98270 m = 0.00340"}
{timestamp:6.18048, localtime:6.18048, state:"IN_SP", message: "RAMP_STATUS = INDETERMINATE dt = 1.98270 m = 0.00000"}
{timestamp:6.18048, localtime:6.18048, state:"IN_SP", message: "INDETERMINATE dt = 1.99766 m = 0.00000"}
{timestamp:6.20342, localtime:6.20342, state:"IN_SP", message: "RAMP_STATUS = INDETERMINATE dt = 1.99766 m = -0.01548"}
{timestamp:6.20342, localtime:6.20342, state:"IN_SP", message: "INDETERMINATE dt = 2.02060 m = -0.01548"}
{timestamp:6.22337, localtime:6.22337, state:"IN_SP", message: "RAMP_STATUS = INDETERMINATE dt = 2.02060 m = -0.02325"}
{timestamp:6.22337, localtime:6.22337, state:"IN_SP", message: "INDETERMINATE dt = 2.04055 m = -0.02325"}
{timestamp:6.24331, localtime:6.24331, state:"IN_SP", message: "RAMP_STATUS = INDETERMINATE dt = 2.04055 m = -0.03537"}
{timestamp:6.24331, localtime:6.24331, state:"IN_SP", message: "INDETERMINATE dt = 2.06049 m = -0.03537"}
{timestamp:6.26326, localtime:6.26326, state:"IN_SP", message: "RAMP_STATUS = INDETERMINATE dt = 2.06049 m = -0.03537"}
{timestamp:6.26326, localtime:6.26326, state:"IN_SP", message: "INDETERMINATE dt = 2.08044 m = -0.03537"}
{timestamp:6.28221, localtime:6.28221, state:"IN_SP", message: "RAMP_STATUS = INDETERMINATE dt = 2.08044 m = -0.02165"}
{timestamp:6.28221, localtime:6.28221, state:"IN_SP", message: "INDETERMINATE dt = 2.09939 m = -0.02165"}
{timestamp:6.30814, localtime:6.30814, state:"IN_SP", message: "RAMP_STATUS = INDETERMINATE dt = 2.09939 m = -0.01466"}
{timestamp:6.30814, localtime:6.30814, state:"IN_SP", message: "INDETERMINATE dt = 2.12532 m = -0.01466"}
{timestamp:6.32510, localtime:6.32510, state:"IN_SP", message: "RAMP_STATUS = INDETERMINATE dt = 2.12532 m = -0.00180"}
{timestamp:6.32510, localtime:6.32510, state:"IN_SP", message: "INDETERMINATE dt = 2.14227 m = -0.00180"}
{timestamp:6.34105, localtime:6.34105, state:"IN_SP", message: "RAMP_STATUS = INDETERMINATE dt = 2.14227 m = 0.00000"}
{timestamp:6.34105, localtime:6.34105, state:"IN_SP", message: "INDETERMINATE dt = 2.15823 m = 0.00000"}
{timestamp:6.36200, localtime:6.36200, state:"IN_SP", message: "RAMP_STATUS = INDETERMINATE dt = 2.15823 m = 0.00000"}
{timestamp:6.36200, localtime:6.36200, state:"IN_SP", message: "INDETERMINATE dt = 2.17918 m = 0.00000"}
{timestamp:6.38194, localtime:6.38194, state:"IN_SP", message: "RAMP_STATUS = INDETERMINATE dt = 2.17918 m = 0.00000"}
{timestamp:6.38194, localtime:6.38194, state:"IN_SP", message: "INDETERMINATE dt = 2.19912 m = 0.00000"}
{timestamp:6.40787, localtime:6.40787, state:"IN_SP", message: "RAMP_STATUS = INDETERMINATE dt = 2.19912 m = -0.00026"}
{timestamp:6.40787, localtime:6.40787, state:"IN_SP", message: "INDETERMINATE dt = 2.22505 m = -0.00026"}
{timestamp:6.42283, localtime:6.42283, state:"IN_SP", message: "RAMP_STATUS = INDETERMINATE dt = 2.22505 m = -0.00532"}
{timestamp:6.42283, localtime:6.42283, state:"IN_SP", message: "INDETERMINATE dt = 2.24001 m = -0.00532"}
{timestamp:6.44278, localtime:6.44278, state:"IN_SP", message: "RAMP_STATUS = INDETERMINATE dt = 2.24001 m = -0.00634"}
{timestamp:6.44278, localtime:6.44278, state:"IN_SP", message: "INDETERMINATE dt = 2.25996 m = -0.00634"}
{timestamp:6.46472, localtime:6.46472, state:"IN_SP", message: "RAMP_STATUS = INDETERMINATE dt = 2.25996 m = -0.01283"}
{timestamp:6.46472, localtime:6.46472, state:"IN_SP", message: "INDETERMINATE dt = 2.28190 m = -0.01283"}
{timestamp:6.48666, localtime:6.48666, state:"IN_SP", message: "RAMP_STATUS = INDETERMINATE dt = 2.28190 m = -0.01753"}
{timestamp:6.48666, localtime:6.48666, state:"IN_SP", message: "INDETERMINATE dt = 2.30384 m = -0.01753"}
{timestamp:6.50761, localtime:6.50761, state:"IN_SP", message: "RAMP_STATUS = INDETERMINATE dt = 2.30384 m = -0.01753"}
{timestamp:6.50761, localtime:6.50761, state:"IN_SP", message: "INDETERMINATE dt = 2.32479 m = -0.01753"}
{timestamp:6.52456, localtime:6.52456, state:"IN_SP", message: "RAMP_STATUS = INDETERMINATE dt = 2.32479 m = -0.00932"}
{timestamp:6.52456, localtime:6.52456, state:"IN_SP", message: "INDETERMINATE dt = 2.34174 m = -0.00932"}
{timestamp:6.54750, localtime:6.54750, state:"IN_SP", message: "RAMP_STATUS = INDETERMINATE dt = 2.34174 m = -0.00833"}
{timestamp:6.54750, localtime:6.54750, state:"IN_SP", message: "INDETERMINATE dt = 2.36468 m = -0.00833"}
{timestamp:6.56645, localtime:6.56645, state:"IN_SP", message: "RAMP_STATUS = INDETERMINATE dt = 2.36468 m = -0.00833"}
{timestamp:6.56645, localtime:6.56645, state:"IN_SP", message: "INDETERMINATE dt = 2.38363 m = -0.00833"}
{timestamp:6.58241, localtime:6.58241, state:"IN_SP", message: "RAMP_STATUS = INDETERMINATE dt = 2.38363 m = -0.00833"}
{timestamp:6.58241, localtime:6.58241, state:"IN_SP", message: "INDETERMINATE dt = 2.39959 m = -0.00833"}
{timestamp:6.60335, localtime:6.60335, state:"IN_SP", message: "RAMP_STATUS = INDETERMINATE dt = 2.39959 m = -0.00631"}
{timestamp:6.60335, localtime:6.60335, state:"IN_SP", message: "INDETERMINATE dt = 2.42053 m = -0.00631"}
{timestamp:6.62130, localtime:6.62130, state:"IN_SP", message: "RAMP_STATUS = INDETERMINATE dt = 2.42053 m = 0.00316"}
{timestamp:6.62130, localtime:6.62130, state:"IN_SP", message: "INDETERMINATE dt = 2.43848 m = 0.00316"}
{timestamp:6.64325, localtime:6.64325, state:"IN_SP", message: "RAMP_STATUS = INDETERMINATE dt = 2.43848 m = 0.00316"}
{timestamp:6.64325, localtime:6.64325, state:"IN_SP", message: "INDETERMINATE dt = 2.46042 m = 0.00316"}
{timestamp:6.66419, localtime:6.66419, state:"IN_SP", message: "RAMP_STATUS = INDETERMINATE dt = 2.46042 m = 0.00446"}
{timestamp:6.66419, localtime:6.66419, state:"IN_SP", message: "INDETERMINATE dt = 2.48137 m = 0.00446"}
{timestamp:6.68214, localtime:6.68214, state:"IN_SP", message: "RAMP_STATUS = INDETERMINATE dt = 2.48137 m = 0.01193"}
{timestamp:6.68214, localtime:6.68214, state:"IN_SP", message: "INDETERMINATE dt = 2.49932 m = 0.01193"}
{timestamp:6.70309, localtime:6.70309, state:"IN_SP", message: "RAMP_STATUS = INDETERMINATE dt = 2.49932 m = 0.01537"}
{timestamp:6.70309, localtime:6.70309, state:"IN_SP", message: "INDETERMINATE dt = 2.52026 m = 0.01537"}
{timestamp:6.72602, localtime:6.72602, state:"IN_SP", message: "RAMP_STATUS = INDETERMINATE dt = 2.52026 m = 0.01537"}
{timestamp:6.72602, localtime:6.72602, state:"IN_SP", message: "INDETERMINATE dt = 2.54320 m = 0.01537"}
{timestamp:6.74797, localtime:6.74797, state:"IN_SP", message: "RAMP_STATUS = INDETERMINATE dt = 2.54320 m = 0.00750"}
{timestamp:6.74797, localtime:6.74797, state:"IN_SP", message: "INDETERMINATE dt = 2.56514 m = 0.00750"}
{timestamp:6.76791, localtime:6.76791, state:"IN_SP", message: "RAMP_STATUS = INDETERMINATE dt = 2.56514 m = 0.00000"}
{timestamp:6.76791, localtime:6.76791, state:"IN_SP", message: "INDETERMINATE dt = 2.58509 m = 0.00000"}
{timestamp:6.78886, localtime:6.78886, state:"IN_SP", message: "RAMP_STATUS = INDETERMINATE dt = 2.58509 m = -0.01111"}
{timestamp:6.78886, localtime:6.78886, state:"IN_SP", message: "INDETERMINATE dt = 2.60604 m = -0.01111"}
{timestamp:6.80781, localtime:6.80781, state:"IN_SP", message: "RAMP_STATUS = INDETERMINATE dt = 2.60604 m = -0.02858"}
{timestamp:6.80781, localtime:6.80781, state:"IN_SP", message: "INDETERMINATE dt = 2.62498 m = -0.02858"}
{timestamp:6.82675, localtime:6.82675, state:"IN_SP", message: "RAMP_STATUS = INDETERMINATE dt = 2.62498 m = -0.02858"}
{timestamp:6.82675, localtime:6.82675, state:"IN_SP", message: "INDETERMINATE dt = 2.64393 m = -0.02858"}
{timestamp:6.84570, localtime:6.84570, state:"IN_SP", message: "RAMP_STATUS = INDETERMINATE dt = 2.64393 m = -0.01931"}
{timestamp:6.84570, localtime:6.84570, state:"IN_SP", message: "INDETERMINATE dt = 2.66288 m = -0.01931"}
{timestamp:6.86765, localtime:6.86765, state:"IN_SP", message: "RAMP_STATUS = INDETERMINATE dt = 2.66288 m = -0.00735"}
{timestamp:6.86765, localtime:6.86765, state:"IN_SP", message: "INDETERMINATE dt = 2.68483 m = -0.00735"}
{timestamp:6.88759, localtime:6.88759, state:"IN_SP", message: "RAMP_STATUS = INDETERMINATE dt = 2.68483 m = 0.00000"}
{timestamp:6.88759, localtime:6.88759, state:"IN_SP", message: "INDETERMINATE dt = 2.70477 m = 0.00000"}
{timestamp:6.90754, localtime:6.90754, state:"IN_SP", message: "RAMP_STATUS = INDETERMINATE dt = 2.70477 m = 0.01696"}
{timestamp:6.90754, localtime:6.90754, state:"IN_SP", message: "INDETERMINATE dt = 2.72472 m = 0.01696"}
{timestamp:6.92749, localtime:6.92749, state:"IN_SP", message: "RAMP_STATUS = INDETERMINATE dt = 2.72472 m = 0.01696"}
{timestamp:6.92749, localtime:6.92749, state:"IN_SP", message: "INDETERMINATE dt = 2.74466 m = 0.01696"}
{timestamp:6.95142, localtime:6.95142, state:"IN_SP", message: "RAMP_STATUS = INDETERMINATE dt = 2.74466 m = 0.00544"}
{timestamp:6.95142, localtime:6.95142, state:"IN_SP", message: "INDETERMINATE dt = 2.76860 m = 0.00544"}
{timestamp:6.96738, localtime:6.96738, state:"IN_SP", message: "RAMP_STATUS = INDETERMINATE dt = 2.76860 m = 0.00504"}
{timestamp:6.96738, localtime:6.96738, state:"IN_SP", message: "INDETERMINATE dt = 2.78456 m = 0.00504"}
{timestamp:6.98832, localtime:6.98832, state:"IN_SP", message: "RAMP_STATUS = INDETERMINATE dt = 2.78456 m = 0.00069"}
{timestamp:6.98832, localtime:6.98832, state:"IN_SP", message: "INDETERMINATE dt = 2.80550 m = 0.00069"}
{timestamp:7.00727, localtime:7.00727, state:"IN_SP", message: "RAMP_STATUS = INDETERMINATE dt = 2.80550 m = 0.00063"}
{timestamp:7.00727, localtime:7.00727, state:"IN_SP", message: "INDETERMINATE dt = 2.82445 m = 0.00063"}
{timestamp:7.02822, localtime:7.02822, state:"IN_SP", message: "RAMP_STATUS = INDETERMINATE dt = 2.82445 m = 0.00000"}
{timestamp:7.02822, localtime:7.02822, state:"IN_SP", message: "INDETERMINATE dt = 2.84540 m = 0.00000"}
{timestamp:7.04717, localtime:7.04717, state:"IN_SP", message: "RAMP_STATUS = INDETERMINATE dt = 2.84540 m = 0.00000"}
{timestamp:7.04717, localtime:7.04717, state:"IN_SP", message: "INDETERMINATE dt = 2.86434 m = 0.00000"}
{timestamp:7.06611, localtime:7.06611, state:"IN_SP", message: "RAMP_STATUS = INDETERMINATE dt = 2.86434 m = 0.00086"}
{timestamp:7.06611, localtime:7.06611, state:"IN_SP", message: "INDETERMINATE dt = 2.88329 m = 0.00086"}
{timestamp:7.08606, localtime:7.08606, state:"IN_SP", message: "RAMP_STATUS = INDETERMINATE dt = 2.88329 m = 0.01914"}
{timestamp:7.08606, localtime:7.08606, state:"IN_SP", message: "INDETERMINATE dt = 2.90324 m = 0.01914"}
{timestamp:7.10601, localtime:7.10601, state:"IN_SP", message: "RAMP_STATUS = INDETERMINATE dt = 2.90324 m = 0.01914"}
{timestamp:7.10601, localtime:7.10601, state:"IN_SP", message: "INDETERMINATE dt = 2.92319 m = 0.01914"}
{timestamp:7.12795, localtime:7.12795, state:"IN_SP", message: "RAMP_STATUS = INDETERMINATE dt = 2.92319 m = 0.00000"}
{timestamp:7.12795, localtime:7.12795, state:"IN_SP", message: "INDETERMINATE dt = 2.94513 m = 0.00000"}
{timestamp:7.14889, localtime:7.14889, state:"IN_SP", message: "RAMP_STATUS = INDETERMINATE dt = 2.94513 m = -0.00624"}
{timestamp:7.14889, localtime:7.14889, state:"IN_SP", message: "INDETERMINATE dt = 2.96607 m = -0.00624"}
