{timestamp:undefined, localtime:NaN, state:"undefined", message: "PROGRESS RESET CALLED "}
{timestamp:undefined, localtime:NaN, state:"configuring detector.", message: "undefined"}
{timestamp:undefined, localtime:NaN, state:"SEARCH_SP", message: "PROGRESS RESET CALLED "}
{timestamp:0.00000, localtime:0.00000, state:"SEARCH_SP", message: "SEARCHING  m = null"}
{timestamp:0.00000, localtime:0.00000, state:"SEARCH_SP", message: "PROGRESS RESET CALLED "}
{timestamp:0.02094, localtime:0.02094, state:"SEARCH_SP", message: "SEARCHING  m = 0.70476"}
{timestamp:0.02094, localtime:0.02094, state:"SEARCH_SP", message: "PROGRESS RESET CALLED "}
{timestamp:0.04089, localtime:0.04089, state:"SEARCH_SP", message: "SEARCHING  m = 1.21126"}
{timestamp:0.04089, localtime:0.04089, state:"SEARCH_SP", message: "PROGRESS RESET CALLED "}
{timestamp:0.06084, localtime:0.06084, state:"SEARCH_SP", message: "SEARCHING  m = 1.21126"}
{timestamp:0.06084, localtime:0.06084, state:"SEARCH_SP", message: "PROGRESS RESET CALLED "}
{timestamp:0.08178, localtime:0.08178, state:"SEARCH_SP", message: "SEARCHING  m = 0.17314"}
{timestamp:0.08178, localtime:0.08178, state:"SEARCH_SP", message: "PROGRESS RESET CALLED "}
{timestamp:0.10372, localtime:0.10372, state:"SEARCH_SP", message: "SEARCHING  m = 0.03346"}
{timestamp:0.10372, localtime:0.10372, state:"SEARCH_SP", message: "PROGRESS RESET CALLED "}
{timestamp:0.12168, localtime:0.12168, state:"SEARCH_SP", message: "SEARCHING  m = 0.00000"}
{timestamp:0.12168, localtime:0.12168, state:"SEARCH_SP", message: "PROGRESS RESET CALLED "}
{timestamp:0.13963, localtime:0.13963, state:"SEARCH_SP", message: "SEARCHING  m = -0.03819"}
{timestamp:0.13963, localtime:0.13963, state:"SEARCH_SP", message: "PROGRESS RESET CALLED "}
{timestamp:0.15957, localtime:0.15957, state:"SEARCH_SP", message: "SEARCHING  m = -0.03819"}
{timestamp:0.15957, localtime:0.15957, state:"SEARCH_SP", message: "PROGRESS RESET CALLED "}
{timestamp:0.18052, localtime:0.18052, state:"SEARCH_SP", message: "SEARCHING  m = -0.01091"}
{timestamp:0.18052, localtime:0.18052, state:"SEARCH_SP", message: "PROGRESS RESET CALLED "}
{timestamp:0.20046, localtime:0.20046, state:"SEARCH_SP", message: "SEARCHING  m = -0.01091"}
{timestamp:0.20046, localtime:0.20046, state:"SEARCH_SP", message: "PROGRESS RESET CALLED "}
{timestamp:0.22041, localtime:0.22041, state:"SEARCH_SP", message: "SEARCHING  m = -0.02075"}
{timestamp:0.22041, localtime:0.22041, state:"SEARCH_SP", message: "PROGRESS RESET CALLED "}
{timestamp:0.23936, localtime:0.23936, state:"SEARCH_SP", message: "SEARCHING  m = -0.04696"}
{timestamp:0.23936, localtime:0.23936, state:"SEARCH_SP", message: "PROGRESS RESET CALLED "}
{timestamp:0.26130, localtime:0.26130, state:"SEARCH_SP", message: "SEARCHING  m = -0.04696"}
{timestamp:0.26130, localtime:0.26130, state:"SEARCH_SP", message: "PROGRESS RESET CALLED "}
{timestamp:0.28025, localtime:0.28025, state:"SEARCH_SP", message: "SEARCHING  m = -0.04696"}
{timestamp:0.28025, localtime:0.28025, state:"SEARCH_SP", message: "PROGRESS RESET CALLED "}
{timestamp:0.29920, localtime:0.29920, state:"SEARCH_SP", message: "START t = 0.29920077323913574 m = -0.059708319132662876 f = true"}
{timestamp:0.32015, localtime:0.32015, state:"SEARCH_SP", message: "BUILD EVIDENCE  dt = 0.02094 m = -0.05971  f = 1.00000 [1.00000]"}
{timestamp:0.34109, localtime:0.34109, state:"SEARCH_SP", message: "BUILD EVIDENCE  dt = 0.04189 m = -0.05512  f = 1.00000 [2.00000]"}
{timestamp:0.36004, localtime:0.36004, state:"IN_SP", message: "INDETERMINATE dt = 0.06084 m = -0.04173"}
{timestamp:0.37999, localtime:0.37999, state:"IN_SP", message: "RAMP_STATUS = INDETERMINATE dt = 0.06084 m = -0.03614"}
{timestamp:0.37999, localtime:0.37999, state:"IN_SP", message: "INDETERMINATE dt = 0.08079 m = -0.03614"}
{timestamp:0.40591, localtime:0.40591, state:"STEP", message: "START STATIONARITY (COUNT = 0 T = 0.4059145450592041)"}
{timestamp:0.40591, localtime:0.40591, state:"IN_SP", message: "RAMP_STATUS = INDETERMINATE dt = 0.08079 m = -0.03614"}
{timestamp:0.40591, localtime:0.40591, state:"IN_SP", message: "INDETERMINATE dt = 0.10671 m = -0.03614"}
{timestamp:0.42486, localtime:0.42486, state:"IN_SP", message: "RAMP_STATUS = INDETERMINATE dt = 0.10671 m = -0.03994"}
{timestamp:0.42486, localtime:0.42486, state:"IN_SP", message: "INDETERMINATE dt = 0.12566 m = -0.03994"}
{timestamp:0.44780, localtime:0.44780, state:"IN_SP", message: "RAMP_STATUS = WITH dt = 0.12566 m = -0.05614"}
{timestamp:0.44780, localtime:0.44780, state:"IN_SP", message: "EXTEND dt = 0.14860 m = -0.05614"}
{timestamp:0.46476, localtime:0.46476, state:"IN_SP", message: "RAMP_STATUS = WITH dt = 0.14860 m = -0.11480"}
{timestamp:0.46476, localtime:0.46476, state:"IN_SP", message: "EXTEND dt = 0.16556 m = -0.11480"}
{timestamp:0.48570, localtime:0.48570, state:"IN_SP", message: "RAMP_STATUS = WITH dt = 0.16556 m = -0.11480"}
{timestamp:0.48570, localtime:0.48570, state:"IN_SP", message: "EXTEND dt = 0.18650 m = -0.11480"}
{timestamp:0.50565, localtime:0.50565, state:"IN_SP", message: "RAMP_STATUS = WITH dt = 0.18650 m = -0.07928"}
{timestamp:0.50565, localtime:0.50565, state:"IN_SP", message: "EXTEND dt = 0.20645 m = -0.07928"}
{timestamp:0.52460, localtime:0.52460, state:"IN_SP", message: "RAMP_STATUS = INDETERMINATE dt = 0.20645 m = -0.04457"}
{timestamp:0.52460, localtime:0.52460, state:"IN_SP", message: "INDETERMINATE dt = 0.22540 m = -0.04457"}
{timestamp:0.54355, localtime:0.54355, state:"IN_SP", message: "RAMP_STATUS = INDETERMINATE dt = 0.22540 m = -0.04457"}
{timestamp:0.54355, localtime:0.54355, state:"IN_SP", message: "INDETERMINATE dt = 0.24435 m = -0.04457"}
{timestamp:0.56050, localtime:0.56050, state:"IN_SP", message: "RAMP_STATUS = WITH dt = 0.24435 m = -0.06205"}
{timestamp:0.56050, localtime:0.56050, state:"IN_SP", message: "EXTEND dt = 0.26130 m = -0.06205"}
{timestamp:0.58145, localtime:0.58145, state:"IN_SP", message: "RAMP_STATUS = WITH dt = 0.26130 m = -0.07386"}
{timestamp:0.58145, localtime:0.58145, state:"IN_SP", message: "EXTEND dt = 0.28225 m = -0.07386"}
{timestamp:0.60837, localtime:0.60837, state:"IN_SP", message: "RAMP_STATUS = WITH dt = 0.28225 m = -0.07297"}
{timestamp:0.60837, localtime:0.60837, state:"IN_SP", message: "EXTEND dt = 0.30917 m = -0.07297"}
{timestamp:0.62732, localtime:0.62732, state:"IN_SP", message: "RAMP_STATUS = WITH dt = 0.30917 m = -0.07297"}
{timestamp:0.62732, localtime:0.62732, state:"IN_SP", message: "EXTEND dt = 0.32812 m = -0.07297"}
{timestamp:0.64428, localtime:0.64428, state:"IN_SP", message: "RAMP_STATUS = INDETERMINATE dt = 0.32812 m = 0.00000"}
{timestamp:0.64428, localtime:0.64428, state:"IN_SP", message: "INDETERMINATE dt = 0.34508 m = 0.00000"}
{timestamp:0.66323, localtime:0.66323, state:"IN_SP", message: "RAMP_STATUS = INDETERMINATE dt = 0.34508 m = 0.00772"}
{timestamp:0.66323, localtime:0.66323, state:"IN_SP", message: "INDETERMINATE dt = 0.36403 m = 0.00772"}
{timestamp:0.68417, localtime:0.68417, state:"IN_SP", message: "RAMP_STATUS = AGAINST dt = 0.36403 m = 0.35647"}
{timestamp:0.68417, localtime:0.68417, state:"IN_QP", message: "START QP @ t = 0.68417 d = UPWARD m = 0.35647 max_sp_v = -0.14265"}
{timestamp:0.70512, localtime:0.70512, state:"IN_QP", message: "IN_QP VELOCITY CHECK v: 0.24058139903830697 dirn.: UPWARD"}
{timestamp:0.70512, localtime:0.70512, state:"IN_QP", message: "EXTEND dt = 0.06084 m = 0.35647"}
{timestamp:0.72307, localtime:0.72307, state:"IN_QP", message: "IN_QP VELOCITY CHECK v: 0.023415184317956136 dirn.: UPWARD"}
{timestamp:0.72307, localtime:0.72307, state:"IN_QP", message: "EXTEND dt = 0.07879 m = 0.24058"}
{timestamp:0.74401, localtime:0.74401, state:"IN_QP", message: "IN_QP VELOCITY CHECK v: 0 dirn.: UPWARD"}
{timestamp:0.74401, localtime:0.74401, state:"FOUND", message: "END (INDETERMINATE) m = 0.02342 [PASS-THROUGH TO FOUND]"}
{timestamp:0.74401, localtime:0.74401, state:"FOUND", message: "END qp end time = 0.74401  qp duration = 0.09973"}
{timestamp:0.74401, localtime:0.74401, state:"FOUND", message: "[PRE-VALIDATOR] END qp end time = 0.74401  qp duration = 0.09973"}
{timestamp:0.74401, localtime:0.74401, state:"FOUND", message: "PASSED VALIDITY CHECK"}
{timestamp:0.74401, localtime:0.74401, state:"FOUND", message: "PROGRESS RESET CALLED "}
{timestamp:0.74401, localtime:0.74401, state:"SEARCH_SP", message: "[FOUND] EARLY RESTART t_early = 0.744011640548706, t = 0.744011640548706 m = 0.023415184317956136 f = true"}
{timestamp:0.76695, localtime:0.76695, state:"IN_SP", message: "INDETERMINATE dt = 0.02294 m = 0.00000"}
{timestamp:0.78590, localtime:0.78590, state:"IN_SP", message: "RAMP_STATUS = INDETERMINATE dt = 0.02294 m = -0.01179"}
{timestamp:0.78590, localtime:0.78590, state:"IN_SP", message: "INDETERMINATE dt = 0.04189 m = -0.01179"}
{timestamp:0.80485, localtime:0.80485, state:"IN_SP", message: "RAMP_STATUS = INDETERMINATE dt = 0.04189 m = -0.03703"}
{timestamp:0.80485, localtime:0.80485, state:"IN_SP", message: "INDETERMINATE dt = 0.06084 m = -0.03703"}
{timestamp:0.82280, localtime:0.82280, state:"IN_SP", message: "RAMP_STATUS = INDETERMINATE dt = 0.06084 m = -0.04311"}
{timestamp:0.82280, localtime:0.82280, state:"IN_SP", message: "INDETERMINATE dt = 0.07879 m = -0.04311"}
{timestamp:0.84275, localtime:0.84275, state:"IN_SP", message: "RAMP_STATUS = INDETERMINATE dt = 0.07879 m = -0.04311"}
{timestamp:0.84275, localtime:0.84275, state:"IN_SP", message: "INDETERMINATE dt = 0.09874 m = -0.04311"}
{timestamp:0.86768, localtime:0.86768, state:"IN_SP", message: "RAMP_STATUS = INDETERMINATE dt = 0.09874 m = -0.04311"}
{timestamp:0.86768, localtime:0.86768, state:"IN_SP", message: "INDETERMINATE dt = 0.12367 m = -0.04311"}
{timestamp:0.88364, localtime:0.88364, state:"IN_SP", message: "RAMP_STATUS = INDETERMINATE dt = 0.12367 m = -0.04050"}
{timestamp:0.88364, localtime:0.88364, state:"IN_SP", message: "INDETERMINATE dt = 0.13963 m = -0.04050"}
{timestamp:0.90857, localtime:0.90857, state:"IN_SP", message: "RAMP_STATUS = WITH dt = 0.13963 m = -0.05046"}
{timestamp:0.90857, localtime:0.90857, state:"IN_SP", message: "EXTEND dt = 0.16456 m = -0.05046"}
{timestamp:0.92652, localtime:0.92652, state:"IN_SP", message: "RAMP_STATUS = WITH dt = 0.16456 m = -0.05046"}
{timestamp:0.92652, localtime:0.92652, state:"IN_SP", message: "EXTEND dt = 0.18251 m = -0.05046"}
{timestamp:0.94348, localtime:0.94348, state:"IN_SP", message: "RAMP_STATUS = WITH dt = 0.18251 m = -0.06625"}
{timestamp:0.94348, localtime:0.94348, state:"IN_SP", message: "EXTEND dt = 0.19947 m = -0.06625"}
{timestamp:0.96542, localtime:0.96542, state:"IN_SP", message: "RAMP_STATUS = WITH dt = 0.19947 m = -0.06625"}
{timestamp:0.96542, localtime:0.96542, state:"IN_SP", message: "EXTEND dt = 0.22141 m = -0.06625"}
{timestamp:0.98537, localtime:0.98537, state:"IN_SP", message: "RAMP_STATUS = INDETERMINATE dt = 0.22141 m = -0.03540"}
{timestamp:0.98537, localtime:0.98537, state:"IN_SP", message: "INDETERMINATE dt = 0.24136 m = -0.03540"}
{timestamp:1.00332, localtime:1.00332, state:"IN_SP", message: "RAMP_STATUS = INDETERMINATE dt = 0.24136 m = -0.03540"}
{timestamp:1.00332, localtime:1.00332, state:"IN_SP", message: "INDETERMINATE dt = 0.25931 m = -0.03540"}
{timestamp:1.02526, localtime:1.02526, state:"IN_SP", message: "RAMP_STATUS = WITH dt = 0.25931 m = -0.05118"}
{timestamp:1.02526, localtime:1.02526, state:"IN_SP", message: "EXTEND dt = 0.28125 m = -0.05118"}
{timestamp:1.04321, localtime:1.04321, state:"IN_SP", message: "RAMP_STATUS = WITH dt = 0.28125 m = -0.05147"}
{timestamp:1.04321, localtime:1.04321, state:"IN_SP", message: "EXTEND dt = 0.29920 m = -0.05147"}
{timestamp:1.06416, localtime:1.06416, state:"IN_SP", message: "RAMP_STATUS = WITH dt = 0.29920 m = -0.06068"}
{timestamp:1.06416, localtime:1.06416, state:"IN_SP", message: "EXTEND dt = 0.32014 m = -0.06068"}
{timestamp:1.08510, localtime:1.08510, state:"IN_SP", message: "RAMP_STATUS = WITH dt = 0.32014 m = -0.06068"}
{timestamp:1.08510, localtime:1.08510, state:"IN_SP", message: "EXTEND dt = 0.34109 m = -0.06068"}
{timestamp:1.12100, localtime:1.12100, state:"IN_SP", message: "RAMP_STATUS = INDETERMINATE dt = 0.34109 m = -0.04027"}
{timestamp:1.12100, localtime:1.12100, state:"IN_SP", message: "INDETERMINATE dt = 0.37699 m = -0.04027"}
{timestamp:1.13696, localtime:1.13696, state:"IN_SP", message: "RAMP_STATUS = INDETERMINATE dt = 0.37699 m = -0.03019"}
{timestamp:1.13696, localtime:1.13696, state:"IN_SP", message: "INDETERMINATE dt = 0.39295 m = -0.03019"}
{timestamp:1.15392, localtime:1.15392, state:"IN_SP", message: "RAMP_STATUS = INDETERMINATE dt = 0.39295 m = -0.02282"}
{timestamp:1.15392, localtime:1.15392, state:"IN_SP", message: "INDETERMINATE dt = 0.40990 m = -0.02282"}
{timestamp:1.16987, localtime:1.16987, state:"IN_SP", message: "RAMP_STATUS = INDETERMINATE dt = 0.40990 m = 0.00000"}
{timestamp:1.16987, localtime:1.16987, state:"IN_SP", message: "INDETERMINATE dt = 0.42586 m = 0.00000"}
{timestamp:1.18782, localtime:1.18782, state:"IN_SP", message: "RAMP_STATUS = AGAINST dt = 0.42586 m = 0.22772"}
{timestamp:1.18782, localtime:1.18782, state:"IN_QP", message: "START QP @ t = 1.18782 d = UPWARD m = 0.22772 max_sp_v = -0.10101"}
{timestamp:1.20378, localtime:1.20378, state:"IN_QP", message: "IN_QP VELOCITY CHECK v: 0.1208993526549165 dirn.: UPWARD"}
{timestamp:1.20378, localtime:1.20378, state:"IN_QP", message: "EXTEND dt = 0.03391 m = 0.22772"}
{timestamp:1.22971, localtime:1.22971, state:"IN_QP", message: "IN_QP VELOCITY CHECK v: 0.03947489613442279 dirn.: UPWARD"}
{timestamp:1.22971, localtime:1.22971, state:"IN_QP", message: "EXTEND dt = 0.05984 m = 0.12090"}
{timestamp:1.24368, localtime:1.24368, state:"IN_QP", message: "IN_QP VELOCITY CHECK v: 0.012188053545526512 dirn.: UPWARD"}
{timestamp:1.24368, localtime:1.24368, state:"FOUND", message: "END (INDETERMINATE) m = 0.03947 [PASS-THROUGH TO FOUND]"}
{timestamp:1.24368, localtime:1.24368, state:"FOUND", message: "END qp end time = 1.24368  qp duration = 0.07380"}
{timestamp:1.24368, localtime:1.24368, state:"FOUND", message: "[PRE-VALIDATOR] END qp end time = 1.24368  qp duration = 0.07380"}
{timestamp:1.24368, localtime:1.24368, state:"FOUND", message: "PASSED VALIDITY CHECK"}
{timestamp:1.24368, localtime:1.24368, state:"FOUND", message: "PROGRESS RESET CALLED "}
{timestamp:1.24368, localtime:1.24368, state:"SEARCH_SP", message: "[FOUND] EARLY RESTART t_early = 1.243675947189331, t = 1.243675947189331 m = 0.03947489613442279 f = true"}
{timestamp:1.26163, localtime:1.26163, state:"IN_SP", message: "INDETERMINATE dt = 0.01795 m = 0.01219"}
{timestamp:1.28457, localtime:1.28457, state:"IN_SP", message: "RAMP_STATUS = INDETERMINATE dt = 0.01795 m = 0.00000"}
{timestamp:1.28457, localtime:1.28457, state:"IN_SP", message: "INDETERMINATE dt = 0.04089 m = 0.00000"}
{timestamp:1.30850, localtime:1.30850, state:"IN_SP", message: "RAMP_STATUS = INDETERMINATE dt = 0.04089 m = -0.00602"}
{timestamp:1.30850, localtime:1.30850, state:"IN_SP", message: "INDETERMINATE dt = 0.06483 m = -0.00602"}
{timestamp:1.32446, localtime:1.32446, state:"IN_SP", message: "RAMP_STATUS = INDETERMINATE dt = 0.06483 m = -0.02153"}
{timestamp:1.32446, localtime:1.32446, state:"IN_SP", message: "INDETERMINATE dt = 0.08078 m = -0.02153"}
{timestamp:1.34441, localtime:1.34441, state:"IN_SP", message: "RAMP_STATUS = INDETERMINATE dt = 0.08078 m = -0.02617"}
{timestamp:1.34441, localtime:1.34441, state:"IN_SP", message: "INDETERMINATE dt = 0.10073 m = -0.02617"}
{timestamp:1.36236, localtime:1.36236, state:"IN_SP", message: "RAMP_STATUS = INDETERMINATE dt = 0.10073 m = -0.02617"}
{timestamp:1.36236, localtime:1.36236, state:"IN_SP", message: "INDETERMINATE dt = 0.11868 m = -0.02617"}
{timestamp:1.38530, localtime:1.38530, state:"IN_SP", message: "RAMP_STATUS = INDETERMINATE dt = 0.11868 m = -0.01545"}
{timestamp:1.38530, localtime:1.38530, state:"IN_SP", message: "INDETERMINATE dt = 0.14162 m = -0.01545"}
{timestamp:1.40724, localtime:1.40724, state:"IN_SP", message: "RAMP_STATUS = INDETERMINATE dt = 0.14162 m = -0.01545"}
{timestamp:1.40724, localtime:1.40724, state:"IN_SP", message: "INDETERMINATE dt = 0.16356 m = -0.01545"}
{timestamp:1.42220, localtime:1.42220, state:"IN_SP", message: "RAMP_STATUS = INDETERMINATE dt = 0.16356 m = -0.04922"}
{timestamp:1.42220, localtime:1.42220, state:"IN_SP", message: "INDETERMINATE dt = 0.17852 m = -0.04922"}
{timestamp:1.44215, localtime:1.44215, state:"IN_SP", message: "RAMP_STATUS = WITH dt = 0.17852 m = -0.05889"}
{timestamp:1.44215, localtime:1.44215, state:"IN_SP", message: "EXTEND dt = 0.19847 m = -0.05889"}
{timestamp:1.46409, localtime:1.46409, state:"IN_SP", message: "RAMP_STATUS = WITH dt = 0.19847 m = -0.05889"}
{timestamp:1.46409, localtime:1.46409, state:"IN_SP", message: "EXTEND dt = 0.22041 m = -0.05889"}
{timestamp:1.48802, localtime:1.48802, state:"IN_SP", message: "RAMP_STATUS = WITH dt = 0.22041 m = -0.05889"}
{timestamp:1.48802, localtime:1.48802, state:"IN_SP", message: "EXTEND dt = 0.24435 m = -0.05889"}
{timestamp:1.50398, localtime:1.50398, state:"IN_SP", message: "RAMP_STATUS = WITH dt = 0.24435 m = -0.08891"}
{timestamp:1.50398, localtime:1.50398, state:"IN_SP", message: "EXTEND dt = 0.26030 m = -0.08891"}
{timestamp:1.52393, localtime:1.52393, state:"IN_SP", message: "RAMP_STATUS = WITH dt = 0.26030 m = -0.08891"}
{timestamp:1.52393, localtime:1.52393, state:"IN_SP", message: "EXTEND dt = 0.28025 m = -0.08891"}
{timestamp:1.55086, localtime:1.55086, state:"IN_SP", message: "RAMP_STATUS = WITH dt = 0.28025 m = -0.07607"}
{timestamp:1.55086, localtime:1.55086, state:"IN_SP", message: "EXTEND dt = 0.30718 m = -0.07607"}
{timestamp:1.56781, localtime:1.56781, state:"IN_SP", message: "RAMP_STATUS = INDETERMINATE dt = 0.30718 m = -0.04787"}
{timestamp:1.56781, localtime:1.56781, state:"IN_SP", message: "INDETERMINATE dt = 0.32413 m = -0.04787"}
{timestamp:1.58776, localtime:1.58776, state:"IN_SP", message: "RAMP_STATUS = INDETERMINATE dt = 0.32413 m = -0.03855"}
{timestamp:1.58776, localtime:1.58776, state:"IN_SP", message: "INDETERMINATE dt = 0.34408 m = -0.03855"}
{timestamp:1.62765, localtime:1.62765, state:"IN_SP", message: "RAMP_STATUS = INDETERMINATE dt = 0.34408 m = -0.02905"}
{timestamp:1.62765, localtime:1.62765, state:"IN_SP", message: "INDETERMINATE dt = 0.38397 m = -0.02905"}
{timestamp:1.63962, localtime:1.63962, state:"IN_SP", message: "RAMP_STATUS = INDETERMINATE dt = 0.38397 m = -0.02503"}
{timestamp:1.63962, localtime:1.63962, state:"IN_SP", message: "INDETERMINATE dt = 0.39594 m = -0.02503"}
{timestamp:1.65757, localtime:1.65757, state:"IN_SP", message: "RAMP_STATUS = INDETERMINATE dt = 0.39594 m = -0.02503"}
{timestamp:1.65757, localtime:1.65757, state:"IN_SP", message: "INDETERMINATE dt = 0.41389 m = -0.02503"}
{timestamp:1.67652, localtime:1.67652, state:"IN_SP", message: "RAMP_STATUS = INDETERMINATE dt = 0.41389 m = 0.00000"}
{timestamp:1.67652, localtime:1.67652, state:"IN_SP", message: "INDETERMINATE dt = 0.43284 m = 0.00000"}
{timestamp:1.69547, localtime:1.69547, state:"IN_SP", message: "RAMP_STATUS = AGAINST dt = 0.43284 m = 0.05975"}
{timestamp:1.69547, localtime:1.69547, state:"IN_QP", message: "START QP @ t = 1.69547 d = UPWARD m = 0.05975 max_sp_v = -0.14588"}
{timestamp:1.71641, localtime:1.71641, state:"IN_QP", message: "IN_QP VELOCITY CHECK v: 0.26897146545882 dirn.: UPWARD"}
{timestamp:1.71641, localtime:1.71641, state:"IN_QP", message: "EXTEND dt = 0.03989 m = 0.26897"}
{timestamp:1.73736, localtime:1.73736, state:"IN_QP", message: "IN_QP VELOCITY CHECK v: 0.03685580791079538 dirn.: UPWARD"}
{timestamp:1.73736, localtime:1.73736, state:"IN_QP", message: "EXTEND dt = 0.06084 m = 0.26897"}
{timestamp:1.75730, localtime:1.75730, state:"IN_QP", message: "IN_QP VELOCITY CHECK v: 0.005003295805100416 dirn.: UPWARD"}
{timestamp:1.75730, localtime:1.75730, state:"FOUND", message: "END (INDETERMINATE) m = 0.03686 [PASS-THROUGH TO FOUND]"}
{timestamp:1.75730, localtime:1.75730, state:"FOUND", message: "END qp end time = 1.75730  qp duration = 0.08078"}
{timestamp:1.75730, localtime:1.75730, state:"FOUND", message: "[PRE-VALIDATOR] END qp end time = 1.75730  qp duration = 0.08078"}
{timestamp:1.75730, localtime:1.75730, state:"FOUND", message: "PASSED VALIDITY CHECK"}
{timestamp:1.75730, localtime:1.75730, state:"FOUND", message: "PROGRESS RESET CALLED "}
{timestamp:1.75730, localtime:1.75730, state:"SEARCH_SP", message: "[FOUND] EARLY RESTART t_early = 1.7573037147521973, t = 1.7573037147521973 m = 0.03685580791079538 f = true"}
{timestamp:1.77725, localtime:1.77725, state:"IN_SP", message: "INDETERMINATE dt = 0.01995 m = 0.00500"}
{timestamp:1.79620, localtime:1.79620, state:"IN_SP", message: "RAMP_STATUS = INDETERMINATE dt = 0.01995 m = -0.00513"}
{timestamp:1.79620, localtime:1.79620, state:"IN_SP", message: "INDETERMINATE dt = 0.03890 m = -0.00513"}
{timestamp:1.81615, localtime:1.81615, state:"IN_SP", message: "RAMP_STATUS = INDETERMINATE dt = 0.03890 m = -0.00513"}
{timestamp:1.81615, localtime:1.81615, state:"IN_SP", message: "INDETERMINATE dt = 0.05884 m = -0.00513"}
{timestamp:1.83809, localtime:1.83809, state:"IN_SP", message: "RAMP_STATUS = INDETERMINATE dt = 0.05884 m = -0.00710"}
{timestamp:1.83809, localtime:1.83809, state:"IN_SP", message: "INDETERMINATE dt = 0.08078 m = -0.00710"}
{timestamp:1.85803, localtime:1.85803, state:"IN_SP", message: "RAMP_STATUS = INDETERMINATE dt = 0.08078 m = -0.01210"}
{timestamp:1.85803, localtime:1.85803, state:"IN_SP", message: "INDETERMINATE dt = 0.10073 m = -0.01210"}
{timestamp:1.87698, localtime:1.87698, state:"IN_SP", message: "RAMP_STATUS = INDETERMINATE dt = 0.10073 m = -0.03104"}
{timestamp:1.87698, localtime:1.87698, state:"IN_SP", message: "INDETERMINATE dt = 0.11968 m = -0.03104"}
{timestamp:1.89593, localtime:1.89593, state:"IN_SP", message: "RAMP_STATUS = INDETERMINATE dt = 0.11968 m = -0.03104"}
{timestamp:1.89593, localtime:1.89593, state:"IN_SP", message: "INDETERMINATE dt = 0.13863 m = -0.03104"}
{timestamp:1.91588, localtime:1.91588, state:"IN_SP", message: "RAMP_STATUS = INDETERMINATE dt = 0.13863 m = -0.03104"}
{timestamp:1.91588, localtime:1.91588, state:"IN_SP", message: "INDETERMINATE dt = 0.15858 m = -0.03104"}
{timestamp:1.93782, localtime:1.93782, state:"IN_SP", message: "RAMP_STATUS = INDETERMINATE dt = 0.15858 m = -0.03645"}
{timestamp:1.93782, localtime:1.93782, state:"IN_SP", message: "INDETERMINATE dt = 0.18052 m = -0.03645"}
{timestamp:1.96275, localtime:1.96275, state:"IN_SP", message: "RAMP_STATUS = INDETERMINATE dt = 0.18052 m = -0.04614"}
{timestamp:1.96275, localtime:1.96275, state:"IN_SP", message: "INDETERMINATE dt = 0.20545 m = -0.04614"}
{timestamp:1.97672, localtime:1.97672, state:"IN_SP", message: "RAMP_STATUS = WITH dt = 0.20545 m = -0.07177"}
{timestamp:1.97672, localtime:1.97672, state:"IN_SP", message: "EXTEND dt = 0.21941 m = -0.07177"}
{timestamp:1.99666, localtime:1.99666, state:"IN_SP", message: "RAMP_STATUS = WITH dt = 0.21941 m = -0.07177"}
{timestamp:1.99666, localtime:1.99666, state:"IN_SP", message: "EXTEND dt = 0.23936 m = -0.07177"}
{timestamp:2.01661, localtime:2.01661, state:"IN_SP", message: "RAMP_STATUS = WITH dt = 0.23936 m = -0.05405"}
{timestamp:2.01661, localtime:2.01661, state:"IN_SP", message: "EXTEND dt = 0.25931 m = -0.05405"}
{timestamp:2.03656, localtime:2.03656, state:"IN_SP", message: "RAMP_STATUS = WITH dt = 0.25931 m = -0.05405"}
{timestamp:2.03656, localtime:2.03656, state:"IN_SP", message: "EXTEND dt = 0.27925 m = -0.05405"}
{timestamp:2.05750, localtime:2.05750, state:"IN_SP", message: "RAMP_STATUS = WITH dt = 0.27925 m = -0.06073"}
{timestamp:2.05750, localtime:2.05750, state:"IN_SP", message: "EXTEND dt = 0.30020 m = -0.06073"}
{timestamp:2.07944, localtime:2.07944, state:"IN_SP", message: "RAMP_STATUS = WITH dt = 0.30020 m = -0.06073"}
{timestamp:2.07944, localtime:2.07944, state:"IN_SP", message: "EXTEND dt = 0.32214 m = -0.06073"}
{timestamp:2.09739, localtime:2.09739, state:"IN_SP", message: "RAMP_STATUS = INDETERMINATE dt = 0.32214 m = -0.04707"}
{timestamp:2.09739, localtime:2.09739, state:"IN_SP", message: "INDETERMINATE dt = 0.34009 m = -0.04707"}
{timestamp:2.11734, localtime:2.11734, state:"IN_SP", message: "RAMP_STATUS = INDETERMINATE dt = 0.34009 m = -0.04707"}
{timestamp:2.11734, localtime:2.11734, state:"IN_SP", message: "INDETERMINATE dt = 0.36004 m = -0.04707"}
{timestamp:2.13629, localtime:2.13629, state:"IN_SP", message: "RAMP_STATUS = INDETERMINATE dt = 0.36004 m = -0.04707"}
{timestamp:2.13629, localtime:2.13629, state:"IN_SP", message: "INDETERMINATE dt = 0.37899 m = -0.04707"}
{timestamp:2.15823, localtime:2.15823, state:"IN_SP", message: "RAMP_STATUS = INDETERMINATE dt = 0.37899 m = -0.01337"}
{timestamp:2.15823, localtime:2.15823, state:"IN_SP", message: "INDETERMINATE dt = 0.40093 m = -0.01337"}
{timestamp:2.17618, localtime:2.17618, state:"IN_SP", message: "RAMP_STATUS = INDETERMINATE dt = 0.40093 m = 0.00000"}
{timestamp:2.17618, localtime:2.17618, state:"IN_SP", message: "INDETERMINATE dt = 0.41888 m = 0.00000"}
{timestamp:2.19513, localtime:2.19513, state:"IN_SP", message: "RAMP_STATUS = AGAINST dt = 0.41888 m = 0.11042"}
{timestamp:2.19513, localtime:2.19513, state:"IN_QP", message: "START QP @ t = 2.19513 d = UPWARD m = 0.11042 max_sp_v = -0.08677"}
{timestamp:2.21907, localtime:2.21907, state:"IN_QP", message: "IN_QP VELOCITY CHECK v: 0.08419432448947703 dirn.: UPWARD"}
{timestamp:2.21907, localtime:2.21907, state:"IN_QP", message: "EXTEND dt = 0.04289 m = 0.11042"}
{timestamp:2.23902, localtime:2.23902, state:"IN_QP", message: "IN_QP VELOCITY CHECK v: 0.06483863501530815 dirn.: UPWARD"}
{timestamp:2.23902, localtime:2.23902, state:"IN_QP", message: "EXTEND dt = 0.06283 m = 0.08419"}
{timestamp:2.25597, localtime:2.25597, state:"IN_QP", message: "IN_QP VELOCITY CHECK v: 0.028256577384629427 dirn.: UPWARD"}
{timestamp:2.25597, localtime:2.25597, state:"IN_QP", message: "EXTEND dt = 0.07979 m = 0.06484"}
{timestamp:2.27592, localtime:2.27592, state:"IN_QP", message: "IN_QP VELOCITY CHECK v: 0.09650059658110294 dirn.: UPWARD"}
{timestamp:2.27592, localtime:2.27592, state:"IN_QP", message: "EXTEND dt = 0.09973 m = 0.06484"}
{timestamp:2.29586, localtime:2.29586, state:"IN_QP", message: "IN_QP VELOCITY CHECK v: 0.14803082414951596 dirn.: UPWARD"}
{timestamp:2.29586, localtime:2.29586, state:"IN_QP", message: "EXTEND dt = 0.11968 m = 0.09650"}
{timestamp:2.31681, localtime:2.31681, state:"IN_QP", message: "IN_QP VELOCITY CHECK v: 0.07011785799034922 dirn.: UPWARD"}
{timestamp:2.31681, localtime:2.31681, state:"IN_QP", message: "EXTEND dt = 0.14062 m = 0.09650"}
{timestamp:2.33576, localtime:2.33576, state:"IN_QP", message: "IN_QP VELOCITY CHECK v: 0.016706065903550765 dirn.: UPWARD"}
{timestamp:2.33576, localtime:2.33576, state:"IN_QP", message: "EXTEND dt = 0.15957 m = 0.07012"}
{timestamp:2.35471, localtime:2.35471, state:"IN_QP", message: "IN_QP VELOCITY CHECK v: 0.007255875868900656 dirn.: UPWARD"}
{timestamp:2.35471, localtime:2.35471, state:"FOUND", message: "END (INDETERMINATE) m = 0.01671 [PASS-THROUGH TO FOUND]"}
{timestamp:2.35471, localtime:2.35471, state:"FOUND", message: "END qp end time = 2.35471  qp duration = 0.17852"}
{timestamp:2.35471, localtime:2.35471, state:"FOUND", message: "[PRE-VALIDATOR] END qp end time = 2.35471  qp duration = 0.17852"}
{timestamp:2.35471, localtime:2.35471, state:"FOUND", message: "PASSED VALIDITY CHECK"}
{timestamp:2.35471, localtime:2.35471, state:"FOUND", message: "PROGRESS RESET CALLED "}
{timestamp:2.35471, localtime:2.35471, state:"SEARCH_SP", message: "[FOUND] EARLY RESTART t_early = 2.354706048965454, t = 2.354706048965454 m = 0.016706065903550765 f = true"}
{timestamp:2.38064, localtime:2.38064, state:"IN_SP", message: "INDETERMINATE dt = 0.02593 m = 0.00726"}
{timestamp:2.39959, localtime:2.39959, state:"IN_SP", message: "RAMP_STATUS = INDETERMINATE dt = 0.02593 m = 0.00549"}
{timestamp:2.39959, localtime:2.39959, state:"IN_SP", message: "INDETERMINATE dt = 0.04488 m = 0.00549"}
{timestamp:2.42053, localtime:2.42053, state:"IN_SP", message: "RAMP_STATUS = INDETERMINATE dt = 0.04488 m = 0.00516"}
{timestamp:2.42053, localtime:2.42053, state:"IN_SP", message: "INDETERMINATE dt = 0.06583 m = 0.00516"}
{timestamp:2.43449, localtime:2.43449, state:"IN_SP", message: "RAMP_STATUS = INDETERMINATE dt = 0.06583 m = 0.00000"}
{timestamp:2.43449, localtime:2.43449, state:"IN_SP", message: "INDETERMINATE dt = 0.07979 m = 0.00000"}
{timestamp:2.46342, localtime:2.46342, state:"IN_SP", message: "RAMP_STATUS = INDETERMINATE dt = 0.07979 m = -0.00725"}
{timestamp:2.46342, localtime:2.46342, state:"IN_SP", message: "INDETERMINATE dt = 0.10871 m = -0.00725"}
{timestamp:2.48436, localtime:2.48436, state:"IN_SP", message: "RAMP_STATUS = INDETERMINATE dt = 0.10871 m = -0.00839"}
{timestamp:2.48436, localtime:2.48436, state:"IN_SP", message: "INDETERMINATE dt = 0.12965 m = -0.00839"}
{timestamp:2.50032, localtime:2.50032, state:"IN_SP", message: "RAMP_STATUS = INDETERMINATE dt = 0.12965 m = -0.01249"}
{timestamp:2.50032, localtime:2.50032, state:"IN_SP", message: "INDETERMINATE dt = 0.14561 m = -0.01249"}
{timestamp:2.51428, localtime:2.51428, state:"IN_SP", message: "RAMP_STATUS = INDETERMINATE dt = 0.14561 m = -0.01249"}
{timestamp:2.51428, localtime:2.51428, state:"IN_SP", message: "INDETERMINATE dt = 0.15957 m = -0.01249"}
{timestamp:2.53722, localtime:2.53722, state:"IN_SP", message: "RAMP_STATUS = INDETERMINATE dt = 0.15957 m = -0.00944"}
{timestamp:2.53722, localtime:2.53722, state:"IN_SP", message: "INDETERMINATE dt = 0.18251 m = -0.00944"}
{timestamp:2.56016, localtime:2.56016, state:"IN_SP", message: "RAMP_STATUS = INDETERMINATE dt = 0.18251 m = -0.00838"}
{timestamp:2.56016, localtime:2.56016, state:"IN_SP", message: "INDETERMINATE dt = 0.20545 m = -0.00838"}
{timestamp:2.58110, localtime:2.58110, state:"IN_SP", message: "RAMP_STATUS = INDETERMINATE dt = 0.20545 m = -0.00685"}
{timestamp:2.58110, localtime:2.58110, state:"IN_SP", message: "INDETERMINATE dt = 0.22640 m = -0.00685"}
{timestamp:2.59905, localtime:2.59905, state:"IN_SP", message: "RAMP_STATUS = INDETERMINATE dt = 0.22640 m = -0.00685"}
{timestamp:2.59905, localtime:2.59905, state:"IN_SP", message: "INDETERMINATE dt = 0.24435 m = -0.00685"}
{timestamp:2.61501, localtime:2.61501, state:"IN_SP", message: "RAMP_STATUS = INDETERMINATE dt = 0.24435 m = -0.03959"}
{timestamp:2.61501, localtime:2.61501, state:"IN_SP", message: "INDETERMINATE dt = 0.26030 m = -0.03959"}
{timestamp:2.63396, localtime:2.63396, state:"IN_SP", message: "RAMP_STATUS = INDETERMINATE dt = 0.26030 m = -0.03959"}
{timestamp:2.63396, localtime:2.63396, state:"IN_SP", message: "INDETERMINATE dt = 0.27925 m = -0.03959"}
{timestamp:2.65889, localtime:2.65889, state:"IN_SP", message: "RAMP_STATUS = INDETERMINATE dt = 0.27925 m = -0.02429"}
{timestamp:2.65889, localtime:2.65889, state:"IN_SP", message: "INDETERMINATE dt = 0.30419 m = -0.02429"}
{timestamp:2.67685, localtime:2.67685, state:"IN_SP", message: "RAMP_STATUS = INDETERMINATE dt = 0.30419 m = -0.02429"}
{timestamp:2.67685, localtime:2.67685, state:"IN_SP", message: "INDETERMINATE dt = 0.32214 m = -0.02429"}
{timestamp:2.70078, localtime:2.70078, state:"IN_SP", message: "RAMP_STATUS = INDETERMINATE dt = 0.32214 m = -0.02429"}
{timestamp:2.70078, localtime:2.70078, state:"IN_SP", message: "INDETERMINATE dt = 0.34608 m = -0.02429"}
{timestamp:2.71973, localtime:2.71973, state:"IN_SP", message: "RAMP_STATUS = INDETERMINATE dt = 0.34608 m = -0.02545"}
{timestamp:2.71973, localtime:2.71973, state:"IN_SP", message: "INDETERMINATE dt = 0.36502 m = -0.02545"}
{timestamp:2.73569, localtime:2.73569, state:"IN_SP", message: "RAMP_STATUS = INDETERMINATE dt = 0.36502 m = -0.04488"}
{timestamp:2.73569, localtime:2.73569, state:"IN_SP", message: "INDETERMINATE dt = 0.38098 m = -0.04488"}
{timestamp:2.75663, localtime:2.75663, state:"IN_SP", message: "RAMP_STATUS = WITH dt = 0.38098 m = -0.06734"}
{timestamp:2.75663, localtime:2.75663, state:"IN_SP", message: "EXTEND dt = 0.40193 m = -0.06734"}
{timestamp:2.77558, localtime:2.77558, state:"IN_SP", message: "RAMP_STATUS = WITH dt = 0.40193 m = -0.07935"}
{timestamp:2.77558, localtime:2.77558, state:"IN_SP", message: "EXTEND dt = 0.42088 m = -0.07935"}
{timestamp:2.79653, localtime:2.79653, state:"IN_SP", message: "RAMP_STATUS = WITH dt = 0.42088 m = -0.07935"}
{timestamp:2.79653, localtime:2.79653, state:"IN_SP", message: "EXTEND dt = 0.44182 m = -0.07935"}
{timestamp:2.82046, localtime:2.82046, state:"IN_SP", message: "RAMP_STATUS = INDETERMINATE dt = 0.44182 m = -0.02311"}
{timestamp:2.82046, localtime:2.82046, state:"IN_SP", message: "INDETERMINATE dt = 0.46576 m = -0.02311"}
{timestamp:2.83542, localtime:2.83542, state:"IN_SP", message: "RAMP_STATUS = INDETERMINATE dt = 0.46576 m = 0.00000"}
{timestamp:2.83542, localtime:2.83542, state:"IN_SP", message: "INDETERMINATE dt = 0.48072 m = 0.00000"}
{timestamp:2.85637, localtime:2.85637, state:"IN_SP", message: "RAMP_STATUS = AGAINST dt = 0.48072 m = 0.32056"}
{timestamp:2.85637, localtime:2.85637, state:"IN_QP", message: "START QP @ t = 2.85637 d = UPWARD m = 0.32056 max_sp_v = -0.09148"}
{timestamp:2.87731, localtime:2.87731, state:"IN_QP", message: "IN_QP VELOCITY CHECK v: 0.13128911599210047 dirn.: UPWARD"}
{timestamp:2.87731, localtime:2.87731, state:"IN_QP", message: "EXTEND dt = 0.04189 m = 0.32056"}
{timestamp:2.89526, localtime:2.89526, state:"IN_QP", message: "IN_QP VELOCITY CHECK v: 0 dirn.: UPWARD"}
{timestamp:2.89526, localtime:2.89526, state:"IN_QP", message: "EXTEND dt = 0.05984 m = 0.13129"}
{timestamp:2.91521, localtime:2.91521, state:"IN_QP", message: "IN_QP VELOCITY CHECK v: -0.01435046060689696 dirn.: UPWARD"}
{timestamp:2.91521, localtime:2.91521, state:"FOUND", message: "END (INDETERMINATE) m = 0.00000 [PASS-THROUGH TO FOUND]"}
{timestamp:2.91521, localtime:2.91521, state:"FOUND", message: "END qp end time = 2.91521  qp duration = 0.07979"}
{timestamp:2.91521, localtime:2.91521, state:"FOUND", message: "[PRE-VALIDATOR] END qp end time = 2.91521  qp duration = 0.07979"}
{timestamp:2.91521, localtime:2.91521, state:"FOUND", message: "PASSED VALIDITY CHECK"}
{timestamp:2.91521, localtime:2.91521, state:"FOUND", message: "PROGRESS RESET CALLED "}
{timestamp:2.91521, localtime:2.91521, state:"SEARCH_SP", message: "[FOUND] EARLY RESTART t_early = 2.915208578109741, t = 2.915208578109741 m = 0 f = true"}
{timestamp:2.93516, localtime:2.93516, state:"IN_SP", message: "INDETERMINATE dt = 0.01995 m = -0.01335"}
{timestamp:2.95809, localtime:2.95809, state:"IN_SP", message: "RAMP_STATUS = INDETERMINATE dt = 0.01995 m = -0.01335"}
{timestamp:2.95809, localtime:2.95809, state:"IN_SP", message: "INDETERMINATE dt = 0.04289 m = -0.01335"}
{timestamp:2.98103, localtime:2.98103, state:"IN_SP", message: "RAMP_STATUS = INDETERMINATE dt = 0.04289 m = 0.00000"}
{timestamp:2.98103, localtime:2.98103, state:"IN_SP", message: "INDETERMINATE dt = 0.06583 m = 0.00000"}
{timestamp:2.99600, localtime:2.99600, state:"IN_SP", message: "RAMP_STATUS = AGAINST dt = 0.06583 m = 0.16733"}
{timestamp:2.99600, localtime:2.99600, state:"IN_QP", message: "START QP @ t = 2.99600 d = UPWARD m = 0.16733 max_sp_v = -0.01335"}
{timestamp:3.01893, localtime:3.01893, state:"IN_QP", message: "IN_QP VELOCITY CHECK v: 0.013822300676875492 dirn.: UPWARD"}
{timestamp:3.01893, localtime:3.01893, state:"IN_QP", message: "EXTEND dt = 0.03790 m = 0.16733"}
{timestamp:3.03589, localtime:3.03589, state:"IN_QP", message: "IN_QP VELOCITY CHECK v: 0.0024414789950716123 dirn.: UPWARD"}
{timestamp:3.03589, localtime:3.03589, state:"FOUND", message: "END (INDETERMINATE) m = 0.01382 [PASS-THROUGH TO FOUND]"}
{timestamp:3.03589, localtime:3.03589, state:"FOUND", message: "END qp end time = 3.03589  qp duration = 0.05485"}
{timestamp:3.03589, localtime:3.03589, state:"FOUND", message: "[PRE-VALIDATOR] END qp end time = 3.03589  qp duration = 0.05485"}
{timestamp:3.03589, localtime:3.03589, state:"FOUND", message: "FAILED VALIDITY CHECK"}
{timestamp:3.03589, localtime:3.03589, state:"FOUND", message: "PROGRESS RESET CALLED "}
{timestamp:3.03589, localtime:3.03589, state:"SEARCH_SP", message: "[FOUND] EARLY RESTART t_early = 3.035886526107788, t = 3.035886526107788 m = 0.013822300676875492 f = true"}
{timestamp:3.05583, localtime:3.05583, state:"IN_SP", message: "INDETERMINATE dt = 0.01995 m = 0.00244"}
{timestamp:3.07578, localtime:3.07578, state:"IN_SP", message: "RAMP_STATUS = INDETERMINATE dt = 0.01995 m = 0.00000"}
{timestamp:3.07578, localtime:3.07578, state:"IN_SP", message: "INDETERMINATE dt = 0.03989 m = 0.00000"}
{timestamp:3.09473, localtime:3.09473, state:"IN_SP", message: "RAMP_STATUS = INDETERMINATE dt = 0.03989 m = -0.00232"}
{timestamp:3.09473, localtime:3.09473, state:"IN_SP", message: "INDETERMINATE dt = 0.05884 m = -0.00232"}
{timestamp:3.12166, localtime:3.12166, state:"IN_SP", message: "RAMP_STATUS = INDETERMINATE dt = 0.05884 m = -0.01793"}
{timestamp:3.12166, localtime:3.12166, state:"IN_SP", message: "INDETERMINATE dt = 0.08577 m = -0.01793"}
{timestamp:3.14160, localtime:3.14160, state:"IN_SP", message: "RAMP_STATUS = INDETERMINATE dt = 0.08577 m = -0.02266"}
{timestamp:3.14160, localtime:3.14160, state:"IN_SP", message: "INDETERMINATE dt = 0.10572 m = -0.02266"}
{timestamp:3.15856, localtime:3.15856, state:"IN_SP", message: "RAMP_STATUS = INDETERMINATE dt = 0.10572 m = -0.02327"}
{timestamp:3.15856, localtime:3.15856, state:"IN_SP", message: "INDETERMINATE dt = 0.12267 m = -0.02327"}
{timestamp:3.18249, localtime:3.18249, state:"IN_SP", message: "RAMP_STATUS = INDETERMINATE dt = 0.12267 m = -0.02508"}
{timestamp:3.18249, localtime:3.18249, state:"IN_SP", message: "INDETERMINATE dt = 0.14661 m = -0.02508"}
{timestamp:3.20045, localtime:3.20045, state:"IN_SP", message: "RAMP_STATUS = INDETERMINATE dt = 0.14661 m = -0.02524"}
{timestamp:3.20045, localtime:3.20045, state:"IN_SP", message: "INDETERMINATE dt = 0.16456 m = -0.02524"}
{timestamp:3.21940, localtime:3.21940, state:"IN_SP", message: "RAMP_STATUS = INDETERMINATE dt = 0.16456 m = -0.02524"}
{timestamp:3.21940, localtime:3.21940, state:"IN_SP", message: "INDETERMINATE dt = 0.18351 m = -0.02524"}
{timestamp:3.24134, localtime:3.24134, state:"IN_SP", message: "RAMP_STATUS = INDETERMINATE dt = 0.18351 m = -0.02839"}
{timestamp:3.24134, localtime:3.24134, state:"IN_SP", message: "INDETERMINATE dt = 0.20545 m = -0.02839"}
{timestamp:3.25929, localtime:3.25929, state:"IN_SP", message: "RAMP_STATUS = INDETERMINATE dt = 0.20545 m = -0.03645"}
{timestamp:3.25929, localtime:3.25929, state:"IN_SP", message: "INDETERMINATE dt = 0.22340 m = -0.03645"}
{timestamp:3.27824, localtime:3.27824, state:"IN_SP", message: "RAMP_STATUS = INDETERMINATE dt = 0.22340 m = -0.03645"}
{timestamp:3.27824, localtime:3.27824, state:"IN_SP", message: "INDETERMINATE dt = 0.24235 m = -0.03645"}
{timestamp:3.30118, localtime:3.30118, state:"IN_SP", message: "RAMP_STATUS = INDETERMINATE dt = 0.24235 m = -0.03509"}
{timestamp:3.30118, localtime:3.30118, state:"IN_SP", message: "INDETERMINATE dt = 0.26529 m = -0.03509"}
{timestamp:3.32312, localtime:3.32312, state:"IN_SP", message: "RAMP_STATUS = INDETERMINATE dt = 0.26529 m = -0.03509"}
{timestamp:3.32312, localtime:3.32312, state:"IN_SP", message: "INDETERMINATE dt = 0.28723 m = -0.03509"}
{timestamp:3.34207, localtime:3.34207, state:"IN_SP", message: "RAMP_STATUS = INDETERMINATE dt = 0.28723 m = -0.04592"}
{timestamp:3.34207, localtime:3.34207, state:"IN_SP", message: "INDETERMINATE dt = 0.30618 m = -0.04592"}
{timestamp:3.36301, localtime:3.36301, state:"IN_SP", message: "RAMP_STATUS = INDETERMINATE dt = 0.30618 m = -0.04755"}
{timestamp:3.36301, localtime:3.36301, state:"IN_SP", message: "INDETERMINATE dt = 0.32713 m = -0.04755"}
{timestamp:3.38196, localtime:3.38196, state:"IN_SP", message: "RAMP_STATUS = WITH dt = 0.32713 m = -0.05080"}
{timestamp:3.38196, localtime:3.38196, state:"IN_SP", message: "EXTEND dt = 0.34608 m = -0.05080"}
{timestamp:3.40091, localtime:3.40091, state:"IN_SP", message: "RAMP_STATUS = INDETERMINATE dt = 0.34608 m = -0.04755"}
{timestamp:3.40091, localtime:3.40091, state:"IN_SP", message: "INDETERMINATE dt = 0.36502 m = -0.04755"}
{timestamp:3.42385, localtime:3.42385, state:"IN_SP", message: "RAMP_STATUS = INDETERMINATE dt = 0.36502 m = -0.04976"}
{timestamp:3.42385, localtime:3.42385, state:"IN_SP", message: "INDETERMINATE dt = 0.38796 m = -0.04976"}
{timestamp:3.44080, localtime:3.44080, state:"IN_SP", message: "RAMP_STATUS = INDETERMINATE dt = 0.38796 m = -0.04356"}
{timestamp:3.44080, localtime:3.44080, state:"IN_SP", message: "INDETERMINATE dt = 0.40492 m = -0.04356"}
{timestamp:3.46374, localtime:3.46374, state:"IN_SP", message: "RAMP_STATUS = INDETERMINATE dt = 0.40492 m = -0.03108"}
{timestamp:3.46374, localtime:3.46374, state:"IN_SP", message: "INDETERMINATE dt = 0.42786 m = -0.03108"}
{timestamp:3.48269, localtime:3.48269, state:"STEP", message: "END STATIONARITY (D = 3.076777696609497) [LONG]"}
{timestamp:3.48269, localtime:3.48269, state:"IN_SP", message: "RAMP_STATUS = INDETERMINATE dt = 0.42786 m = -0.02457"}
{timestamp:3.48269, localtime:3.48269, state:"IN_SP", message: "INDETERMINATE dt = 0.44681 m = -0.02457"}
{timestamp:3.50164, localtime:3.50164, state:"IN_SP", message: "RAMP_STATUS = INDETERMINATE dt = 0.44681 m = -0.02457"}
{timestamp:3.50164, localtime:3.50164, state:"IN_SP", message: "INDETERMINATE dt = 0.46576 m = -0.02457"}
{timestamp:3.51760, localtime:3.51760, state:"IN_SP", message: "RAMP_STATUS = INDETERMINATE dt = 0.46576 m = -0.04407"}
{timestamp:3.51760, localtime:3.51760, state:"IN_SP", message: "INDETERMINATE dt = 0.48171 m = -0.04407"}
{timestamp:3.54154, localtime:3.54154, state:"IN_SP", message: "RAMP_STATUS = INDETERMINATE dt = 0.48171 m = -0.04407"}
{timestamp:3.54154, localtime:3.54154, state:"IN_SP", message: "INDETERMINATE dt = 0.50565 m = -0.04407"}
{timestamp:3.56248, localtime:3.56248, state:"IN_SP", message: "RAMP_STATUS = INDETERMINATE dt = 0.50565 m = -0.04117"}
{timestamp:3.56248, localtime:3.56248, state:"IN_SP", message: "INDETERMINATE dt = 0.52659 m = -0.04117"}
{timestamp:3.58043, localtime:3.58043, state:"IN_SP", message: "RAMP_STATUS = INDETERMINATE dt = 0.52659 m = -0.04016"}
{timestamp:3.58043, localtime:3.58043, state:"IN_SP", message: "INDETERMINATE dt = 0.54454 m = -0.04016"}
{timestamp:3.60138, localtime:3.60138, state:"IN_SP", message: "RAMP_STATUS = INDETERMINATE dt = 0.54454 m = -0.04117"}
{timestamp:3.60138, localtime:3.60138, state:"IN_SP", message: "INDETERMINATE dt = 0.56549 m = -0.04117"}
{timestamp:3.62032, localtime:3.62032, state:"IN_SP", message: "RAMP_STATUS = INDETERMINATE dt = 0.56549 m = -0.04387"}
{timestamp:3.62032, localtime:3.62032, state:"IN_SP", message: "INDETERMINATE dt = 0.58444 m = -0.04387"}
{timestamp:3.64127, localtime:3.64127, state:"IN_SP", message: "RAMP_STATUS = WITH dt = 0.58444 m = -0.06566"}
{timestamp:3.64127, localtime:3.64127, state:"IN_SP", message: "EXTEND dt = 0.60538 m = -0.06566"}
{timestamp:3.66122, localtime:3.66122, state:"IN_SP", message: "RAMP_STATUS = WITH dt = 0.60538 m = -0.06566"}
{timestamp:3.66122, localtime:3.66122, state:"IN_SP", message: "EXTEND dt = 0.62533 m = -0.06566"}
{timestamp:3.68016, localtime:3.68016, state:"IN_SP", message: "RAMP_STATUS = INDETERMINATE dt = 0.62533 m = -0.04812"}
{timestamp:3.68016, localtime:3.68016, state:"IN_SP", message: "INDETERMINATE dt = 0.64428 m = -0.04812"}
{timestamp:3.69911, localtime:3.69911, state:"IN_SP", message: "RAMP_STATUS = INDETERMINATE dt = 0.64428 m = -0.04624"}
{timestamp:3.69911, localtime:3.69911, state:"IN_SP", message: "INDETERMINATE dt = 0.66323 m = -0.04624"}
{timestamp:3.72006, localtime:3.72006, state:"IN_SP", message: "RAMP_STATUS = INDETERMINATE dt = 0.66323 m = -0.02876"}
{timestamp:3.72006, localtime:3.72006, state:"IN_SP", message: "INDETERMINATE dt = 0.68417 m = -0.02876"}
{timestamp:3.74399, localtime:3.74399, state:"IN_SP", message: "RAMP_STATUS = INDETERMINATE dt = 0.68417 m = -0.02860"}
{timestamp:3.74399, localtime:3.74399, state:"IN_SP", message: "INDETERMINATE dt = 0.70811 m = -0.02860"}
{timestamp:3.76095, localtime:3.76095, state:"IN_SP", message: "RAMP_STATUS = INDETERMINATE dt = 0.70811 m = -0.01406"}
{timestamp:3.76095, localtime:3.76095, state:"IN_SP", message: "INDETERMINATE dt = 0.72506 m = -0.01406"}
{timestamp:3.78089, localtime:3.78089, state:"IN_SP", message: "RAMP_STATUS = INDETERMINATE dt = 0.72506 m = -0.01406"}
{timestamp:3.78089, localtime:3.78089, state:"IN_SP", message: "INDETERMINATE dt = 0.74501 m = -0.01406"}
{timestamp:3.80184, localtime:3.80184, state:"IN_SP", message: "RAMP_STATUS = INDETERMINATE dt = 0.74501 m = -0.02273"}
{timestamp:3.80184, localtime:3.80184, state:"IN_SP", message: "INDETERMINATE dt = 0.76595 m = -0.02273"}
{timestamp:3.82079, localtime:3.82079, state:"STEP", message: "START STATIONARITY (COUNT = 1 T = 3.820788621902466)"}
{timestamp:3.82079, localtime:3.82079, state:"IN_SP", message: "RAMP_STATUS = INDETERMINATE dt = 0.76595 m = -0.02273"}
{timestamp:3.82079, localtime:3.82079, state:"IN_SP", message: "INDETERMINATE dt = 0.78490 m = -0.02273"}
{timestamp:3.84074, localtime:3.84074, state:"IN_SP", message: "RAMP_STATUS = INDETERMINATE dt = 0.78490 m = 0.00000"}
{timestamp:3.84074, localtime:3.84074, state:"IN_SP", message: "INDETERMINATE dt = 0.80485 m = 0.00000"}
{timestamp:3.85968, localtime:3.85968, state:"IN_SP", message: "RAMP_STATUS = INDETERMINATE dt = 0.80485 m = 0.01691"}
{timestamp:3.85968, localtime:3.85968, state:"IN_SP", message: "INDETERMINATE dt = 0.82380 m = 0.01691"}
{timestamp:3.88163, localtime:3.88163, state:"IN_SP", message: "RAMP_STATUS = INDETERMINATE dt = 0.82380 m = 0.03174"}
{timestamp:3.88163, localtime:3.88163, state:"IN_SP", message: "INDETERMINATE dt = 0.84574 m = 0.03174"}
{timestamp:3.90058, localtime:3.90058, state:"IN_SP", message: "RAMP_STATUS = INDETERMINATE dt = 0.84574 m = 0.04543"}
{timestamp:3.90058, localtime:3.90058, state:"IN_SP", message: "INDETERMINATE dt = 0.86469 m = 0.04543"}
{timestamp:3.92052, localtime:3.92052, state:"IN_SP", message: "RAMP_STATUS = INDETERMINATE dt = 0.86469 m = 0.04543"}
{timestamp:3.92052, localtime:3.92052, state:"IN_SP", message: "INDETERMINATE dt = 0.88464 m = 0.04543"}
{timestamp:3.94147, localtime:3.94147, state:"IN_SP", message: "RAMP_STATUS = INDETERMINATE dt = 0.88464 m = 0.03945"}
{timestamp:3.94147, localtime:3.94147, state:"IN_SP", message: "INDETERMINATE dt = 0.90558 m = 0.03945"}
{timestamp:3.96042, localtime:3.96042, state:"IN_SP", message: "RAMP_STATUS = INDETERMINATE dt = 0.90558 m = 0.02138"}
{timestamp:3.96042, localtime:3.96042, state:"IN_SP", message: "INDETERMINATE dt = 0.92453 m = 0.02138"}
{timestamp:3.98036, localtime:3.98036, state:"IN_SP", message: "RAMP_STATUS = INDETERMINATE dt = 0.92453 m = 0.00000"}
{timestamp:3.98036, localtime:3.98036, state:"IN_SP", message: "INDETERMINATE dt = 0.94448 m = 0.00000"}
{timestamp:4.00230, localtime:4.00230, state:"IN_SP", message: "RAMP_STATUS = INDETERMINATE dt = 0.94448 m = -0.01026"}
{timestamp:4.00230, localtime:4.00230, state:"IN_SP", message: "INDETERMINATE dt = 0.96642 m = -0.01026"}
{timestamp:4.02125, localtime:4.02125, state:"IN_SP", message: "RAMP_STATUS = INDETERMINATE dt = 0.96642 m = -0.02347"}
{timestamp:4.02125, localtime:4.02125, state:"IN_SP", message: "INDETERMINATE dt = 0.98537 m = -0.02347"}
{timestamp:4.04120, localtime:4.04120, state:"IN_SP", message: "RAMP_STATUS = INDETERMINATE dt = 0.98537 m = -0.03104"}
{timestamp:4.04120, localtime:4.04120, state:"IN_SP", message: "INDETERMINATE dt = 1.00531 m = -0.03104"}
{timestamp:4.06514, localtime:4.06514, state:"IN_SP", message: "RAMP_STATUS = WITH dt = 1.00531 m = -0.06305"}
{timestamp:4.06514, localtime:4.06514, state:"IN_SP", message: "EXTEND dt = 1.02925 m = -0.06305"}
{timestamp:4.08109, localtime:4.08109, state:"IN_SP", message: "RAMP_STATUS = WITH dt = 1.02925 m = -0.06635"}
{timestamp:4.08109, localtime:4.08109, state:"IN_SP", message: "EXTEND dt = 1.04521 m = -0.06635"}
{timestamp:4.10204, localtime:4.10204, state:"IN_SP", message: "RAMP_STATUS = WITH dt = 1.04521 m = -0.06635"}
{timestamp:4.10204, localtime:4.10204, state:"IN_SP", message: "EXTEND dt = 1.06615 m = -0.06635"}
{timestamp:4.11999, localtime:4.11999, state:"IN_SP", message: "RAMP_STATUS = WITH dt = 1.06615 m = -0.06530"}
{timestamp:4.11999, localtime:4.11999, state:"IN_SP", message: "EXTEND dt = 1.08410 m = -0.06530"}
{timestamp:4.14193, localtime:4.14193, state:"IN_SP", message: "RAMP_STATUS = WITH dt = 1.08410 m = -0.06157"}
{timestamp:4.14193, localtime:4.14193, state:"IN_SP", message: "EXTEND dt = 1.10604 m = -0.06157"}
{timestamp:4.16088, localtime:4.16088, state:"IN_SP", message: "RAMP_STATUS = INDETERMINATE dt = 1.10604 m = -0.03481"}
{timestamp:4.16088, localtime:4.16088, state:"IN_SP", message: "INDETERMINATE dt = 1.12499 m = -0.03481"}
{timestamp:4.18581, localtime:4.18581, state:"IN_SP", message: "RAMP_STATUS = INDETERMINATE dt = 1.12499 m = -0.01042"}
{timestamp:4.18581, localtime:4.18581, state:"IN_SP", message: "INDETERMINATE dt = 1.14993 m = -0.01042"}
{timestamp:4.20476, localtime:4.20476, state:"IN_SP", message: "RAMP_STATUS = INDETERMINATE dt = 1.14993 m = -0.01042"}
{timestamp:4.20476, localtime:4.20476, state:"IN_SP", message: "INDETERMINATE dt = 1.16888 m = -0.01042"}
{timestamp:4.22471, localtime:4.22471, state:"IN_SP", message: "RAMP_STATUS = INDETERMINATE dt = 1.16888 m = -0.02308"}
{timestamp:4.22471, localtime:4.22471, state:"IN_SP", message: "INDETERMINATE dt = 1.18882 m = -0.02308"}
{timestamp:4.24565, localtime:4.24565, state:"IN_SP", message: "RAMP_STATUS = INDETERMINATE dt = 1.18882 m = -0.02308"}
{timestamp:4.24565, localtime:4.24565, state:"IN_SP", message: "INDETERMINATE dt = 1.20977 m = -0.02308"}
{timestamp:4.26061, localtime:4.26061, state:"IN_SP", message: "RAMP_STATUS = INDETERMINATE dt = 1.20977 m = -0.00457"}
{timestamp:4.26061, localtime:4.26061, state:"IN_SP", message: "INDETERMINATE dt = 1.22473 m = -0.00457"}
{timestamp:4.27956, localtime:4.27956, state:"IN_SP", message: "RAMP_STATUS = INDETERMINATE dt = 1.22473 m = -0.00220"}
{timestamp:4.27956, localtime:4.27956, state:"IN_SP", message: "INDETERMINATE dt = 1.24368 m = -0.00220"}
{timestamp:4.30150, localtime:4.30150, state:"IN_SP", message: "RAMP_STATUS = INDETERMINATE dt = 1.24368 m = -0.00457"}
{timestamp:4.30150, localtime:4.30150, state:"IN_SP", message: "INDETERMINATE dt = 1.26562 m = -0.00457"}
{timestamp:4.32045, localtime:4.32045, state:"IN_SP", message: "RAMP_STATUS = INDETERMINATE dt = 1.26562 m = -0.01507"}
{timestamp:4.32045, localtime:4.32045, state:"IN_SP", message: "INDETERMINATE dt = 1.28457 m = -0.01507"}
{timestamp:4.34040, localtime:4.34040, state:"IN_SP", message: "RAMP_STATUS = INDETERMINATE dt = 1.28457 m = -0.02372"}
{timestamp:4.34040, localtime:4.34040, state:"IN_SP", message: "INDETERMINATE dt = 1.30451 m = -0.02372"}
{timestamp:4.36832, localtime:4.36832, state:"IN_SP", message: "RAMP_STATUS = INDETERMINATE dt = 1.30451 m = -0.02372"}
{timestamp:4.36832, localtime:4.36832, state:"IN_SP", message: "INDETERMINATE dt = 1.33244 m = -0.02372"}
{timestamp:4.38727, localtime:4.38727, state:"IN_SP", message: "RAMP_STATUS = INDETERMINATE dt = 1.33244 m = -0.02372"}
{timestamp:4.38727, localtime:4.38727, state:"IN_SP", message: "INDETERMINATE dt = 1.35139 m = -0.02372"}
{timestamp:4.39924, localtime:4.39924, state:"IN_SP", message: "RAMP_STATUS = INDETERMINATE dt = 1.35139 m = -0.02694"}
{timestamp:4.39924, localtime:4.39924, state:"IN_SP", message: "INDETERMINATE dt = 1.36336 m = -0.02694"}
{timestamp:4.42517, localtime:4.42517, state:"IN_SP", message: "RAMP_STATUS = INDETERMINATE dt = 1.36336 m = -0.02694"}
{timestamp:4.42517, localtime:4.42517, state:"IN_SP", message: "INDETERMINATE dt = 1.38929 m = -0.02694"}
{timestamp:4.44013, localtime:4.44013, state:"IN_SP", message: "RAMP_STATUS = INDETERMINATE dt = 1.38929 m = -0.01925"}
{timestamp:4.44013, localtime:4.44013, state:"IN_SP", message: "INDETERMINATE dt = 1.40425 m = -0.01925"}
{timestamp:4.46008, localtime:4.46008, state:"IN_SP", message: "RAMP_STATUS = INDETERMINATE dt = 1.40425 m = -0.01693"}
{timestamp:4.46008, localtime:4.46008, state:"IN_SP", message: "INDETERMINATE dt = 1.42419 m = -0.01693"}
{timestamp:4.48202, localtime:4.48202, state:"IN_SP", message: "RAMP_STATUS = INDETERMINATE dt = 1.42419 m = -0.00403"}
{timestamp:4.48202, localtime:4.48202, state:"IN_SP", message: "INDETERMINATE dt = 1.44614 m = -0.00403"}
{timestamp:4.50097, localtime:4.50097, state:"IN_SP", message: "RAMP_STATUS = INDETERMINATE dt = 1.44614 m = 0.00000"}
{timestamp:4.50097, localtime:4.50097, state:"IN_SP", message: "INDETERMINATE dt = 1.46508 m = 0.00000"}
{timestamp:4.52092, localtime:4.52092, state:"IN_SP", message: "RAMP_STATUS = AGAINST dt = 1.46508 m = 0.05279"}
{timestamp:4.52092, localtime:4.52092, state:"IN_QP", message: "START QP @ t = 4.52092 d = UPWARD m = 0.05279 max_sp_v = -0.07932"}
{timestamp:4.54186, localtime:4.54186, state:"IN_QP", message: "IN_QP VELOCITY CHECK v: 0.027505040514958876 dirn.: UPWARD"}
{timestamp:4.54186, localtime:4.54186, state:"IN_QP", message: "EXTEND dt = 0.04089 m = 0.05279"}
{timestamp:4.56281, localtime:4.56281, state:"IN_QP", message: "IN_QP VELOCITY CHECK v: 0.005314004736763505 dirn.: UPWARD"}
{timestamp:4.56281, localtime:4.56281, state:"FOUND", message: "END (INDETERMINATE) m = 0.02751 [PASS-THROUGH TO FOUND]"}
{timestamp:4.56281, localtime:4.56281, state:"FOUND", message: "END qp end time = 4.56281  qp duration = 0.06184"}
{timestamp:4.56281, localtime:4.56281, state:"FOUND", message: "[PRE-VALIDATOR] END qp end time = 4.56281  qp duration = 0.06184"}
{timestamp:4.56281, localtime:4.56281, state:"FOUND", message: "FAILED VALIDITY CHECK"}
{timestamp:4.56281, localtime:4.56281, state:"FOUND", message: "PROGRESS RESET CALLED "}
{timestamp:4.56281, localtime:4.56281, state:"SEARCH_SP", message: "[FOUND] EARLY RESTART t_early = 4.562805891036987, t = 4.562805891036987 m = 0.027505040514958876 f = true"}
{timestamp:4.58176, localtime:4.58176, state:"IN_SP", message: "INDETERMINATE dt = 0.01895 m = 0.00531"}
{timestamp:4.60070, localtime:4.60070, state:"IN_SP", message: "RAMP_STATUS = INDETERMINATE dt = 0.01895 m = 0.00000"}
{timestamp:4.60070, localtime:4.60070, state:"IN_SP", message: "INDETERMINATE dt = 0.03790 m = 0.00000"}
{timestamp:4.62165, localtime:4.62165, state:"IN_SP", message: "RAMP_STATUS = WITH dt = 0.03790 m = -0.05528"}
{timestamp:4.62165, localtime:4.62165, state:"IN_SP", message: "EXTEND dt = 0.05884 m = -0.05528"}
{timestamp:4.64658, localtime:4.64658, state:"IN_SP", message: "RAMP_STATUS = WITH dt = 0.05884 m = -0.05528"}
{timestamp:4.64658, localtime:4.64658, state:"IN_SP", message: "EXTEND dt = 0.08378 m = -0.05528"}
{timestamp:4.66354, localtime:4.66354, state:"IN_SP", message: "RAMP_STATUS = WITH dt = 0.08378 m = -0.05131"}
{timestamp:4.66354, localtime:4.66354, state:"IN_SP", message: "EXTEND dt = 0.10073 m = -0.05131"}
{timestamp:4.68648, localtime:4.68648, state:"IN_SP", message: "RAMP_STATUS = INDETERMINATE dt = 0.10073 m = -0.03809"}
{timestamp:4.68648, localtime:4.68648, state:"IN_SP", message: "INDETERMINATE dt = 0.12367 m = -0.03809"}
{timestamp:4.70044, localtime:4.70044, state:"IN_SP", message: "RAMP_STATUS = INDETERMINATE dt = 0.12367 m = -0.01470"}
{timestamp:4.70044, localtime:4.70044, state:"IN_SP", message: "INDETERMINATE dt = 0.13763 m = -0.01470"}
{timestamp:4.71939, localtime:4.71939, state:"IN_SP", message: "RAMP_STATUS = INDETERMINATE dt = 0.13763 m = -0.01459"}
{timestamp:4.71939, localtime:4.71939, state:"IN_SP", message: "INDETERMINATE dt = 0.15658 m = -0.01459"}
{timestamp:4.74332, localtime:4.74332, state:"IN_SP", message: "RAMP_STATUS = INDETERMINATE dt = 0.15658 m = -0.01470"}
{timestamp:4.74332, localtime:4.74332, state:"IN_SP", message: "INDETERMINATE dt = 0.18052 m = -0.01470"}
{timestamp:4.76327, localtime:4.76327, state:"IN_SP", message: "RAMP_STATUS = INDETERMINATE dt = 0.18052 m = -0.02687"}
{timestamp:4.76327, localtime:4.76327, state:"IN_SP", message: "INDETERMINATE dt = 0.20047 m = -0.02687"}
{timestamp:4.78022, localtime:4.78022, state:"IN_SP", message: "RAMP_STATUS = INDETERMINATE dt = 0.20047 m = -0.02687"}
{timestamp:4.78022, localtime:4.78022, state:"IN_SP", message: "INDETERMINATE dt = 0.21742 m = -0.02687"}
{timestamp:4.80117, localtime:4.80117, state:"IN_SP", message: "RAMP_STATUS = INDETERMINATE dt = 0.21742 m = -0.01485"}
{timestamp:4.80117, localtime:4.80117, state:"IN_SP", message: "INDETERMINATE dt = 0.23836 m = -0.01485"}
{timestamp:4.82211, localtime:4.82211, state:"IN_SP", message: "RAMP_STATUS = INDETERMINATE dt = 0.23836 m = -0.01485"}
{timestamp:4.82211, localtime:4.82211, state:"IN_SP", message: "INDETERMINATE dt = 0.25931 m = -0.01485"}
{timestamp:4.84106, localtime:4.84106, state:"IN_SP", message: "RAMP_STATUS = INDETERMINATE dt = 0.25931 m = -0.02594"}
{timestamp:4.84106, localtime:4.84106, state:"IN_SP", message: "INDETERMINATE dt = 0.27826 m = -0.02594"}
{timestamp:4.86001, localtime:4.86001, state:"IN_SP", message: "RAMP_STATUS = INDETERMINATE dt = 0.27826 m = -0.02594"}
{timestamp:4.86001, localtime:4.86001, state:"IN_SP", message: "INDETERMINATE dt = 0.29720 m = -0.02594"}
{timestamp:4.88096, localtime:4.88096, state:"IN_SP", message: "RAMP_STATUS = INDETERMINATE dt = 0.29720 m = -0.00404"}
{timestamp:4.88096, localtime:4.88096, state:"IN_SP", message: "INDETERMINATE dt = 0.31815 m = -0.00404"}
{timestamp:4.90290, localtime:4.90290, state:"IN_SP", message: "RAMP_STATUS = INDETERMINATE dt = 0.31815 m = -0.00374"}
{timestamp:4.90290, localtime:4.90290, state:"IN_SP", message: "INDETERMINATE dt = 0.34009 m = -0.00374"}
{timestamp:4.92085, localtime:4.92085, state:"IN_SP", message: "RAMP_STATUS = INDETERMINATE dt = 0.34009 m = -0.00404"}
{timestamp:4.92085, localtime:4.92085, state:"IN_SP", message: "INDETERMINATE dt = 0.35804 m = -0.00404"}
{timestamp:4.94179, localtime:4.94179, state:"IN_SP", message: "RAMP_STATUS = INDETERMINATE dt = 0.35804 m = -0.00986"}
{timestamp:4.94179, localtime:4.94179, state:"IN_SP", message: "INDETERMINATE dt = 0.37899 m = -0.00986"}
{timestamp:4.96174, localtime:4.96174, state:"IN_SP", message: "RAMP_STATUS = INDETERMINATE dt = 0.37899 m = -0.00986"}
{timestamp:4.96174, localtime:4.96174, state:"IN_SP", message: "INDETERMINATE dt = 0.39893 m = -0.00986"}
{timestamp:4.98169, localtime:4.98169, state:"IN_SP", message: "RAMP_STATUS = INDETERMINATE dt = 0.39893 m = -0.01206"}
{timestamp:4.98169, localtime:4.98169, state:"IN_SP", message: "INDETERMINATE dt = 0.41888 m = -0.01206"}
{timestamp:5.00263, localtime:5.00263, state:"IN_SP", message: "RAMP_STATUS = INDETERMINATE dt = 0.41888 m = -0.01223"}
{timestamp:5.00263, localtime:5.00263, state:"IN_SP", message: "INDETERMINATE dt = 0.43983 m = -0.01223"}
{timestamp:5.02258, localtime:5.02258, state:"IN_SP", message: "RAMP_STATUS = INDETERMINATE dt = 0.43983 m = -0.01638"}
{timestamp:5.02258, localtime:5.02258, state:"IN_SP", message: "INDETERMINATE dt = 0.45977 m = -0.01638"}
{timestamp:5.04153, localtime:5.04153, state:"IN_SP", message: "RAMP_STATUS = WITH dt = 0.45977 m = -0.05778"}
{timestamp:5.04153, localtime:5.04153, state:"IN_SP", message: "EXTEND dt = 0.47872 m = -0.05778"}
{timestamp:5.06048, localtime:5.06048, state:"IN_SP", message: "RAMP_STATUS = WITH dt = 0.47872 m = -0.05778"}
{timestamp:5.06048, localtime:5.06048, state:"IN_SP", message: "EXTEND dt = 0.49767 m = -0.05778"}
{timestamp:5.08341, localtime:5.08341, state:"IN_SP", message: "RAMP_STATUS = INDETERMINATE dt = 0.49767 m = -0.02252"}
{timestamp:5.08341, localtime:5.08341, state:"IN_SP", message: "INDETERMINATE dt = 0.52061 m = -0.02252"}
{timestamp:5.10536, localtime:5.10536, state:"IN_SP", message: "RAMP_STATUS = INDETERMINATE dt = 0.52061 m = -0.01783"}
{timestamp:5.10536, localtime:5.10536, state:"IN_SP", message: "INDETERMINATE dt = 0.54255 m = -0.01783"}
{timestamp:5.12032, localtime:5.12032, state:"IN_SP", message: "RAMP_STATUS = INDETERMINATE dt = 0.54255 m = -0.00793"}
{timestamp:5.12032, localtime:5.12032, state:"IN_SP", message: "INDETERMINATE dt = 0.55751 m = -0.00793"}
{timestamp:5.14126, localtime:5.14126, state:"IN_SP", message: "RAMP_STATUS = INDETERMINATE dt = 0.55751 m = -0.00617"}
{timestamp:5.14126, localtime:5.14126, state:"IN_SP", message: "INDETERMINATE dt = 0.57845 m = -0.00617"}
{timestamp:5.16121, localtime:5.16121, state:"IN_SP", message: "RAMP_STATUS = INDETERMINATE dt = 0.57845 m = -0.00617"}
{timestamp:5.16121, localtime:5.16121, state:"IN_SP", message: "INDETERMINATE dt = 0.59840 m = -0.00617"}
{timestamp:5.18215, localtime:5.18215, state:"IN_SP", message: "RAMP_STATUS = INDETERMINATE dt = 0.59840 m = -0.04395"}
{timestamp:5.18215, localtime:5.18215, state:"IN_SP", message: "INDETERMINATE dt = 0.61934 m = -0.04395"}
{timestamp:5.20309, localtime:5.20309, state:"IN_SP", message: "RAMP_STATUS = INDETERMINATE dt = 0.61934 m = -0.04395"}
{timestamp:5.20309, localtime:5.20309, state:"IN_SP", message: "INDETERMINATE dt = 0.64029 m = -0.04395"}
{timestamp:5.22404, localtime:5.22404, state:"IN_SP", message: "RAMP_STATUS = INDETERMINATE dt = 0.64029 m = 0.00000"}
{timestamp:5.22404, localtime:5.22404, state:"IN_SP", message: "INDETERMINATE dt = 0.66123 m = 0.00000"}
{timestamp:5.24299, localtime:5.24299, state:"IN_SP", message: "RAMP_STATUS = INDETERMINATE dt = 0.66123 m = 0.00834"}
{timestamp:5.24299, localtime:5.24299, state:"IN_SP", message: "INDETERMINATE dt = 0.68018 m = 0.00834"}
{timestamp:5.25994, localtime:5.25994, state:"IN_SP", message: "RAMP_STATUS = INDETERMINATE dt = 0.68018 m = 0.04125"}
{timestamp:5.25994, localtime:5.25994, state:"IN_SP", message: "INDETERMINATE dt = 0.69714 m = 0.04125"}
{timestamp:5.27989, localtime:5.27989, state:"IN_SP", message: "RAMP_STATUS = INDETERMINATE dt = 0.69714 m = 0.04125"}
{timestamp:5.27989, localtime:5.27989, state:"IN_SP", message: "INDETERMINATE dt = 0.71708 m = 0.04125"}
{timestamp:5.29884, localtime:5.29884, state:"IN_SP", message: "RAMP_STATUS = INDETERMINATE dt = 0.71708 m = 0.01242"}
{timestamp:5.29884, localtime:5.29884, state:"IN_SP", message: "INDETERMINATE dt = 0.73603 m = 0.01242"}
{timestamp:5.31878, localtime:5.31878, state:"IN_SP", message: "RAMP_STATUS = INDETERMINATE dt = 0.73603 m = 0.00740"}
{timestamp:5.31878, localtime:5.31878, state:"IN_SP", message: "INDETERMINATE dt = 0.75598 m = 0.00740"}
{timestamp:5.34073, localtime:5.34073, state:"IN_SP", message: "RAMP_STATUS = INDETERMINATE dt = 0.75598 m = -0.00687"}
{timestamp:5.34073, localtime:5.34073, state:"IN_SP", message: "INDETERMINATE dt = 0.77792 m = -0.00687"}
{timestamp:5.36267, localtime:5.36267, state:"IN_SP", message: "RAMP_STATUS = INDETERMINATE dt = 0.77792 m = -0.00933"}
{timestamp:5.36267, localtime:5.36267, state:"IN_SP", message: "INDETERMINATE dt = 0.79986 m = -0.00933"}
{timestamp:5.38062, localtime:5.38062, state:"IN_SP", message: "RAMP_STATUS = INDETERMINATE dt = 0.79986 m = -0.00933"}
{timestamp:5.38062, localtime:5.38062, state:"IN_SP", message: "INDETERMINATE dt = 0.81781 m = -0.00933"}
{timestamp:5.39957, localtime:5.39957, state:"IN_SP", message: "RAMP_STATUS = INDETERMINATE dt = 0.81781 m = -0.00838"}
{timestamp:5.39957, localtime:5.39957, state:"IN_SP", message: "INDETERMINATE dt = 0.83676 m = -0.00838"}
{timestamp:5.41952, localtime:5.41952, state:"IN_SP", message: "RAMP_STATUS = INDETERMINATE dt = 0.83676 m = -0.00838"}
{timestamp:5.41952, localtime:5.41952, state:"IN_SP", message: "INDETERMINATE dt = 0.85671 m = -0.00838"}
{timestamp:5.44445, localtime:5.44445, state:"IN_SP", message: "RAMP_STATUS = INDETERMINATE dt = 0.85671 m = -0.02768"}
{timestamp:5.44445, localtime:5.44445, state:"IN_SP", message: "INDETERMINATE dt = 0.88164 m = -0.02768"}
{timestamp:5.45941, localtime:5.45941, state:"IN_SP", message: "RAMP_STATUS = INDETERMINATE dt = 0.88164 m = -0.02768"}
{timestamp:5.45941, localtime:5.45941, state:"IN_SP", message: "INDETERMINATE dt = 0.89660 m = -0.02768"}
{timestamp:5.48335, localtime:5.48335, state:"IN_SP", message: "RAMP_STATUS = INDETERMINATE dt = 0.89660 m = -0.00836"}
{timestamp:5.48335, localtime:5.48335, state:"IN_SP", message: "INDETERMINATE dt = 0.92054 m = -0.00836"}
{timestamp:5.49930, localtime:5.49930, state:"IN_SP", message: "RAMP_STATUS = INDETERMINATE dt = 0.92054 m = -0.00836"}
{timestamp:5.49930, localtime:5.49930, state:"IN_SP", message: "INDETERMINATE dt = 0.93650 m = -0.00836"}
{timestamp:5.52523, localtime:5.52523, state:"IN_SP", message: "RAMP_STATUS = INDETERMINATE dt = 0.93650 m = -0.01061"}
{timestamp:5.52523, localtime:5.52523, state:"IN_SP", message: "INDETERMINATE dt = 0.96243 m = -0.01061"}
{timestamp:5.53820, localtime:5.53820, state:"IN_SP", message: "RAMP_STATUS = INDETERMINATE dt = 0.96243 m = -0.01358"}
{timestamp:5.53820, localtime:5.53820, state:"IN_SP", message: "INDETERMINATE dt = 0.97539 m = -0.01358"}
{timestamp:5.55914, localtime:5.55914, state:"IN_SP", message: "RAMP_STATUS = INDETERMINATE dt = 0.97539 m = -0.01358"}
{timestamp:5.55914, localtime:5.55914, state:"IN_SP", message: "INDETERMINATE dt = 0.99634 m = -0.01358"}
{timestamp:5.58009, localtime:5.58009, state:"IN_SP", message: "RAMP_STATUS = INDETERMINATE dt = 0.99634 m = -0.01266"}
{timestamp:5.58009, localtime:5.58009, state:"IN_SP", message: "INDETERMINATE dt = 1.01728 m = -0.01266"}
{timestamp:5.60303, localtime:5.60303, state:"IN_SP", message: "RAMP_STATUS = INDETERMINATE dt = 1.01728 m = -0.00966"}
{timestamp:5.60303, localtime:5.60303, state:"IN_SP", message: "INDETERMINATE dt = 1.04022 m = -0.00966"}
{timestamp:5.61699, localtime:5.61699, state:"IN_SP", message: "RAMP_STATUS = INDETERMINATE dt = 1.04022 m = -0.00966"}
{timestamp:5.61699, localtime:5.61699, state:"IN_SP", message: "INDETERMINATE dt = 1.05418 m = -0.00966"}
{timestamp:5.64491, localtime:5.64491, state:"IN_SP", message: "RAMP_STATUS = INDETERMINATE dt = 1.05418 m = -0.02636"}
{timestamp:5.64491, localtime:5.64491, state:"IN_SP", message: "INDETERMINATE dt = 1.08211 m = -0.02636"}
{timestamp:5.65888, localtime:5.65888, state:"IN_SP", message: "RAMP_STATUS = INDETERMINATE dt = 1.08211 m = -0.02745"}
{timestamp:5.65888, localtime:5.65888, state:"IN_SP", message: "INDETERMINATE dt = 1.09607 m = -0.02745"}
{timestamp:5.67783, localtime:5.67783, state:"IN_SP", message: "RAMP_STATUS = INDETERMINATE dt = 1.09607 m = -0.02745"}
{timestamp:5.67783, localtime:5.67783, state:"IN_SP", message: "INDETERMINATE dt = 1.11502 m = -0.02745"}
{timestamp:5.69977, localtime:5.69977, state:"IN_SP", message: "RAMP_STATUS = INDETERMINATE dt = 1.11502 m = 0.00000"}
{timestamp:5.69977, localtime:5.69977, state:"IN_SP", message: "INDETERMINATE dt = 1.13696 m = 0.00000"}
{timestamp:5.72271, localtime:5.72271, state:"IN_SP", message: "RAMP_STATUS = AGAINST dt = 1.13696 m = 0.15059"}
{timestamp:5.72271, localtime:5.72271, state:"IN_QP", message: "START QP @ t = 5.72271 d = UPWARD m = 0.15059 max_sp_v = -0.06330"}
{timestamp:5.73966, localtime:5.73966, state:"IN_QP", message: "IN_QP VELOCITY CHECK v: 0.33431483224805886 dirn.: UPWARD"}
{timestamp:5.73966, localtime:5.73966, state:"IN_QP", message: "EXTEND dt = 0.03989 m = 0.33431"}
{timestamp:5.75861, localtime:5.75861, state:"IN_QP", message: "IN_QP VELOCITY CHECK v: 0.0570650740962862 dirn.: UPWARD"}
{timestamp:5.75861, localtime:5.75861, state:"IN_QP", message: "EXTEND dt = 0.05884 m = 0.33431"}
{timestamp:5.77955, localtime:5.77955, state:"IN_QP", message: "IN_QP VELOCITY CHECK v: 0 dirn.: UPWARD"}
{timestamp:5.77955, localtime:5.77955, state:"IN_QP", message: "EXTEND dt = 0.07979 m = 0.05707"}
{timestamp:5.80050, localtime:5.80050, state:"IN_QP", message: "IN_QP VELOCITY CHECK v: -0.0030264408863094738 dirn.: UPWARD"}
{timestamp:5.80050, localtime:5.80050, state:"FOUND", message: "END (INDETERMINATE) m = 0.00000 [PASS-THROUGH TO FOUND]"}
{timestamp:5.80050, localtime:5.80050, state:"FOUND", message: "END qp end time = 5.80050  qp duration = 0.10073"}
{timestamp:5.80050, localtime:5.80050, state:"FOUND", message: "[PRE-VALIDATOR] END qp end time = 5.80050  qp duration = 0.10073"}
{timestamp:5.80050, localtime:5.80050, state:"FOUND", message: "PASSED VALIDITY CHECK"}
{timestamp:5.80050, localtime:5.80050, state:"FOUND", message: "PROGRESS RESET CALLED "}
{timestamp:5.80050, localtime:5.80050, state:"SEARCH_SP", message: "[FOUND] EARLY RESTART t_early = 5.8004982471466064, t = 5.8004982471466064 m = 0 f = true"}
{timestamp:5.82044, localtime:5.82044, state:"IN_SP", message: "INDETERMINATE dt = 0.01995 m = -0.00303"}
{timestamp:5.84039, localtime:5.84039, state:"IN_SP", message: "RAMP_STATUS = INDETERMINATE dt = 0.01995 m = -0.00805"}
{timestamp:5.84039, localtime:5.84039, state:"IN_SP", message: "INDETERMINATE dt = 0.03989 m = -0.00805"}
{timestamp:5.85834, localtime:5.85834, state:"IN_SP", message: "RAMP_STATUS = INDETERMINATE dt = 0.03989 m = -0.01257"}
{timestamp:5.85834, localtime:5.85834, state:"IN_SP", message: "INDETERMINATE dt = 0.05784 m = -0.01257"}
{timestamp:5.88527, localtime:5.88527, state:"IN_SP", message: "RAMP_STATUS = INDETERMINATE dt = 0.05784 m = -0.01257"}
{timestamp:5.88527, localtime:5.88527, state:"IN_SP", message: "INDETERMINATE dt = 0.08477 m = -0.01257"}
{timestamp:5.90622, localtime:5.90622, state:"IN_SP", message: "RAMP_STATUS = INDETERMINATE dt = 0.08477 m = -0.00146"}
{timestamp:5.90622, localtime:5.90622, state:"IN_SP", message: "INDETERMINATE dt = 0.10572 m = -0.00146"}
{timestamp:5.92417, localtime:5.92417, state:"IN_SP", message: "RAMP_STATUS = INDETERMINATE dt = 0.10572 m = -0.00146"}
{timestamp:5.92417, localtime:5.92417, state:"IN_SP", message: "INDETERMINATE dt = 0.12367 m = -0.00146"}
{timestamp:5.94312, localtime:5.94312, state:"IN_SP", message: "RAMP_STATUS = INDETERMINATE dt = 0.12367 m = -0.00146"}
{timestamp:5.94312, localtime:5.94312, state:"IN_SP", message: "INDETERMINATE dt = 0.14262 m = -0.00146"}
{timestamp:5.95907, localtime:5.95907, state:"IN_SP", message: "RAMP_STATUS = INDETERMINATE dt = 0.14262 m = -0.00079"}
{timestamp:5.95907, localtime:5.95907, state:"IN_SP", message: "INDETERMINATE dt = 0.15858 m = -0.00079"}
{timestamp:5.98002, localtime:5.98002, state:"IN_SP", message: "RAMP_STATUS = INDETERMINATE dt = 0.15858 m = -0.00079"}
{timestamp:5.98002, localtime:5.98002, state:"IN_SP", message: "INDETERMINATE dt = 0.17952 m = -0.00079"}
{timestamp:6.00096, localtime:6.00096, state:"IN_SP", message: "RAMP_STATUS = INDETERMINATE dt = 0.17952 m = -0.00417"}
{timestamp:6.00096, localtime:6.00096, state:"IN_SP", message: "INDETERMINATE dt = 0.20046 m = -0.00417"}
{timestamp:6.02290, localtime:6.02290, state:"IN_SP", message: "RAMP_STATUS = INDETERMINATE dt = 0.20046 m = -0.00450"}
{timestamp:6.02290, localtime:6.02290, state:"IN_SP", message: "INDETERMINATE dt = 0.22240 m = -0.00450"}
{timestamp:6.03986, localtime:6.03986, state:"IN_SP", message: "RAMP_STATUS = INDETERMINATE dt = 0.22240 m = -0.00668"}
{timestamp:6.03986, localtime:6.03986, state:"IN_SP", message: "INDETERMINATE dt = 0.23936 m = -0.00668"}
{timestamp:6.06379, localtime:6.06379, state:"IN_SP", message: "RAMP_STATUS = INDETERMINATE dt = 0.23936 m = -0.00763"}
{timestamp:6.06379, localtime:6.06379, state:"IN_SP", message: "INDETERMINATE dt = 0.26330 m = -0.00763"}
{timestamp:6.07975, localtime:6.07975, state:"IN_SP", message: "RAMP_STATUS = INDETERMINATE dt = 0.26330 m = -0.02997"}
{timestamp:6.07975, localtime:6.07975, state:"IN_SP", message: "INDETERMINATE dt = 0.27925 m = -0.02997"}
{timestamp:6.10169, localtime:6.10169, state:"IN_SP", message: "RAMP_STATUS = INDETERMINATE dt = 0.27925 m = -0.02997"}
{timestamp:6.10169, localtime:6.10169, state:"IN_SP", message: "INDETERMINATE dt = 0.30119 m = -0.02997"}
{timestamp:6.12463, localtime:6.12463, state:"IN_SP", message: "RAMP_STATUS = INDETERMINATE dt = 0.30119 m = -0.02051"}
{timestamp:6.12463, localtime:6.12463, state:"IN_SP", message: "INDETERMINATE dt = 0.32413 m = -0.02051"}
{timestamp:6.13959, localtime:6.13959, state:"IN_SP", message: "RAMP_STATUS = INDETERMINATE dt = 0.32413 m = -0.01983"}
{timestamp:6.13959, localtime:6.13959, state:"IN_SP", message: "INDETERMINATE dt = 0.33909 m = -0.01983"}
{timestamp:6.15954, localtime:6.15954, state:"IN_SP", message: "RAMP_STATUS = INDETERMINATE dt = 0.33909 m = -0.00298"}
{timestamp:6.15954, localtime:6.15954, state:"IN_SP", message: "INDETERMINATE dt = 0.35904 m = -0.00298"}
{timestamp:6.18746, localtime:6.18746, state:"IN_SP", message: "RAMP_STATUS = INDETERMINATE dt = 0.35904 m = -0.00298"}
{timestamp:6.18746, localtime:6.18746, state:"IN_SP", message: "INDETERMINATE dt = 0.38696 m = -0.00298"}
{timestamp:6.20342, localtime:6.20342, state:"IN_SP", message: "RAMP_STATUS = INDETERMINATE dt = 0.38696 m = -0.01010"}
{timestamp:6.20342, localtime:6.20342, state:"IN_SP", message: "INDETERMINATE dt = 0.40292 m = -0.01010"}
{timestamp:6.22536, localtime:6.22536, state:"IN_SP", message: "RAMP_STATUS = INDETERMINATE dt = 0.40292 m = -0.01225"}
{timestamp:6.22536, localtime:6.22536, state:"IN_SP", message: "INDETERMINATE dt = 0.42486 m = -0.01225"}
{timestamp:6.24331, localtime:6.24331, state:"IN_SP", message: "RAMP_STATUS = INDETERMINATE dt = 0.42486 m = -0.01225"}
{timestamp:6.24331, localtime:6.24331, state:"IN_SP", message: "INDETERMINATE dt = 0.44282 m = -0.01225"}
{timestamp:6.26426, localtime:6.26426, state:"IN_SP", message: "RAMP_STATUS = INDETERMINATE dt = 0.44282 m = -0.01225"}
{timestamp:6.26426, localtime:6.26426, state:"IN_SP", message: "INDETERMINATE dt = 0.46376 m = -0.01225"}
{timestamp:6.28520, localtime:6.28520, state:"IN_SP", message: "RAMP_STATUS = INDETERMINATE dt = 0.46376 m = -0.01458"}
{timestamp:6.28520, localtime:6.28520, state:"IN_SP", message: "INDETERMINATE dt = 0.48470 m = -0.01458"}
{timestamp:6.30415, localtime:6.30415, state:"IN_SP", message: "RAMP_STATUS = INDETERMINATE dt = 0.48470 m = -0.01458"}
{timestamp:6.30415, localtime:6.30415, state:"IN_SP", message: "INDETERMINATE dt = 0.50365 m = -0.01458"}
{timestamp:6.32510, localtime:6.32510, state:"IN_SP", message: "RAMP_STATUS = INDETERMINATE dt = 0.50365 m = -0.00667"}
{timestamp:6.32510, localtime:6.32510, state:"IN_SP", message: "INDETERMINATE dt = 0.52460 m = -0.00667"}
{timestamp:6.34404, localtime:6.34404, state:"IN_SP", message: "RAMP_STATUS = INDETERMINATE dt = 0.52460 m = -0.00646"}
{timestamp:6.34404, localtime:6.34404, state:"IN_SP", message: "INDETERMINATE dt = 0.54355 m = -0.00646"}
{timestamp:6.36698, localtime:6.36698, state:"IN_SP", message: "RAMP_STATUS = INDETERMINATE dt = 0.54355 m = 0.00126"}
{timestamp:6.36698, localtime:6.36698, state:"IN_SP", message: "INDETERMINATE dt = 0.56649 m = 0.00126"}
{timestamp:6.38893, localtime:6.38893, state:"IN_SP", message: "RAMP_STATUS = INDETERMINATE dt = 0.56649 m = 0.00126"}
{timestamp:6.38893, localtime:6.38893, state:"IN_SP", message: "INDETERMINATE dt = 0.58843 m = 0.00126"}
{timestamp:6.40488, localtime:6.40488, state:"IN_SP", message: "RAMP_STATUS = INDETERMINATE dt = 0.58843 m = 0.00000"}
{timestamp:6.40488, localtime:6.40488, state:"IN_SP", message: "INDETERMINATE dt = 0.60438 m = 0.00000"}
{timestamp:6.42383, localtime:6.42383, state:"IN_SP", message: "RAMP_STATUS = INDETERMINATE dt = 0.60438 m = -0.00257"}
{timestamp:6.42383, localtime:6.42383, state:"IN_SP", message: "INDETERMINATE dt = 0.62333 m = -0.00257"}
{timestamp:6.44478, localtime:6.44478, state:"IN_SP", message: "RAMP_STATUS = INDETERMINATE dt = 0.62333 m = -0.00314"}
{timestamp:6.44478, localtime:6.44478, state:"IN_SP", message: "INDETERMINATE dt = 0.64428 m = -0.00314"}
{timestamp:6.46472, localtime:6.46472, state:"IN_SP", message: "RAMP_STATUS = INDETERMINATE dt = 0.64428 m = -0.00455"}
{timestamp:6.46472, localtime:6.46472, state:"IN_SP", message: "INDETERMINATE dt = 0.66422 m = -0.00455"}
{timestamp:6.48367, localtime:6.48367, state:"IN_SP", message: "RAMP_STATUS = INDETERMINATE dt = 0.66422 m = -0.00892"}
{timestamp:6.48367, localtime:6.48367, state:"IN_SP", message: "INDETERMINATE dt = 0.68317 m = -0.00892"}
{timestamp:6.50462, localtime:6.50462, state:"IN_SP", message: "RAMP_STATUS = INDETERMINATE dt = 0.68317 m = -0.01520"}
{timestamp:6.50462, localtime:6.50462, state:"IN_SP", message: "INDETERMINATE dt = 0.70412 m = -0.01520"}
{timestamp:6.52456, localtime:6.52456, state:"IN_SP", message: "RAMP_STATUS = INDETERMINATE dt = 0.70412 m = -0.01520"}
{timestamp:6.52456, localtime:6.52456, state:"IN_SP", message: "INDETERMINATE dt = 0.72406 m = -0.01520"}
{timestamp:6.54451, localtime:6.54451, state:"IN_SP", message: "RAMP_STATUS = INDETERMINATE dt = 0.72406 m = -0.01067"}
{timestamp:6.54451, localtime:6.54451, state:"IN_SP", message: "INDETERMINATE dt = 0.74401 m = -0.01067"}
{timestamp:6.56446, localtime:6.56446, state:"IN_SP", message: "RAMP_STATUS = INDETERMINATE dt = 0.74401 m = -0.00748"}
{timestamp:6.56446, localtime:6.56446, state:"IN_SP", message: "INDETERMINATE dt = 0.76396 m = -0.00748"}
{timestamp:6.58440, localtime:6.58440, state:"IN_SP", message: "RAMP_STATUS = INDETERMINATE dt = 0.76396 m = -0.00748"}
{timestamp:6.58440, localtime:6.58440, state:"IN_SP", message: "INDETERMINATE dt = 0.78390 m = -0.00748"}
{timestamp:6.60136, localtime:6.60136, state:"IN_SP", message: "RAMP_STATUS = INDETERMINATE dt = 0.78390 m = -0.00748"}
{timestamp:6.60136, localtime:6.60136, state:"IN_SP", message: "INDETERMINATE dt = 0.80086 m = -0.00748"}
{timestamp:6.62430, localtime:6.62430, state:"IN_SP", message: "RAMP_STATUS = INDETERMINATE dt = 0.80086 m = -0.00875"}
{timestamp:6.62430, localtime:6.62430, state:"IN_SP", message: "INDETERMINATE dt = 0.82380 m = -0.00875"}
{timestamp:6.64424, localtime:6.64424, state:"IN_SP", message: "RAMP_STATUS = INDETERMINATE dt = 0.82380 m = -0.01840"}
{timestamp:6.64424, localtime:6.64424, state:"IN_SP", message: "INDETERMINATE dt = 0.84374 m = -0.01840"}
{timestamp:6.66419, localtime:6.66419, state:"IN_SP", message: "RAMP_STATUS = INDETERMINATE dt = 0.84374 m = -0.01898"}
{timestamp:6.66419, localtime:6.66419, state:"IN_SP", message: "INDETERMINATE dt = 0.86369 m = -0.01898"}
{timestamp:6.68513, localtime:6.68513, state:"IN_SP", message: "RAMP_STATUS = INDETERMINATE dt = 0.86369 m = -0.02391"}
{timestamp:6.68513, localtime:6.68513, state:"IN_SP", message: "INDETERMINATE dt = 0.88464 m = -0.02391"}
{timestamp:6.70508, localtime:6.70508, state:"IN_SP", message: "RAMP_STATUS = INDETERMINATE dt = 0.88464 m = -0.02391"}
{timestamp:6.70508, localtime:6.70508, state:"IN_SP", message: "INDETERMINATE dt = 0.90458 m = -0.02391"}
{timestamp:6.72503, localtime:6.72503, state:"IN_SP", message: "RAMP_STATUS = INDETERMINATE dt = 0.90458 m = -0.02391"}
{timestamp:6.72503, localtime:6.72503, state:"IN_SP", message: "INDETERMINATE dt = 0.92453 m = -0.02391"}
{timestamp:6.74497, localtime:6.74497, state:"IN_SP", message: "RAMP_STATUS = INDETERMINATE dt = 0.92453 m = -0.01843"}
{timestamp:6.74497, localtime:6.74497, state:"IN_SP", message: "INDETERMINATE dt = 0.94447 m = -0.01843"}
{timestamp:6.76392, localtime:6.76392, state:"IN_SP", message: "RAMP_STATUS = INDETERMINATE dt = 0.94447 m = -0.01750"}
{timestamp:6.76392, localtime:6.76392, state:"IN_SP", message: "INDETERMINATE dt = 0.96343 m = -0.01750"}
{timestamp:6.78487, localtime:6.78487, state:"IN_SP", message: "RAMP_STATUS = INDETERMINATE dt = 0.96343 m = -0.01750"}
{timestamp:6.78487, localtime:6.78487, state:"IN_SP", message: "INDETERMINATE dt = 0.98437 m = -0.01750"}
{timestamp:6.80382, localtime:6.80382, state:"IN_SP", message: "RAMP_STATUS = INDETERMINATE dt = 0.98437 m = -0.01750"}
{timestamp:6.80382, localtime:6.80382, state:"IN_SP", message: "INDETERMINATE dt = 1.00332 m = -0.01750"}
{timestamp:6.82277, localtime:6.82277, state:"IN_SP", message: "RAMP_STATUS = INDETERMINATE dt = 1.00332 m = -0.02773"}
{timestamp:6.82277, localtime:6.82277, state:"IN_SP", message: "INDETERMINATE dt = 1.02227 m = -0.02773"}
{timestamp:6.84471, localtime:6.84471, state:"IN_SP", message: "RAMP_STATUS = INDETERMINATE dt = 1.02227 m = -0.02773"}
{timestamp:6.84471, localtime:6.84471, state:"IN_SP", message: "INDETERMINATE dt = 1.04421 m = -0.02773"}
{timestamp:6.86366, localtime:6.86366, state:"IN_SP", message: "RAMP_STATUS = INDETERMINATE dt = 1.04421 m = -0.02773"}
{timestamp:6.86366, localtime:6.86366, state:"IN_SP", message: "INDETERMINATE dt = 1.06316 m = -0.02773"}
{timestamp:6.88460, localtime:6.88460, state:"IN_SP", message: "RAMP_STATUS = INDETERMINATE dt = 1.06316 m = -0.02893"}
{timestamp:6.88460, localtime:6.88460, state:"IN_SP", message: "INDETERMINATE dt = 1.08410 m = -0.02893"}
{timestamp:6.91153, localtime:6.91153, state:"IN_SP", message: "RAMP_STATUS = INDETERMINATE dt = 1.08410 m = -0.04520"}
{timestamp:6.91153, localtime:6.91153, state:"IN_SP", message: "INDETERMINATE dt = 1.11103 m = -0.04520"}
{timestamp:6.92449, localtime:6.92449, state:"IN_SP", message: "RAMP_STATUS = INDETERMINATE dt = 1.11103 m = -0.04520"}
{timestamp:6.92449, localtime:6.92449, state:"IN_SP", message: "INDETERMINATE dt = 1.12400 m = -0.04520"}
{timestamp:6.94444, localtime:6.94444, state:"IN_SP", message: "RAMP_STATUS = INDETERMINATE dt = 1.12400 m = -0.02702"}
{timestamp:6.94444, localtime:6.94444, state:"IN_SP", message: "INDETERMINATE dt = 1.14394 m = -0.02702"}
{timestamp:6.96538, localtime:6.96538, state:"IN_SP", message: "RAMP_STATUS = INDETERMINATE dt = 1.14394 m = -0.01520"}
{timestamp:6.96538, localtime:6.96538, state:"IN_SP", message: "INDETERMINATE dt = 1.16489 m = -0.01520"}
{timestamp:6.98832, localtime:6.98832, state:"IN_SP", message: "RAMP_STATUS = INDETERMINATE dt = 1.16489 m = -0.00584"}
{timestamp:6.98832, localtime:6.98832, state:"IN_SP", message: "INDETERMINATE dt = 1.18782 m = -0.00584"}
{timestamp:7.00428, localtime:7.00428, state:"IN_SP", message: "RAMP_STATUS = INDETERMINATE dt = 1.18782 m = 0.00000"}
{timestamp:7.00428, localtime:7.00428, state:"IN_SP", message: "INDETERMINATE dt = 1.20378 m = 0.00000"}
{timestamp:7.02522, localtime:7.02522, state:"IN_SP", message: "RAMP_STATUS = INDETERMINATE dt = 1.20378 m = 0.00000"}
{timestamp:7.02522, localtime:7.02522, state:"IN_SP", message: "INDETERMINATE dt = 1.22473 m = 0.00000"}
{timestamp:7.04517, localtime:7.04517, state:"IN_SP", message: "RAMP_STATUS = INDETERMINATE dt = 1.22473 m = -0.01470"}
{timestamp:7.04517, localtime:7.04517, state:"IN_SP", message: "INDETERMINATE dt = 1.24467 m = -0.01470"}
{timestamp:7.06312, localtime:7.06312, state:"IN_SP", message: "RAMP_STATUS = INDETERMINATE dt = 1.24467 m = -0.01470"}
{timestamp:7.06312, localtime:7.06312, state:"IN_SP", message: "INDETERMINATE dt = 1.26262 m = -0.01470"}
{timestamp:7.08407, localtime:7.08407, state:"IN_SP", message: "RAMP_STATUS = INDETERMINATE dt = 1.26262 m = -0.00521"}
{timestamp:7.08407, localtime:7.08407, state:"IN_SP", message: "INDETERMINATE dt = 1.28357 m = -0.00521"}
{timestamp:7.10501, localtime:7.10501, state:"IN_SP", message: "RAMP_STATUS = INDETERMINATE dt = 1.28357 m = 0.00000"}
{timestamp:7.10501, localtime:7.10501, state:"IN_SP", message: "INDETERMINATE dt = 1.30451 m = 0.00000"}
{timestamp:7.12396, localtime:7.12396, state:"IN_SP", message: "RAMP_STATUS = AGAINST dt = 1.30451 m = 0.14938"}
{timestamp:7.12396, localtime:7.12396, state:"IN_QP", message: "START QP @ t = 7.12396 d = UPWARD m = 0.14938 max_sp_v = -0.04958"}
{timestamp:7.14490, localtime:7.14490, state:"IN_QP", message: "IN_QP VELOCITY CHECK v: 0.13667674368732055 dirn.: UPWARD"}
{timestamp:7.14490, localtime:7.14490, state:"IN_QP", message: "EXTEND dt = 0.03989 m = 0.14938"}
{timestamp:7.16784, localtime:7.16784, state:"IN_QP", message: "IN_QP VELOCITY CHECK v: 0 dirn.: UPWARD"}
{timestamp:7.16784, localtime:7.16784, state:"IN_QP", message: "EXTEND dt = 0.06283 m = 0.13668"}
{timestamp:7.18480, localtime:7.18480, state:"IN_QP", message: "IN_QP VELOCITY CHECK v: 0 dirn.: UPWARD"}
{timestamp:7.18480, localtime:7.18480, state:"FOUND", message: "END (INDETERMINATE) m = 0.00000 [PASS-THROUGH TO FOUND]"}
{timestamp:7.18480, localtime:7.18480, state:"FOUND", message: "END qp end time = 7.18480  qp duration = 0.07979"}
{timestamp:7.18480, localtime:7.18480, state:"FOUND", message: "[PRE-VALIDATOR] END qp end time = 7.18480  qp duration = 0.07979"}
{timestamp:7.18480, localtime:7.18480, state:"FOUND", message: "PASSED VALIDITY CHECK"}
{timestamp:7.18480, localtime:7.18480, state:"FOUND", message: "PROGRESS RESET CALLED "}
{timestamp:7.18480, localtime:7.18480, state:"SEARCH_SP", message: "[FOUND] EARLY RESTART t_early = 7.184797286987305, t = 7.184797286987305 m = 0 f = true"}
