{timestamp:undefined, localtime:NaN, state:"undefined", message: "PROGRESS RESET CALLED "}
{timestamp:undefined, localtime:NaN, state:"configuring detector.", message: "undefined"}
{timestamp:undefined, localtime:NaN, state:"SEARCH_SP", message: "PROGRESS RESET CALLED "}
{timestamp:0.00000, localtime:0.00000, state:"SEARCH_SP", message: "SEARCHING  m = null"}
{timestamp:0.00000, localtime:0.00000, state:"SEARCH_SP", message: "PROGRESS RESET CALLED "}
{timestamp:0.01695, localtime:0.01695, state:"SEARCH_SP", message: "START t = 0.016954421997070312 m = 0.07210913477163061 f = true"}
{timestamp:0.03590, localtime:0.03590, state:"SEARCH_SP", message: "BUILD EVIDENCE  dt = 0.01895 m = 0.07211  f = 1.00000 [1.00000]"}
{timestamp:0.05685, localtime:0.05685, state:"SEARCH_SP", message: "BUILD EVIDENCE  dt = 0.03989 m = 0.07211  f = 1.00000 [2.00000]"}
{timestamp:0.07779, localtime:0.07779, state:"SEARCH_SP", message: "BUILD EVIDENCE  dt = 0.06084 m = 0.07669  f = 1.00000 [3.00000]"}
{timestamp:0.09674, localtime:0.09674, state:"SEARCH_SP", message: "BUILD EVIDENCE  dt = 0.07979 m = 0.09549  f = 1.00000 [4.00000]"}
{timestamp:0.11669, localtime:0.11669, state:"SEARCH_SP", message: "BUILD EVIDENCE  dt = 0.09973 m = 0.09549  f = 1.00000 [5.00000]"}
{timestamp:0.13663, localtime:0.13663, state:"SEARCH_SP", message: "ACCEPT c = 5.00000 dt = 0.11968  m = 0.05763 (start = 0.01695)"}
{timestamp:0.15658, localtime:0.15658, state:"IN_SP", message: "RAMP_STATUS = WITH dt = 0.11968 m = 0.05637"}
{timestamp:0.15658, localtime:0.15658, state:"IN_SP", message: "EXTEND dt = 0.13963 m = 0.05637"}
{timestamp:0.17952, localtime:0.17952, state:"IN_SP", message: "RAMP_STATUS = WITH dt = 0.13963 m = 0.05637"}
{timestamp:0.17952, localtime:0.17952, state:"IN_SP", message: "EXTEND dt = 0.16256 m = 0.05637"}
{timestamp:0.19747, localtime:0.19747, state:"IN_SP", message: "RAMP_STATUS = WITH dt = 0.16256 m = 0.06845"}
{timestamp:0.19747, localtime:0.19747, state:"IN_SP", message: "EXTEND dt = 0.18052 m = 0.06845"}
{timestamp:0.21642, localtime:0.21642, state:"IN_SP", message: "RAMP_STATUS = WITH dt = 0.18052 m = 0.06845"}
{timestamp:0.21642, localtime:0.21642, state:"IN_SP", message: "EXTEND dt = 0.19947 m = 0.06845"}
{timestamp:0.23737, localtime:0.23737, state:"IN_SP", message: "RAMP_STATUS = INDETERMINATE dt = 0.19947 m = 0.04973"}
{timestamp:0.23737, localtime:0.23737, state:"IN_SP", message: "INDETERMINATE dt = 0.22041 m = 0.04973"}
{timestamp:0.25631, localtime:0.25631, state:"IN_SP", message: "RAMP_STATUS = INDETERMINATE dt = 0.22041 m = 0.04189"}
{timestamp:0.25631, localtime:0.25631, state:"IN_SP", message: "INDETERMINATE dt = 0.23936 m = 0.04189"}
{timestamp:0.27626, localtime:0.27626, state:"IN_SP", message: "RAMP_STATUS = INDETERMINATE dt = 0.23936 m = 0.04189"}
{timestamp:0.27626, localtime:0.27626, state:"IN_SP", message: "INDETERMINATE dt = 0.25931 m = 0.04189"}
{timestamp:0.29720, localtime:0.29720, state:"IN_SP", message: "RAMP_STATUS = INDETERMINATE dt = 0.25931 m = 0.00000"}
{timestamp:0.29720, localtime:0.29720, state:"IN_SP", message: "INDETERMINATE dt = 0.28025 m = 0.00000"}
{timestamp:0.31715, localtime:0.31715, state:"IN_SP", message: "RAMP_STATUS = AGAINST dt = 0.28025 m = -0.35315"}
{timestamp:0.31715, localtime:0.31715, state:"IN_QP", message: "START QP @ t = 0.31715 d = DOWNWARD m = -0.35315 max_sp_v = 0.10888"}
{timestamp:0.33610, localtime:0.33610, state:"IN_QP", message: "IN_QP VELOCITY CHECK v: -0.011712254556269843 dirn.: DOWNWARD"}
{timestamp:0.33610, localtime:0.33610, state:"IN_QP", message: "EXTEND dt = 0.03890 m = -0.35315"}
{timestamp:0.35704, localtime:0.35704, state:"IN_QP", message: "IN_QP VELOCITY CHECK v: 0 dirn.: DOWNWARD"}
{timestamp:0.35704, localtime:0.35704, state:"FOUND", message: "END (INDETERMINATE) m = -0.01171 [PASS-THROUGH TO FOUND]"}
{timestamp:0.35704, localtime:0.35704, state:"FOUND", message: "END qp end time = 0.35704  qp duration = 0.05984"}
{timestamp:0.35704, localtime:0.35704, state:"FOUND", message: "[PRE-VALIDATOR] END qp end time = 0.35704  qp duration = 0.05984"}
{timestamp:0.35704, localtime:0.35704, state:"FOUND", message: "PASSED VALIDITY CHECK"}
{timestamp:0.35704, localtime:0.35704, state:"FOUND", message: "PROGRESS RESET CALLED "}
{timestamp:0.35704, localtime:0.35704, state:"SEARCH_SP", message: "[FOUND] EARLY RESTART t_early = 0.35704493522644043, t = 0.35704493522644043 m = -0.011712254556269843 f = true"}
{timestamp:0.37699, localtime:0.37699, state:"IN_SP", message: "INDETERMINATE dt = 0.01995 m = 0.00000"}
{timestamp:0.39694, localtime:0.39694, state:"STEP", message: "START STATIONARITY (COUNT = 0 T = 0.3969385623931885)"}
{timestamp:0.39694, localtime:0.39694, state:"IN_SP", message: "RAMP_STATUS = INDETERMINATE dt = 0.01995 m = 0.00249"}
{timestamp:0.39694, localtime:0.39694, state:"IN_SP", message: "INDETERMINATE dt = 0.03989 m = 0.00249"}
{timestamp:0.41988, localtime:0.41988, state:"IN_SP", message: "RAMP_STATUS = INDETERMINATE dt = 0.03989 m = 0.02476"}
{timestamp:0.41988, localtime:0.41988, state:"IN_SP", message: "INDETERMINATE dt = 0.06283 m = 0.02476"}
{timestamp:0.43683, localtime:0.43683, state:"IN_SP", message: "RAMP_STATUS = INDETERMINATE dt = 0.06283 m = 0.02476"}
{timestamp:0.43683, localtime:0.43683, state:"IN_SP", message: "INDETERMINATE dt = 0.07979 m = 0.02476"}
{timestamp:0.45778, localtime:0.45778, state:"IN_SP", message: "RAMP_STATUS = INDETERMINATE dt = 0.07979 m = 0.00000"}
{timestamp:0.45778, localtime:0.45778, state:"IN_SP", message: "INDETERMINATE dt = 0.10073 m = 0.00000"}
{timestamp:0.47772, localtime:0.47772, state:"IN_SP", message: "RAMP_STATUS = INDETERMINATE dt = 0.10073 m = -0.02885"}
{timestamp:0.47772, localtime:0.47772, state:"IN_SP", message: "INDETERMINATE dt = 0.12068 m = -0.02885"}
{timestamp:0.50066, localtime:0.50066, state:"IN_SP", message: "RAMP_STATUS = AGAINST dt = 0.12068 m = -0.18085"}
{timestamp:0.50066, localtime:0.50066, state:"IN_QP", message: "START QP @ t = 0.50066 d = DOWNWARD m = -0.18085 max_sp_v = 0.02535"}
{timestamp:0.51762, localtime:0.51762, state:"IN_QP", message: "IN_QP VELOCITY CHECK v: -0.001521796532366027 dirn.: DOWNWARD"}
{timestamp:0.51762, localtime:0.51762, state:"IN_QP", message: "EXTEND dt = 0.05984 m = -0.18085"}
{timestamp:0.53657, localtime:0.53657, state:"IN_QP", message: "IN_QP VELOCITY CHECK v: 0 dirn.: DOWNWARD"}
{timestamp:0.53657, localtime:0.53657, state:"FOUND", message: "END (INDETERMINATE) m = -0.00152 [PASS-THROUGH TO FOUND]"}
{timestamp:0.53657, localtime:0.53657, state:"FOUND", message: "END qp end time = 0.53657  qp duration = 0.07879"}
{timestamp:0.53657, localtime:0.53657, state:"FOUND", message: "[PRE-VALIDATOR] END qp end time = 0.53657  qp duration = 0.07879"}
{timestamp:0.53657, localtime:0.53657, state:"FOUND", message: "FAILED VALIDITY CHECK"}
{timestamp:0.53657, localtime:0.53657, state:"FOUND", message: "PROGRESS RESET CALLED "}
{timestamp:0.53657, localtime:0.53657, state:"SEARCH_SP", message: "[FOUND] EARLY RESTART t_early = 0.5365662574768066, t = 0.5365662574768066 m = -0.001521796532366027 f = true"}
{timestamp:0.55751, localtime:0.55751, state:"IN_SP", message: "INDETERMINATE dt = 0.02094 m = 0.00000"}
{timestamp:0.57646, localtime:0.57646, state:"IN_SP", message: "RAMP_STATUS = INDETERMINATE dt = 0.02094 m = 0.00587"}
{timestamp:0.57646, localtime:0.57646, state:"IN_SP", message: "INDETERMINATE dt = 0.03989 m = 0.00587"}
{timestamp:0.59641, localtime:0.59641, state:"IN_SP", message: "RAMP_STATUS = INDETERMINATE dt = 0.03989 m = 0.01156"}
{timestamp:0.59641, localtime:0.59641, state:"IN_SP", message: "INDETERMINATE dt = 0.05984 m = 0.01156"}
{timestamp:0.61835, localtime:0.61835, state:"IN_SP", message: "RAMP_STATUS = INDETERMINATE dt = 0.05984 m = 0.01599"}
{timestamp:0.61835, localtime:0.61835, state:"IN_SP", message: "INDETERMINATE dt = 0.08178 m = 0.01599"}
{timestamp:0.64029, localtime:0.64029, state:"IN_SP", message: "RAMP_STATUS = INDETERMINATE dt = 0.08178 m = 0.01624"}
{timestamp:0.64029, localtime:0.64029, state:"IN_SP", message: "INDETERMINATE dt = 0.10372 m = 0.01624"}
{timestamp:0.65724, localtime:0.65724, state:"IN_SP", message: "RAMP_STATUS = INDETERMINATE dt = 0.10372 m = 0.02175"}
{timestamp:0.65724, localtime:0.65724, state:"IN_SP", message: "INDETERMINATE dt = 0.12068 m = 0.02175"}
{timestamp:0.67719, localtime:0.67719, state:"IN_SP", message: "RAMP_STATUS = INDETERMINATE dt = 0.12068 m = 0.02548"}
{timestamp:0.67719, localtime:0.67719, state:"IN_SP", message: "INDETERMINATE dt = 0.14062 m = 0.02548"}
{timestamp:0.69714, localtime:0.69714, state:"IN_SP", message: "RAMP_STATUS = INDETERMINATE dt = 0.14062 m = 0.02548"}
{timestamp:0.69714, localtime:0.69714, state:"IN_SP", message: "INDETERMINATE dt = 0.16057 m = 0.02548"}
{timestamp:0.72007, localtime:0.72007, state:"IN_SP", message: "RAMP_STATUS = INDETERMINATE dt = 0.16057 m = 0.00617"}
{timestamp:0.72007, localtime:0.72007, state:"IN_SP", message: "INDETERMINATE dt = 0.18351 m = 0.00617"}
{timestamp:0.73603, localtime:0.73603, state:"IN_SP", message: "RAMP_STATUS = INDETERMINATE dt = 0.18351 m = 0.00204"}
{timestamp:0.73603, localtime:0.73603, state:"IN_SP", message: "INDETERMINATE dt = 0.19947 m = 0.00204"}
{timestamp:0.75797, localtime:0.75797, state:"IN_SP", message: "RAMP_STATUS = INDETERMINATE dt = 0.19947 m = 0.00176"}
{timestamp:0.75797, localtime:0.75797, state:"IN_SP", message: "INDETERMINATE dt = 0.22141 m = 0.00176"}
{timestamp:0.77991, localtime:0.77991, state:"IN_SP", message: "RAMP_STATUS = INDETERMINATE dt = 0.22141 m = 0.00204"}
{timestamp:0.77991, localtime:0.77991, state:"IN_SP", message: "INDETERMINATE dt = 0.24335 m = 0.00204"}
{timestamp:0.79986, localtime:0.79986, state:"IN_SP", message: "RAMP_STATUS = INDETERMINATE dt = 0.24335 m = 0.01910"}
{timestamp:0.79986, localtime:0.79986, state:"IN_SP", message: "INDETERMINATE dt = 0.26330 m = 0.01910"}
{timestamp:0.81881, localtime:0.81881, state:"IN_SP", message: "RAMP_STATUS = INDETERMINATE dt = 0.26330 m = 0.04999"}
{timestamp:0.81881, localtime:0.81881, state:"IN_SP", message: "INDETERMINATE dt = 0.28224 m = 0.04999"}
{timestamp:0.83776, localtime:0.83776, state:"IN_SP", message: "RAMP_STATUS = WITH dt = 0.28224 m = 0.07891"}
{timestamp:0.83776, localtime:0.83776, state:"IN_SP", message: "EXTEND dt = 0.30119 m = 0.07891"}
{timestamp:0.85671, localtime:0.85671, state:"IN_SP", message: "RAMP_STATUS = WITH dt = 0.30119 m = 0.07891"}
{timestamp:0.85671, localtime:0.85671, state:"IN_SP", message: "EXTEND dt = 0.32014 m = 0.07891"}
{timestamp:0.88164, localtime:0.88164, state:"IN_SP", message: "RAMP_STATUS = WITH dt = 0.32014 m = 0.07401"}
{timestamp:0.88164, localtime:0.88164, state:"IN_SP", message: "EXTEND dt = 0.34508 m = 0.07401"}
{timestamp:0.90159, localtime:0.90159, state:"IN_SP", message: "RAMP_STATUS = WITH dt = 0.34508 m = 0.07401"}
{timestamp:0.90159, localtime:0.90159, state:"IN_SP", message: "EXTEND dt = 0.36502 m = 0.07401"}
{timestamp:0.91954, localtime:0.91954, state:"IN_SP", message: "RAMP_STATUS = WITH dt = 0.36502 m = 0.07401"}
{timestamp:0.91954, localtime:0.91954, state:"IN_SP", message: "EXTEND dt = 0.38298 m = 0.07401"}
{timestamp:0.93650, localtime:0.93650, state:"IN_SP", message: "RAMP_STATUS = WITH dt = 0.38298 m = 0.08024"}
{timestamp:0.93650, localtime:0.93650, state:"IN_SP", message: "EXTEND dt = 0.39993 m = 0.08024"}
{timestamp:0.95744, localtime:0.95744, state:"IN_SP", message: "RAMP_STATUS = WITH dt = 0.39993 m = 0.08186"}
{timestamp:0.95744, localtime:0.95744, state:"IN_SP", message: "EXTEND dt = 0.42087 m = 0.08186"}
{timestamp:0.97739, localtime:0.97739, state:"IN_SP", message: "RAMP_STATUS = WITH dt = 0.42087 m = 0.09928"}
{timestamp:0.97739, localtime:0.97739, state:"IN_SP", message: "EXTEND dt = 0.44082 m = 0.09928"}
{timestamp:0.99733, localtime:0.99733, state:"IN_SP", message: "RAMP_STATUS = WITH dt = 0.44082 m = 0.09928"}
{timestamp:0.99733, localtime:0.99733, state:"IN_SP", message: "EXTEND dt = 0.46077 m = 0.09928"}
{timestamp:1.04221, localtime:1.04221, state:"IN_SP", message: "RAMP_STATUS = INDETERMINATE dt = 0.46077 m = 0.04303"}
{timestamp:1.04221, localtime:1.04221, state:"IN_SP", message: "INDETERMINATE dt = 0.50565 m = 0.04303"}
{timestamp:1.04321, localtime:1.04321, state:"IN_SP", message: "RAMP_STATUS = INDETERMINATE dt = 0.50565 m = 0.04300"}
{timestamp:1.04321, localtime:1.04321, state:"IN_SP", message: "INDETERMINATE dt = 0.50665 m = 0.04300"}
{timestamp:1.06017, localtime:1.06017, state:"IN_SP", message: "RAMP_STATUS = INDETERMINATE dt = 0.50665 m = 0.04300"}
{timestamp:1.06017, localtime:1.06017, state:"IN_SP", message: "INDETERMINATE dt = 0.52360 m = 0.04300"}
{timestamp:1.07712, localtime:1.07712, state:"IN_SP", message: "RAMP_STATUS = WITH dt = 0.52360 m = 0.07164"}
{timestamp:1.07712, localtime:1.07712, state:"IN_SP", message: "EXTEND dt = 0.54056 m = 0.07164"}
{timestamp:1.09707, localtime:1.09707, state:"IN_SP", message: "RAMP_STATUS = WITH dt = 0.54056 m = 0.07528"}
{timestamp:1.09707, localtime:1.09707, state:"IN_SP", message: "EXTEND dt = 0.56050 m = 0.07528"}
{timestamp:1.11701, localtime:1.11701, state:"IN_SP", message: "RAMP_STATUS = WITH dt = 0.56050 m = 0.07528"}
{timestamp:1.11701, localtime:1.11701, state:"IN_SP", message: "EXTEND dt = 0.58045 m = 0.07528"}
{timestamp:1.13696, localtime:1.13696, state:"IN_SP", message: "RAMP_STATUS = WITH dt = 0.58045 m = 0.05943"}
{timestamp:1.13696, localtime:1.13696, state:"IN_SP", message: "EXTEND dt = 0.60039 m = 0.05943"}
{timestamp:1.15790, localtime:1.15790, state:"STEP", message: "END STATIONARITY (D = 0.7609663009643555) [LONG]"}
{timestamp:1.15790, localtime:1.15790, state:"IN_SP", message: "RAMP_STATUS = INDETERMINATE dt = 0.60039 m = 0.02658"}
{timestamp:1.15790, localtime:1.15790, state:"IN_SP", message: "INDETERMINATE dt = 0.62134 m = 0.02658"}
{timestamp:1.17785, localtime:1.17785, state:"IN_SP", message: "RAMP_STATUS = INDETERMINATE dt = 0.62134 m = 0.00997"}
{timestamp:1.17785, localtime:1.17785, state:"IN_SP", message: "INDETERMINATE dt = 0.64129 m = 0.00997"}
{timestamp:1.19680, localtime:1.19680, state:"STEP", message: "START STATIONARITY (COUNT = 1 T = 1.196800947189331)"}
{timestamp:1.19680, localtime:1.19680, state:"IN_SP", message: "RAMP_STATUS = INDETERMINATE dt = 0.64129 m = 0.00000"}
{timestamp:1.19680, localtime:1.19680, state:"IN_SP", message: "INDETERMINATE dt = 0.66023 m = 0.00000"}
{timestamp:1.21675, localtime:1.21675, state:"IN_SP", message: "RAMP_STATUS = AGAINST dt = 0.66023 m = -0.33913"}
{timestamp:1.21675, localtime:1.21675, state:"IN_QP", message: "START QP @ t = 1.21675 d = DOWNWARD m = -0.33913 max_sp_v = 0.09938"}
{timestamp:1.23769, localtime:1.23769, state:"IN_QP", message: "IN_QP VELOCITY CHECK v: -0.2870512297675473 dirn.: DOWNWARD"}
{timestamp:1.23769, localtime:1.23769, state:"IN_QP", message: "EXTEND dt = 0.04089 m = -0.33913"}
{timestamp:1.25664, localtime:1.25664, state:"IN_QP", message: "IN_QP VELOCITY CHECK v: 0 dirn.: DOWNWARD"}
{timestamp:1.25664, localtime:1.25664, state:"IN_QP", message: "EXTEND dt = 0.05984 m = -0.28705"}
{timestamp:1.27659, localtime:1.27659, state:"IN_QP", message: "IN_QP VELOCITY CHECK v: 0.018877197723898825 dirn.: DOWNWARD"}
{timestamp:1.27659, localtime:1.27659, state:"FOUND", message: "END (INDETERMINATE) m = 0.00000 [PASS-THROUGH TO FOUND]"}
{timestamp:1.27659, localtime:1.27659, state:"FOUND", message: "END qp end time = 1.27659  qp duration = 0.07979"}
{timestamp:1.27659, localtime:1.27659, state:"FOUND", message: "[PRE-VALIDATOR] END qp end time = 1.27659  qp duration = 0.07979"}
{timestamp:1.27659, localtime:1.27659, state:"FOUND", message: "PASSED VALIDITY CHECK"}
{timestamp:1.27659, localtime:1.27659, state:"FOUND", message: "PROGRESS RESET CALLED "}
{timestamp:1.27659, localtime:1.27659, state:"SEARCH_SP", message: "[FOUND] EARLY RESTART t_early = 1.2765884399414062, t = 1.2765884399414062 m = 0 f = true"}
{timestamp:1.29753, localtime:1.29753, state:"IN_SP", message: "INDETERMINATE dt = 0.02094 m = 0.01888"}
{timestamp:1.31748, localtime:1.31748, state:"IN_SP", message: "RAMP_STATUS = INDETERMINATE dt = 0.02094 m = 0.02897"}
{timestamp:1.31748, localtime:1.31748, state:"IN_SP", message: "INDETERMINATE dt = 0.04089 m = 0.02897"}
{timestamp:1.33742, localtime:1.33742, state:"IN_SP", message: "RAMP_STATUS = INDETERMINATE dt = 0.04089 m = 0.03734"}
{timestamp:1.33742, localtime:1.33742, state:"IN_SP", message: "INDETERMINATE dt = 0.06084 m = 0.03734"}
{timestamp:1.35737, localtime:1.35737, state:"IN_SP", message: "RAMP_STATUS = INDETERMINATE dt = 0.06084 m = 0.03734"}
{timestamp:1.35737, localtime:1.35737, state:"IN_SP", message: "INDETERMINATE dt = 0.08078 m = 0.03734"}
{timestamp:1.37732, localtime:1.37732, state:"IN_SP", message: "RAMP_STATUS = INDETERMINATE dt = 0.08078 m = 0.03402"}
{timestamp:1.37732, localtime:1.37732, state:"IN_SP", message: "INDETERMINATE dt = 0.10073 m = 0.03402"}
{timestamp:1.39826, localtime:1.39826, state:"IN_SP", message: "RAMP_STATUS = INDETERMINATE dt = 0.10073 m = 0.02609"}
{timestamp:1.39826, localtime:1.39826, state:"IN_SP", message: "INDETERMINATE dt = 0.12167 m = 0.02609"}
{timestamp:1.41821, localtime:1.41821, state:"IN_SP", message: "RAMP_STATUS = INDETERMINATE dt = 0.12167 m = 0.01695"}
{timestamp:1.41821, localtime:1.41821, state:"IN_SP", message: "INDETERMINATE dt = 0.14162 m = 0.01695"}
{timestamp:1.43716, localtime:1.43716, state:"IN_SP", message: "RAMP_STATUS = INDETERMINATE dt = 0.14162 m = 0.01574"}
{timestamp:1.43716, localtime:1.43716, state:"IN_SP", message: "INDETERMINATE dt = 0.16057 m = 0.01574"}
{timestamp:1.46010, localtime:1.46010, state:"IN_SP", message: "RAMP_STATUS = INDETERMINATE dt = 0.16057 m = 0.01539"}
{timestamp:1.46010, localtime:1.46010, state:"IN_SP", message: "INDETERMINATE dt = 0.18351 m = 0.01539"}
{timestamp:1.47705, localtime:1.47705, state:"IN_SP", message: "RAMP_STATUS = INDETERMINATE dt = 0.18351 m = 0.01539"}
{timestamp:1.47705, localtime:1.47705, state:"IN_SP", message: "INDETERMINATE dt = 0.20046 m = 0.01539"}
{timestamp:1.49700, localtime:1.49700, state:"IN_SP", message: "RAMP_STATUS = INDETERMINATE dt = 0.20046 m = 0.02688"}
{timestamp:1.49700, localtime:1.49700, state:"IN_SP", message: "INDETERMINATE dt = 0.22041 m = 0.02688"}
{timestamp:1.51994, localtime:1.51994, state:"IN_SP", message: "RAMP_STATUS = INDETERMINATE dt = 0.22041 m = 0.02902"}
{timestamp:1.51994, localtime:1.51994, state:"IN_SP", message: "INDETERMINATE dt = 0.24335 m = 0.02902"}
{timestamp:1.53789, localtime:1.53789, state:"IN_SP", message: "RAMP_STATUS = INDETERMINATE dt = 0.24335 m = 0.02902"}
{timestamp:1.53789, localtime:1.53789, state:"IN_SP", message: "INDETERMINATE dt = 0.26130 m = 0.02902"}
{timestamp:1.55883, localtime:1.55883, state:"IN_SP", message: "RAMP_STATUS = WITH dt = 0.26130 m = 0.06526"}
{timestamp:1.55883, localtime:1.55883, state:"IN_SP", message: "EXTEND dt = 0.28224 m = 0.06526"}
{timestamp:1.57778, localtime:1.57778, state:"IN_SP", message: "RAMP_STATUS = WITH dt = 0.28224 m = 0.10024"}
{timestamp:1.57778, localtime:1.57778, state:"IN_SP", message: "EXTEND dt = 0.30119 m = 0.10024"}
{timestamp:1.59773, localtime:1.59773, state:"IN_SP", message: "RAMP_STATUS = WITH dt = 0.30119 m = 0.10024"}
{timestamp:1.59773, localtime:1.59773, state:"IN_SP", message: "EXTEND dt = 0.32114 m = 0.10024"}
{timestamp:1.62366, localtime:1.62366, state:"IN_SP", message: "RAMP_STATUS = WITH dt = 0.32114 m = 0.08274"}
{timestamp:1.62366, localtime:1.62366, state:"IN_SP", message: "EXTEND dt = 0.34707 m = 0.08274"}
{timestamp:1.63962, localtime:1.63962, state:"IN_SP", message: "RAMP_STATUS = WITH dt = 0.34707 m = 0.06146"}
{timestamp:1.63962, localtime:1.63962, state:"IN_SP", message: "EXTEND dt = 0.36303 m = 0.06146"}
{timestamp:1.65658, localtime:1.65658, state:"IN_SP", message: "RAMP_STATUS = INDETERMINATE dt = 0.36303 m = 0.01167"}
{timestamp:1.65658, localtime:1.65658, state:"IN_SP", message: "INDETERMINATE dt = 0.37999 m = 0.01167"}
{timestamp:1.67851, localtime:1.67851, state:"IN_SP", message: "RAMP_STATUS = INDETERMINATE dt = 0.37999 m = 0.00875"}
{timestamp:1.67851, localtime:1.67851, state:"IN_SP", message: "INDETERMINATE dt = 0.40192 m = 0.00875"}
{timestamp:1.69746, localtime:1.69746, state:"IN_SP", message: "RAMP_STATUS = INDETERMINATE dt = 0.40192 m = 0.00875"}
{timestamp:1.69746, localtime:1.69746, state:"IN_SP", message: "INDETERMINATE dt = 0.42087 m = 0.00875"}
{timestamp:1.71641, localtime:1.71641, state:"IN_SP", message: "RAMP_STATUS = INDETERMINATE dt = 0.42087 m = 0.01342"}
{timestamp:1.71641, localtime:1.71641, state:"IN_SP", message: "INDETERMINATE dt = 0.43982 m = 0.01342"}
{timestamp:1.73736, localtime:1.73736, state:"IN_SP", message: "RAMP_STATUS = INDETERMINATE dt = 0.43982 m = 0.02505"}
{timestamp:1.73736, localtime:1.73736, state:"IN_SP", message: "INDETERMINATE dt = 0.46077 m = 0.02505"}
{timestamp:1.75930, localtime:1.75930, state:"IN_SP", message: "RAMP_STATUS = INDETERMINATE dt = 0.46077 m = 0.02836"}
{timestamp:1.75930, localtime:1.75930, state:"IN_SP", message: "INDETERMINATE dt = 0.48271 m = 0.02836"}
{timestamp:1.78423, localtime:1.78423, state:"IN_SP", message: "RAMP_STATUS = INDETERMINATE dt = 0.48271 m = 0.04577"}
{timestamp:1.78423, localtime:1.78423, state:"IN_SP", message: "INDETERMINATE dt = 0.50764 m = 0.04577"}
{timestamp:1.80019, localtime:1.80019, state:"IN_SP", message: "RAMP_STATUS = WITH dt = 0.50764 m = 0.06224"}
{timestamp:1.80019, localtime:1.80019, state:"IN_SP", message: "EXTEND dt = 0.52360 m = 0.06224"}
{timestamp:1.81814, localtime:1.81814, state:"IN_SP", message: "RAMP_STATUS = WITH dt = 0.52360 m = 0.10212"}
{timestamp:1.81814, localtime:1.81814, state:"IN_SP", message: "EXTEND dt = 0.54155 m = 0.10212"}
{timestamp:1.84008, localtime:1.84008, state:"IN_SP", message: "RAMP_STATUS = WITH dt = 0.54155 m = 0.10212"}
{timestamp:1.84008, localtime:1.84008, state:"IN_SP", message: "EXTEND dt = 0.56349 m = 0.10212"}
{timestamp:1.85704, localtime:1.85704, state:"IN_SP", message: "RAMP_STATUS = INDETERMINATE dt = 0.56349 m = 0.00181"}
{timestamp:1.85704, localtime:1.85704, state:"IN_SP", message: "INDETERMINATE dt = 0.58045 m = 0.00181"}
{timestamp:1.87798, localtime:1.87798, state:"IN_SP", message: "RAMP_STATUS = INDETERMINATE dt = 0.58045 m = 0.00000"}
{timestamp:1.87798, localtime:1.87798, state:"IN_SP", message: "INDETERMINATE dt = 0.60139 m = 0.00000"}
{timestamp:1.89494, localtime:1.89494, state:"IN_SP", message: "RAMP_STATUS = AGAINST dt = 0.60139 m = -0.67226"}
{timestamp:1.89494, localtime:1.89494, state:"IN_QP", message: "START QP @ t = 1.89494 d = DOWNWARD m = -0.67226 max_sp_v = 0.15097"}
{timestamp:1.91688, localtime:1.91688, state:"IN_QP", message: "IN_QP VELOCITY CHECK v: -0.6811938291444534 dirn.: DOWNWARD"}
{timestamp:1.91688, localtime:1.91688, state:"IN_QP", message: "EXTEND dt = 0.03890 m = -0.68119"}
{timestamp:1.93782, localtime:1.93782, state:"IN_QP", message: "IN_QP VELOCITY CHECK v: 0 dirn.: DOWNWARD"}
{timestamp:1.93782, localtime:1.93782, state:"IN_QP", message: "EXTEND dt = 0.05984 m = -0.68119"}
{timestamp:1.95876, localtime:1.95876, state:"IN_QP", message: "IN_QP VELOCITY CHECK v: 0.029214713941062002 dirn.: DOWNWARD"}
{timestamp:1.95876, localtime:1.95876, state:"FOUND", message: "END (INDETERMINATE) m = 0.00000 [PASS-THROUGH TO FOUND]"}
{timestamp:1.95876, localtime:1.95876, state:"FOUND", message: "END qp end time = 1.95876  qp duration = 0.08078"}
{timestamp:1.95876, localtime:1.95876, state:"FOUND", message: "[PRE-VALIDATOR] END qp end time = 1.95876  qp duration = 0.08078"}
{timestamp:1.95876, localtime:1.95876, state:"FOUND", message: "PASSED VALIDITY CHECK"}
{timestamp:1.95876, localtime:1.95876, state:"FOUND", message: "PROGRESS RESET CALLED "}
{timestamp:1.95876, localtime:1.95876, state:"SEARCH_SP", message: "[FOUND] EARLY RESTART t_early = 1.958763837814331, t = 1.958763837814331 m = 0 f = true"}
{timestamp:1.97672, localtime:1.97672, state:"IN_SP", message: "INDETERMINATE dt = 0.01795 m = 0.02921"}
{timestamp:1.99666, localtime:1.99666, state:"IN_SP", message: "RAMP_STATUS = INDETERMINATE dt = 0.01795 m = 0.03730"}
{timestamp:1.99666, localtime:1.99666, state:"IN_SP", message: "INDETERMINATE dt = 0.03790 m = 0.03730"}
{timestamp:2.01661, localtime:2.01661, state:"IN_SP", message: "RAMP_STATUS = INDETERMINATE dt = 0.03790 m = 0.03730"}
{timestamp:2.01661, localtime:2.01661, state:"IN_SP", message: "INDETERMINATE dt = 0.05785 m = 0.03730"}
{timestamp:2.03755, localtime:2.03755, state:"IN_SP", message: "RAMP_STATUS = INDETERMINATE dt = 0.05785 m = 0.00632"}
{timestamp:2.03755, localtime:2.03755, state:"IN_SP", message: "INDETERMINATE dt = 0.07879 m = 0.00632"}
{timestamp:2.05750, localtime:2.05750, state:"IN_SP", message: "RAMP_STATUS = INDETERMINATE dt = 0.07879 m = 0.00632"}
{timestamp:2.05750, localtime:2.05750, state:"IN_SP", message: "INDETERMINATE dt = 0.09874 m = 0.00632"}
{timestamp:2.07645, localtime:2.07645, state:"IN_SP", message: "RAMP_STATUS = INDETERMINATE dt = 0.09874 m = 0.02298"}
{timestamp:2.07645, localtime:2.07645, state:"IN_SP", message: "INDETERMINATE dt = 0.11769 m = 0.02298"}
{timestamp:2.10138, localtime:2.10138, state:"IN_SP", message: "RAMP_STATUS = INDETERMINATE dt = 0.11769 m = 0.02967"}
{timestamp:2.10138, localtime:2.10138, state:"IN_SP", message: "INDETERMINATE dt = 0.14262 m = 0.02967"}
{timestamp:2.11634, localtime:2.11634, state:"IN_SP", message: "RAMP_STATUS = INDETERMINATE dt = 0.14262 m = 0.03635"}
{timestamp:2.11634, localtime:2.11634, state:"IN_SP", message: "INDETERMINATE dt = 0.15758 m = 0.03635"}
{timestamp:2.13629, localtime:2.13629, state:"IN_SP", message: "RAMP_STATUS = INDETERMINATE dt = 0.15758 m = 0.03635"}
{timestamp:2.13629, localtime:2.13629, state:"IN_SP", message: "INDETERMINATE dt = 0.17753 m = 0.03635"}
{timestamp:2.16122, localtime:2.16122, state:"IN_SP", message: "RAMP_STATUS = INDETERMINATE dt = 0.17753 m = 0.00444"}
{timestamp:2.16122, localtime:2.16122, state:"IN_SP", message: "INDETERMINATE dt = 0.20246 m = 0.00444"}
{timestamp:2.18117, localtime:2.18117, state:"IN_SP", message: "RAMP_STATUS = INDETERMINATE dt = 0.20246 m = 0.00399"}
{timestamp:2.18117, localtime:2.18117, state:"IN_SP", message: "INDETERMINATE dt = 0.22241 m = 0.00399"}
{timestamp:2.20012, localtime:2.20012, state:"IN_SP", message: "RAMP_STATUS = INDETERMINATE dt = 0.22241 m = 0.00057"}
{timestamp:2.20012, localtime:2.20012, state:"IN_SP", message: "INDETERMINATE dt = 0.24135 m = 0.00057"}
{timestamp:2.21608, localtime:2.21608, state:"IN_SP", message: "RAMP_STATUS = INDETERMINATE dt = 0.24135 m = 0.00057"}
{timestamp:2.21608, localtime:2.21608, state:"IN_SP", message: "INDETERMINATE dt = 0.25731 m = 0.00057"}
{timestamp:2.24001, localtime:2.24001, state:"IN_SP", message: "RAMP_STATUS = INDETERMINATE dt = 0.25731 m = 0.01429"}
{timestamp:2.24001, localtime:2.24001, state:"IN_SP", message: "INDETERMINATE dt = 0.28125 m = 0.01429"}
{timestamp:2.25497, localtime:2.25497, state:"IN_SP", message: "RAMP_STATUS = INDETERMINATE dt = 0.28125 m = 0.03046"}
{timestamp:2.25497, localtime:2.25497, state:"IN_SP", message: "INDETERMINATE dt = 0.29621 m = 0.03046"}
{timestamp:2.27592, localtime:2.27592, state:"IN_SP", message: "RAMP_STATUS = INDETERMINATE dt = 0.29621 m = 0.03431"}
{timestamp:2.27592, localtime:2.27592, state:"IN_SP", message: "INDETERMINATE dt = 0.31715 m = 0.03431"}
{timestamp:2.30085, localtime:2.30085, state:"IN_SP", message: "RAMP_STATUS = INDETERMINATE dt = 0.31715 m = 0.03431"}
{timestamp:2.30085, localtime:2.30085, state:"IN_SP", message: "INDETERMINATE dt = 0.34209 m = 0.03431"}
{timestamp:2.32578, localtime:2.32578, state:"IN_SP", message: "RAMP_STATUS = INDETERMINATE dt = 0.34209 m = 0.03431"}
{timestamp:2.32578, localtime:2.32578, state:"IN_SP", message: "INDETERMINATE dt = 0.36702 m = 0.03431"}
{timestamp:2.34174, localtime:2.34174, state:"IN_SP", message: "RAMP_STATUS = INDETERMINATE dt = 0.36702 m = 0.04531"}
{timestamp:2.34174, localtime:2.34174, state:"IN_SP", message: "INDETERMINATE dt = 0.38298 m = 0.04531"}
{timestamp:2.35969, localtime:2.35969, state:"IN_SP", message: "RAMP_STATUS = WITH dt = 0.38298 m = 0.08336"}
{timestamp:2.35969, localtime:2.35969, state:"IN_SP", message: "EXTEND dt = 0.40093 m = 0.08336"}
{timestamp:2.38163, localtime:2.38163, state:"IN_SP", message: "RAMP_STATUS = WITH dt = 0.40093 m = 0.13803"}
{timestamp:2.38163, localtime:2.38163, state:"IN_SP", message: "EXTEND dt = 0.42287 m = 0.13803"}
{timestamp:2.40058, localtime:2.40058, state:"IN_SP", message: "RAMP_STATUS = WITH dt = 0.42287 m = 0.13803"}
{timestamp:2.40058, localtime:2.40058, state:"IN_SP", message: "EXTEND dt = 0.44182 m = 0.13803"}
{timestamp:2.42053, localtime:2.42053, state:"IN_SP", message: "RAMP_STATUS = WITH dt = 0.44182 m = 0.06479"}
{timestamp:2.42053, localtime:2.42053, state:"IN_SP", message: "EXTEND dt = 0.46177 m = 0.06479"}
{timestamp:2.43649, localtime:2.43649, state:"IN_SP", message: "RAMP_STATUS = WITH dt = 0.46177 m = 0.05124"}
{timestamp:2.43649, localtime:2.43649, state:"IN_SP", message: "EXTEND dt = 0.47772 m = 0.05124"}
{timestamp:2.45444, localtime:2.45444, state:"IN_SP", message: "RAMP_STATUS = WITH dt = 0.47772 m = 0.05124"}
{timestamp:2.45444, localtime:2.45444, state:"IN_SP", message: "EXTEND dt = 0.49568 m = 0.05124"}
{timestamp:2.47439, localtime:2.47439, state:"IN_SP", message: "RAMP_STATUS = INDETERMINATE dt = 0.49568 m = 0.04380"}
{timestamp:2.47439, localtime:2.47439, state:"IN_SP", message: "INDETERMINATE dt = 0.51562 m = 0.04380"}
{timestamp:2.49633, localtime:2.49633, state:"IN_SP", message: "RAMP_STATUS = INDETERMINATE dt = 0.51562 m = 0.04627"}
{timestamp:2.49633, localtime:2.49633, state:"IN_SP", message: "INDETERMINATE dt = 0.53756 m = 0.04627"}
{timestamp:2.52126, localtime:2.52126, state:"IN_SP", message: "RAMP_STATUS = INDETERMINATE dt = 0.53756 m = 0.04470"}
{timestamp:2.52126, localtime:2.52126, state:"IN_SP", message: "INDETERMINATE dt = 0.56250 m = 0.04470"}
{timestamp:2.54121, localtime:2.54121, state:"IN_SP", message: "RAMP_STATUS = INDETERMINATE dt = 0.56250 m = 0.04627"}
{timestamp:2.54121, localtime:2.54121, state:"IN_SP", message: "INDETERMINATE dt = 0.58244 m = 0.04627"}
{timestamp:2.55617, localtime:2.55617, state:"IN_SP", message: "RAMP_STATUS = WITH dt = 0.58244 m = 0.07438"}
{timestamp:2.55617, localtime:2.55617, state:"IN_SP", message: "EXTEND dt = 0.59740 m = 0.07438"}
{timestamp:2.57611, localtime:2.57611, state:"IN_SP", message: "RAMP_STATUS = WITH dt = 0.59740 m = 0.07438"}
{timestamp:2.57611, localtime:2.57611, state:"IN_SP", message: "EXTEND dt = 0.61735 m = 0.07438"}
{timestamp:2.59506, localtime:2.59506, state:"IN_SP", message: "RAMP_STATUS = WITH dt = 0.61735 m = 0.06982"}
{timestamp:2.59506, localtime:2.59506, state:"IN_SP", message: "EXTEND dt = 0.63630 m = 0.06982"}
{timestamp:2.62199, localtime:2.62199, state:"IN_SP", message: "RAMP_STATUS = INDETERMINATE dt = 0.63630 m = 0.03090"}
{timestamp:2.62199, localtime:2.62199, state:"IN_SP", message: "INDETERMINATE dt = 0.66323 m = 0.03090"}
{timestamp:2.63695, localtime:2.63695, state:"IN_SP", message: "RAMP_STATUS = INDETERMINATE dt = 0.66323 m = 0.03090"}
{timestamp:2.63695, localtime:2.63695, state:"IN_SP", message: "INDETERMINATE dt = 0.67819 m = 0.03090"}
{timestamp:2.65690, localtime:2.65690, state:"IN_SP", message: "RAMP_STATUS = WITH dt = 0.67819 m = 0.06418"}
{timestamp:2.65690, localtime:2.65690, state:"IN_SP", message: "EXTEND dt = 0.69814 m = 0.06418"}
{timestamp:2.67984, localtime:2.67984, state:"IN_SP", message: "RAMP_STATUS = WITH dt = 0.69814 m = 0.06418"}
{timestamp:2.67984, localtime:2.67984, state:"IN_SP", message: "EXTEND dt = 0.72107 m = 0.06418"}
{timestamp:2.69679, localtime:2.69679, state:"IN_SP", message: "RAMP_STATUS = WITH dt = 0.72107 m = 0.06238"}
{timestamp:2.69679, localtime:2.69679, state:"IN_SP", message: "EXTEND dt = 0.73803 m = 0.06238"}
{timestamp:2.72073, localtime:2.72073, state:"STEP", message: "END STATIONARITY (D = 1.5239262580871582) [LONG]"}
{timestamp:2.72073, localtime:2.72073, state:"IN_SP", message: "RAMP_STATUS = WITH dt = 0.73803 m = 0.06028"}
{timestamp:2.72073, localtime:2.72073, state:"IN_SP", message: "EXTEND dt = 0.76196 m = 0.06028"}
{timestamp:2.73669, localtime:2.73669, state:"IN_SP", message: "RAMP_STATUS = WITH dt = 0.76196 m = 0.06238"}
{timestamp:2.73669, localtime:2.73669, state:"IN_SP", message: "EXTEND dt = 0.77792 m = 0.06238"}
{timestamp:2.75663, localtime:2.75663, state:"IN_SP", message: "RAMP_STATUS = WITH dt = 0.77792 m = 0.05971"}
{timestamp:2.75663, localtime:2.75663, state:"IN_SP", message: "EXTEND dt = 0.79787 m = 0.05971"}
{timestamp:2.79254, localtime:2.79254, state:"STEP", message: "START STATIONARITY (COUNT = 2 T = 2.7925362586975098)"}
{timestamp:2.79254, localtime:2.79254, state:"IN_SP", message: "RAMP_STATUS = WITH dt = 0.79787 m = 0.05971"}
{timestamp:2.79254, localtime:2.79254, state:"IN_SP", message: "EXTEND dt = 0.83377 m = 0.05971"}
{timestamp:2.81248, localtime:2.81248, state:"IN_SP", message: "RAMP_STATUS = INDETERMINATE dt = 0.83377 m = 0.00000"}
{timestamp:2.81248, localtime:2.81248, state:"IN_SP", message: "INDETERMINATE dt = 0.85372 m = 0.00000"}
{timestamp:2.82744, localtime:2.82744, state:"IN_SP", message: "RAMP_STATUS = AGAINST dt = 0.85372 m = -0.21082"}
{timestamp:2.82744, localtime:2.82744, state:"IN_QP", message: "START QP @ t = 2.82744 d = DOWNWARD m = -0.21082 max_sp_v = 0.13881"}
{timestamp:2.84440, localtime:2.84440, state:"IN_QP", message: "IN_QP VELOCITY CHECK v: -1.0507302482248382 dirn.: DOWNWARD"}
{timestamp:2.84440, localtime:2.84440, state:"IN_QP", message: "EXTEND dt = 0.03191 m = -1.05073"}
{timestamp:2.86135, localtime:2.86135, state:"IN_QP", message: "IN_QP VELOCITY CHECK v: -0.15789917752056298 dirn.: DOWNWARD"}
{timestamp:2.86135, localtime:2.86135, state:"IN_QP", message: "EXTEND dt = 0.04887 m = -1.05073"}
{timestamp:2.88030, localtime:2.88030, state:"IN_QP", message: "IN_QP VELOCITY CHECK v: 0 dirn.: DOWNWARD"}
{timestamp:2.88030, localtime:2.88030, state:"IN_QP", message: "EXTEND dt = 0.06782 m = -0.15790"}
{timestamp:2.90125, localtime:2.90125, state:"IN_QP", message: "IN_QP VELOCITY CHECK v: 0.06191969441460809 dirn.: DOWNWARD"}
{timestamp:2.90125, localtime:2.90125, state:"FOUND", message: "END (INDETERMINATE) m = 0.00000 [PASS-THROUGH TO FOUND]"}
{timestamp:2.90125, localtime:2.90125, state:"FOUND", message: "END qp end time = 2.90125  qp duration = 0.08876"}
{timestamp:2.90125, localtime:2.90125, state:"FOUND", message: "[PRE-VALIDATOR] END qp end time = 2.90125  qp duration = 0.08876"}
{timestamp:2.90125, localtime:2.90125, state:"FOUND", message: "PASSED VALIDITY CHECK"}
{timestamp:2.90125, localtime:2.90125, state:"FOUND", message: "PROGRESS RESET CALLED "}
{timestamp:2.90125, localtime:2.90125, state:"SEARCH_SP", message: "[FOUND] EARLY RESTART t_early = 2.9012463092803955, t = 2.9012463092803955 m = 0 f = true"}
{timestamp:2.91920, localtime:2.91920, state:"SEARCH_SP", message: "BUILD EVIDENCE  dt = 0.01795 m = 0.06192  f = 1.00000 [1.00000]"}
{timestamp:2.93914, localtime:2.93914, state:"SEARCH_SP", message: "BUILD EVIDENCE  dt = 0.03790 m = 0.06192  f = 1.00000 [2.00000]"}
{timestamp:2.96009, localtime:2.96009, state:"IN_SP", message: "INDETERMINATE dt = 0.05884 m = 0.01754"}
{timestamp:2.98103, localtime:2.98103, state:"IN_SP", message: "RAMP_STATUS = INDETERMINATE dt = 0.05884 m = 0.00159"}
{timestamp:2.98103, localtime:2.98103, state:"IN_SP", message: "INDETERMINATE dt = 0.07979 m = 0.00159"}
{timestamp:2.99998, localtime:2.99998, state:"IN_SP", message: "RAMP_STATUS = INDETERMINATE dt = 0.07979 m = 0.00159"}
{timestamp:2.99998, localtime:2.99998, state:"IN_SP", message: "INDETERMINATE dt = 0.09874 m = 0.00159"}
{timestamp:3.02392, localtime:3.02392, state:"IN_SP", message: "RAMP_STATUS = INDETERMINATE dt = 0.09874 m = 0.00159"}
{timestamp:3.02392, localtime:3.02392, state:"IN_SP", message: "INDETERMINATE dt = 0.12267 m = 0.00159"}
{timestamp:3.04187, localtime:3.04187, state:"IN_SP", message: "RAMP_STATUS = INDETERMINATE dt = 0.12267 m = -0.00234"}
{timestamp:3.04187, localtime:3.04187, state:"IN_SP", message: "INDETERMINATE dt = 0.14062 m = -0.00234"}
{timestamp:3.06082, localtime:3.06082, state:"IN_SP", message: "RAMP_STATUS = INDETERMINATE dt = 0.14062 m = -0.00266"}
{timestamp:3.06082, localtime:3.06082, state:"IN_SP", message: "INDETERMINATE dt = 0.15957 m = -0.00266"}
{timestamp:3.07977, localtime:3.07977, state:"IN_SP", message: "RAMP_STATUS = INDETERMINATE dt = 0.15957 m = -0.01047"}
{timestamp:3.07977, localtime:3.07977, state:"IN_SP", message: "INDETERMINATE dt = 0.17852 m = -0.01047"}
{timestamp:3.10071, localtime:3.10071, state:"IN_SP", message: "RAMP_STATUS = INDETERMINATE dt = 0.17852 m = -0.01047"}
{timestamp:3.10071, localtime:3.10071, state:"IN_SP", message: "INDETERMINATE dt = 0.19947 m = -0.01047"}
{timestamp:3.12066, localtime:3.12066, state:"IN_SP", message: "RAMP_STATUS = INDETERMINATE dt = 0.19947 m = 0.00000"}
{timestamp:3.12066, localtime:3.12066, state:"IN_SP", message: "INDETERMINATE dt = 0.21941 m = 0.00000"}
{timestamp:3.14060, localtime:3.14060, state:"IN_SP", message: "RAMP_STATUS = INDETERMINATE dt = 0.21941 m = 0.01609"}
{timestamp:3.14060, localtime:3.14060, state:"IN_SP", message: "INDETERMINATE dt = 0.23936 m = 0.01609"}
{timestamp:3.15856, localtime:3.15856, state:"IN_SP", message: "RAMP_STATUS = INDETERMINATE dt = 0.23936 m = 0.04522"}
{timestamp:3.15856, localtime:3.15856, state:"IN_SP", message: "INDETERMINATE dt = 0.25731 m = 0.04522"}
{timestamp:3.17950, localtime:3.17950, state:"IN_SP", message: "RAMP_STATUS = INDETERMINATE dt = 0.25731 m = 0.04522"}
{timestamp:3.17950, localtime:3.17950, state:"IN_SP", message: "INDETERMINATE dt = 0.27826 m = 0.04522"}
{timestamp:3.20144, localtime:3.20144, state:"IN_SP", message: "RAMP_STATUS = INDETERMINATE dt = 0.27826 m = 0.03084"}
{timestamp:3.20144, localtime:3.20144, state:"IN_SP", message: "INDETERMINATE dt = 0.30020 m = 0.03084"}
{timestamp:3.22139, localtime:3.22139, state:"IN_SP", message: "RAMP_STATUS = INDETERMINATE dt = 0.30020 m = 0.03084"}
{timestamp:3.22139, localtime:3.22139, state:"IN_SP", message: "INDETERMINATE dt = 0.32014 m = 0.03084"}
{timestamp:3.24034, localtime:3.24034, state:"IN_SP", message: "RAMP_STATUS = WITH dt = 0.32014 m = 0.07133"}
{timestamp:3.24034, localtime:3.24034, state:"IN_SP", message: "EXTEND dt = 0.33909 m = 0.07133"}
{timestamp:3.26128, localtime:3.26128, state:"IN_SP", message: "RAMP_STATUS = WITH dt = 0.33909 m = 0.07133"}
{timestamp:3.26128, localtime:3.26128, state:"IN_SP", message: "EXTEND dt = 0.36004 m = 0.07133"}
{timestamp:3.28123, localtime:3.28123, state:"IN_SP", message: "RAMP_STATUS = INDETERMINATE dt = 0.36004 m = 0.03127"}
{timestamp:3.28123, localtime:3.28123, state:"IN_SP", message: "INDETERMINATE dt = 0.37998 m = 0.03127"}
{timestamp:3.29918, localtime:3.29918, state:"IN_SP", message: "RAMP_STATUS = INDETERMINATE dt = 0.37998 m = 0.03127"}
{timestamp:3.29918, localtime:3.29918, state:"IN_SP", message: "INDETERMINATE dt = 0.39794 m = 0.03127"}
{timestamp:3.32012, localtime:3.32012, state:"IN_SP", message: "RAMP_STATUS = INDETERMINATE dt = 0.39794 m = 0.03990"}
{timestamp:3.32012, localtime:3.32012, state:"IN_SP", message: "INDETERMINATE dt = 0.41888 m = 0.03990"}
{timestamp:3.34007, localtime:3.34007, state:"IN_SP", message: "RAMP_STATUS = INDETERMINATE dt = 0.41888 m = 0.03990"}
{timestamp:3.34007, localtime:3.34007, state:"IN_SP", message: "INDETERMINATE dt = 0.43883 m = 0.03990"}
{timestamp:3.36102, localtime:3.36102, state:"IN_SP", message: "RAMP_STATUS = INDETERMINATE dt = 0.43883 m = 0.03990"}
{timestamp:3.36102, localtime:3.36102, state:"IN_SP", message: "INDETERMINATE dt = 0.45977 m = 0.03990"}
{timestamp:3.38196, localtime:3.38196, state:"IN_SP", message: "RAMP_STATUS = WITH dt = 0.45977 m = 0.06674"}
{timestamp:3.38196, localtime:3.38196, state:"IN_SP", message: "EXTEND dt = 0.48071 m = 0.06674"}
{timestamp:3.40091, localtime:3.40091, state:"IN_SP", message: "RAMP_STATUS = WITH dt = 0.48071 m = 0.07382"}
{timestamp:3.40091, localtime:3.40091, state:"IN_SP", message: "EXTEND dt = 0.49966 m = 0.07382"}
{timestamp:3.42285, localtime:3.42285, state:"IN_SP", message: "RAMP_STATUS = WITH dt = 0.49966 m = 0.07511"}
{timestamp:3.42285, localtime:3.42285, state:"IN_SP", message: "EXTEND dt = 0.52161 m = 0.07511"}
{timestamp:3.44080, localtime:3.44080, state:"IN_SP", message: "RAMP_STATUS = WITH dt = 0.52161 m = 0.07511"}
{timestamp:3.44080, localtime:3.44080, state:"IN_SP", message: "EXTEND dt = 0.53956 m = 0.07511"}
{timestamp:3.46075, localtime:3.46075, state:"IN_SP", message: "RAMP_STATUS = INDETERMINATE dt = 0.53956 m = 0.03924"}
{timestamp:3.46075, localtime:3.46075, state:"IN_SP", message: "INDETERMINATE dt = 0.55950 m = 0.03924"}
{timestamp:3.48070, localtime:3.48070, state:"IN_SP", message: "RAMP_STATUS = INDETERMINATE dt = 0.55950 m = 0.03924"}
{timestamp:3.48070, localtime:3.48070, state:"IN_SP", message: "INDETERMINATE dt = 0.57945 m = 0.03924"}
{timestamp:3.50164, localtime:3.50164, state:"IN_SP", message: "RAMP_STATUS = WITH dt = 0.57945 m = 0.05064"}
{timestamp:3.50164, localtime:3.50164, state:"IN_SP", message: "EXTEND dt = 0.60040 m = 0.05064"}
{timestamp:3.51959, localtime:3.51959, state:"STEP", message: "END STATIONARITY (D = 0.7270557880401611) [LONG]"}
{timestamp:3.51959, localtime:3.51959, state:"IN_SP", message: "RAMP_STATUS = WITH dt = 0.60040 m = 0.08489"}
{timestamp:3.51959, localtime:3.51959, state:"IN_SP", message: "EXTEND dt = 0.61835 m = 0.08489"}
{timestamp:3.54054, localtime:3.54054, state:"IN_SP", message: "RAMP_STATUS = WITH dt = 0.61835 m = 0.09692"}
{timestamp:3.54054, localtime:3.54054, state:"IN_SP", message: "EXTEND dt = 0.63929 m = 0.09692"}
{timestamp:3.56048, localtime:3.56048, state:"IN_SP", message: "RAMP_STATUS = WITH dt = 0.63929 m = 0.09804"}
{timestamp:3.56048, localtime:3.56048, state:"IN_SP", message: "EXTEND dt = 0.65924 m = 0.09804"}
{timestamp:3.58641, localtime:3.58641, state:"IN_SP", message: "RAMP_STATUS = WITH dt = 0.65924 m = 0.09804"}
{timestamp:3.58641, localtime:3.58641, state:"IN_SP", message: "EXTEND dt = 0.68517 m = 0.09804"}
{timestamp:3.60137, localtime:3.60137, state:"STEP", message: "START STATIONARITY (COUNT = 3 T = 3.6013739109039307)"}
{timestamp:3.60137, localtime:3.60137, state:"IN_SP", message: "RAMP_STATUS = INDETERMINATE dt = 0.68517 m = 0.04854"}
{timestamp:3.60137, localtime:3.60137, state:"IN_SP", message: "INDETERMINATE dt = 0.70013 m = 0.04854"}
{timestamp:3.62930, localtime:3.62930, state:"IN_SP", message: "RAMP_STATUS = INDETERMINATE dt = 0.70013 m = 0.00000"}
{timestamp:3.62930, localtime:3.62930, state:"IN_SP", message: "INDETERMINATE dt = 0.72805 m = 0.00000"}
{timestamp:3.64426, localtime:3.64426, state:"IN_SP", message: "RAMP_STATUS = AGAINST dt = 0.72805 m = -0.14413"}
{timestamp:3.64426, localtime:3.64426, state:"IN_QP", message: "START QP @ t = 3.64426 d = DOWNWARD m = -0.14413 max_sp_v = 0.10914"}
{timestamp:3.66421, localtime:3.66421, state:"IN_QP", message: "IN_QP VELOCITY CHECK v: -0.1352486258395752 dirn.: DOWNWARD"}
{timestamp:3.66421, localtime:3.66421, state:"IN_QP", message: "EXTEND dt = 0.03491 m = -0.14413"}
{timestamp:3.68116, localtime:3.68116, state:"IN_QP", message: "IN_QP VELOCITY CHECK v: -0.08716767951282729 dirn.: DOWNWARD"}
{timestamp:3.68116, localtime:3.68116, state:"IN_QP", message: "EXTEND dt = 0.05186 m = -0.13525"}
{timestamp:3.70211, localtime:3.70211, state:"IN_QP", message: "IN_QP VELOCITY CHECK v: -0.02848757019719429 dirn.: DOWNWARD"}
{timestamp:3.70211, localtime:3.70211, state:"IN_QP", message: "EXTEND dt = 0.07281 m = -0.08717"}
{timestamp:3.72804, localtime:3.72804, state:"IN_QP", message: "IN_QP VELOCITY CHECK v: -0.005476081623469405 dirn.: DOWNWARD"}
{timestamp:3.72804, localtime:3.72804, state:"FOUND", message: "END (INDETERMINATE) m = -0.02849 [PASS-THROUGH TO FOUND]"}
{timestamp:3.72804, localtime:3.72804, state:"FOUND", message: "END qp end time = 3.72804  qp duration = 0.09874"}
{timestamp:3.72804, localtime:3.72804, state:"FOUND", message: "[PRE-VALIDATOR] END qp end time = 3.72804  qp duration = 0.09874"}
{timestamp:3.72804, localtime:3.72804, state:"FOUND", message: "PASSED VALIDITY CHECK"}
{timestamp:3.72804, localtime:3.72804, state:"FOUND", message: "PROGRESS RESET CALLED "}
{timestamp:3.72804, localtime:3.72804, state:"SEARCH_SP", message: "[FOUND] EARLY RESTART t_early = 3.728036403656006, t = 3.728036403656006 m = -0.02848757019719429 f = true"}
{timestamp:3.74100, localtime:3.74100, state:"IN_SP", message: "INDETERMINATE dt = 0.01297 m = -0.00548"}
{timestamp:3.76095, localtime:3.76095, state:"IN_SP", message: "RAMP_STATUS = INDETERMINATE dt = 0.01297 m = 0.00377"}
{timestamp:3.76095, localtime:3.76095, state:"IN_SP", message: "INDETERMINATE dt = 0.03291 m = 0.00377"}
{timestamp:3.78389, localtime:3.78389, state:"IN_SP", message: "RAMP_STATUS = INDETERMINATE dt = 0.03291 m = 0.00497"}
{timestamp:3.78389, localtime:3.78389, state:"IN_SP", message: "INDETERMINATE dt = 0.05585 m = 0.00497"}
{timestamp:3.80383, localtime:3.80383, state:"IN_SP", message: "RAMP_STATUS = INDETERMINATE dt = 0.05585 m = 0.00871"}
{timestamp:3.80383, localtime:3.80383, state:"IN_SP", message: "INDETERMINATE dt = 0.07580 m = 0.00871"}
{timestamp:3.82079, localtime:3.82079, state:"IN_SP", message: "RAMP_STATUS = INDETERMINATE dt = 0.07580 m = 0.01003"}
{timestamp:3.82079, localtime:3.82079, state:"IN_SP", message: "INDETERMINATE dt = 0.09275 m = 0.01003"}
{timestamp:3.84173, localtime:3.84173, state:"IN_SP", message: "RAMP_STATUS = INDETERMINATE dt = 0.09275 m = 0.04528"}
{timestamp:3.84173, localtime:3.84173, state:"IN_SP", message: "INDETERMINATE dt = 0.11369 m = 0.04528"}
{timestamp:3.86467, localtime:3.86467, state:"IN_SP", message: "RAMP_STATUS = INDETERMINATE dt = 0.11369 m = 0.04528"}
{timestamp:3.86467, localtime:3.86467, state:"IN_SP", message: "INDETERMINATE dt = 0.13663 m = 0.04528"}
{timestamp:3.88162, localtime:3.88162, state:"IN_SP", message: "RAMP_STATUS = INDETERMINATE dt = 0.13663 m = 0.03137"}
{timestamp:3.88162, localtime:3.88162, state:"IN_SP", message: "INDETERMINATE dt = 0.15359 m = 0.03137"}
{timestamp:3.90357, localtime:3.90357, state:"IN_SP", message: "RAMP_STATUS = INDETERMINATE dt = 0.15359 m = 0.03137"}
{timestamp:3.90357, localtime:3.90357, state:"IN_SP", message: "INDETERMINATE dt = 0.17553 m = 0.03137"}
{timestamp:3.92152, localtime:3.92152, state:"IN_SP", message: "RAMP_STATUS = INDETERMINATE dt = 0.17553 m = 0.03137"}
{timestamp:3.92152, localtime:3.92152, state:"IN_SP", message: "INDETERMINATE dt = 0.19348 m = 0.03137"}
{timestamp:3.94147, localtime:3.94147, state:"IN_SP", message: "RAMP_STATUS = INDETERMINATE dt = 0.19348 m = 0.03031"}
{timestamp:3.94147, localtime:3.94147, state:"IN_SP", message: "INDETERMINATE dt = 0.21343 m = 0.03031"}
{timestamp:3.96041, localtime:3.96041, state:"IN_SP", message: "RAMP_STATUS = INDETERMINATE dt = 0.21343 m = 0.03031"}
{timestamp:3.96041, localtime:3.96041, state:"IN_SP", message: "INDETERMINATE dt = 0.23238 m = 0.03031"}
{timestamp:3.98036, localtime:3.98036, state:"IN_SP", message: "RAMP_STATUS = INDETERMINATE dt = 0.23238 m = 0.03353"}
{timestamp:3.98036, localtime:3.98036, state:"IN_SP", message: "INDETERMINATE dt = 0.25232 m = 0.03353"}
{timestamp:4.00230, localtime:4.00230, state:"IN_SP", message: "RAMP_STATUS = INDETERMINATE dt = 0.25232 m = 0.04548"}
{timestamp:4.00230, localtime:4.00230, state:"IN_SP", message: "INDETERMINATE dt = 0.27427 m = 0.04548"}
{timestamp:4.02524, localtime:4.02524, state:"IN_SP", message: "RAMP_STATUS = INDETERMINATE dt = 0.27427 m = 0.04548"}
{timestamp:4.02524, localtime:4.02524, state:"IN_SP", message: "INDETERMINATE dt = 0.29721 m = 0.04548"}
{timestamp:4.04718, localtime:4.04718, state:"IN_SP", message: "RAMP_STATUS = INDETERMINATE dt = 0.29721 m = 0.04467"}
{timestamp:4.04718, localtime:4.04718, state:"IN_SP", message: "INDETERMINATE dt = 0.31915 m = 0.04467"}
{timestamp:4.06414, localtime:4.06414, state:"IN_SP", message: "RAMP_STATUS = INDETERMINATE dt = 0.31915 m = 0.04467"}
{timestamp:4.06414, localtime:4.06414, state:"IN_SP", message: "INDETERMINATE dt = 0.33610 m = 0.04467"}
{timestamp:4.08109, localtime:4.08109, state:"IN_SP", message: "RAMP_STATUS = WITH dt = 0.33610 m = 0.05180"}
{timestamp:4.08109, localtime:4.08109, state:"IN_SP", message: "EXTEND dt = 0.35306 m = 0.05180"}
{timestamp:4.10303, localtime:4.10303, state:"IN_SP", message: "RAMP_STATUS = WITH dt = 0.35306 m = 0.06387"}
{timestamp:4.10303, localtime:4.10303, state:"IN_SP", message: "EXTEND dt = 0.37500 m = 0.06387"}
{timestamp:4.11999, localtime:4.11999, state:"IN_SP", message: "RAMP_STATUS = WITH dt = 0.37500 m = 0.06387"}
{timestamp:4.11999, localtime:4.11999, state:"IN_SP", message: "EXTEND dt = 0.39195 m = 0.06387"}
{timestamp:4.14093, localtime:4.14093, state:"IN_SP", message: "RAMP_STATUS = WITH dt = 0.39195 m = 0.06387"}
{timestamp:4.14093, localtime:4.14093, state:"IN_SP", message: "EXTEND dt = 0.41290 m = 0.06387"}
{timestamp:4.16188, localtime:4.16188, state:"IN_SP", message: "RAMP_STATUS = INDETERMINATE dt = 0.41290 m = 0.04801"}
{timestamp:4.16188, localtime:4.16188, state:"IN_SP", message: "INDETERMINATE dt = 0.43384 m = 0.04801"}
{timestamp:4.18182, localtime:4.18182, state:"IN_SP", message: "RAMP_STATUS = INDETERMINATE dt = 0.43384 m = 0.02419"}
{timestamp:4.18182, localtime:4.18182, state:"IN_SP", message: "INDETERMINATE dt = 0.45379 m = 0.02419"}
{timestamp:4.20277, localtime:4.20277, state:"IN_SP", message: "RAMP_STATUS = INDETERMINATE dt = 0.45379 m = 0.01476"}
{timestamp:4.20277, localtime:4.20277, state:"IN_SP", message: "INDETERMINATE dt = 0.47473 m = 0.01476"}
{timestamp:4.21972, localtime:4.21972, state:"IN_SP", message: "RAMP_STATUS = INDETERMINATE dt = 0.47473 m = 0.01372"}
{timestamp:4.21972, localtime:4.21972, state:"IN_SP", message: "INDETERMINATE dt = 0.49168 m = 0.01372"}
{timestamp:4.24067, localtime:4.24067, state:"IN_SP", message: "RAMP_STATUS = INDETERMINATE dt = 0.49168 m = 0.00000"}
{timestamp:4.24067, localtime:4.24067, state:"IN_SP", message: "INDETERMINATE dt = 0.51263 m = 0.00000"}
{timestamp:4.26261, localtime:4.26261, state:"IN_SP", message: "RAMP_STATUS = INDETERMINATE dt = 0.51263 m = -0.02689"}
{timestamp:4.26261, localtime:4.26261, state:"IN_SP", message: "INDETERMINATE dt = 0.53457 m = -0.02689"}
{timestamp:4.28156, localtime:4.28156, state:"IN_SP", message: "RAMP_STATUS = AGAINST dt = 0.53457 m = -0.66758"}
{timestamp:4.28156, localtime:4.28156, state:"IN_QP", message: "START QP @ t = 4.28156 d = DOWNWARD m = -0.66758 max_sp_v = 0.08828"}
{timestamp:4.30051, localtime:4.30051, state:"IN_QP", message: "IN_QP VELOCITY CHECK v: -0.668565016367992 dirn.: DOWNWARD"}
{timestamp:4.30051, localtime:4.30051, state:"IN_QP", message: "EXTEND dt = 0.05984 m = -0.66857"}
{timestamp:4.32145, localtime:4.32145, state:"IN_QP", message: "IN_QP VELOCITY CHECK v: 0 dirn.: DOWNWARD"}
{timestamp:4.32145, localtime:4.32145, state:"IN_QP", message: "EXTEND dt = 0.08078 m = -0.66857"}
{timestamp:4.34140, localtime:4.34140, state:"IN_QP", message: "IN_QP VELOCITY CHECK v: 0.01993103679539891 dirn.: DOWNWARD"}
{timestamp:4.34140, localtime:4.34140, state:"FOUND", message: "END (INDETERMINATE) m = 0.00000 [PASS-THROUGH TO FOUND]"}
{timestamp:4.34140, localtime:4.34140, state:"FOUND", message: "END qp end time = 4.34140  qp duration = 0.10073"}
{timestamp:4.34140, localtime:4.34140, state:"FOUND", message: "[PRE-VALIDATOR] END qp end time = 4.34140  qp duration = 0.10073"}
{timestamp:4.34140, localtime:4.34140, state:"FOUND", message: "PASSED VALIDITY CHECK"}
{timestamp:4.34140, localtime:4.34140, state:"FOUND", message: "PROGRESS RESET CALLED "}
{timestamp:4.34140, localtime:4.34140, state:"SEARCH_SP", message: "[FOUND] EARLY RESTART t_early = 4.3413965702056885, t = 4.3413965702056885 m = 0 f = true"}
{timestamp:4.36035, localtime:4.36035, state:"IN_SP", message: "INDETERMINATE dt = 0.01895 m = 0.01993"}
{timestamp:4.38029, localtime:4.38029, state:"IN_SP", message: "RAMP_STATUS = WITH dt = 0.01895 m = 0.16116"}
{timestamp:4.38029, localtime:4.38029, state:"IN_SP", message: "EXTEND dt = 0.03890 m = 0.16116"}
{timestamp:4.40223, localtime:4.40223, state:"IN_SP", message: "RAMP_STATUS = WITH dt = 0.03890 m = 0.21242"}
{timestamp:4.40223, localtime:4.40223, state:"IN_SP", message: "EXTEND dt = 0.06084 m = 0.21242"}
{timestamp:4.42218, localtime:4.42218, state:"IN_SP", message: "RAMP_STATUS = WITH dt = 0.06084 m = 0.21242"}
{timestamp:4.42218, localtime:4.42218, state:"IN_SP", message: "EXTEND dt = 0.08078 m = 0.21242"}
{timestamp:4.44312, localtime:4.44312, state:"IN_SP", message: "RAMP_STATUS = WITH dt = 0.08078 m = 0.11418"}
{timestamp:4.44312, localtime:4.44312, state:"IN_SP", message: "EXTEND dt = 0.10173 m = 0.11418"}
{timestamp:4.46207, localtime:4.46207, state:"IN_SP", message: "RAMP_STATUS = WITH dt = 0.10173 m = 0.06975"}
{timestamp:4.46207, localtime:4.46207, state:"IN_SP", message: "EXTEND dt = 0.12068 m = 0.06975"}
{timestamp:4.48302, localtime:4.48302, state:"IN_SP", message: "RAMP_STATUS = INDETERMINATE dt = 0.12068 m = 0.04984"}
{timestamp:4.48302, localtime:4.48302, state:"IN_SP", message: "INDETERMINATE dt = 0.14162 m = 0.04984"}
{timestamp:4.50297, localtime:4.50297, state:"IN_SP", message: "RAMP_STATUS = INDETERMINATE dt = 0.14162 m = 0.04881"}
{timestamp:4.50297, localtime:4.50297, state:"IN_SP", message: "INDETERMINATE dt = 0.16157 m = 0.04881"}
{timestamp:4.52092, localtime:4.52092, state:"IN_SP", message: "RAMP_STATUS = INDETERMINATE dt = 0.16157 m = 0.04404"}
{timestamp:4.52092, localtime:4.52092, state:"IN_SP", message: "INDETERMINATE dt = 0.17952 m = 0.04404"}
{timestamp:4.54086, localtime:4.54086, state:"IN_SP", message: "RAMP_STATUS = INDETERMINATE dt = 0.17952 m = 0.01807"}
{timestamp:4.54086, localtime:4.54086, state:"IN_SP", message: "INDETERMINATE dt = 0.19947 m = 0.01807"}
{timestamp:4.56280, localtime:4.56280, state:"IN_SP", message: "RAMP_STATUS = INDETERMINATE dt = 0.19947 m = 0.01807"}
{timestamp:4.56280, localtime:4.56280, state:"IN_SP", message: "INDETERMINATE dt = 0.22141 m = 0.01807"}
{timestamp:4.58175, localtime:4.58175, state:"IN_SP", message: "RAMP_STATUS = INDETERMINATE dt = 0.22141 m = 0.02677"}
{timestamp:4.58175, localtime:4.58175, state:"IN_SP", message: "INDETERMINATE dt = 0.24036 m = 0.02677"}
{timestamp:4.59971, localtime:4.59971, state:"IN_SP", message: "RAMP_STATUS = WITH dt = 0.24036 m = 0.06741"}
{timestamp:4.59971, localtime:4.59971, state:"IN_SP", message: "EXTEND dt = 0.25831 m = 0.06741"}
{timestamp:4.62165, localtime:4.62165, state:"IN_SP", message: "RAMP_STATUS = WITH dt = 0.25831 m = 0.06741"}
{timestamp:4.62165, localtime:4.62165, state:"IN_SP", message: "EXTEND dt = 0.28025 m = 0.06741"}
{timestamp:4.64159, localtime:4.64159, state:"IN_SP", message: "RAMP_STATUS = INDETERMINATE dt = 0.28025 m = 0.03574"}
{timestamp:4.64159, localtime:4.64159, state:"IN_SP", message: "INDETERMINATE dt = 0.30020 m = 0.03574"}
{timestamp:4.66254, localtime:4.66254, state:"IN_SP", message: "RAMP_STATUS = INDETERMINATE dt = 0.30020 m = 0.03574"}
{timestamp:4.66254, localtime:4.66254, state:"IN_SP", message: "INDETERMINATE dt = 0.32114 m = 0.03574"}
{timestamp:4.68049, localtime:4.68049, state:"IN_SP", message: "RAMP_STATUS = INDETERMINATE dt = 0.32114 m = 0.02818"}
{timestamp:4.68049, localtime:4.68049, state:"IN_SP", message: "INDETERMINATE dt = 0.33909 m = 0.02818"}
{timestamp:4.70143, localtime:4.70143, state:"IN_SP", message: "RAMP_STATUS = INDETERMINATE dt = 0.33909 m = 0.02818"}
{timestamp:4.70143, localtime:4.70143, state:"IN_SP", message: "INDETERMINATE dt = 0.36004 m = 0.02818"}
{timestamp:4.72138, localtime:4.72138, state:"IN_SP", message: "RAMP_STATUS = INDETERMINATE dt = 0.36004 m = 0.02141"}
{timestamp:4.72138, localtime:4.72138, state:"IN_SP", message: "INDETERMINATE dt = 0.37998 m = 0.02141"}
{timestamp:4.74033, localtime:4.74033, state:"IN_SP", message: "RAMP_STATUS = INDETERMINATE dt = 0.37998 m = 0.02026"}
{timestamp:4.74033, localtime:4.74033, state:"IN_SP", message: "INDETERMINATE dt = 0.39893 m = 0.02026"}
{timestamp:4.76127, localtime:4.76127, state:"IN_SP", message: "RAMP_STATUS = INDETERMINATE dt = 0.39893 m = 0.02141"}
{timestamp:4.76127, localtime:4.76127, state:"IN_SP", message: "INDETERMINATE dt = 0.41988 m = 0.02141"}
{timestamp:4.78222, localtime:4.78222, state:"IN_SP", message: "RAMP_STATUS = INDETERMINATE dt = 0.41988 m = 0.02727"}
{timestamp:4.78222, localtime:4.78222, state:"IN_SP", message: "INDETERMINATE dt = 0.44082 m = 0.02727"}
{timestamp:4.80316, localtime:4.80316, state:"IN_SP", message: "RAMP_STATUS = INDETERMINATE dt = 0.44082 m = 0.02727"}
{timestamp:4.80316, localtime:4.80316, state:"IN_SP", message: "INDETERMINATE dt = 0.46177 m = 0.02727"}
{timestamp:4.84206, localtime:4.84206, state:"IN_SP", message: "RAMP_STATUS = INDETERMINATE dt = 0.46177 m = 0.02592"}
{timestamp:4.84206, localtime:4.84206, state:"IN_SP", message: "INDETERMINATE dt = 0.50066 m = 0.02592"}
{timestamp:4.85303, localtime:4.85303, state:"IN_SP", message: "RAMP_STATUS = INDETERMINATE dt = 0.50066 m = 0.02557"}
{timestamp:4.85303, localtime:4.85303, state:"IN_SP", message: "INDETERMINATE dt = 0.51163 m = 0.02557"}
{timestamp:4.87298, localtime:4.87298, state:"STEP", message: "END STATIONARITY (D = 1.271601676940918) [LONG]"}
{timestamp:4.87298, localtime:4.87298, state:"IN_SP", message: "RAMP_STATUS = INDETERMINATE dt = 0.51163 m = 0.02592"}
{timestamp:4.87298, localtime:4.87298, state:"IN_SP", message: "INDETERMINATE dt = 0.53158 m = 0.02592"}
{timestamp:4.89193, localtime:4.89193, state:"IN_SP", message: "RAMP_STATUS = INDETERMINATE dt = 0.53158 m = 0.03146"}
{timestamp:4.89193, localtime:4.89193, state:"IN_SP", message: "INDETERMINATE dt = 0.55053 m = 0.03146"}
{timestamp:4.91287, localtime:4.91287, state:"IN_SP", message: "RAMP_STATUS = INDETERMINATE dt = 0.55053 m = 0.03146"}
{timestamp:4.91287, localtime:4.91287, state:"IN_SP", message: "INDETERMINATE dt = 0.57147 m = 0.03146"}
{timestamp:4.93381, localtime:4.93381, state:"STEP", message: "START STATIONARITY (COUNT = 4 T = 4.933813810348511)"}
{timestamp:4.93381, localtime:4.93381, state:"IN_SP", message: "RAMP_STATUS = INDETERMINATE dt = 0.57147 m = 0.01177"}
{timestamp:4.93381, localtime:4.93381, state:"IN_SP", message: "INDETERMINATE dt = 0.59242 m = 0.01177"}
{timestamp:4.95276, localtime:4.95276, state:"IN_SP", message: "RAMP_STATUS = INDETERMINATE dt = 0.59242 m = 0.01177"}
{timestamp:4.95276, localtime:4.95276, state:"IN_SP", message: "INDETERMINATE dt = 0.61137 m = 0.01177"}
{timestamp:4.97271, localtime:4.97271, state:"IN_SP", message: "RAMP_STATUS = INDETERMINATE dt = 0.61137 m = 0.01973"}
{timestamp:4.97271, localtime:4.97271, state:"IN_SP", message: "INDETERMINATE dt = 0.63131 m = 0.01973"}
{timestamp:4.99365, localtime:4.99365, state:"IN_SP", message: "RAMP_STATUS = WITH dt = 0.63131 m = 0.08118"}
{timestamp:4.99365, localtime:4.99365, state:"IN_SP", message: "EXTEND dt = 0.65226 m = 0.08118"}
{timestamp:5.01360, localtime:5.01360, state:"IN_SP", message: "RAMP_STATUS = WITH dt = 0.65226 m = 0.08118"}
{timestamp:5.01360, localtime:5.01360, state:"IN_SP", message: "EXTEND dt = 0.67220 m = 0.08118"}
{timestamp:5.03255, localtime:5.03255, state:"IN_SP", message: "RAMP_STATUS = INDETERMINATE dt = 0.67220 m = 0.04095"}
{timestamp:5.03255, localtime:5.03255, state:"IN_SP", message: "INDETERMINATE dt = 0.69115 m = 0.04095"}
{timestamp:5.05250, localtime:5.05250, state:"IN_SP", message: "RAMP_STATUS = INDETERMINATE dt = 0.69115 m = 0.03549"}
{timestamp:5.05250, localtime:5.05250, state:"IN_SP", message: "INDETERMINATE dt = 0.71110 m = 0.03549"}
{timestamp:5.07344, localtime:5.07344, state:"IN_SP", message: "RAMP_STATUS = INDETERMINATE dt = 0.71110 m = 0.02453"}
{timestamp:5.07344, localtime:5.07344, state:"IN_SP", message: "INDETERMINATE dt = 0.73204 m = 0.02453"}
{timestamp:5.09239, localtime:5.09239, state:"IN_SP", message: "RAMP_STATUS = INDETERMINATE dt = 0.73204 m = 0.02453"}
{timestamp:5.09239, localtime:5.09239, state:"IN_SP", message: "INDETERMINATE dt = 0.75099 m = 0.02453"}
{timestamp:5.11433, localtime:5.11433, state:"IN_SP", message: "RAMP_STATUS = INDETERMINATE dt = 0.75099 m = 0.03814"}
{timestamp:5.11433, localtime:5.11433, state:"IN_SP", message: "INDETERMINATE dt = 0.77293 m = 0.03814"}
{timestamp:5.13328, localtime:5.13328, state:"IN_SP", message: "RAMP_STATUS = INDETERMINATE dt = 0.77293 m = 0.03814"}
{timestamp:5.13328, localtime:5.13328, state:"IN_SP", message: "INDETERMINATE dt = 0.79188 m = 0.03814"}
{timestamp:5.15323, localtime:5.15323, state:"IN_SP", message: "RAMP_STATUS = INDETERMINATE dt = 0.79188 m = 0.00000"}
{timestamp:5.15323, localtime:5.15323, state:"IN_SP", message: "INDETERMINATE dt = 0.81183 m = 0.00000"}
{timestamp:5.17317, localtime:5.17317, state:"IN_SP", message: "RAMP_STATUS = INDETERMINATE dt = 0.81183 m = -0.02985"}
{timestamp:5.17317, localtime:5.17317, state:"IN_SP", message: "INDETERMINATE dt = 0.83178 m = -0.02985"}
{timestamp:5.19312, localtime:5.19312, state:"IN_SP", message: "RAMP_STATUS = AGAINST dt = 0.83178 m = -0.20495"}
{timestamp:5.19312, localtime:5.19312, state:"IN_QP", message: "START QP @ t = 5.19312 d = DOWNWARD m = -0.20495 max_sp_v = 0.27317"}
{timestamp:5.21207, localtime:5.21207, state:"IN_QP", message: "IN_QP VELOCITY CHECK v: -0.16998215545772918 dirn.: DOWNWARD"}
{timestamp:5.21207, localtime:5.21207, state:"IN_QP", message: "EXTEND dt = 0.05884 m = -0.20495"}
{timestamp:5.23202, localtime:5.23202, state:"IN_QP", message: "IN_QP VELOCITY CHECK v: -0.05586817379647232 dirn.: DOWNWARD"}
{timestamp:5.23202, localtime:5.23202, state:"IN_QP", message: "EXTEND dt = 0.07879 m = -0.16998"}
{timestamp:5.25396, localtime:5.25396, state:"IN_QP", message: "IN_QP VELOCITY CHECK v: 0 dirn.: DOWNWARD"}
{timestamp:5.25396, localtime:5.25396, state:"IN_QP", message: "EXTEND dt = 0.10073 m = -0.05587"}
{timestamp:5.27590, localtime:5.27590, state:"IN_QP", message: "IN_QP VELOCITY CHECK v: 0.00070456840858053 dirn.: DOWNWARD"}
{timestamp:5.27590, localtime:5.27590, state:"FOUND", message: "END (INDETERMINATE) m = 0.00000 [PASS-THROUGH TO FOUND]"}
{timestamp:5.27590, localtime:5.27590, state:"FOUND", message: "END qp end time = 5.27590  qp duration = 0.12267"}
{timestamp:5.27590, localtime:5.27590, state:"FOUND", message: "[PRE-VALIDATOR] END qp end time = 5.27590  qp duration = 0.12267"}
{timestamp:5.27590, localtime:5.27590, state:"FOUND", message: "PASSED VALIDITY CHECK"}
{timestamp:5.27590, localtime:5.27590, state:"FOUND", message: "PROGRESS RESET CALLED "}
{timestamp:5.27590, localtime:5.27590, state:"SEARCH_SP", message: "[FOUND] EARLY RESTART t_early = 5.275899410247803, t = 5.275899410247803 m = 0 f = true"}
{timestamp:5.29285, localtime:5.29285, state:"IN_SP", message: "INDETERMINATE dt = 0.01695 m = 0.00070"}
{timestamp:5.31180, localtime:5.31180, state:"IN_SP", message: "RAMP_STATUS = INDETERMINATE dt = 0.01695 m = 0.01969"}
{timestamp:5.31180, localtime:5.31180, state:"IN_SP", message: "INDETERMINATE dt = 0.03590 m = 0.01969"}
{timestamp:5.33275, localtime:5.33275, state:"IN_SP", message: "RAMP_STATUS = INDETERMINATE dt = 0.03590 m = 0.03007"}
{timestamp:5.33275, localtime:5.33275, state:"IN_SP", message: "INDETERMINATE dt = 0.05685 m = 0.03007"}
{timestamp:5.35369, localtime:5.35369, state:"IN_SP", message: "RAMP_STATUS = INDETERMINATE dt = 0.05685 m = 0.03138"}
{timestamp:5.35369, localtime:5.35369, state:"IN_SP", message: "INDETERMINATE dt = 0.07779 m = 0.03138"}
{timestamp:5.37264, localtime:5.37264, state:"IN_SP", message: "RAMP_STATUS = INDETERMINATE dt = 0.07779 m = 0.03461"}
{timestamp:5.37264, localtime:5.37264, state:"IN_SP", message: "INDETERMINATE dt = 0.09674 m = 0.03461"}
{timestamp:5.39259, localtime:5.39259, state:"IN_SP", message: "RAMP_STATUS = WITH dt = 0.09674 m = 0.07979"}
{timestamp:5.39259, localtime:5.39259, state:"IN_SP", message: "EXTEND dt = 0.11669 m = 0.07979"}
{timestamp:5.41553, localtime:5.41553, state:"IN_SP", message: "RAMP_STATUS = WITH dt = 0.11669 m = 0.07979"}
{timestamp:5.41553, localtime:5.41553, state:"IN_SP", message: "EXTEND dt = 0.13963 m = 0.07979"}
{timestamp:5.43148, localtime:5.43148, state:"IN_SP", message: "RAMP_STATUS = WITH dt = 0.13963 m = 0.05257"}
{timestamp:5.43148, localtime:5.43148, state:"IN_SP", message: "EXTEND dt = 0.15558 m = 0.05257"}
{timestamp:5.45243, localtime:5.45243, state:"IN_SP", message: "RAMP_STATUS = WITH dt = 0.15558 m = 0.05257"}
{timestamp:5.45243, localtime:5.45243, state:"IN_SP", message: "EXTEND dt = 0.17653 m = 0.05257"}
{timestamp:5.47337, localtime:5.47337, state:"IN_SP", message: "RAMP_STATUS = WITH dt = 0.17653 m = 0.06036"}
{timestamp:5.47337, localtime:5.47337, state:"IN_SP", message: "EXTEND dt = 0.19747 m = 0.06036"}
{timestamp:5.49232, localtime:5.49232, state:"IN_SP", message: "RAMP_STATUS = WITH dt = 0.19747 m = 0.06965"}
{timestamp:5.49232, localtime:5.49232, state:"IN_SP", message: "EXTEND dt = 0.21642 m = 0.06965"}
{timestamp:5.51227, localtime:5.51227, state:"IN_SP", message: "RAMP_STATUS = WITH dt = 0.21642 m = 0.06965"}
{timestamp:5.51227, localtime:5.51227, state:"IN_SP", message: "EXTEND dt = 0.23637 m = 0.06965"}
{timestamp:5.53321, localtime:5.53321, state:"IN_SP", message: "RAMP_STATUS = WITH dt = 0.23637 m = 0.06965"}
{timestamp:5.53321, localtime:5.53321, state:"IN_SP", message: "EXTEND dt = 0.25731 m = 0.06965"}
{timestamp:5.55216, localtime:5.55216, state:"IN_SP", message: "RAMP_STATUS = WITH dt = 0.25731 m = 0.08469"}
{timestamp:5.55216, localtime:5.55216, state:"IN_SP", message: "EXTEND dt = 0.27626 m = 0.08469"}
{timestamp:5.57310, localtime:5.57310, state:"IN_SP", message: "RAMP_STATUS = WITH dt = 0.27626 m = 0.08469"}
{timestamp:5.57310, localtime:5.57310, state:"IN_SP", message: "EXTEND dt = 0.29721 m = 0.08469"}
{timestamp:5.59405, localtime:5.59405, state:"IN_SP", message: "RAMP_STATUS = INDETERMINATE dt = 0.29721 m = 0.04651"}
{timestamp:5.59405, localtime:5.59405, state:"IN_SP", message: "INDETERMINATE dt = 0.31815 m = 0.04651"}
{timestamp:5.61898, localtime:5.61898, state:"IN_SP", message: "RAMP_STATUS = INDETERMINATE dt = 0.31815 m = 0.04651"}
{timestamp:5.61898, localtime:5.61898, state:"IN_SP", message: "INDETERMINATE dt = 0.34308 m = 0.04651"}
{timestamp:5.63594, localtime:5.63594, state:"IN_SP", message: "RAMP_STATUS = WITH dt = 0.34308 m = 0.05156"}
{timestamp:5.63594, localtime:5.63594, state:"IN_SP", message: "EXTEND dt = 0.36004 m = 0.05156"}
{timestamp:5.65389, localtime:5.65389, state:"IN_SP", message: "RAMP_STATUS = WITH dt = 0.36004 m = 0.05156"}
{timestamp:5.65389, localtime:5.65389, state:"IN_SP", message: "EXTEND dt = 0.37799 m = 0.05156"}
{timestamp:5.67284, localtime:5.67284, state:"STEP", message: "END STATIONARITY (D = 0.7390244007110596) [LONG]"}
{timestamp:5.67284, localtime:5.67284, state:"IN_SP", message: "RAMP_STATUS = INDETERMINATE dt = 0.37799 m = 0.03245"}
{timestamp:5.67284, localtime:5.67284, state:"IN_SP", message: "INDETERMINATE dt = 0.39694 m = 0.03245"}
{timestamp:5.69378, localtime:5.69378, state:"IN_SP", message: "RAMP_STATUS = INDETERMINATE dt = 0.39694 m = 0.03245"}
{timestamp:5.69378, localtime:5.69378, state:"IN_SP", message: "INDETERMINATE dt = 0.41788 m = 0.03245"}
{timestamp:5.71273, localtime:5.71273, state:"IN_SP", message: "RAMP_STATUS = WITH dt = 0.41788 m = 0.05796"}
{timestamp:5.71273, localtime:5.71273, state:"IN_SP", message: "EXTEND dt = 0.43683 m = 0.05796"}
{timestamp:5.73368, localtime:5.73368, state:"IN_SP", message: "RAMP_STATUS = WITH dt = 0.43683 m = 0.05796"}
{timestamp:5.73368, localtime:5.73368, state:"IN_SP", message: "EXTEND dt = 0.45778 m = 0.05796"}
{timestamp:5.75262, localtime:5.75262, state:"IN_SP", message: "RAMP_STATUS = INDETERMINATE dt = 0.45778 m = 0.04092"}
{timestamp:5.75262, localtime:5.75262, state:"IN_SP", message: "INDETERMINATE dt = 0.47673 m = 0.04092"}
{timestamp:5.77556, localtime:5.77556, state:"IN_SP", message: "RAMP_STATUS = INDETERMINATE dt = 0.47673 m = 0.03258"}
{timestamp:5.77556, localtime:5.77556, state:"IN_SP", message: "INDETERMINATE dt = 0.49966 m = 0.03258"}
{timestamp:5.79352, localtime:5.79352, state:"IN_SP", message: "RAMP_STATUS = INDETERMINATE dt = 0.49966 m = 0.01828"}
{timestamp:5.79352, localtime:5.79352, state:"IN_SP", message: "INDETERMINATE dt = 0.51762 m = 0.01828"}
{timestamp:5.81246, localtime:5.81246, state:"IN_SP", message: "RAMP_STATUS = INDETERMINATE dt = 0.51762 m = 0.00967"}
{timestamp:5.81246, localtime:5.81246, state:"IN_SP", message: "INDETERMINATE dt = 0.53657 m = 0.00967"}
{timestamp:5.83341, localtime:5.83341, state:"STEP", message: "START STATIONARITY (COUNT = 5 T = 5.833409070968628)"}
{timestamp:5.83341, localtime:5.83341, state:"IN_SP", message: "RAMP_STATUS = INDETERMINATE dt = 0.53657 m = 0.00870"}
{timestamp:5.83341, localtime:5.83341, state:"IN_SP", message: "INDETERMINATE dt = 0.55751 m = 0.00870"}
{timestamp:5.85336, localtime:5.85336, state:"IN_SP", message: "RAMP_STATUS = INDETERMINATE dt = 0.55751 m = 0.00000"}
{timestamp:5.85336, localtime:5.85336, state:"IN_SP", message: "INDETERMINATE dt = 0.57746 m = 0.00000"}
{timestamp:5.87530, localtime:5.87530, state:"IN_SP", message: "RAMP_STATUS = AGAINST dt = 0.57746 m = -0.41124"}
{timestamp:5.87530, localtime:5.87530, state:"IN_QP", message: "START QP @ t = 5.87530 d = DOWNWARD m = -0.41124 max_sp_v = 0.09860"}
{timestamp:5.89225, localtime:5.89225, state:"IN_QP", message: "IN_QP VELOCITY CHECK v: -0.7389071015199076 dirn.: DOWNWARD"}
{timestamp:5.89225, localtime:5.89225, state:"IN_QP", message: "EXTEND dt = 0.03890 m = -0.73891"}
{timestamp:5.91320, localtime:5.91320, state:"IN_QP", message: "IN_QP VELOCITY CHECK v: -0.01137721121134881 dirn.: DOWNWARD"}
{timestamp:5.91320, localtime:5.91320, state:"IN_QP", message: "EXTEND dt = 0.05984 m = -0.73891"}
{timestamp:5.93314, localtime:5.93314, state:"IN_QP", message: "IN_QP VELOCITY CHECK v: 0 dirn.: DOWNWARD"}
{timestamp:5.93314, localtime:5.93314, state:"FOUND", message: "END (INDETERMINATE) m = -0.01138 [PASS-THROUGH TO FOUND]"}
{timestamp:5.93314, localtime:5.93314, state:"FOUND", message: "END qp end time = 5.93314  qp duration = 0.07979"}
{timestamp:5.93314, localtime:5.93314, state:"FOUND", message: "[PRE-VALIDATOR] END qp end time = 5.93314  qp duration = 0.07979"}
{timestamp:5.93314, localtime:5.93314, state:"FOUND", message: "PASSED VALIDITY CHECK"}
{timestamp:5.93314, localtime:5.93314, state:"FOUND", message: "PROGRESS RESET CALLED "}
{timestamp:5.93314, localtime:5.93314, state:"SEARCH_SP", message: "[FOUND] EARLY RESTART t_early = 5.933142423629761, t = 5.933142423629761 m = -0.01137721121134881 f = true"}
{timestamp:5.95409, localtime:5.95409, state:"IN_SP", message: "INDETERMINATE dt = 0.02094 m = 0.00000"}
{timestamp:5.97204, localtime:5.97204, state:"IN_SP", message: "RAMP_STATUS = WITH dt = 0.02094 m = 0.09582"}
{timestamp:5.97204, localtime:5.97204, state:"IN_SP", message: "EXTEND dt = 0.03890 m = 0.09582"}
{timestamp:5.99597, localtime:5.99597, state:"IN_SP", message: "RAMP_STATUS = WITH dt = 0.03890 m = 0.09582"}
{timestamp:5.99597, localtime:5.99597, state:"IN_SP", message: "EXTEND dt = 0.06283 m = 0.09582"}
{timestamp:6.01393, localtime:6.01393, state:"IN_SP", message: "RAMP_STATUS = INDETERMINATE dt = 0.06283 m = 0.01809"}
{timestamp:6.01393, localtime:6.01393, state:"IN_SP", message: "INDETERMINATE dt = 0.08078 m = 0.01809"}
{timestamp:6.03188, localtime:6.03188, state:"IN_SP", message: "RAMP_STATUS = INDETERMINATE dt = 0.08078 m = 0.00322"}
{timestamp:6.03188, localtime:6.03188, state:"IN_SP", message: "INDETERMINATE dt = 0.09874 m = 0.00322"}
{timestamp:6.05282, localtime:6.05282, state:"IN_SP", message: "RAMP_STATUS = INDETERMINATE dt = 0.09874 m = 0.00322"}
{timestamp:6.05282, localtime:6.05282, state:"IN_SP", message: "INDETERMINATE dt = 0.11968 m = 0.00322"}
{timestamp:6.07277, localtime:6.07277, state:"IN_SP", message: "RAMP_STATUS = INDETERMINATE dt = 0.11968 m = 0.01857"}
{timestamp:6.07277, localtime:6.07277, state:"IN_SP", message: "INDETERMINATE dt = 0.13963 m = 0.01857"}
{timestamp:6.09371, localtime:6.09371, state:"IN_SP", message: "RAMP_STATUS = INDETERMINATE dt = 0.13963 m = 0.01857"}
{timestamp:6.09371, localtime:6.09371, state:"IN_SP", message: "INDETERMINATE dt = 0.16057 m = 0.01857"}
{timestamp:6.11466, localtime:6.11466, state:"IN_SP", message: "RAMP_STATUS = INDETERMINATE dt = 0.16057 m = 0.01857"}
{timestamp:6.11466, localtime:6.11466, state:"IN_SP", message: "INDETERMINATE dt = 0.18152 m = 0.01857"}
{timestamp:6.13460, localtime:6.13460, state:"IN_SP", message: "RAMP_STATUS = INDETERMINATE dt = 0.18152 m = 0.02433"}
{timestamp:6.13460, localtime:6.13460, state:"IN_SP", message: "INDETERMINATE dt = 0.20146 m = 0.02433"}
{timestamp:6.15655, localtime:6.15655, state:"IN_SP", message: "RAMP_STATUS = INDETERMINATE dt = 0.20146 m = 0.03431"}
{timestamp:6.15655, localtime:6.15655, state:"IN_SP", message: "INDETERMINATE dt = 0.22340 m = 0.03431"}
{timestamp:6.17549, localtime:6.17549, state:"IN_SP", message: "RAMP_STATUS = INDETERMINATE dt = 0.22340 m = 0.03777"}
{timestamp:6.17549, localtime:6.17549, state:"IN_SP", message: "INDETERMINATE dt = 0.24235 m = 0.03777"}
{timestamp:6.19444, localtime:6.19444, state:"IN_SP", message: "RAMP_STATUS = WITH dt = 0.24235 m = 0.06508"}
{timestamp:6.19444, localtime:6.19444, state:"IN_SP", message: "EXTEND dt = 0.26130 m = 0.06508"}
{timestamp:6.21539, localtime:6.21539, state:"IN_SP", message: "RAMP_STATUS = WITH dt = 0.26130 m = 0.09438"}
{timestamp:6.21539, localtime:6.21539, state:"IN_SP", message: "EXTEND dt = 0.28225 m = 0.09438"}
{timestamp:6.23334, localtime:6.23334, state:"IN_SP", message: "RAMP_STATUS = WITH dt = 0.28225 m = 0.10745"}
{timestamp:6.23334, localtime:6.23334, state:"IN_SP", message: "EXTEND dt = 0.30020 m = 0.10745"}
{timestamp:6.25428, localtime:6.25428, state:"IN_SP", message: "RAMP_STATUS = WITH dt = 0.30020 m = 0.10745"}
{timestamp:6.25428, localtime:6.25428, state:"IN_SP", message: "EXTEND dt = 0.32114 m = 0.10745"}
{timestamp:6.27623, localtime:6.27623, state:"IN_SP", message: "RAMP_STATUS = WITH dt = 0.32114 m = 0.10146"}
{timestamp:6.27623, localtime:6.27623, state:"IN_SP", message: "EXTEND dt = 0.34308 m = 0.10146"}
{timestamp:6.29418, localtime:6.29418, state:"IN_SP", message: "RAMP_STATUS = WITH dt = 0.34308 m = 0.07357"}
{timestamp:6.29418, localtime:6.29418, state:"IN_SP", message: "EXTEND dt = 0.36104 m = 0.07357"}
{timestamp:6.31313, localtime:6.31313, state:"IN_SP", message: "RAMP_STATUS = INDETERMINATE dt = 0.36104 m = 0.04501"}
{timestamp:6.31313, localtime:6.31313, state:"IN_SP", message: "INDETERMINATE dt = 0.37998 m = 0.04501"}
{timestamp:6.33407, localtime:6.33407, state:"IN_SP", message: "RAMP_STATUS = INDETERMINATE dt = 0.37998 m = 0.02251"}
{timestamp:6.33407, localtime:6.33407, state:"IN_SP", message: "INDETERMINATE dt = 0.40093 m = 0.02251"}
{timestamp:6.35402, localtime:6.35402, state:"IN_SP", message: "RAMP_STATUS = INDETERMINATE dt = 0.40093 m = 0.01765"}
{timestamp:6.35402, localtime:6.35402, state:"IN_SP", message: "INDETERMINATE dt = 0.42088 m = 0.01765"}
{timestamp:6.37197, localtime:6.37197, state:"IN_SP", message: "RAMP_STATUS = INDETERMINATE dt = 0.42088 m = 0.01765"}
{timestamp:6.37197, localtime:6.37197, state:"IN_SP", message: "INDETERMINATE dt = 0.43883 m = 0.01765"}
{timestamp:6.39291, localtime:6.39291, state:"IN_SP", message: "RAMP_STATUS = INDETERMINATE dt = 0.43883 m = 0.02729"}
{timestamp:6.39291, localtime:6.39291, state:"IN_SP", message: "INDETERMINATE dt = 0.45977 m = 0.02729"}
{timestamp:6.41485, localtime:6.41485, state:"IN_SP", message: "RAMP_STATUS = INDETERMINATE dt = 0.45977 m = 0.02729"}
{timestamp:6.41485, localtime:6.41485, state:"IN_SP", message: "INDETERMINATE dt = 0.48171 m = 0.02729"}
{timestamp:6.43380, localtime:6.43380, state:"IN_SP", message: "RAMP_STATUS = INDETERMINATE dt = 0.48171 m = 0.00658"}
{timestamp:6.43380, localtime:6.43380, state:"IN_SP", message: "INDETERMINATE dt = 0.50066 m = 0.00658"}
{timestamp:6.45275, localtime:6.45275, state:"IN_SP", message: "RAMP_STATUS = INDETERMINATE dt = 0.50066 m = 0.00212"}
{timestamp:6.45275, localtime:6.45275, state:"IN_SP", message: "INDETERMINATE dt = 0.51961 m = 0.00212"}
{timestamp:6.47370, localtime:6.47370, state:"IN_SP", message: "RAMP_STATUS = INDETERMINATE dt = 0.51961 m = 0.00212"}
{timestamp:6.47370, localtime:6.47370, state:"IN_SP", message: "INDETERMINATE dt = 0.54056 m = 0.00212"}
{timestamp:6.49265, localtime:6.49265, state:"IN_SP", message: "RAMP_STATUS = INDETERMINATE dt = 0.54056 m = 0.00319"}
{timestamp:6.49265, localtime:6.49265, state:"IN_SP", message: "INDETERMINATE dt = 0.55950 m = 0.00319"}
{timestamp:6.51259, localtime:6.51259, state:"IN_SP", message: "RAMP_STATUS = INDETERMINATE dt = 0.55950 m = 0.00319"}
{timestamp:6.51259, localtime:6.51259, state:"IN_SP", message: "INDETERMINATE dt = 0.57945 m = 0.00319"}
{timestamp:6.53453, localtime:6.53453, state:"IN_SP", message: "RAMP_STATUS = INDETERMINATE dt = 0.57945 m = 0.00319"}
{timestamp:6.53453, localtime:6.53453, state:"IN_SP", message: "INDETERMINATE dt = 0.60139 m = 0.00319"}
{timestamp:6.55548, localtime:6.55548, state:"IN_SP", message: "RAMP_STATUS = INDETERMINATE dt = 0.60139 m = 0.01453"}
{timestamp:6.55548, localtime:6.55548, state:"IN_SP", message: "INDETERMINATE dt = 0.62234 m = 0.01453"}
{timestamp:6.57144, localtime:6.57144, state:"IN_SP", message: "RAMP_STATUS = INDETERMINATE dt = 0.62234 m = 0.01453"}
{timestamp:6.57144, localtime:6.57144, state:"IN_SP", message: "INDETERMINATE dt = 0.63829 m = 0.01453"}
{timestamp:6.59238, localtime:6.59238, state:"IN_SP", message: "RAMP_STATUS = INDETERMINATE dt = 0.63829 m = 0.01329"}
{timestamp:6.59238, localtime:6.59238, state:"IN_SP", message: "INDETERMINATE dt = 0.65924 m = 0.01329"}
{timestamp:6.61133, localtime:6.61133, state:"IN_SP", message: "RAMP_STATUS = INDETERMINATE dt = 0.65924 m = 0.01329"}
{timestamp:6.61133, localtime:6.61133, state:"IN_SP", message: "INDETERMINATE dt = 0.67819 m = 0.01329"}
{timestamp:6.63527, localtime:6.63527, state:"IN_SP", message: "RAMP_STATUS = INDETERMINATE dt = 0.67819 m = 0.02502"}
{timestamp:6.63527, localtime:6.63527, state:"IN_SP", message: "INDETERMINATE dt = 0.70212 m = 0.02502"}
{timestamp:6.65521, localtime:6.65521, state:"IN_SP", message: "RAMP_STATUS = INDETERMINATE dt = 0.70212 m = 0.02502"}
{timestamp:6.65521, localtime:6.65521, state:"IN_SP", message: "INDETERMINATE dt = 0.72207 m = 0.02502"}
{timestamp:6.67117, localtime:6.67117, state:"IN_SP", message: "RAMP_STATUS = INDETERMINATE dt = 0.72207 m = 0.02198"}
{timestamp:6.67117, localtime:6.67117, state:"IN_SP", message: "INDETERMINATE dt = 0.73803 m = 0.02198"}
{timestamp:6.69211, localtime:6.69211, state:"IN_SP", message: "RAMP_STATUS = INDETERMINATE dt = 0.73803 m = 0.02198"}
{timestamp:6.69211, localtime:6.69211, state:"IN_SP", message: "INDETERMINATE dt = 0.75897 m = 0.02198"}
{timestamp:6.71106, localtime:6.71106, state:"IN_SP", message: "RAMP_STATUS = INDETERMINATE dt = 0.75897 m = 0.03946"}
{timestamp:6.71106, localtime:6.71106, state:"IN_SP", message: "INDETERMINATE dt = 0.77792 m = 0.03946"}
{timestamp:6.73300, localtime:6.73300, state:"IN_SP", message: "RAMP_STATUS = WITH dt = 0.77792 m = 0.09570"}
{timestamp:6.73300, localtime:6.73300, state:"IN_SP", message: "EXTEND dt = 0.79986 m = 0.09570"}
{timestamp:6.75694, localtime:6.75694, state:"IN_SP", message: "RAMP_STATUS = WITH dt = 0.79986 m = 0.11156"}
{timestamp:6.75694, localtime:6.75694, state:"IN_SP", message: "EXTEND dt = 0.82380 m = 0.11156"}
{timestamp:6.77689, localtime:6.77689, state:"IN_SP", message: "RAMP_STATUS = WITH dt = 0.82380 m = 0.11156"}
{timestamp:6.77689, localtime:6.77689, state:"IN_SP", message: "EXTEND dt = 0.84375 m = 0.11156"}
{timestamp:6.79683, localtime:6.79683, state:"IN_SP", message: "RAMP_STATUS = WITH dt = 0.84375 m = 0.11156"}
{timestamp:6.79683, localtime:6.79683, state:"IN_SP", message: "EXTEND dt = 0.86369 m = 0.11156"}
{timestamp:6.81279, localtime:6.81279, state:"IN_SP", message: "RAMP_STATUS = WITH dt = 0.86369 m = 0.11286"}
{timestamp:6.81279, localtime:6.81279, state:"IN_SP", message: "EXTEND dt = 0.87965 m = 0.11286"}
{timestamp:6.83473, localtime:6.83473, state:"IN_SP", message: "RAMP_STATUS = WITH dt = 0.87965 m = 0.11286"}
{timestamp:6.83473, localtime:6.83473, state:"IN_SP", message: "EXTEND dt = 0.90159 m = 0.11286"}
{timestamp:6.85268, localtime:6.85268, state:"IN_SP", message: "RAMP_STATUS = WITH dt = 0.90159 m = 0.05632"}
{timestamp:6.85268, localtime:6.85268, state:"IN_SP", message: "EXTEND dt = 0.91954 m = 0.05632"}
{timestamp:6.87163, localtime:6.87163, state:"IN_SP", message: "RAMP_STATUS = WITH dt = 0.91954 m = 0.05632"}
{timestamp:6.87163, localtime:6.87163, state:"IN_SP", message: "EXTEND dt = 0.93849 m = 0.05632"}
{timestamp:6.89557, localtime:6.89557, state:"IN_SP", message: "RAMP_STATUS = INDETERMINATE dt = 0.93849 m = 0.04069"}
{timestamp:6.89557, localtime:6.89557, state:"IN_SP", message: "INDETERMINATE dt = 0.96243 m = 0.04069"}
{timestamp:6.91153, localtime:6.91153, state:"IN_SP", message: "RAMP_STATUS = INDETERMINATE dt = 0.96243 m = 0.04069"}
{timestamp:6.91153, localtime:6.91153, state:"IN_SP", message: "INDETERMINATE dt = 0.97838 m = 0.04069"}
{timestamp:6.93646, localtime:6.93646, state:"IN_SP", message: "RAMP_STATUS = INDETERMINATE dt = 0.97838 m = 0.00000"}
{timestamp:6.93646, localtime:6.93646, state:"IN_SP", message: "INDETERMINATE dt = 1.00332 m = 0.00000"}
{timestamp:6.95541, localtime:6.95541, state:"IN_SP", message: "RAMP_STATUS = AGAINST dt = 1.00332 m = -0.14233"}
{timestamp:6.95541, localtime:6.95541, state:"IN_QP", message: "START QP @ t = 6.95541 d = DOWNWARD m = -0.14233 max_sp_v = 0.12421"}
{timestamp:6.97137, localtime:6.97137, state:"IN_QP", message: "IN_QP VELOCITY CHECK v: -0.2691508588986048 dirn.: DOWNWARD"}
{timestamp:6.97137, localtime:6.97137, state:"IN_QP", message: "EXTEND dt = 0.03491 m = -0.26915"}
{timestamp:6.99131, localtime:6.99131, state:"IN_QP", message: "IN_QP VELOCITY CHECK v: -0.046501192731624105 dirn.: DOWNWARD"}
{timestamp:6.99131, localtime:6.99131, state:"IN_QP", message: "EXTEND dt = 0.05485 m = -0.26915"}
{timestamp:7.01525, localtime:7.01525, state:"IN_QP", message: "IN_QP VELOCITY CHECK v: -0.020603688060163126 dirn.: DOWNWARD"}
{timestamp:7.01525, localtime:7.01525, state:"FOUND", message: "END (INDETERMINATE) m = -0.04650 [PASS-THROUGH TO FOUND]"}
{timestamp:7.01525, localtime:7.01525, state:"FOUND", message: "END qp end time = 7.01525  qp duration = 0.07879"}
{timestamp:7.01525, localtime:7.01525, state:"FOUND", message: "[PRE-VALIDATOR] END qp end time = 7.01525  qp duration = 0.07879"}
{timestamp:7.01525, localtime:7.01525, state:"FOUND", message: "PASSED VALIDITY CHECK"}
{timestamp:7.01525, localtime:7.01525, state:"FOUND", message: "PROGRESS RESET CALLED "}
{timestamp:7.01525, localtime:7.01525, state:"SEARCH_SP", message: "[FOUND] EARLY RESTART t_early = 7.015249729156494, t = 7.015249729156494 m = -0.046501192731624105 f = true"}
{timestamp:7.03719, localtime:7.03719, state:"IN_SP", message: "INDETERMINATE dt = 0.02194 m = -0.02060"}
{timestamp:7.05714, localtime:7.05714, state:"IN_SP", message: "RAMP_STATUS = INDETERMINATE dt = 0.02194 m = -0.00005"}
{timestamp:7.05714, localtime:7.05714, state:"IN_SP", message: "INDETERMINATE dt = 0.04189 m = -0.00005"}
{timestamp:7.07609, localtime:7.07609, state:"IN_SP", message: "RAMP_STATUS = INDETERMINATE dt = 0.04189 m = 0.00005"}
{timestamp:7.07609, localtime:7.07609, state:"IN_SP", message: "INDETERMINATE dt = 0.06084 m = 0.00005"}
{timestamp:7.09105, localtime:7.09105, state:"IN_SP", message: "RAMP_STATUS = INDETERMINATE dt = 0.06084 m = 0.04470"}
{timestamp:7.09105, localtime:7.09105, state:"IN_SP", message: "INDETERMINATE dt = 0.07580 m = 0.04470"}
{timestamp:7.11299, localtime:7.11299, state:"IN_SP", message: "RAMP_STATUS = INDETERMINATE dt = 0.07580 m = 0.04889"}
{timestamp:7.11299, localtime:7.11299, state:"IN_SP", message: "INDETERMINATE dt = 0.09774 m = 0.04889"}
{timestamp:7.13194, localtime:7.13194, state:"IN_SP", message: "RAMP_STATUS = WITH dt = 0.09774 m = 0.05949"}
{timestamp:7.13194, localtime:7.13194, state:"IN_SP", message: "EXTEND dt = 0.11669 m = 0.05949"}
{timestamp:7.15189, localtime:7.15189, state:"IN_SP", message: "RAMP_STATUS = WITH dt = 0.11669 m = 0.05949"}
{timestamp:7.15189, localtime:7.15189, state:"IN_SP", message: "EXTEND dt = 0.13664 m = 0.05949"}
{timestamp:7.18081, localtime:7.18081, state:"IN_SP", message: "RAMP_STATUS = INDETERMINATE dt = 0.13664 m = 0.03535"}
{timestamp:7.18081, localtime:7.18081, state:"IN_SP", message: "INDETERMINATE dt = 0.16556 m = 0.03535"}
{timestamp:7.20075, localtime:7.20075, state:"IN_SP", message: "RAMP_STATUS = INDETERMINATE dt = 0.16556 m = 0.00000"}
{timestamp:7.20075, localtime:7.20075, state:"IN_SP", message: "INDETERMINATE dt = 0.18551 m = 0.00000"}
