{timestamp:undefined, localtime:NaN, state:"undefined", message: "PROGRESS RESET CALLED "}
{timestamp:undefined, localtime:NaN, state:"configuring detector.", message: "undefined"}
{timestamp:undefined, localtime:NaN, state:"SEARCH_SP", message: "PROGRESS RESET CALLED "}
{timestamp:0.00000, localtime:0.00000, state:"SEARCH_SP", message: "SEARCHING  m = null"}
{timestamp:0.00000, localtime:0.00000, state:"SEARCH_SP", message: "PROGRESS RESET CALLED "}
{timestamp:0.01995, localtime:0.01995, state:"SEARCH_SP", message: "SEARCHING  m = 0.00420"}
{timestamp:0.01995, localtime:0.01995, state:"SEARCH_SP", message: "PROGRESS RESET CALLED "}
{timestamp:0.04189, localtime:0.04189, state:"SEARCH_SP", message: "SEARCHING  m = 0.00482"}
{timestamp:0.04189, localtime:0.04189, state:"SEARCH_SP", message: "PROGRESS RESET CALLED "}
{timestamp:0.05984, localtime:0.05984, state:"SEARCH_SP", message: "SEARCHING  m = 0.00524"}
{timestamp:0.05984, localtime:0.05984, state:"SEARCH_SP", message: "PROGRESS RESET CALLED "}
{timestamp:0.07879, localtime:0.07879, state:"SEARCH_SP", message: "SEARCHING  m = 0.01373"}
{timestamp:0.07879, localtime:0.07879, state:"SEARCH_SP", message: "PROGRESS RESET CALLED "}
{timestamp:0.09774, localtime:0.09774, state:"SEARCH_SP", message: "SEARCHING  m = 0.01373"}
{timestamp:0.09774, localtime:0.09774, state:"SEARCH_SP", message: "PROGRESS RESET CALLED "}
{timestamp:0.11968, localtime:0.11968, state:"SEARCH_SP", message: "SEARCHING  m = 0.00292"}
{timestamp:0.11968, localtime:0.11968, state:"SEARCH_SP", message: "PROGRESS RESET CALLED "}
{timestamp:0.13963, localtime:0.13963, state:"SEARCH_SP", message: "SEARCHING  m = -0.00285"}
{timestamp:0.13963, localtime:0.13963, state:"SEARCH_SP", message: "PROGRESS RESET CALLED "}
{timestamp:0.16057, localtime:0.16057, state:"SEARCH_SP", message: "SEARCHING  m = -0.00343"}
{timestamp:0.16057, localtime:0.16057, state:"SEARCH_SP", message: "PROGRESS RESET CALLED "}
{timestamp:0.17952, localtime:0.17952, state:"SEARCH_SP", message: "SEARCHING  m = -0.00626"}
{timestamp:0.17952, localtime:0.17952, state:"SEARCH_SP", message: "PROGRESS RESET CALLED "}
{timestamp:0.19847, localtime:0.19847, state:"SEARCH_SP", message: "SEARCHING  m = -0.00685"}
{timestamp:0.19847, localtime:0.19847, state:"SEARCH_SP", message: "PROGRESS RESET CALLED "}
{timestamp:0.22041, localtime:0.22041, state:"SEARCH_SP", message: "SEARCHING  m = -0.00693"}
{timestamp:0.22041, localtime:0.22041, state:"SEARCH_SP", message: "PROGRESS RESET CALLED "}
{timestamp:0.23936, localtime:0.23936, state:"SEARCH_SP", message: "SEARCHING  m = -0.00693"}
{timestamp:0.23936, localtime:0.23936, state:"SEARCH_SP", message: "PROGRESS RESET CALLED "}
{timestamp:0.25931, localtime:0.25931, state:"SEARCH_SP", message: "SEARCHING  m = -0.00574"}
{timestamp:0.25931, localtime:0.25931, state:"SEARCH_SP", message: "PROGRESS RESET CALLED "}
{timestamp:0.27826, localtime:0.27826, state:"SEARCH_SP", message: "SEARCHING  m = 0.00000"}
{timestamp:0.27826, localtime:0.27826, state:"SEARCH_SP", message: "PROGRESS RESET CALLED "}
{timestamp:0.30219, localtime:0.30219, state:"SEARCH_SP", message: "SEARCHING  m = 0.00043"}
{timestamp:0.30219, localtime:0.30219, state:"SEARCH_SP", message: "PROGRESS RESET CALLED "}
{timestamp:0.32513, localtime:0.32513, state:"SEARCH_SP", message: "SEARCHING  m = 0.00043"}
{timestamp:0.32513, localtime:0.32513, state:"SEARCH_SP", message: "PROGRESS RESET CALLED "}
{timestamp:0.34308, localtime:0.34308, state:"SEARCH_SP", message: "SEARCHING  m = 0.00000"}
{timestamp:0.34308, localtime:0.34308, state:"SEARCH_SP", message: "PROGRESS RESET CALLED "}
{timestamp:0.36303, localtime:0.36303, state:"SEARCH_SP", message: "SEARCHING  m = -0.01527"}
{timestamp:0.36303, localtime:0.36303, state:"SEARCH_SP", message: "PROGRESS RESET CALLED "}
{timestamp:0.38298, localtime:0.38298, state:"SEARCH_SP", message: "SEARCHING  m = -0.03039"}
{timestamp:0.38298, localtime:0.38298, state:"SEARCH_SP", message: "PROGRESS RESET CALLED "}
{timestamp:0.40492, localtime:0.40492, state:"STEP", message: "START STATIONARITY (COUNT = 0 T = 0.40491747856140137)"}
{timestamp:0.40492, localtime:0.40492, state:"SEARCH_SP", message: "SEARCHING  m = -0.03039"}
{timestamp:0.40492, localtime:0.40492, state:"SEARCH_SP", message: "PROGRESS RESET CALLED "}
{timestamp:0.42287, localtime:0.42287, state:"SEARCH_SP", message: "SEARCHING  m = -0.01925"}
{timestamp:0.42287, localtime:0.42287, state:"SEARCH_SP", message: "PROGRESS RESET CALLED "}
{timestamp:0.44182, localtime:0.44182, state:"SEARCH_SP", message: "SEARCHING  m = -0.00987"}
{timestamp:0.44182, localtime:0.44182, state:"SEARCH_SP", message: "PROGRESS RESET CALLED "}
{timestamp:0.46276, localtime:0.46276, state:"SEARCH_SP", message: "SEARCHING  m = -0.00603"}
{timestamp:0.46276, localtime:0.46276, state:"SEARCH_SP", message: "PROGRESS RESET CALLED "}
{timestamp:0.48570, localtime:0.48570, state:"SEARCH_SP", message: "SEARCHING  m = 0.00000"}
{timestamp:0.48570, localtime:0.48570, state:"SEARCH_SP", message: "PROGRESS RESET CALLED "}
{timestamp:0.50864, localtime:0.50864, state:"SEARCH_SP", message: "SEARCHING  m = 0.00893"}
{timestamp:0.50864, localtime:0.50864, state:"SEARCH_SP", message: "PROGRESS RESET CALLED "}
{timestamp:0.52360, localtime:0.52360, state:"SEARCH_SP", message: "SEARCHING  m = 0.00893"}
{timestamp:0.52360, localtime:0.52360, state:"SEARCH_SP", message: "PROGRESS RESET CALLED "}
{timestamp:0.55551, localtime:0.55551, state:"SEARCH_SP", message: "SEARCHING  m = 0.00491"}
{timestamp:0.55551, localtime:0.55551, state:"SEARCH_SP", message: "PROGRESS RESET CALLED "}
{timestamp:0.57546, localtime:0.57546, state:"SEARCH_SP", message: "SEARCHING  m = 0.00375"}
{timestamp:0.57546, localtime:0.57546, state:"SEARCH_SP", message: "PROGRESS RESET CALLED "}
{timestamp:0.59042, localtime:0.59042, state:"SEARCH_SP", message: "SEARCHING  m = 0.00169"}
{timestamp:0.59042, localtime:0.59042, state:"SEARCH_SP", message: "PROGRESS RESET CALLED "}
{timestamp:0.60538, localtime:0.60538, state:"SEARCH_SP", message: "SEARCHING  m = 0.00169"}
{timestamp:0.60538, localtime:0.60538, state:"SEARCH_SP", message: "PROGRESS RESET CALLED "}
{timestamp:0.62333, localtime:0.62333, state:"SEARCH_SP", message: "SEARCHING  m = 0.00270"}
{timestamp:0.62333, localtime:0.62333, state:"SEARCH_SP", message: "PROGRESS RESET CALLED "}
{timestamp:0.64328, localtime:0.64328, state:"SEARCH_SP", message: "SEARCHING  m = 0.00270"}
{timestamp:0.64328, localtime:0.64328, state:"SEARCH_SP", message: "PROGRESS RESET CALLED "}
{timestamp:0.66422, localtime:0.66422, state:"SEARCH_SP", message: "SEARCHING  m = 0.00192"}
{timestamp:0.66422, localtime:0.66422, state:"SEARCH_SP", message: "PROGRESS RESET CALLED "}
{timestamp:0.68317, localtime:0.68317, state:"SEARCH_SP", message: "SEARCHING  m = 0.00000"}
{timestamp:0.68317, localtime:0.68317, state:"SEARCH_SP", message: "PROGRESS RESET CALLED "}
{timestamp:0.70412, localtime:0.70412, state:"SEARCH_SP", message: "SEARCHING  m = 0.00000"}
{timestamp:0.70412, localtime:0.70412, state:"SEARCH_SP", message: "PROGRESS RESET CALLED "}
{timestamp:0.72506, localtime:0.72506, state:"SEARCH_SP", message: "SEARCHING  m = 0.00358"}
{timestamp:0.72506, localtime:0.72506, state:"SEARCH_SP", message: "PROGRESS RESET CALLED "}
{timestamp:0.74301, localtime:0.74301, state:"SEARCH_SP", message: "SEARCHING  m = 0.00358"}
{timestamp:0.74301, localtime:0.74301, state:"SEARCH_SP", message: "PROGRESS RESET CALLED "}
{timestamp:0.76296, localtime:0.76296, state:"SEARCH_SP", message: "SEARCHING  m = 0.00286"}
{timestamp:0.76296, localtime:0.76296, state:"SEARCH_SP", message: "PROGRESS RESET CALLED "}
{timestamp:0.78390, localtime:0.78390, state:"SEARCH_SP", message: "SEARCHING  m = 0.00260"}
{timestamp:0.78390, localtime:0.78390, state:"SEARCH_SP", message: "PROGRESS RESET CALLED "}
{timestamp:0.80285, localtime:0.80285, state:"SEARCH_SP", message: "SEARCHING  m = 0.00286"}
{timestamp:0.80285, localtime:0.80285, state:"SEARCH_SP", message: "PROGRESS RESET CALLED "}
{timestamp:0.82679, localtime:0.82679, state:"SEARCH_SP", message: "SEARCHING  m = 0.01709"}
{timestamp:0.82679, localtime:0.82679, state:"SEARCH_SP", message: "PROGRESS RESET CALLED "}
{timestamp:0.84674, localtime:0.84674, state:"SEARCH_SP", message: "SEARCHING  m = 0.01709"}
{timestamp:0.84674, localtime:0.84674, state:"SEARCH_SP", message: "PROGRESS RESET CALLED "}
{timestamp:0.86569, localtime:0.86569, state:"SEARCH_SP", message: "SEARCHING  m = 0.00961"}
{timestamp:0.86569, localtime:0.86569, state:"SEARCH_SP", message: "PROGRESS RESET CALLED "}
{timestamp:0.88464, localtime:0.88464, state:"SEARCH_SP", message: "SEARCHING  m = 0.00000"}
{timestamp:0.88464, localtime:0.88464, state:"SEARCH_SP", message: "PROGRESS RESET CALLED "}
{timestamp:0.90558, localtime:0.90558, state:"SEARCH_SP", message: "SEARCHING  m = -0.00076"}
{timestamp:0.90558, localtime:0.90558, state:"SEARCH_SP", message: "PROGRESS RESET CALLED "}
{timestamp:0.92453, localtime:0.92453, state:"SEARCH_SP", message: "SEARCHING  m = -0.01366"}
{timestamp:0.92453, localtime:0.92453, state:"SEARCH_SP", message: "PROGRESS RESET CALLED "}
{timestamp:0.94448, localtime:0.94448, state:"SEARCH_SP", message: "SEARCHING  m = -0.01366"}
{timestamp:0.94448, localtime:0.94448, state:"SEARCH_SP", message: "PROGRESS RESET CALLED "}
{timestamp:0.96342, localtime:0.96342, state:"SEARCH_SP", message: "SEARCHING  m = -0.00101"}
{timestamp:0.96342, localtime:0.96342, state:"SEARCH_SP", message: "PROGRESS RESET CALLED "}
{timestamp:0.98337, localtime:0.98337, state:"SEARCH_SP", message: "SEARCHING  m = -0.00048"}
{timestamp:0.98337, localtime:0.98337, state:"SEARCH_SP", message: "PROGRESS RESET CALLED "}
{timestamp:1.00332, localtime:1.00332, state:"SEARCH_SP", message: "SEARCHING  m = -0.00048"}
{timestamp:1.00332, localtime:1.00332, state:"SEARCH_SP", message: "PROGRESS RESET CALLED "}
{timestamp:1.02426, localtime:1.02426, state:"SEARCH_SP", message: "SEARCHING  m = 0.00174"}
{timestamp:1.02426, localtime:1.02426, state:"SEARCH_SP", message: "PROGRESS RESET CALLED "}
{timestamp:1.04421, localtime:1.04421, state:"SEARCH_SP", message: "SEARCHING  m = 0.00688"}
{timestamp:1.04421, localtime:1.04421, state:"SEARCH_SP", message: "PROGRESS RESET CALLED "}
{timestamp:1.06515, localtime:1.06515, state:"SEARCH_SP", message: "SEARCHING  m = 0.01220"}
{timestamp:1.06515, localtime:1.06515, state:"SEARCH_SP", message: "PROGRESS RESET CALLED "}
{timestamp:1.08211, localtime:1.08211, state:"SEARCH_SP", message: "SEARCHING  m = 0.01220"}
{timestamp:1.08211, localtime:1.08211, state:"SEARCH_SP", message: "PROGRESS RESET CALLED "}
{timestamp:1.10305, localtime:1.10305, state:"SEARCH_SP", message: "SEARCHING  m = 0.00523"}
{timestamp:1.10305, localtime:1.10305, state:"SEARCH_SP", message: "PROGRESS RESET CALLED "}
{timestamp:1.12699, localtime:1.12699, state:"SEARCH_SP", message: "SEARCHING  m = 0.00523"}
{timestamp:1.12699, localtime:1.12699, state:"SEARCH_SP", message: "PROGRESS RESET CALLED "}
{timestamp:1.14494, localtime:1.14494, state:"SEARCH_SP", message: "SEARCHING  m = 0.00583"}
{timestamp:1.14494, localtime:1.14494, state:"SEARCH_SP", message: "PROGRESS RESET CALLED "}
{timestamp:1.16189, localtime:1.16189, state:"SEARCH_SP", message: "SEARCHING  m = 0.00724"}
{timestamp:1.16189, localtime:1.16189, state:"SEARCH_SP", message: "PROGRESS RESET CALLED "}
{timestamp:1.18384, localtime:1.18384, state:"SEARCH_SP", message: "SEARCHING  m = 0.00854"}
{timestamp:1.18384, localtime:1.18384, state:"SEARCH_SP", message: "PROGRESS RESET CALLED "}
{timestamp:1.20279, localtime:1.20279, state:"SEARCH_SP", message: "SEARCHING  m = 0.02947"}
{timestamp:1.20279, localtime:1.20279, state:"SEARCH_SP", message: "PROGRESS RESET CALLED "}
{timestamp:1.22174, localtime:1.22174, state:"SEARCH_SP", message: "SEARCHING  m = 0.02947"}
{timestamp:1.22174, localtime:1.22174, state:"SEARCH_SP", message: "PROGRESS RESET CALLED "}
{timestamp:1.24766, localtime:1.24766, state:"SEARCH_SP", message: "SEARCHING  m = 0.02070"}
{timestamp:1.24766, localtime:1.24766, state:"SEARCH_SP", message: "PROGRESS RESET CALLED "}
{timestamp:1.26761, localtime:1.26761, state:"SEARCH_SP", message: "SEARCHING  m = 0.00038"}
{timestamp:1.26761, localtime:1.26761, state:"SEARCH_SP", message: "PROGRESS RESET CALLED "}
{timestamp:1.28756, localtime:1.28756, state:"SEARCH_SP", message: "SEARCHING  m = 0.00038"}
{timestamp:1.28756, localtime:1.28756, state:"SEARCH_SP", message: "PROGRESS RESET CALLED "}
{timestamp:1.31548, localtime:1.31548, state:"SEARCH_SP", message: "SEARCHING  m = 0.00132"}
{timestamp:1.31548, localtime:1.31548, state:"SEARCH_SP", message: "PROGRESS RESET CALLED "}
{timestamp:1.32745, localtime:1.32745, state:"SEARCH_SP", message: "SEARCHING  m = 0.00132"}
{timestamp:1.32745, localtime:1.32745, state:"SEARCH_SP", message: "PROGRESS RESET CALLED "}
{timestamp:1.34740, localtime:1.34740, state:"SEARCH_SP", message: "SEARCHING  m = 0.00209"}
{timestamp:1.34740, localtime:1.34740, state:"SEARCH_SP", message: "PROGRESS RESET CALLED "}
{timestamp:1.36336, localtime:1.36336, state:"SEARCH_SP", message: "SEARCHING  m = 0.00284"}
{timestamp:1.36336, localtime:1.36336, state:"SEARCH_SP", message: "PROGRESS RESET CALLED "}
{timestamp:1.38629, localtime:1.38629, state:"SEARCH_SP", message: "SEARCHING  m = 0.00342"}
{timestamp:1.38629, localtime:1.38629, state:"SEARCH_SP", message: "PROGRESS RESET CALLED "}
{timestamp:1.40524, localtime:1.40524, state:"SEARCH_SP", message: "SEARCHING  m = 0.02145"}
{timestamp:1.40524, localtime:1.40524, state:"SEARCH_SP", message: "PROGRESS RESET CALLED "}
{timestamp:1.42320, localtime:1.42320, state:"SEARCH_SP", message: "SEARCHING  m = 0.02145"}
{timestamp:1.42320, localtime:1.42320, state:"SEARCH_SP", message: "PROGRESS RESET CALLED "}
{timestamp:1.44614, localtime:1.44614, state:"SEARCH_SP", message: "SEARCHING  m = 0.00000"}
{timestamp:1.44614, localtime:1.44614, state:"SEARCH_SP", message: "PROGRESS RESET CALLED "}
{timestamp:1.46608, localtime:1.46608, state:"SEARCH_SP", message: "SEARCHING  m = 0.00000"}
{timestamp:1.46608, localtime:1.46608, state:"SEARCH_SP", message: "PROGRESS RESET CALLED "}
{timestamp:1.48204, localtime:1.48204, state:"SEARCH_SP", message: "SEARCHING  m = 0.00000"}
{timestamp:1.48204, localtime:1.48204, state:"SEARCH_SP", message: "PROGRESS RESET CALLED "}
{timestamp:1.50298, localtime:1.50298, state:"SEARCH_SP", message: "SEARCHING  m = 0.00457"}
{timestamp:1.50298, localtime:1.50298, state:"SEARCH_SP", message: "PROGRESS RESET CALLED "}
{timestamp:1.52692, localtime:1.52692, state:"SEARCH_SP", message: "SEARCHING  m = 0.01708"}
{timestamp:1.52692, localtime:1.52692, state:"SEARCH_SP", message: "PROGRESS RESET CALLED "}
{timestamp:1.54188, localtime:1.54188, state:"SEARCH_SP", message: "SEARCHING  m = 0.01708"}
{timestamp:1.54188, localtime:1.54188, state:"SEARCH_SP", message: "PROGRESS RESET CALLED "}
{timestamp:1.56282, localtime:1.56282, state:"SEARCH_SP", message: "SEARCHING  m = 0.00260"}
{timestamp:1.56282, localtime:1.56282, state:"SEARCH_SP", message: "PROGRESS RESET CALLED "}
{timestamp:1.58277, localtime:1.58277, state:"SEARCH_SP", message: "SEARCHING  m = 0.00148"}
{timestamp:1.58277, localtime:1.58277, state:"SEARCH_SP", message: "PROGRESS RESET CALLED "}
{timestamp:1.60371, localtime:1.60371, state:"SEARCH_SP", message: "SEARCHING  m = 0.00145"}
{timestamp:1.60371, localtime:1.60371, state:"SEARCH_SP", message: "PROGRESS RESET CALLED "}
{timestamp:1.62466, localtime:1.62466, state:"SEARCH_SP", message: "SEARCHING  m = 0.00148"}
{timestamp:1.62466, localtime:1.62466, state:"SEARCH_SP", message: "PROGRESS RESET CALLED "}
{timestamp:1.64560, localtime:1.64560, state:"SEARCH_SP", message: "SEARCHING  m = 0.01693"}
{timestamp:1.64560, localtime:1.64560, state:"SEARCH_SP", message: "PROGRESS RESET CALLED "}
{timestamp:1.66156, localtime:1.66156, state:"SEARCH_SP", message: "SEARCHING  m = 0.04371"}
{timestamp:1.66156, localtime:1.66156, state:"SEARCH_SP", message: "PROGRESS RESET CALLED "}
{timestamp:1.68151, localtime:1.68151, state:"SEARCH_SP", message: "SEARCHING  m = 4.80838"}
{timestamp:1.68151, localtime:1.68151, state:"SEARCH_SP", message: "PROGRESS RESET CALLED "}
{timestamp:1.70744, localtime:1.70744, state:"SEARCH_SP", message: "SEARCHING  m = 4.80838"}
{timestamp:1.70744, localtime:1.70744, state:"SEARCH_SP", message: "PROGRESS RESET CALLED "}
{timestamp:1.72639, localtime:1.72639, state:"SEARCH_SP", message: "SEARCHING  m = 1.61410"}
{timestamp:1.72639, localtime:1.72639, state:"SEARCH_SP", message: "PROGRESS RESET CALLED "}
{timestamp:1.74334, localtime:1.74334, state:"SEARCH_SP", message: "SEARCHING  m = 0.00000"}
{timestamp:1.74334, localtime:1.74334, state:"SEARCH_SP", message: "PROGRESS RESET CALLED "}
{timestamp:1.76129, localtime:1.76129, state:"SEARCH_SP", message: "SEARCHING  m = -0.04027"}
{timestamp:1.76129, localtime:1.76129, state:"SEARCH_SP", message: "PROGRESS RESET CALLED "}
{timestamp:1.78024, localtime:1.78024, state:"SEARCH_SP", message: "START t = 1.7802422046661377 m = -5.801232814426273 f = true"}
{timestamp:1.80617, localtime:1.80617, state:"SEARCH_SP", message: "BUILD EVIDENCE  dt = 0.02593 m = -5.80123  f = 1.00000 [1.00000]"}
{timestamp:1.82712, localtime:1.82712, state:"SEARCH_SP", message: "BUILD EVIDENCE  dt = 0.04687 m = -0.95169  f = 1.00000 [2.00000]"}
{timestamp:1.84706, localtime:1.84706, state:"IN_SP", message: "INDETERMINATE dt = 0.06682 m = 0.00000"}
{timestamp:1.86103, localtime:1.86103, state:"IN_SP", message: "RAMP_STATUS = INDETERMINATE dt = 0.06682 m = 0.00856"}
{timestamp:1.86103, localtime:1.86103, state:"IN_SP", message: "INDETERMINATE dt = 0.08078 m = 0.00856"}
{timestamp:1.89693, localtime:1.89693, state:"IN_SP", message: "RAMP_STATUS = INDETERMINATE dt = 0.08078 m = 0.02061"}
{timestamp:1.89693, localtime:1.89693, state:"IN_SP", message: "INDETERMINATE dt = 0.11669 m = 0.02061"}
{timestamp:1.91887, localtime:1.91887, state:"IN_SP", message: "RAMP_STATUS = AGAINST dt = 0.11669 m = 0.09955"}
{timestamp:1.91887, localtime:1.91887, state:"IN_QP", message: "START QP @ t = 1.91887 d = UPWARD m = 0.09955 max_sp_v = -5.80123"}
{timestamp:1.93782, localtime:1.93782, state:"IN_QP", message: "IN_QP VELOCITY CHECK v: 0.12450626234344196 dirn.: UPWARD"}
{timestamp:1.93782, localtime:1.93782, state:"IN_QP", message: "EXTEND dt = 0.09076 m = 0.12279"}
{timestamp:1.95478, localtime:1.95478, state:"IN_QP", message: "IN_QP VELOCITY CHECK v: 0.15646073654419063 dirn.: UPWARD"}
{timestamp:1.95478, localtime:1.95478, state:"IN_QP", message: "EXTEND dt = 0.10771 m = 0.12451"}
{timestamp:1.97173, localtime:1.97173, state:"IN_QP", message: "IN_QP VELOCITY CHECK v: 0.02392752681182925 dirn.: UPWARD"}
{timestamp:1.97173, localtime:1.97173, state:"IN_QP", message: "EXTEND dt = 0.12467 m = 0.12451"}
{timestamp:1.99068, localtime:1.99068, state:"IN_QP", message: "IN_QP VELOCITY CHECK v: 0.007381366589392867 dirn.: UPWARD"}
{timestamp:1.99068, localtime:1.99068, state:"FOUND", message: "END (INDETERMINATE) m = 0.02393 [PASS-THROUGH TO FOUND]"}
{timestamp:1.99068, localtime:1.99068, state:"FOUND", message: "END qp end time = 1.99068  qp duration = 0.14362"}
{timestamp:1.99068, localtime:1.99068, state:"FOUND", message: "[PRE-VALIDATOR] END qp end time = 1.99068  qp duration = 0.14362"}
{timestamp:1.99068, localtime:1.99068, state:"FOUND", message: "FAILED VALIDITY CHECK"}
{timestamp:1.99068, localtime:1.99068, state:"FOUND", message: "PROGRESS RESET CALLED "}
{timestamp:1.99068, localtime:1.99068, state:"SEARCH_SP", message: "[FOUND] EARLY RESTART t_early = 1.9906792640686035, t = 1.9906792640686035 m = 0.02392752681182925 f = true"}
{timestamp:2.00664, localtime:2.00664, state:"IN_SP", message: "INDETERMINATE dt = 0.01596 m = 0.02393"}
{timestamp:2.02658, localtime:2.02658, state:"IN_SP", message: "RAMP_STATUS = INDETERMINATE dt = 0.01596 m = 0.01797"}
{timestamp:2.02658, localtime:2.02658, state:"IN_SP", message: "INDETERMINATE dt = 0.03590 m = 0.01797"}
{timestamp:2.04753, localtime:2.04753, state:"IN_SP", message: "RAMP_STATUS = INDETERMINATE dt = 0.03590 m = 0.01797"}
{timestamp:2.04753, localtime:2.04753, state:"IN_SP", message: "INDETERMINATE dt = 0.05685 m = 0.01797"}
{timestamp:2.06648, localtime:2.06648, state:"IN_SP", message: "RAMP_STATUS = INDETERMINATE dt = 0.05685 m = -0.01842"}
{timestamp:2.06648, localtime:2.06648, state:"IN_SP", message: "INDETERMINATE dt = 0.07580 m = -0.01842"}
{timestamp:2.08642, localtime:2.08642, state:"IN_SP", message: "RAMP_STATUS = INDETERMINATE dt = 0.07580 m = -0.01842"}
{timestamp:2.08642, localtime:2.08642, state:"IN_SP", message: "INDETERMINATE dt = 0.09574 m = -0.01842"}
{timestamp:2.10737, localtime:2.10737, state:"IN_SP", message: "RAMP_STATUS = INDETERMINATE dt = 0.09574 m = -0.01081"}
{timestamp:2.10737, localtime:2.10737, state:"IN_SP", message: "INDETERMINATE dt = 0.11669 m = -0.01081"}
{timestamp:2.12632, localtime:2.12632, state:"IN_SP", message: "RAMP_STATUS = INDETERMINATE dt = 0.11669 m = -0.00702"}
{timestamp:2.12632, localtime:2.12632, state:"IN_SP", message: "INDETERMINATE dt = 0.13564 m = -0.00702"}
{timestamp:2.14626, localtime:2.14626, state:"IN_SP", message: "RAMP_STATUS = INDETERMINATE dt = 0.13564 m = -0.00702"}
{timestamp:2.14626, localtime:2.14626, state:"IN_SP", message: "INDETERMINATE dt = 0.15558 m = -0.00702"}
{timestamp:2.16621, localtime:2.16621, state:"IN_SP", message: "RAMP_STATUS = INDETERMINATE dt = 0.15558 m = -0.00702"}
{timestamp:2.16621, localtime:2.16621, state:"IN_SP", message: "INDETERMINATE dt = 0.17553 m = -0.00702"}
{timestamp:2.18715, localtime:2.18715, state:"IN_SP", message: "RAMP_STATUS = INDETERMINATE dt = 0.17553 m = -0.01005"}
{timestamp:2.18715, localtime:2.18715, state:"IN_SP", message: "INDETERMINATE dt = 0.19647 m = -0.01005"}
{timestamp:2.20810, localtime:2.20810, state:"IN_SP", message: "RAMP_STATUS = INDETERMINATE dt = 0.19647 m = -0.01890"}
{timestamp:2.20810, localtime:2.20810, state:"IN_SP", message: "INDETERMINATE dt = 0.21742 m = -0.01890"}
{timestamp:2.23004, localtime:2.23004, state:"IN_SP", message: "RAMP_STATUS = INDETERMINATE dt = 0.21742 m = -0.01890"}
{timestamp:2.23004, localtime:2.23004, state:"IN_SP", message: "INDETERMINATE dt = 0.23936 m = -0.01890"}
{timestamp:2.24700, localtime:2.24700, state:"IN_SP", message: "RAMP_STATUS = INDETERMINATE dt = 0.23936 m = -0.00537"}
{timestamp:2.24700, localtime:2.24700, state:"IN_SP", message: "INDETERMINATE dt = 0.25632 m = -0.00537"}
{timestamp:2.26594, localtime:2.26594, state:"IN_SP", message: "RAMP_STATUS = INDETERMINATE dt = 0.25632 m = -0.00035"}
{timestamp:2.26594, localtime:2.26594, state:"IN_SP", message: "INDETERMINATE dt = 0.27526 m = -0.00035"}
{timestamp:2.28589, localtime:2.28589, state:"IN_SP", message: "RAMP_STATUS = INDETERMINATE dt = 0.27526 m = -0.00032"}
{timestamp:2.28589, localtime:2.28589, state:"IN_SP", message: "INDETERMINATE dt = 0.29521 m = -0.00032"}
{timestamp:2.30683, localtime:2.30683, state:"IN_SP", message: "RAMP_STATUS = INDETERMINATE dt = 0.29521 m = 0.00033"}
{timestamp:2.30683, localtime:2.30683, state:"IN_SP", message: "INDETERMINATE dt = 0.31615 m = 0.00033"}
{timestamp:2.32778, localtime:2.32778, state:"IN_SP", message: "RAMP_STATUS = INDETERMINATE dt = 0.31615 m = 0.00033"}
{timestamp:2.32778, localtime:2.32778, state:"IN_SP", message: "INDETERMINATE dt = 0.33710 m = 0.00033"}
{timestamp:2.34673, localtime:2.34673, state:"IN_SP", message: "RAMP_STATUS = INDETERMINATE dt = 0.33710 m = 0.00000"}
{timestamp:2.34673, localtime:2.34673, state:"IN_SP", message: "INDETERMINATE dt = 0.35605 m = 0.00000"}
{timestamp:2.36667, localtime:2.36667, state:"IN_SP", message: "RAMP_STATUS = INDETERMINATE dt = 0.35605 m = 0.00000"}
{timestamp:2.36667, localtime:2.36667, state:"IN_SP", message: "INDETERMINATE dt = 0.37600 m = 0.00000"}
{timestamp:2.38662, localtime:2.38662, state:"IN_SP", message: "RAMP_STATUS = INDETERMINATE dt = 0.37600 m = 0.00166"}
{timestamp:2.38662, localtime:2.38662, state:"IN_SP", message: "INDETERMINATE dt = 0.39594 m = 0.00166"}
{timestamp:2.40757, localtime:2.40757, state:"IN_SP", message: "RAMP_STATUS = INDETERMINATE dt = 0.39594 m = 0.00170"}
{timestamp:2.40757, localtime:2.40757, state:"IN_SP", message: "INDETERMINATE dt = 0.41689 m = 0.00170"}
{timestamp:2.42651, localtime:2.42651, state:"IN_SP", message: "RAMP_STATUS = INDETERMINATE dt = 0.41689 m = 0.00170"}
{timestamp:2.42651, localtime:2.42651, state:"IN_SP", message: "INDETERMINATE dt = 0.43583 m = 0.00170"}
{timestamp:2.44746, localtime:2.44746, state:"IN_SP", message: "RAMP_STATUS = INDETERMINATE dt = 0.43583 m = 0.00687"}
{timestamp:2.44746, localtime:2.44746, state:"IN_SP", message: "INDETERMINATE dt = 0.45678 m = 0.00687"}
{timestamp:2.46641, localtime:2.46641, state:"IN_SP", message: "RAMP_STATUS = INDETERMINATE dt = 0.45678 m = 0.00766"}
{timestamp:2.46641, localtime:2.46641, state:"IN_SP", message: "INDETERMINATE dt = 0.47573 m = 0.00766"}
{timestamp:2.48735, localtime:2.48735, state:"IN_SP", message: "RAMP_STATUS = INDETERMINATE dt = 0.47573 m = 0.00766"}
{timestamp:2.48735, localtime:2.48735, state:"IN_SP", message: "INDETERMINATE dt = 0.49667 m = 0.00766"}
{timestamp:2.50730, localtime:2.50730, state:"IN_SP", message: "RAMP_STATUS = INDETERMINATE dt = 0.49667 m = 0.00187"}
{timestamp:2.50730, localtime:2.50730, state:"IN_SP", message: "INDETERMINATE dt = 0.51662 m = 0.00187"}
{timestamp:2.52725, localtime:2.52725, state:"IN_SP", message: "RAMP_STATUS = INDETERMINATE dt = 0.51662 m = 0.00187"}
{timestamp:2.52725, localtime:2.52725, state:"IN_SP", message: "INDETERMINATE dt = 0.53657 m = 0.00187"}
{timestamp:2.54819, localtime:2.54819, state:"IN_SP", message: "RAMP_STATUS = INDETERMINATE dt = 0.53657 m = 0.00193"}
{timestamp:2.54819, localtime:2.54819, state:"IN_SP", message: "INDETERMINATE dt = 0.55751 m = 0.00193"}
{timestamp:2.56714, localtime:2.56714, state:"IN_SP", message: "RAMP_STATUS = INDETERMINATE dt = 0.55751 m = 0.00370"}
{timestamp:2.56714, localtime:2.56714, state:"IN_SP", message: "INDETERMINATE dt = 0.57646 m = 0.00370"}
{timestamp:2.58709, localtime:2.58709, state:"IN_SP", message: "RAMP_STATUS = INDETERMINATE dt = 0.57646 m = 0.01679"}
{timestamp:2.58709, localtime:2.58709, state:"IN_SP", message: "INDETERMINATE dt = 0.59641 m = 0.01679"}
{timestamp:2.60603, localtime:2.60603, state:"IN_SP", message: "RAMP_STATUS = INDETERMINATE dt = 0.59641 m = 0.01679"}
{timestamp:2.60603, localtime:2.60603, state:"IN_SP", message: "INDETERMINATE dt = 0.61536 m = 0.01679"}
{timestamp:2.62798, localtime:2.62798, state:"IN_SP", message: "RAMP_STATUS = INDETERMINATE dt = 0.61536 m = 0.01691"}
{timestamp:2.62798, localtime:2.62798, state:"IN_SP", message: "INDETERMINATE dt = 0.63730 m = 0.01691"}
{timestamp:2.64892, localtime:2.64892, state:"IN_SP", message: "RAMP_STATUS = INDETERMINATE dt = 0.63730 m = 0.03082"}
{timestamp:2.64892, localtime:2.64892, state:"IN_SP", message: "INDETERMINATE dt = 0.65824 m = 0.03082"}
{timestamp:2.66587, localtime:2.66587, state:"IN_SP", message: "RAMP_STATUS = INDETERMINATE dt = 0.65824 m = 0.03082"}
{timestamp:2.66587, localtime:2.66587, state:"IN_SP", message: "INDETERMINATE dt = 0.67520 m = 0.03082"}
{timestamp:2.68782, localtime:2.68782, state:"IN_SP", message: "RAMP_STATUS = INDETERMINATE dt = 0.67520 m = 0.02251"}
{timestamp:2.68782, localtime:2.68782, state:"IN_SP", message: "INDETERMINATE dt = 0.69714 m = 0.02251"}
{timestamp:2.70677, localtime:2.70677, state:"IN_SP", message: "RAMP_STATUS = INDETERMINATE dt = 0.69714 m = 0.00721"}
{timestamp:2.70677, localtime:2.70677, state:"IN_SP", message: "INDETERMINATE dt = 0.71609 m = 0.00721"}
{timestamp:2.72571, localtime:2.72571, state:"IN_SP", message: "RAMP_STATUS = INDETERMINATE dt = 0.71609 m = 0.00721"}
{timestamp:2.72571, localtime:2.72571, state:"IN_SP", message: "INDETERMINATE dt = 0.73504 m = 0.00721"}
{timestamp:2.74766, localtime:2.74766, state:"IN_SP", message: "RAMP_STATUS = INDETERMINATE dt = 0.73504 m = 0.00721"}
{timestamp:2.74766, localtime:2.74766, state:"IN_SP", message: "INDETERMINATE dt = 0.75698 m = 0.00721"}
{timestamp:2.77060, localtime:2.77060, state:"IN_SP", message: "RAMP_STATUS = INDETERMINATE dt = 0.75698 m = 0.00151"}
{timestamp:2.77060, localtime:2.77060, state:"IN_SP", message: "INDETERMINATE dt = 0.77992 m = 0.00151"}
{timestamp:2.78954, localtime:2.78954, state:"IN_SP", message: "RAMP_STATUS = INDETERMINATE dt = 0.77992 m = -0.00162"}
{timestamp:2.78954, localtime:2.78954, state:"IN_SP", message: "INDETERMINATE dt = 0.79887 m = -0.00162"}
{timestamp:2.80650, localtime:2.80650, state:"IN_SP", message: "RAMP_STATUS = INDETERMINATE dt = 0.79887 m = -0.01138"}
{timestamp:2.80650, localtime:2.80650, state:"IN_SP", message: "INDETERMINATE dt = 0.81582 m = -0.01138"}
{timestamp:2.82645, localtime:2.82645, state:"IN_SP", message: "RAMP_STATUS = INDETERMINATE dt = 0.81582 m = -0.01138"}
{timestamp:2.82645, localtime:2.82645, state:"IN_SP", message: "INDETERMINATE dt = 0.83577 m = -0.01138"}
{timestamp:2.84839, localtime:2.84839, state:"IN_SP", message: "RAMP_STATUS = INDETERMINATE dt = 0.83577 m = -0.00402"}
{timestamp:2.84839, localtime:2.84839, state:"IN_SP", message: "INDETERMINATE dt = 0.85771 m = -0.00402"}
{timestamp:2.86734, localtime:2.86734, state:"IN_SP", message: "RAMP_STATUS = INDETERMINATE dt = 0.85771 m = -0.00402"}
{timestamp:2.86734, localtime:2.86734, state:"IN_SP", message: "INDETERMINATE dt = 0.87666 m = -0.00402"}
{timestamp:2.88629, localtime:2.88629, state:"IN_SP", message: "RAMP_STATUS = INDETERMINATE dt = 0.87666 m = -0.00815"}
{timestamp:2.88629, localtime:2.88629, state:"IN_SP", message: "INDETERMINATE dt = 0.89561 m = -0.00815"}
{timestamp:2.91022, localtime:2.91022, state:"IN_SP", message: "RAMP_STATUS = INDETERMINATE dt = 0.89561 m = -0.00815"}
{timestamp:2.91022, localtime:2.91022, state:"IN_SP", message: "INDETERMINATE dt = 0.91954 m = -0.00815"}
{timestamp:2.92917, localtime:2.92917, state:"IN_SP", message: "RAMP_STATUS = INDETERMINATE dt = 0.91954 m = -0.00684"}
{timestamp:2.92917, localtime:2.92917, state:"IN_SP", message: "INDETERMINATE dt = 0.93849 m = -0.00684"}
{timestamp:2.95012, localtime:2.95012, state:"IN_SP", message: "RAMP_STATUS = INDETERMINATE dt = 0.93849 m = -0.00574"}
{timestamp:2.95012, localtime:2.95012, state:"IN_SP", message: "INDETERMINATE dt = 0.95944 m = -0.00574"}
{timestamp:2.96707, localtime:2.96707, state:"IN_SP", message: "RAMP_STATUS = INDETERMINATE dt = 0.95944 m = -0.00413"}
{timestamp:2.96707, localtime:2.96707, state:"IN_SP", message: "INDETERMINATE dt = 0.97639 m = -0.00413"}
{timestamp:2.98801, localtime:2.98801, state:"IN_SP", message: "RAMP_STATUS = INDETERMINATE dt = 0.97639 m = -0.00413"}
{timestamp:2.98801, localtime:2.98801, state:"IN_SP", message: "INDETERMINATE dt = 0.99733 m = -0.00413"}
{timestamp:3.01394, localtime:3.01394, state:"IN_SP", message: "RAMP_STATUS = INDETERMINATE dt = 0.99733 m = 0.00000"}
{timestamp:3.01394, localtime:3.01394, state:"IN_SP", message: "INDETERMINATE dt = 1.02327 m = 0.00000"}
{timestamp:3.02791, localtime:3.02791, state:"IN_SP", message: "RAMP_STATUS = INDETERMINATE dt = 1.02327 m = 0.00137"}
{timestamp:3.02791, localtime:3.02791, state:"IN_SP", message: "INDETERMINATE dt = 1.03723 m = 0.00137"}
{timestamp:3.04686, localtime:3.04686, state:"IN_SP", message: "RAMP_STATUS = INDETERMINATE dt = 1.03723 m = 0.00137"}
{timestamp:3.04686, localtime:3.04686, state:"IN_SP", message: "INDETERMINATE dt = 1.05618 m = 0.00137"}
{timestamp:3.06880, localtime:3.06880, state:"IN_SP", message: "RAMP_STATUS = INDETERMINATE dt = 1.05618 m = 0.00166"}
{timestamp:3.06880, localtime:3.06880, state:"IN_SP", message: "INDETERMINATE dt = 1.07812 m = 0.00166"}
{timestamp:3.08675, localtime:3.08675, state:"IN_SP", message: "RAMP_STATUS = INDETERMINATE dt = 1.07812 m = 0.00000"}
{timestamp:3.08675, localtime:3.08675, state:"IN_SP", message: "INDETERMINATE dt = 1.09607 m = 0.00000"}
{timestamp:3.10670, localtime:3.10670, state:"IN_SP", message: "RAMP_STATUS = INDETERMINATE dt = 1.09607 m = -0.00489"}
{timestamp:3.10670, localtime:3.10670, state:"IN_SP", message: "INDETERMINATE dt = 1.11602 m = -0.00489"}
{timestamp:3.12565, localtime:3.12565, state:"IN_SP", message: "RAMP_STATUS = INDETERMINATE dt = 1.11602 m = -0.00489"}
{timestamp:3.12565, localtime:3.12565, state:"IN_SP", message: "INDETERMINATE dt = 1.13497 m = -0.00489"}
{timestamp:3.14759, localtime:3.14759, state:"IN_SP", message: "RAMP_STATUS = INDETERMINATE dt = 1.13497 m = -0.00375"}
{timestamp:3.14759, localtime:3.14759, state:"IN_SP", message: "INDETERMINATE dt = 1.15691 m = -0.00375"}
{timestamp:3.17053, localtime:3.17053, state:"IN_SP", message: "RAMP_STATUS = INDETERMINATE dt = 1.15691 m = -0.00056"}
{timestamp:3.17053, localtime:3.17053, state:"IN_SP", message: "INDETERMINATE dt = 1.17985 m = -0.00056"}
{timestamp:3.18748, localtime:3.18748, state:"IN_SP", message: "RAMP_STATUS = INDETERMINATE dt = 1.17985 m = 0.00000"}
{timestamp:3.18748, localtime:3.18748, state:"IN_SP", message: "INDETERMINATE dt = 1.19680 m = 0.00000"}
{timestamp:3.20743, localtime:3.20743, state:"IN_SP", message: "RAMP_STATUS = INDETERMINATE dt = 1.19680 m = 0.01101"}
{timestamp:3.20743, localtime:3.20743, state:"IN_SP", message: "INDETERMINATE dt = 1.21675 m = 0.01101"}
{timestamp:3.22737, localtime:3.22737, state:"IN_SP", message: "RAMP_STATUS = INDETERMINATE dt = 1.21675 m = 0.01266"}
{timestamp:3.22737, localtime:3.22737, state:"IN_SP", message: "INDETERMINATE dt = 1.23670 m = 0.01266"}
{timestamp:3.24533, localtime:3.24533, state:"IN_SP", message: "RAMP_STATUS = INDETERMINATE dt = 1.23670 m = 0.01266"}
{timestamp:3.24533, localtime:3.24533, state:"IN_SP", message: "INDETERMINATE dt = 1.25465 m = 0.01266"}
{timestamp:3.26827, localtime:3.26827, state:"IN_SP", message: "RAMP_STATUS = INDETERMINATE dt = 1.25465 m = 0.01024"}
{timestamp:3.26827, localtime:3.26827, state:"IN_SP", message: "INDETERMINATE dt = 1.27759 m = 0.01024"}
{timestamp:3.28721, localtime:3.28721, state:"IN_SP", message: "RAMP_STATUS = INDETERMINATE dt = 1.27759 m = 0.01024"}
{timestamp:3.28721, localtime:3.28721, state:"IN_SP", message: "INDETERMINATE dt = 1.29653 m = 0.01024"}
{timestamp:3.30716, localtime:3.30716, state:"IN_SP", message: "RAMP_STATUS = INDETERMINATE dt = 1.29653 m = 0.02399"}
{timestamp:3.30716, localtime:3.30716, state:"IN_SP", message: "INDETERMINATE dt = 1.31648 m = 0.02399"}
{timestamp:3.32910, localtime:3.32910, state:"IN_SP", message: "RAMP_STATUS = INDETERMINATE dt = 1.31648 m = 0.02835"}
{timestamp:3.32910, localtime:3.32910, state:"IN_SP", message: "INDETERMINATE dt = 1.33842 m = 0.02835"}
{timestamp:3.35104, localtime:3.35104, state:"IN_SP", message: "RAMP_STATUS = INDETERMINATE dt = 1.33842 m = 0.02981"}
{timestamp:3.35104, localtime:3.35104, state:"IN_SP", message: "INDETERMINATE dt = 1.36036 m = 0.02981"}
{timestamp:3.36700, localtime:3.36700, state:"IN_SP", message: "RAMP_STATUS = INDETERMINATE dt = 1.36036 m = 0.02981"}
{timestamp:3.36700, localtime:3.36700, state:"IN_SP", message: "INDETERMINATE dt = 1.37632 m = 0.02981"}
{timestamp:3.38695, localtime:3.38695, state:"IN_SP", message: "RAMP_STATUS = INDETERMINATE dt = 1.37632 m = 0.04236"}
{timestamp:3.38695, localtime:3.38695, state:"IN_SP", message: "INDETERMINATE dt = 1.39627 m = 0.04236"}
{timestamp:3.40689, localtime:3.40689, state:"IN_SP", message: "RAMP_STATUS = INDETERMINATE dt = 1.39627 m = 0.04467"}
{timestamp:3.40689, localtime:3.40689, state:"IN_SP", message: "INDETERMINATE dt = 1.41622 m = 0.04467"}
{timestamp:3.42784, localtime:3.42784, state:"IN_SP", message: "RAMP_STATUS = INDETERMINATE dt = 1.41622 m = 0.04236"}
{timestamp:3.42784, localtime:3.42784, state:"IN_SP", message: "INDETERMINATE dt = 1.43716 m = 0.04236"}
{timestamp:3.44779, localtime:3.44779, state:"IN_SP", message: "RAMP_STATUS = INDETERMINATE dt = 1.43716 m = 0.03968"}
{timestamp:3.44779, localtime:3.44779, state:"IN_SP", message: "INDETERMINATE dt = 1.45711 m = 0.03968"}
{timestamp:3.46873, localtime:3.46873, state:"IN_SP", message: "RAMP_STATUS = INDETERMINATE dt = 1.45711 m = 0.01408"}
{timestamp:3.46873, localtime:3.46873, state:"IN_SP", message: "INDETERMINATE dt = 1.47805 m = 0.01408"}
{timestamp:3.48768, localtime:3.48768, state:"IN_SP", message: "RAMP_STATUS = INDETERMINATE dt = 1.47805 m = 0.01408"}
{timestamp:3.48768, localtime:3.48768, state:"IN_SP", message: "INDETERMINATE dt = 1.49700 m = 0.01408"}
{timestamp:3.50763, localtime:3.50763, state:"IN_SP", message: "RAMP_STATUS = INDETERMINATE dt = 1.49700 m = 0.02311"}
{timestamp:3.50763, localtime:3.50763, state:"IN_SP", message: "INDETERMINATE dt = 1.51695 m = 0.02311"}
{timestamp:3.52657, localtime:3.52657, state:"IN_SP", message: "RAMP_STATUS = INDETERMINATE dt = 1.51695 m = 0.02311"}
{timestamp:3.52657, localtime:3.52657, state:"IN_SP", message: "INDETERMINATE dt = 1.53590 m = 0.02311"}
{timestamp:3.54752, localtime:3.54752, state:"IN_SP", message: "RAMP_STATUS = INDETERMINATE dt = 1.53590 m = 0.02644"}
{timestamp:3.54752, localtime:3.54752, state:"IN_SP", message: "INDETERMINATE dt = 1.55684 m = 0.02644"}
{timestamp:3.56846, localtime:3.56846, state:"IN_SP", message: "RAMP_STATUS = INDETERMINATE dt = 1.55684 m = 0.03229"}
{timestamp:3.56846, localtime:3.56846, state:"IN_SP", message: "INDETERMINATE dt = 1.57778 m = 0.03229"}
{timestamp:3.58941, localtime:3.58941, state:"IN_SP", message: "RAMP_STATUS = INDETERMINATE dt = 1.57778 m = 0.03229"}
{timestamp:3.58941, localtime:3.58941, state:"IN_SP", message: "INDETERMINATE dt = 1.59873 m = 0.03229"}
{timestamp:3.61135, localtime:3.61135, state:"STEP", message: "END STATIONARITY (D = 3.206430673599243) [LONG]"}
{timestamp:3.61135, localtime:3.61135, state:"IN_SP", message: "RAMP_STATUS = INDETERMINATE dt = 1.59873 m = 0.03716"}
{timestamp:3.61135, localtime:3.61135, state:"IN_SP", message: "INDETERMINATE dt = 1.62067 m = 0.03716"}
{timestamp:3.62731, localtime:3.62731, state:"IN_SP", message: "RAMP_STATUS = INDETERMINATE dt = 1.62067 m = 0.04153"}
{timestamp:3.62731, localtime:3.62731, state:"IN_SP", message: "INDETERMINATE dt = 1.63663 m = 0.04153"}
{timestamp:3.64725, localtime:3.64725, state:"IN_SP", message: "RAMP_STATUS = INDETERMINATE dt = 1.63663 m = 0.04153"}
{timestamp:3.64725, localtime:3.64725, state:"IN_SP", message: "INDETERMINATE dt = 1.65657 m = 0.04153"}
{timestamp:3.66720, localtime:3.66720, state:"STEP", message: "START STATIONARITY (COUNT = 1 T = 3.667198657989502)"}
{timestamp:3.66720, localtime:3.66720, state:"IN_SP", message: "RAMP_STATUS = INDETERMINATE dt = 1.65657 m = 0.00618"}
{timestamp:3.66720, localtime:3.66720, state:"IN_SP", message: "INDETERMINATE dt = 1.67652 m = 0.00618"}
{timestamp:3.68814, localtime:3.68814, state:"IN_SP", message: "RAMP_STATUS = INDETERMINATE dt = 1.67652 m = 0.00000"}
{timestamp:3.68814, localtime:3.68814, state:"IN_SP", message: "INDETERMINATE dt = 1.69746 m = 0.00000"}
{timestamp:3.70510, localtime:3.70510, state:"IN_SP", message: "RAMP_STATUS = INDETERMINATE dt = 1.69746 m = -0.00302"}
{timestamp:3.70510, localtime:3.70510, state:"IN_SP", message: "INDETERMINATE dt = 1.71442 m = -0.00302"}
{timestamp:3.72704, localtime:3.72704, state:"IN_SP", message: "RAMP_STATUS = INDETERMINATE dt = 1.71442 m = -0.00369"}
{timestamp:3.72704, localtime:3.72704, state:"IN_SP", message: "INDETERMINATE dt = 1.73636 m = -0.00369"}
{timestamp:3.74698, localtime:3.74698, state:"IN_SP", message: "RAMP_STATUS = INDETERMINATE dt = 1.73636 m = -0.00369"}
{timestamp:3.74698, localtime:3.74698, state:"IN_SP", message: "INDETERMINATE dt = 1.75631 m = -0.00369"}
{timestamp:3.76693, localtime:3.76693, state:"IN_SP", message: "RAMP_STATUS = INDETERMINATE dt = 1.75631 m = -0.00106"}
{timestamp:3.76693, localtime:3.76693, state:"IN_SP", message: "INDETERMINATE dt = 1.77625 m = -0.00106"}
{timestamp:3.78788, localtime:3.78788, state:"IN_SP", message: "RAMP_STATUS = INDETERMINATE dt = 1.77625 m = -0.00106"}
{timestamp:3.78788, localtime:3.78788, state:"IN_SP", message: "INDETERMINATE dt = 1.79720 m = -0.00106"}
{timestamp:3.80782, localtime:3.80782, state:"IN_SP", message: "RAMP_STATUS = INDETERMINATE dt = 1.79720 m = -0.00241"}
{timestamp:3.80782, localtime:3.80782, state:"IN_SP", message: "INDETERMINATE dt = 1.81714 m = -0.00241"}
{timestamp:3.82777, localtime:3.82777, state:"IN_SP", message: "RAMP_STATUS = INDETERMINATE dt = 1.81714 m = -0.00565"}
{timestamp:3.82777, localtime:3.82777, state:"IN_SP", message: "INDETERMINATE dt = 1.83709 m = -0.00565"}
{timestamp:3.84672, localtime:3.84672, state:"IN_SP", message: "RAMP_STATUS = INDETERMINATE dt = 1.83709 m = -0.00635"}
{timestamp:3.84672, localtime:3.84672, state:"IN_SP", message: "INDETERMINATE dt = 1.85604 m = -0.00635"}
{timestamp:3.86766, localtime:3.86766, state:"IN_SP", message: "RAMP_STATUS = INDETERMINATE dt = 1.85604 m = -0.00635"}
{timestamp:3.86766, localtime:3.86766, state:"IN_SP", message: "INDETERMINATE dt = 1.87698 m = -0.00635"}
{timestamp:3.88861, localtime:3.88861, state:"IN_SP", message: "RAMP_STATUS = INDETERMINATE dt = 1.87698 m = -0.00521"}
{timestamp:3.88861, localtime:3.88861, state:"IN_SP", message: "INDETERMINATE dt = 1.89793 m = -0.00521"}
{timestamp:3.90656, localtime:3.90656, state:"IN_SP", message: "RAMP_STATUS = INDETERMINATE dt = 1.89793 m = -0.00521"}
{timestamp:3.90656, localtime:3.90656, state:"IN_SP", message: "INDETERMINATE dt = 1.91588 m = -0.00521"}
{timestamp:3.92750, localtime:3.92750, state:"IN_SP", message: "RAMP_STATUS = INDETERMINATE dt = 1.91588 m = -0.00658"}
{timestamp:3.92750, localtime:3.92750, state:"IN_SP", message: "INDETERMINATE dt = 1.93682 m = -0.00658"}
{timestamp:3.94845, localtime:3.94845, state:"IN_SP", message: "RAMP_STATUS = INDETERMINATE dt = 1.93682 m = -0.00744"}
{timestamp:3.94845, localtime:3.94845, state:"IN_SP", message: "INDETERMINATE dt = 1.95777 m = -0.00744"}
{timestamp:3.96640, localtime:3.96640, state:"IN_SP", message: "RAMP_STATUS = INDETERMINATE dt = 1.95777 m = -0.00744"}
{timestamp:3.96640, localtime:3.96640, state:"IN_SP", message: "INDETERMINATE dt = 1.97572 m = -0.00744"}
{timestamp:3.98635, localtime:3.98635, state:"IN_SP", message: "RAMP_STATUS = INDETERMINATE dt = 1.97572 m = -0.00527"}
{timestamp:3.98635, localtime:3.98635, state:"IN_SP", message: "INDETERMINATE dt = 1.99567 m = -0.00527"}
{timestamp:4.00629, localtime:4.00629, state:"IN_SP", message: "RAMP_STATUS = INDETERMINATE dt = 1.99567 m = -0.00527"}
{timestamp:4.00629, localtime:4.00629, state:"IN_SP", message: "INDETERMINATE dt = 2.01561 m = -0.00527"}
{timestamp:4.02724, localtime:4.02724, state:"IN_SP", message: "RAMP_STATUS = INDETERMINATE dt = 2.01561 m = -0.01291"}
{timestamp:4.02724, localtime:4.02724, state:"IN_SP", message: "INDETERMINATE dt = 2.03656 m = -0.01291"}
{timestamp:4.04918, localtime:4.04918, state:"IN_SP", message: "RAMP_STATUS = INDETERMINATE dt = 2.03656 m = -0.01291"}
{timestamp:4.04918, localtime:4.04918, state:"IN_SP", message: "INDETERMINATE dt = 2.05850 m = -0.01291"}
{timestamp:4.06912, localtime:4.06912, state:"IN_SP", message: "RAMP_STATUS = INDETERMINATE dt = 2.05850 m = 0.00000"}
{timestamp:4.06912, localtime:4.06912, state:"IN_SP", message: "INDETERMINATE dt = 2.07845 m = 0.00000"}
{timestamp:4.08708, localtime:4.08708, state:"IN_SP", message: "RAMP_STATUS = INDETERMINATE dt = 2.07845 m = 0.00880"}
{timestamp:4.08708, localtime:4.08708, state:"IN_SP", message: "INDETERMINATE dt = 2.09640 m = 0.00880"}
{timestamp:4.10802, localtime:4.10802, state:"IN_SP", message: "RAMP_STATUS = INDETERMINATE dt = 2.09640 m = 0.00880"}
{timestamp:4.10802, localtime:4.10802, state:"IN_SP", message: "INDETERMINATE dt = 2.11734 m = 0.00880"}
{timestamp:4.12797, localtime:4.12797, state:"IN_SP", message: "RAMP_STATUS = INDETERMINATE dt = 2.11734 m = 0.00634"}
{timestamp:4.12797, localtime:4.12797, state:"IN_SP", message: "INDETERMINATE dt = 2.13729 m = 0.00634"}
{timestamp:4.14891, localtime:4.14891, state:"IN_SP", message: "RAMP_STATUS = INDETERMINATE dt = 2.13729 m = 0.00000"}
{timestamp:4.14891, localtime:4.14891, state:"IN_SP", message: "INDETERMINATE dt = 2.15823 m = 0.00000"}
{timestamp:4.16786, localtime:4.16786, state:"IN_SP", message: "RAMP_STATUS = INDETERMINATE dt = 2.15823 m = -0.00084"}
{timestamp:4.16786, localtime:4.16786, state:"IN_SP", message: "INDETERMINATE dt = 2.17718 m = -0.00084"}
{timestamp:4.18482, localtime:4.18482, state:"IN_SP", message: "RAMP_STATUS = INDETERMINATE dt = 2.17718 m = -0.00256"}
{timestamp:4.18482, localtime:4.18482, state:"IN_SP", message: "INDETERMINATE dt = 2.19414 m = -0.00256"}
{timestamp:4.20975, localtime:4.20975, state:"IN_SP", message: "RAMP_STATUS = INDETERMINATE dt = 2.19414 m = -0.00256"}
{timestamp:4.20975, localtime:4.20975, state:"IN_SP", message: "INDETERMINATE dt = 2.21907 m = -0.00256"}
{timestamp:4.22870, localtime:4.22870, state:"IN_SP", message: "RAMP_STATUS = INDETERMINATE dt = 2.21907 m = 0.00000"}
{timestamp:4.22870, localtime:4.22870, state:"IN_SP", message: "INDETERMINATE dt = 2.23802 m = 0.00000"}
{timestamp:4.24665, localtime:4.24665, state:"IN_SP", message: "RAMP_STATUS = INDETERMINATE dt = 2.23802 m = 0.00864"}
{timestamp:4.24665, localtime:4.24665, state:"IN_SP", message: "INDETERMINATE dt = 2.25597 m = 0.00864"}
{timestamp:4.26560, localtime:4.26560, state:"IN_SP", message: "RAMP_STATUS = INDETERMINATE dt = 2.25597 m = 0.02771"}
{timestamp:4.26560, localtime:4.26560, state:"IN_SP", message: "INDETERMINATE dt = 2.27492 m = 0.02771"}
{timestamp:4.28555, localtime:4.28555, state:"IN_SP", message: "RAMP_STATUS = INDETERMINATE dt = 2.27492 m = 0.04380"}
{timestamp:4.28555, localtime:4.28555, state:"IN_SP", message: "INDETERMINATE dt = 2.29487 m = 0.04380"}
{timestamp:4.30749, localtime:4.30749, state:"IN_SP", message: "RAMP_STATUS = INDETERMINATE dt = 2.29487 m = 0.04380"}
{timestamp:4.30749, localtime:4.30749, state:"IN_SP", message: "INDETERMINATE dt = 2.31681 m = 0.04380"}
{timestamp:4.32544, localtime:4.32544, state:"IN_SP", message: "RAMP_STATUS = INDETERMINATE dt = 2.31681 m = 0.04931"}
{timestamp:4.32544, localtime:4.32544, state:"IN_SP", message: "INDETERMINATE dt = 2.33476 m = 0.04931"}
{timestamp:4.34638, localtime:4.34638, state:"IN_SP", message: "RAMP_STATUS = INDETERMINATE dt = 2.33476 m = 0.04556"}
{timestamp:4.34638, localtime:4.34638, state:"IN_SP", message: "INDETERMINATE dt = 2.35570 m = 0.04556"}
{timestamp:4.37132, localtime:4.37132, state:"IN_SP", message: "RAMP_STATUS = INDETERMINATE dt = 2.35570 m = 0.04556"}
{timestamp:4.37132, localtime:4.37132, state:"IN_SP", message: "INDETERMINATE dt = 2.38064 m = 0.04556"}
{timestamp:4.39126, localtime:4.39126, state:"IN_SP", message: "RAMP_STATUS = INDETERMINATE dt = 2.38064 m = 0.00000"}
{timestamp:4.39126, localtime:4.39126, state:"IN_SP", message: "INDETERMINATE dt = 2.40058 m = 0.00000"}
{timestamp:4.40722, localtime:4.40722, state:"IN_SP", message: "RAMP_STATUS = INDETERMINATE dt = 2.40058 m = -0.02646"}
{timestamp:4.40722, localtime:4.40722, state:"IN_SP", message: "INDETERMINATE dt = 2.41654 m = -0.02646"}
{timestamp:4.42517, localtime:4.42517, state:"IN_SP", message: "RAMP_STATUS = INDETERMINATE dt = 2.41654 m = -0.02646"}
{timestamp:4.42517, localtime:4.42517, state:"IN_SP", message: "INDETERMINATE dt = 2.43449 m = -0.02646"}
{timestamp:4.44512, localtime:4.44512, state:"IN_SP", message: "RAMP_STATUS = INDETERMINATE dt = 2.43449 m = -0.02873"}
{timestamp:4.44512, localtime:4.44512, state:"IN_SP", message: "INDETERMINATE dt = 2.45444 m = -0.02873"}
{timestamp:4.46606, localtime:4.46606, state:"IN_SP", message: "RAMP_STATUS = INDETERMINATE dt = 2.45444 m = -0.02873"}
{timestamp:4.46606, localtime:4.46606, state:"IN_SP", message: "INDETERMINATE dt = 2.47538 m = -0.02873"}
{timestamp:4.49000, localtime:4.49000, state:"IN_SP", message: "RAMP_STATUS = INDETERMINATE dt = 2.47538 m = -0.03416"}
{timestamp:4.49000, localtime:4.49000, state:"IN_SP", message: "INDETERMINATE dt = 2.49932 m = -0.03416"}
{timestamp:4.50995, localtime:4.50995, state:"IN_SP", message: "RAMP_STATUS = INDETERMINATE dt = 2.49932 m = -0.03416"}
{timestamp:4.50995, localtime:4.50995, state:"IN_SP", message: "INDETERMINATE dt = 2.51927 m = -0.03416"}
{timestamp:4.52690, localtime:4.52690, state:"IN_SP", message: "RAMP_STATUS = INDETERMINATE dt = 2.51927 m = -0.02369"}
{timestamp:4.52690, localtime:4.52690, state:"IN_SP", message: "INDETERMINATE dt = 2.53622 m = -0.02369"}
{timestamp:4.54784, localtime:4.54784, state:"IN_SP", message: "RAMP_STATUS = INDETERMINATE dt = 2.53622 m = -0.02369"}
{timestamp:4.54784, localtime:4.54784, state:"IN_SP", message: "INDETERMINATE dt = 2.55717 m = -0.02369"}
{timestamp:4.56979, localtime:4.56979, state:"IN_SP", message: "RAMP_STATUS = INDETERMINATE dt = 2.55717 m = -0.02461"}
{timestamp:4.56979, localtime:4.56979, state:"IN_SP", message: "INDETERMINATE dt = 2.57911 m = -0.02461"}
{timestamp:4.58574, localtime:4.58574, state:"IN_SP", message: "RAMP_STATUS = INDETERMINATE dt = 2.57911 m = -0.03593"}
{timestamp:4.58574, localtime:4.58574, state:"IN_SP", message: "INDETERMINATE dt = 2.59506 m = -0.03593"}
{timestamp:4.60669, localtime:4.60669, state:"IN_SP", message: "RAMP_STATUS = INDETERMINATE dt = 2.59506 m = -0.03593"}
{timestamp:4.60669, localtime:4.60669, state:"IN_SP", message: "INDETERMINATE dt = 2.61601 m = -0.03593"}
{timestamp:4.62663, localtime:4.62663, state:"IN_SP", message: "RAMP_STATUS = INDETERMINATE dt = 2.61601 m = -0.01465"}
{timestamp:4.62663, localtime:4.62663, state:"IN_SP", message: "INDETERMINATE dt = 2.63596 m = -0.01465"}
{timestamp:4.64459, localtime:4.64459, state:"IN_SP", message: "RAMP_STATUS = INDETERMINATE dt = 2.63596 m = 0.00000"}
{timestamp:4.64459, localtime:4.64459, state:"IN_SP", message: "INDETERMINATE dt = 2.65391 m = 0.00000"}
{timestamp:4.66653, localtime:4.66653, state:"IN_SP", message: "RAMP_STATUS = AGAINST dt = 2.65391 m = 0.65051"}
{timestamp:4.66653, localtime:4.66653, state:"IN_QP", message: "START QP @ t = 4.66653 d = UPWARD m = 0.65051 max_sp_v = -0.04636"}
{timestamp:4.69146, localtime:4.69146, state:"IN_QP", message: "IN_QP VELOCITY CHECK v: 0.35198623451814753 dirn.: UPWARD"}
{timestamp:4.69146, localtime:4.69146, state:"IN_QP", message: "TOO LONG 4.691460609436035 start: 2.2858901023864746 dt: 2.4055705070495605"}
{timestamp:4.69146, localtime:4.69146, state:"IN_QP", message: "PROGRESS RESET CALLED "}
{timestamp:4.71041, localtime:4.71041, state:"SEARCH_SP", message: "SEARCHING  m = 0.35199"}
{timestamp:4.71041, localtime:4.71041, state:"SEARCH_SP", message: "PROGRESS RESET CALLED "}
{timestamp:4.73036, localtime:4.73036, state:"SEARCH_SP", message: "SEARCHING  m = 0.03245"}
{timestamp:4.73036, localtime:4.73036, state:"SEARCH_SP", message: "PROGRESS RESET CALLED "}
{timestamp:4.74831, localtime:4.74831, state:"SEARCH_SP", message: "SEARCHING  m = 0.00000"}
{timestamp:4.74831, localtime:4.74831, state:"SEARCH_SP", message: "PROGRESS RESET CALLED "}
{timestamp:4.77125, localtime:4.77125, state:"SEARCH_SP", message: "SEARCHING  m = -0.00206"}
{timestamp:4.77125, localtime:4.77125, state:"SEARCH_SP", message: "PROGRESS RESET CALLED "}
{timestamp:4.78621, localtime:4.78621, state:"SEARCH_SP", message: "SEARCHING  m = -0.00218"}
{timestamp:4.78621, localtime:4.78621, state:"SEARCH_SP", message: "PROGRESS RESET CALLED "}
{timestamp:4.80715, localtime:4.80715, state:"SEARCH_SP", message: "SEARCHING  m = -0.00957"}
{timestamp:4.80715, localtime:4.80715, state:"SEARCH_SP", message: "PROGRESS RESET CALLED "}
{timestamp:4.82610, localtime:4.82610, state:"SEARCH_SP", message: "SEARCHING  m = -0.02314"}
{timestamp:4.82610, localtime:4.82610, state:"SEARCH_SP", message: "PROGRESS RESET CALLED "}
{timestamp:4.85004, localtime:4.85004, state:"SEARCH_SP", message: "SEARCHING  m = -0.02656"}
{timestamp:4.85004, localtime:4.85004, state:"SEARCH_SP", message: "PROGRESS RESET CALLED "}
{timestamp:4.87098, localtime:4.87098, state:"SEARCH_SP", message: "SEARCHING  m = -0.03181"}
{timestamp:4.87098, localtime:4.87098, state:"SEARCH_SP", message: "PROGRESS RESET CALLED "}
{timestamp:4.89093, localtime:4.89093, state:"SEARCH_SP", message: "SEARCHING  m = -0.03181"}
{timestamp:4.89093, localtime:4.89093, state:"SEARCH_SP", message: "PROGRESS RESET CALLED "}
{timestamp:4.90589, localtime:4.90589, state:"SEARCH_SP", message: "SEARCHING  m = -0.03433"}
{timestamp:4.90589, localtime:4.90589, state:"SEARCH_SP", message: "PROGRESS RESET CALLED "}
{timestamp:4.92783, localtime:4.92783, state:"SEARCH_SP", message: "SEARCHING  m = -0.03433"}
{timestamp:4.92783, localtime:4.92783, state:"SEARCH_SP", message: "PROGRESS RESET CALLED "}
{timestamp:4.94977, localtime:4.94977, state:"SEARCH_SP", message: "SEARCHING  m = -0.01260"}
{timestamp:4.94977, localtime:4.94977, state:"SEARCH_SP", message: "PROGRESS RESET CALLED "}
{timestamp:4.96473, localtime:4.96473, state:"SEARCH_SP", message: "SEARCHING  m = -0.00966"}
{timestamp:4.96473, localtime:4.96473, state:"SEARCH_SP", message: "PROGRESS RESET CALLED "}
{timestamp:4.98867, localtime:4.98867, state:"SEARCH_SP", message: "SEARCHING  m = -0.00966"}
{timestamp:4.98867, localtime:4.98867, state:"SEARCH_SP", message: "PROGRESS RESET CALLED "}
{timestamp:5.00562, localtime:5.00562, state:"SEARCH_SP", message: "SEARCHING  m = -0.02143"}
{timestamp:5.00562, localtime:5.00562, state:"SEARCH_SP", message: "PROGRESS RESET CALLED "}
{timestamp:5.02856, localtime:5.02856, state:"SEARCH_SP", message: "SEARCHING  m = -0.03946"}
{timestamp:5.02856, localtime:5.02856, state:"SEARCH_SP", message: "PROGRESS RESET CALLED "}
{timestamp:5.04452, localtime:5.04452, state:"SEARCH_SP", message: "SEARCHING  m = -0.03946"}
{timestamp:5.04452, localtime:5.04452, state:"SEARCH_SP", message: "PROGRESS RESET CALLED "}
{timestamp:5.07045, localtime:5.07045, state:"SEARCH_SP", message: "SEARCHING  m = -0.04091"}
{timestamp:5.07045, localtime:5.07045, state:"SEARCH_SP", message: "PROGRESS RESET CALLED "}
{timestamp:5.09139, localtime:5.09139, state:"SEARCH_SP", message: "SEARCHING  m = -0.04110"}
{timestamp:5.09139, localtime:5.09139, state:"SEARCH_SP", message: "PROGRESS RESET CALLED "}
{timestamp:5.11234, localtime:5.11234, state:"SEARCH_SP", message: "SEARCHING  m = -0.04110"}
{timestamp:5.11234, localtime:5.11234, state:"SEARCH_SP", message: "PROGRESS RESET CALLED "}
{timestamp:5.13129, localtime:5.13129, state:"SEARCH_SP", message: "SEARCHING  m = -0.03041"}
{timestamp:5.13129, localtime:5.13129, state:"SEARCH_SP", message: "PROGRESS RESET CALLED "}
{timestamp:5.15024, localtime:5.15024, state:"SEARCH_SP", message: "SEARCHING  m = -0.02298"}
{timestamp:5.15024, localtime:5.15024, state:"SEARCH_SP", message: "PROGRESS RESET CALLED "}
{timestamp:5.17018, localtime:5.17018, state:"SEARCH_SP", message: "SEARCHING  m = -0.02298"}
{timestamp:5.17018, localtime:5.17018, state:"SEARCH_SP", message: "PROGRESS RESET CALLED "}
{timestamp:5.19013, localtime:5.19013, state:"STEP", message: "END STATIONARITY (D = 1.5229299068450928) [LONG]"}
{timestamp:5.19013, localtime:5.19013, state:"SEARCH_SP", message: "SEARCHING  m = -0.02737"}
{timestamp:5.19013, localtime:5.19013, state:"SEARCH_SP", message: "PROGRESS RESET CALLED "}
{timestamp:5.21007, localtime:5.21007, state:"SEARCH_SP", message: "SEARCHING  m = -0.03470"}
{timestamp:5.21007, localtime:5.21007, state:"SEARCH_SP", message: "PROGRESS RESET CALLED "}
{timestamp:5.23102, localtime:5.23102, state:"SEARCH_SP", message: "SEARCHING  m = -0.03725"}
{timestamp:5.23102, localtime:5.23102, state:"SEARCH_SP", message: "PROGRESS RESET CALLED "}
{timestamp:5.25097, localtime:5.25097, state:"SEARCH_SP", message: "SEARCHING  m = -0.04156"}
{timestamp:5.25097, localtime:5.25097, state:"SEARCH_SP", message: "PROGRESS RESET CALLED "}
{timestamp:5.26992, localtime:5.26992, state:"SEARCH_SP", message: "SEARCHING  m = -0.04495"}
{timestamp:5.26992, localtime:5.26992, state:"SEARCH_SP", message: "PROGRESS RESET CALLED "}
{timestamp:5.29086, localtime:5.29086, state:"SEARCH_SP", message: "SEARCHING  m = -0.04156"}
{timestamp:5.29086, localtime:5.29086, state:"SEARCH_SP", message: "PROGRESS RESET CALLED "}
{timestamp:5.31081, localtime:5.31081, state:"STEP", message: "START STATIONARITY (COUNT = 2 T = 5.310806035995483)"}
{timestamp:5.31081, localtime:5.31081, state:"SEARCH_SP", message: "SEARCHING  m = -0.03941"}
{timestamp:5.31081, localtime:5.31081, state:"SEARCH_SP", message: "PROGRESS RESET CALLED "}
{timestamp:5.33075, localtime:5.33075, state:"SEARCH_SP", message: "SEARCHING  m = -0.01126"}
{timestamp:5.33075, localtime:5.33075, state:"SEARCH_SP", message: "PROGRESS RESET CALLED "}
{timestamp:5.35170, localtime:5.35170, state:"SEARCH_SP", message: "SEARCHING  m = -0.01126"}
{timestamp:5.35170, localtime:5.35170, state:"SEARCH_SP", message: "PROGRESS RESET CALLED "}
{timestamp:5.37065, localtime:5.37065, state:"SEARCH_SP", message: "SEARCHING  m = -0.01154"}
{timestamp:5.37065, localtime:5.37065, state:"SEARCH_SP", message: "PROGRESS RESET CALLED "}
{timestamp:5.39059, localtime:5.39059, state:"SEARCH_SP", message: "SEARCHING  m = -0.01563"}
{timestamp:5.39059, localtime:5.39059, state:"SEARCH_SP", message: "PROGRESS RESET CALLED "}
{timestamp:5.41254, localtime:5.41254, state:"SEARCH_SP", message: "SEARCHING  m = -0.01563"}
{timestamp:5.41254, localtime:5.41254, state:"SEARCH_SP", message: "PROGRESS RESET CALLED "}
{timestamp:5.43148, localtime:5.43148, state:"SEARCH_SP", message: "SEARCHING  m = 0.00000"}
{timestamp:5.43148, localtime:5.43148, state:"SEARCH_SP", message: "PROGRESS RESET CALLED "}
{timestamp:5.45143, localtime:5.45143, state:"SEARCH_SP", message: "SEARCHING  m = 0.00000"}
{timestamp:5.45143, localtime:5.45143, state:"SEARCH_SP", message: "PROGRESS RESET CALLED "}
{timestamp:5.47138, localtime:5.47138, state:"SEARCH_SP", message: "SEARCHING  m = 0.00000"}
{timestamp:5.47138, localtime:5.47138, state:"SEARCH_SP", message: "PROGRESS RESET CALLED "}
{timestamp:5.49033, localtime:5.49033, state:"SEARCH_SP", message: "SEARCHING  m = -0.03405"}
{timestamp:5.49033, localtime:5.49033, state:"SEARCH_SP", message: "PROGRESS RESET CALLED "}
{timestamp:5.51027, localtime:5.51027, state:"SEARCH_SP", message: "SEARCHING  m = -0.03405"}
{timestamp:5.51027, localtime:5.51027, state:"SEARCH_SP", message: "PROGRESS RESET CALLED "}
{timestamp:5.53221, localtime:5.53221, state:"SEARCH_SP", message: "SEARCHING  m = -0.02256"}
{timestamp:5.53221, localtime:5.53221, state:"SEARCH_SP", message: "PROGRESS RESET CALLED "}
{timestamp:5.55316, localtime:5.55316, state:"SEARCH_SP", message: "SEARCHING  m = -0.00187"}
{timestamp:5.55316, localtime:5.55316, state:"SEARCH_SP", message: "PROGRESS RESET CALLED "}
{timestamp:5.57510, localtime:5.57510, state:"SEARCH_SP", message: "SEARCHING  m = -0.00172"}
{timestamp:5.57510, localtime:5.57510, state:"SEARCH_SP", message: "PROGRESS RESET CALLED "}
{timestamp:5.59006, localtime:5.59006, state:"SEARCH_SP", message: "SEARCHING  m = -0.00172"}
{timestamp:5.59006, localtime:5.59006, state:"SEARCH_SP", message: "PROGRESS RESET CALLED "}
{timestamp:5.61300, localtime:5.61300, state:"SEARCH_SP", message: "SEARCHING  m = -0.01859"}
{timestamp:5.61300, localtime:5.61300, state:"SEARCH_SP", message: "PROGRESS RESET CALLED "}
{timestamp:5.63095, localtime:5.63095, state:"SEARCH_SP", message: "SEARCHING  m = -0.01859"}
{timestamp:5.63095, localtime:5.63095, state:"SEARCH_SP", message: "PROGRESS RESET CALLED "}
{timestamp:5.65090, localtime:5.65090, state:"SEARCH_SP", message: "SEARCHING  m = -0.01878"}
{timestamp:5.65090, localtime:5.65090, state:"SEARCH_SP", message: "PROGRESS RESET CALLED "}
{timestamp:5.66985, localtime:5.66985, state:"SEARCH_SP", message: "SEARCHING  m = -0.03073"}
{timestamp:5.66985, localtime:5.66985, state:"SEARCH_SP", message: "PROGRESS RESET CALLED "}
{timestamp:5.68979, localtime:5.68979, state:"SEARCH_SP", message: "SEARCHING  m = -0.03073"}
{timestamp:5.68979, localtime:5.68979, state:"SEARCH_SP", message: "PROGRESS RESET CALLED "}
{timestamp:5.71074, localtime:5.71074, state:"SEARCH_SP", message: "SEARCHING  m = -0.00469"}
{timestamp:5.71074, localtime:5.71074, state:"SEARCH_SP", message: "PROGRESS RESET CALLED "}
{timestamp:5.73168, localtime:5.73168, state:"SEARCH_SP", message: "SEARCHING  m = 0.00000"}
{timestamp:5.73168, localtime:5.73168, state:"SEARCH_SP", message: "PROGRESS RESET CALLED "}
{timestamp:5.74963, localtime:5.74963, state:"SEARCH_SP", message: "SEARCHING  m = 0.00000"}
{timestamp:5.74963, localtime:5.74963, state:"SEARCH_SP", message: "PROGRESS RESET CALLED "}
{timestamp:5.77357, localtime:5.77357, state:"SEARCH_SP", message: "SEARCHING  m = 0.00000"}
{timestamp:5.77357, localtime:5.77357, state:"SEARCH_SP", message: "PROGRESS RESET CALLED "}
{timestamp:5.79052, localtime:5.79052, state:"SEARCH_SP", message: "SEARCHING  m = 0.00000"}
{timestamp:5.79052, localtime:5.79052, state:"SEARCH_SP", message: "PROGRESS RESET CALLED "}
{timestamp:5.81446, localtime:5.81446, state:"SEARCH_SP", message: "SEARCHING  m = 0.00118"}
{timestamp:5.81446, localtime:5.81446, state:"SEARCH_SP", message: "PROGRESS RESET CALLED "}
{timestamp:5.83042, localtime:5.83042, state:"SEARCH_SP", message: "SEARCHING  m = 0.00240"}
{timestamp:5.83042, localtime:5.83042, state:"SEARCH_SP", message: "PROGRESS RESET CALLED "}
{timestamp:5.85036, localtime:5.85036, state:"SEARCH_SP", message: "SEARCHING  m = 0.00216"}
{timestamp:5.85036, localtime:5.85036, state:"SEARCH_SP", message: "PROGRESS RESET CALLED "}
{timestamp:5.87031, localtime:5.87031, state:"SEARCH_SP", message: "SEARCHING  m = 0.00216"}
{timestamp:5.87031, localtime:5.87031, state:"SEARCH_SP", message: "PROGRESS RESET CALLED "}
{timestamp:5.89225, localtime:5.89225, state:"SEARCH_SP", message: "SEARCHING  m = 0.00000"}
{timestamp:5.89225, localtime:5.89225, state:"SEARCH_SP", message: "PROGRESS RESET CALLED "}
{timestamp:5.91020, localtime:5.91020, state:"SEARCH_SP", message: "SEARCHING  m = -0.00077"}
{timestamp:5.91020, localtime:5.91020, state:"SEARCH_SP", message: "PROGRESS RESET CALLED "}
{timestamp:5.93214, localtime:5.93214, state:"SEARCH_SP", message: "SEARCHING  m = -0.01659"}
{timestamp:5.93214, localtime:5.93214, state:"SEARCH_SP", message: "PROGRESS RESET CALLED "}
{timestamp:5.95608, localtime:5.95608, state:"SEARCH_SP", message: "SEARCHING  m = -0.01659"}
{timestamp:5.95608, localtime:5.95608, state:"SEARCH_SP", message: "PROGRESS RESET CALLED "}
{timestamp:5.97403, localtime:5.97403, state:"SEARCH_SP", message: "SEARCHING  m = -0.00454"}
{timestamp:5.97403, localtime:5.97403, state:"SEARCH_SP", message: "PROGRESS RESET CALLED "}
{timestamp:5.99099, localtime:5.99099, state:"SEARCH_SP", message: "SEARCHING  m = -0.00252"}
{timestamp:5.99099, localtime:5.99099, state:"SEARCH_SP", message: "PROGRESS RESET CALLED "}
{timestamp:6.01094, localtime:6.01094, state:"SEARCH_SP", message: "SEARCHING  m = -0.00454"}
{timestamp:6.01094, localtime:6.01094, state:"SEARCH_SP", message: "PROGRESS RESET CALLED "}
{timestamp:6.02988, localtime:6.02988, state:"SEARCH_SP", message: "SEARCHING  m = -0.00825"}
{timestamp:6.02988, localtime:6.02988, state:"SEARCH_SP", message: "PROGRESS RESET CALLED "}
{timestamp:6.05183, localtime:6.05183, state:"SEARCH_SP", message: "SEARCHING  m = -0.00825"}
{timestamp:6.05183, localtime:6.05183, state:"SEARCH_SP", message: "PROGRESS RESET CALLED "}
{timestamp:6.07078, localtime:6.07078, state:"SEARCH_SP", message: "SEARCHING  m = -0.00745"}
{timestamp:6.07078, localtime:6.07078, state:"SEARCH_SP", message: "PROGRESS RESET CALLED "}
{timestamp:6.08972, localtime:6.08972, state:"SEARCH_SP", message: "SEARCHING  m = -0.00065"}
{timestamp:6.08972, localtime:6.08972, state:"SEARCH_SP", message: "PROGRESS RESET CALLED "}
{timestamp:6.11665, localtime:6.11665, state:"SEARCH_SP", message: "SEARCHING  m = -0.00065"}
{timestamp:6.11665, localtime:6.11665, state:"SEARCH_SP", message: "PROGRESS RESET CALLED "}
{timestamp:6.13460, localtime:6.13460, state:"SEARCH_SP", message: "SEARCHING  m = -0.00334"}
{timestamp:6.13460, localtime:6.13460, state:"SEARCH_SP", message: "PROGRESS RESET CALLED "}
{timestamp:6.15455, localtime:6.15455, state:"SEARCH_SP", message: "SEARCHING  m = -0.00447"}
{timestamp:6.15455, localtime:6.15455, state:"SEARCH_SP", message: "PROGRESS RESET CALLED "}
{timestamp:6.17151, localtime:6.17151, state:"SEARCH_SP", message: "SEARCHING  m = -0.00755"}
{timestamp:6.17151, localtime:6.17151, state:"SEARCH_SP", message: "PROGRESS RESET CALLED "}
{timestamp:6.19145, localtime:6.19145, state:"SEARCH_SP", message: "SEARCHING  m = -0.01448"}
{timestamp:6.19145, localtime:6.19145, state:"SEARCH_SP", message: "PROGRESS RESET CALLED "}
{timestamp:6.21140, localtime:6.21140, state:"SEARCH_SP", message: "START t = 6.211400032043457 m = -0.2730119915221604 f = true"}
{timestamp:6.23534, localtime:6.23534, state:"SEARCH_SP", message: "BUILD EVIDENCE  dt = 0.02394 m = -0.47764  f = 1.00000 [1.00000]"}
{timestamp:6.25628, localtime:6.25628, state:"SEARCH_SP", message: "BUILD EVIDENCE  dt = 0.04488 m = -0.47764  f = 1.00000 [2.00000]"}
{timestamp:6.27523, localtime:6.27523, state:"IN_SP", message: "INDETERMINATE dt = 0.06383 m = 0.00000"}
{timestamp:6.29518, localtime:6.29518, state:"IN_SP", message: "RAMP_STATUS = AGAINST dt = 0.06383 m = 0.14008"}
{timestamp:6.29518, localtime:6.29518, state:"IN_QP", message: "START QP @ t = 6.29518 d = UPWARD m = 0.14008 max_sp_v = -0.72985"}
{timestamp:6.31512, localtime:6.31512, state:"IN_QP", message: "IN_QP VELOCITY CHECK v: 0.16616880682783808 dirn.: UPWARD"}
{timestamp:6.31512, localtime:6.31512, state:"IN_QP", message: "EXTEND dt = 0.03989 m = 0.16617"}
{timestamp:6.33008, localtime:6.33008, state:"IN_QP", message: "IN_QP VELOCITY CHECK v: 0.08622923719076551 dirn.: UPWARD"}
{timestamp:6.33008, localtime:6.33008, state:"IN_QP", message: "EXTEND dt = 0.05485 m = 0.16617"}
{timestamp:6.35601, localtime:6.35601, state:"IN_QP", message: "IN_QP VELOCITY CHECK v: 0.05073573355547134 dirn.: UPWARD"}
{timestamp:6.35601, localtime:6.35601, state:"IN_QP", message: "EXTEND dt = 0.08078 m = 0.08623"}
{timestamp:6.37596, localtime:6.37596, state:"IN_QP", message: "IN_QP VELOCITY CHECK v: 0.04372303168664762 dirn.: UPWARD"}
{timestamp:6.37596, localtime:6.37596, state:"IN_QP", message: "EXTEND dt = 0.10073 m = 0.05074"}
{timestamp:6.39591, localtime:6.39591, state:"IN_QP", message: "IN_QP VELOCITY CHECK v: 0.03045507008192413 dirn.: UPWARD"}
{timestamp:6.39591, localtime:6.39591, state:"FOUND", message: "END (INDETERMINATE) m = 0.04372 [PASS-THROUGH TO FOUND]"}
{timestamp:6.39591, localtime:6.39591, state:"FOUND", message: "END qp end time = 6.39591  qp duration = 0.12068"}
{timestamp:6.39591, localtime:6.39591, state:"FOUND", message: "[PRE-VALIDATOR] END qp end time = 6.39591  qp duration = 0.12068"}
{timestamp:6.39591, localtime:6.39591, state:"FOUND", message: "FAILED VALIDITY CHECK"}
{timestamp:6.39591, localtime:6.39591, state:"FOUND", message: "PROGRESS RESET CALLED "}
{timestamp:6.39591, localtime:6.39591, state:"SEARCH_SP", message: "[FOUND] EARLY RESTART t_early = 6.395906448364258, t = 6.395906448364258 m = 0.04372303168664762 f = true"}
{timestamp:6.41486, localtime:6.41486, state:"IN_SP", message: "INDETERMINATE dt = 0.01895 m = 0.03905"}
{timestamp:6.43381, localtime:6.43381, state:"IN_SP", message: "RAMP_STATUS = INDETERMINATE dt = 0.01895 m = 0.03905"}
{timestamp:6.43381, localtime:6.43381, state:"IN_SP", message: "INDETERMINATE dt = 0.03790 m = 0.03905"}
{timestamp:6.45375, localtime:6.45375, state:"IN_SP", message: "RAMP_STATUS = INDETERMINATE dt = 0.03790 m = 0.03905"}
{timestamp:6.45375, localtime:6.45375, state:"IN_SP", message: "INDETERMINATE dt = 0.05785 m = 0.03905"}
{timestamp:6.47669, localtime:6.47669, state:"IN_SP", message: "RAMP_STATUS = INDETERMINATE dt = 0.05785 m = 0.01872"}
{timestamp:6.47669, localtime:6.47669, state:"IN_SP", message: "INDETERMINATE dt = 0.08078 m = 0.01872"}
{timestamp:6.49065, localtime:6.49065, state:"IN_SP", message: "RAMP_STATUS = INDETERMINATE dt = 0.08078 m = 0.00000"}
{timestamp:6.49065, localtime:6.49065, state:"IN_SP", message: "INDETERMINATE dt = 0.09475 m = 0.00000"}
{timestamp:6.51060, localtime:6.51060, state:"IN_SP", message: "RAMP_STATUS = INDETERMINATE dt = 0.09475 m = -0.00257"}
{timestamp:6.51060, localtime:6.51060, state:"IN_SP", message: "INDETERMINATE dt = 0.11469 m = -0.00257"}
{timestamp:6.53055, localtime:6.53055, state:"IN_SP", message: "RAMP_STATUS = INDETERMINATE dt = 0.11469 m = -0.00257"}
{timestamp:6.53055, localtime:6.53055, state:"IN_SP", message: "INDETERMINATE dt = 0.13464 m = -0.00257"}
{timestamp:6.55049, localtime:6.55049, state:"IN_SP", message: "RAMP_STATUS = INDETERMINATE dt = 0.13464 m = 0.00000"}
{timestamp:6.55049, localtime:6.55049, state:"IN_SP", message: "INDETERMINATE dt = 0.15459 m = 0.00000"}
{timestamp:6.57144, localtime:6.57144, state:"IN_SP", message: "RAMP_STATUS = AGAINST dt = 0.15459 m = 0.85179"}
{timestamp:6.57144, localtime:6.57144, state:"IN_QP", message: "START QP @ t = 6.57144 d = UPWARD m = 0.85179 max_sp_v = -0.00303"}
{timestamp:6.59039, localtime:6.59039, state:"IN_QP", message: "IN_QP VELOCITY CHECK v: 0.21974574465766483 dirn.: UPWARD"}
{timestamp:6.59039, localtime:6.59039, state:"IN_QP", message: "EXTEND dt = 0.19448 m = 0.85179"}
{timestamp:6.61133, localtime:6.61133, state:"IN_QP", message: "IN_QP VELOCITY CHECK v: 0.42637506765326694 dirn.: UPWARD"}
{timestamp:6.61133, localtime:6.61133, state:"IN_QP", message: "EXTEND dt = 0.21542 m = 0.42638"}
{timestamp:6.63128, localtime:6.63128, state:"IN_QP", message: "IN_QP VELOCITY CHECK v: 0.43703425322843364 dirn.: UPWARD"}
{timestamp:6.63128, localtime:6.63128, state:"IN_QP", message: "EXTEND dt = 0.23537 m = 0.42638"}
{timestamp:6.65122, localtime:6.65122, state:"IN_QP", message: "IN_QP VELOCITY CHECK v: 1.5878592210202853 dirn.: UPWARD"}
{timestamp:6.65122, localtime:6.65122, state:"IN_QP", message: "EXTEND dt = 0.25532 m = 0.43703"}
{timestamp:6.67017, localtime:6.67017, state:"IN_QP", message: "IN_QP VELOCITY CHECK v: 1.587839755162467 dirn.: UPWARD"}
{timestamp:6.67017, localtime:6.67017, state:"IN_QP", message: "EXTEND dt = 0.27427 m = 1.58784"}
{timestamp:6.69012, localtime:6.69012, state:"IN_QP", message: "IN_QP VELOCITY CHECK v: 0 dirn.: UPWARD"}
{timestamp:6.69012, localtime:6.69012, state:"IN_QP", message: "EXTEND dt = 0.29421 m = 1.58784"}
{timestamp:6.71106, localtime:6.71106, state:"IN_QP", message: "IN_QP VELOCITY CHECK v: -2.1826408405536832 dirn.: UPWARD"}
{timestamp:6.71106, localtime:6.71106, state:"FOUND", message: "END (INDETERMINATE) m = 0.00000 [PASS-THROUGH TO FOUND]"}
{timestamp:6.71106, localtime:6.71106, state:"FOUND", message: "END qp end time = 6.71106  qp duration = 0.31516"}
{timestamp:6.71106, localtime:6.71106, state:"FOUND", message: "[PRE-VALIDATOR] END qp end time = 6.71106  qp duration = 0.31516"}
{timestamp:6.71106, localtime:6.71106, state:"FOUND", message: "FAILED VALIDITY CHECK"}
{timestamp:6.71106, localtime:6.71106, state:"FOUND", message: "PROGRESS RESET CALLED "}
{timestamp:6.71106, localtime:6.71106, state:"SEARCH_SP", message: "[FOUND] EARLY RESTART t_early = 6.711064577102661, t = 6.711064577102661 m = 0 f = true"}
{timestamp:6.73101, localtime:6.73101, state:"SEARCH_SP", message: "BUILD EVIDENCE  dt = 0.01995 m = -2.18264  f = 1.00000 [1.00000]"}
{timestamp:6.75295, localtime:6.75295, state:"SEARCH_SP", message: "BUILD EVIDENCE  dt = 0.04189 m = -2.18264  f = 1.00000 [2.00000]"}
{timestamp:6.77290, localtime:6.77290, state:"SEARCH_SP", message: "BUILD EVIDENCE  dt = 0.06183 m = -0.87728  f = 1.00000 [3.00000]"}
{timestamp:6.79085, localtime:6.79085, state:"SEARCH_SP", message: "BUILD EVIDENCE  dt = 0.07979 m = -0.28415  f = 1.00000 [4.00000]"}
{timestamp:6.81678, localtime:6.81678, state:"SEARCH_SP", message: "ACCEPT c = 4.00000 dt = 0.10572  m = -0.15561 (start = 6.71106)"}
{timestamp:6.83274, localtime:6.83274, state:"IN_SP", message: "RAMP_STATUS = INDETERMINATE dt = 0.10572 m = -0.04084"}
{timestamp:6.83274, localtime:6.83274, state:"IN_SP", message: "INDETERMINATE dt = 0.12167 m = -0.04084"}
{timestamp:6.85169, localtime:6.85169, state:"IN_SP", message: "RAMP_STATUS = INDETERMINATE dt = 0.12167 m = -0.02860"}
{timestamp:6.85169, localtime:6.85169, state:"IN_SP", message: "INDETERMINATE dt = 0.14062 m = -0.02860"}
{timestamp:6.87263, localtime:6.87263, state:"IN_SP", message: "RAMP_STATUS = INDETERMINATE dt = 0.14062 m = -0.04084"}
{timestamp:6.87263, localtime:6.87263, state:"IN_SP", message: "INDETERMINATE dt = 0.16157 m = -0.04084"}
{timestamp:6.89158, localtime:6.89158, state:"IN_SP", message: "RAMP_STATUS = WITH dt = 0.16157 m = -0.21343"}
{timestamp:6.89158, localtime:6.89158, state:"IN_SP", message: "EXTEND dt = 0.18052 m = -0.21343"}
{timestamp:6.91253, localtime:6.91253, state:"IN_SP", message: "RAMP_STATUS = WITH dt = 0.18052 m = -0.21343"}
{timestamp:6.91253, localtime:6.91253, state:"IN_SP", message: "EXTEND dt = 0.20146 m = -0.21343"}
{timestamp:6.93247, localtime:6.93247, state:"IN_SP", message: "RAMP_STATUS = INDETERMINATE dt = 0.20146 m = -0.02975"}
{timestamp:6.93247, localtime:6.93247, state:"IN_SP", message: "INDETERMINATE dt = 0.22141 m = -0.02975"}
{timestamp:6.95042, localtime:6.95042, state:"IN_SP", message: "RAMP_STATUS = INDETERMINATE dt = 0.22141 m = -0.02767"}
{timestamp:6.95042, localtime:6.95042, state:"IN_SP", message: "INDETERMINATE dt = 0.23936 m = -0.02767"}
{timestamp:6.97635, localtime:6.97635, state:"IN_SP", message: "RAMP_STATUS = INDETERMINATE dt = 0.23936 m = -0.01244"}
{timestamp:6.97635, localtime:6.97635, state:"IN_SP", message: "INDETERMINATE dt = 0.26529 m = -0.01244"}
{timestamp:6.99331, localtime:6.99331, state:"IN_SP", message: "RAMP_STATUS = INDETERMINATE dt = 0.26529 m = -0.01216"}
{timestamp:6.99331, localtime:6.99331, state:"IN_SP", message: "INDETERMINATE dt = 0.28225 m = -0.01216"}
{timestamp:7.01126, localtime:7.01126, state:"IN_SP", message: "RAMP_STATUS = INDETERMINATE dt = 0.28225 m = 0.00855"}
{timestamp:7.01126, localtime:7.01126, state:"IN_SP", message: "INDETERMINATE dt = 0.30020 m = 0.00855"}
{timestamp:7.03021, localtime:7.03021, state:"IN_SP", message: "RAMP_STATUS = INDETERMINATE dt = 0.30020 m = 0.01996"}
{timestamp:7.03021, localtime:7.03021, state:"IN_SP", message: "INDETERMINATE dt = 0.31915 m = 0.01996"}
{timestamp:7.05116, localtime:7.05116, state:"IN_SP", message: "RAMP_STATUS = INDETERMINATE dt = 0.31915 m = 0.01996"}
{timestamp:7.05116, localtime:7.05116, state:"IN_SP", message: "INDETERMINATE dt = 0.34009 m = 0.01996"}
{timestamp:7.07310, localtime:7.07310, state:"IN_SP", message: "RAMP_STATUS = INDETERMINATE dt = 0.34009 m = 0.02101"}
{timestamp:7.07310, localtime:7.07310, state:"IN_SP", message: "INDETERMINATE dt = 0.36203 m = 0.02101"}
{timestamp:7.09304, localtime:7.09304, state:"IN_SP", message: "RAMP_STATUS = INDETERMINATE dt = 0.36203 m = 0.02101"}
{timestamp:7.09304, localtime:7.09304, state:"IN_SP", message: "INDETERMINATE dt = 0.38198 m = 0.02101"}
{timestamp:7.11199, localtime:7.11199, state:"IN_SP", message: "RAMP_STATUS = INDETERMINATE dt = 0.38198 m = 0.02101"}
{timestamp:7.11199, localtime:7.11199, state:"IN_SP", message: "INDETERMINATE dt = 0.40093 m = 0.02101"}
{timestamp:7.13094, localtime:7.13094, state:"IN_SP", message: "RAMP_STATUS = INDETERMINATE dt = 0.40093 m = 0.01171"}
{timestamp:7.13094, localtime:7.13094, state:"IN_SP", message: "INDETERMINATE dt = 0.41988 m = 0.01171"}
{timestamp:7.15089, localtime:7.15089, state:"IN_SP", message: "RAMP_STATUS = INDETERMINATE dt = 0.41988 m = 0.00000"}
{timestamp:7.15089, localtime:7.15089, state:"IN_SP", message: "INDETERMINATE dt = 0.43982 m = 0.00000"}
{timestamp:7.17383, localtime:7.17383, state:"IN_SP", message: "RAMP_STATUS = INDETERMINATE dt = 0.43982 m = -0.01035"}
{timestamp:7.17383, localtime:7.17383, state:"IN_SP", message: "INDETERMINATE dt = 0.46276 m = -0.01035"}
{timestamp:7.19377, localtime:7.19377, state:"IN_SP", message: "RAMP_STATUS = INDETERMINATE dt = 0.46276 m = -0.02506"}
{timestamp:7.19377, localtime:7.19377, state:"IN_SP", message: "INDETERMINATE dt = 0.48271 m = -0.02506"}
{timestamp:7.21272, localtime:7.21272, state:"IN_SP", message: "RAMP_STATUS = INDETERMINATE dt = 0.48271 m = -0.02506"}
{timestamp:7.21272, localtime:7.21272, state:"IN_SP", message: "INDETERMINATE dt = 0.50166 m = -0.02506"}
{timestamp:7.23167, localtime:7.23167, state:"IN_SP", message: "RAMP_STATUS = INDETERMINATE dt = 0.50166 m = -0.02939"}
{timestamp:7.23167, localtime:7.23167, state:"IN_SP", message: "INDETERMINATE dt = 0.52061 m = -0.02939"}
{timestamp:7.24863, localtime:7.24863, state:"IN_SP", message: "RAMP_STATUS = INDETERMINATE dt = 0.52061 m = -0.04295"}
{timestamp:7.24863, localtime:7.24863, state:"IN_SP", message: "INDETERMINATE dt = 0.53756 m = -0.04295"}
