{timestamp:undefined, localtime:NaN, state:"undefined", message: "PROGRESS RESET CALLED "}
{timestamp:undefined, localtime:NaN, state:"configuring detector.", message: "undefined"}
{timestamp:undefined, localtime:NaN, state:"SEARCH_SP", message: "PROGRESS RESET CALLED "}
{timestamp:0.00000, localtime:0.00000, state:"SEARCH_SP", message: "SEARCHING  m = null"}
{timestamp:0.00000, localtime:0.00000, state:"SEARCH_SP", message: "PROGRESS RESET CALLED "}
{timestamp:0.01895, localtime:0.01895, state:"SEARCH_SP", message: "SEARCHING  m = 0.00000"}
{timestamp:0.01895, localtime:0.01895, state:"SEARCH_SP", message: "PROGRESS RESET CALLED "}
{timestamp:0.04089, localtime:0.04089, state:"SEARCH_SP", message: "SEARCHING  m = 0.00000"}
{timestamp:0.04089, localtime:0.04089, state:"SEARCH_SP", message: "PROGRESS RESET CALLED "}
{timestamp:0.05884, localtime:0.05884, state:"SEARCH_SP", message: "SEARCHING  m = -0.12166"}
{timestamp:0.05884, localtime:0.05884, state:"SEARCH_SP", message: "PROGRESS RESET CALLED "}
{timestamp:0.08378, localtime:0.08378, state:"SEARCH_SP", message: "SEARCHING  m = -0.12166"}
{timestamp:0.08378, localtime:0.08378, state:"SEARCH_SP", message: "PROGRESS RESET CALLED "}
{timestamp:0.09973, localtime:0.09973, state:"SEARCH_SP", message: "SEARCHING  m = -0.00018"}
{timestamp:0.09973, localtime:0.09973, state:"SEARCH_SP", message: "PROGRESS RESET CALLED "}
{timestamp:0.11968, localtime:0.11968, state:"SEARCH_SP", message: "SEARCHING  m = 0.00021"}
{timestamp:0.11968, localtime:0.11968, state:"SEARCH_SP", message: "PROGRESS RESET CALLED "}
{timestamp:0.13863, localtime:0.13863, state:"SEARCH_SP", message: "SEARCHING  m = 0.02865"}
{timestamp:0.13863, localtime:0.13863, state:"SEARCH_SP", message: "PROGRESS RESET CALLED "}
{timestamp:0.16157, localtime:0.16157, state:"SEARCH_SP", message: "SEARCHING  m = 0.02865"}
{timestamp:0.16157, localtime:0.16157, state:"SEARCH_SP", message: "PROGRESS RESET CALLED "}
{timestamp:0.18052, localtime:0.18052, state:"SEARCH_SP", message: "SEARCHING  m = 0.02622"}
{timestamp:0.18052, localtime:0.18052, state:"SEARCH_SP", message: "PROGRESS RESET CALLED "}
{timestamp:0.19947, localtime:0.19947, state:"SEARCH_SP", message: "SEARCHING  m = 0.02341"}
{timestamp:0.19947, localtime:0.19947, state:"SEARCH_SP", message: "PROGRESS RESET CALLED "}
{timestamp:0.22839, localtime:0.22839, state:"SEARCH_SP", message: "SEARCHING  m = 0.00000"}
{timestamp:0.22839, localtime:0.22839, state:"SEARCH_SP", message: "PROGRESS RESET CALLED "}
{timestamp:0.24634, localtime:0.24634, state:"SEARCH_SP", message: "SEARCHING  m = -0.13500"}
{timestamp:0.24634, localtime:0.24634, state:"SEARCH_SP", message: "PROGRESS RESET CALLED "}
{timestamp:0.26030, localtime:0.26030, state:"SEARCH_SP", message: "SEARCHING  m = -0.13500"}
{timestamp:0.26030, localtime:0.26030, state:"SEARCH_SP", message: "PROGRESS RESET CALLED "}
{timestamp:0.28224, localtime:0.28224, state:"SEARCH_SP", message: "SEARCHING  m = -0.01144"}
{timestamp:0.28224, localtime:0.28224, state:"SEARCH_SP", message: "PROGRESS RESET CALLED "}
{timestamp:0.30020, localtime:0.30020, state:"SEARCH_SP", message: "SEARCHING  m = -0.00334"}
{timestamp:0.30020, localtime:0.30020, state:"SEARCH_SP", message: "PROGRESS RESET CALLED "}
{timestamp:0.32014, localtime:0.32014, state:"SEARCH_SP", message: "SEARCHING  m = 0.00351"}
{timestamp:0.32014, localtime:0.32014, state:"SEARCH_SP", message: "PROGRESS RESET CALLED "}
{timestamp:0.34308, localtime:0.34308, state:"SEARCH_SP", message: "SEARCHING  m = 0.02161"}
{timestamp:0.34308, localtime:0.34308, state:"SEARCH_SP", message: "PROGRESS RESET CALLED "}
{timestamp:0.36004, localtime:0.36004, state:"SEARCH_SP", message: "START t = 0.36003756523132324 m = 0.05712767034524645 f = true"}
{timestamp:0.37998, localtime:0.37998, state:"SEARCH_SP", message: "BUILD EVIDENCE  dt = 0.01995 m = 0.09711  f = 1.00000 [1.00000]"}
{timestamp:0.40193, localtime:0.40193, state:"STEP", message: "START STATIONARITY (COUNT = 0 T = 0.40192532539367676)"}
{timestamp:0.40193, localtime:0.40193, state:"SEARCH_SP", message: "BUILD EVIDENCE  dt = 0.04189 m = 0.09711  f = 1.00000 [2.00000]"}
{timestamp:0.42187, localtime:0.42187, state:"SEARCH_SP", message: "BUILD EVIDENCE  dt = 0.06183 m = 0.05813  f = 1.00000 [3.00000]"}
{timestamp:0.43982, localtime:0.43982, state:"SEARCH_SP", message: "BUILD EVIDENCE  dt = 0.07979 m = 0.05689  f = 1.00000 [4.00000]"}
{timestamp:0.45877, localtime:0.45877, state:"IN_SP", message: "INDETERMINATE dt = 0.09874 m = 0.04959"}
{timestamp:0.48072, localtime:0.48072, state:"IN_SP", message: "RAMP_STATUS = INDETERMINATE dt = 0.09874 m = 0.04959"}
{timestamp:0.48072, localtime:0.48072, state:"IN_SP", message: "INDETERMINATE dt = 0.12068 m = 0.04959"}
{timestamp:0.49867, localtime:0.49867, state:"IN_SP", message: "RAMP_STATUS = INDETERMINATE dt = 0.12068 m = 0.04959"}
{timestamp:0.49867, localtime:0.49867, state:"IN_SP", message: "INDETERMINATE dt = 0.13863 m = 0.04959"}
{timestamp:0.51961, localtime:0.51961, state:"IN_SP", message: "RAMP_STATUS = INDETERMINATE dt = 0.13863 m = 0.01451"}
{timestamp:0.51961, localtime:0.51961, state:"IN_SP", message: "INDETERMINATE dt = 0.15957 m = 0.01451"}
{timestamp:0.54055, localtime:0.54055, state:"IN_SP", message: "RAMP_STATUS = INDETERMINATE dt = 0.15957 m = 0.00000"}
{timestamp:0.54055, localtime:0.54055, state:"IN_SP", message: "INDETERMINATE dt = 0.18052 m = 0.00000"}
{timestamp:0.56150, localtime:0.56150, state:"IN_SP", message: "RAMP_STATUS = INDETERMINATE dt = 0.18052 m = 0.00000"}
{timestamp:0.56150, localtime:0.56150, state:"IN_SP", message: "INDETERMINATE dt = 0.20146 m = 0.00000"}
{timestamp:0.57945, localtime:0.57945, state:"IN_SP", message: "RAMP_STATUS = INDETERMINATE dt = 0.20146 m = 0.00000"}
{timestamp:0.57945, localtime:0.57945, state:"IN_SP", message: "INDETERMINATE dt = 0.21941 m = 0.00000"}
{timestamp:0.60039, localtime:0.60039, state:"IN_SP", message: "RAMP_STATUS = WITH dt = 0.21941 m = 0.55128"}
{timestamp:0.60039, localtime:0.60039, state:"IN_SP", message: "EXTEND dt = 0.24036 m = 0.55128"}
{timestamp:0.62333, localtime:0.62333, state:"IN_SP", message: "RAMP_STATUS = WITH dt = 0.24036 m = 1.45158"}
{timestamp:0.62333, localtime:0.62333, state:"IN_SP", message: "EXTEND dt = 0.26330 m = 1.45158"}
{timestamp:0.63929, localtime:0.63929, state:"IN_SP", message: "RAMP_STATUS = WITH dt = 0.26330 m = 1.45158"}
{timestamp:0.63929, localtime:0.63929, state:"IN_SP", message: "EXTEND dt = 0.27925 m = 1.45158"}
{timestamp:0.66522, localtime:0.66522, state:"IN_SP", message: "RAMP_STATUS = WITH dt = 0.27925 m = 0.50087"}
{timestamp:0.66522, localtime:0.66522, state:"IN_SP", message: "EXTEND dt = 0.30518 m = 0.50087"}
{timestamp:0.68018, localtime:0.68018, state:"IN_SP", message: "RAMP_STATUS = WITH dt = 0.30518 m = 0.50087"}
{timestamp:0.68018, localtime:0.68018, state:"IN_SP", message: "EXTEND dt = 0.32014 m = 0.50087"}
{timestamp:0.70112, localtime:0.70112, state:"IN_SP", message: "RAMP_STATUS = WITH dt = 0.32014 m = 1.13459"}
{timestamp:0.70112, localtime:0.70112, state:"IN_SP", message: "EXTEND dt = 0.34109 m = 1.13459"}
{timestamp:0.72107, localtime:0.72107, state:"IN_SP", message: "RAMP_STATUS = WITH dt = 0.34109 m = 1.13459"}
{timestamp:0.72107, localtime:0.72107, state:"IN_SP", message: "EXTEND dt = 0.36103 m = 1.13459"}
{timestamp:0.73902, localtime:0.73902, state:"IN_SP", message: "RAMP_STATUS = INDETERMINATE dt = 0.36103 m = 0.00000"}
{timestamp:0.73902, localtime:0.73902, state:"IN_SP", message: "INDETERMINATE dt = 0.37899 m = 0.00000"}
{timestamp:0.75997, localtime:0.75997, state:"IN_SP", message: "RAMP_STATUS = AGAINST dt = 0.37899 m = -3.54287"}
{timestamp:0.75997, localtime:0.75997, state:"IN_QP", message: "START QP @ t = 0.75997 d = DOWNWARD m = -3.54287 max_sp_v = 1.77530"}
{timestamp:0.77892, localtime:0.77892, state:"IN_QP", message: "IN_QP VELOCITY CHECK v: -0.7222280423351112 dirn.: DOWNWARD"}
{timestamp:0.77892, localtime:0.77892, state:"IN_QP", message: "EXTEND dt = 0.03989 m = -3.54287"}
{timestamp:0.79986, localtime:0.79986, state:"IN_QP", message: "IN_QP VELOCITY CHECK v: 0 dirn.: DOWNWARD"}
{timestamp:0.79986, localtime:0.79986, state:"IN_QP", message: "EXTEND dt = 0.06084 m = -0.72223"}
{timestamp:0.81881, localtime:0.81881, state:"IN_QP", message: "IN_QP VELOCITY CHECK v: 0.15330876200734997 dirn.: DOWNWARD"}
{timestamp:0.81881, localtime:0.81881, state:"FOUND", message: "END (INDETERMINATE) m = 0.00000 [PASS-THROUGH TO FOUND]"}
{timestamp:0.81881, localtime:0.81881, state:"FOUND", message: "END qp end time = 0.81881  qp duration = 0.07979"}
{timestamp:0.81881, localtime:0.81881, state:"FOUND", message: "[PRE-VALIDATOR] END qp end time = 0.81881  qp duration = 0.07979"}
{timestamp:0.81881, localtime:0.81881, state:"FOUND", message: "PASSED VALIDITY CHECK"}
{timestamp:0.81881, localtime:0.81881, state:"FOUND", message: "PROGRESS RESET CALLED "}
{timestamp:0.81881, localtime:0.81881, state:"SEARCH_SP", message: "[FOUND] EARLY RESTART t_early = 0.8188107013702393, t = 0.8188107013702393 m = 0 f = true"}
{timestamp:0.83975, localtime:0.83975, state:"SEARCH_SP", message: "BUILD EVIDENCE  dt = 0.02094 m = 0.15331  f = 1.00000 [1.00000]"}
{timestamp:0.86170, localtime:0.86170, state:"SEARCH_SP", message: "BUILD EVIDENCE  dt = 0.04289 m = 0.15331  f = 1.00000 [2.00000]"}
{timestamp:0.88164, localtime:0.88164, state:"SEARCH_SP", message: "BUILD EVIDENCE  dt = 0.06283 m = 0.08682  f = 1.00000 [3.00000]"}
{timestamp:0.90059, localtime:0.90059, state:"IN_SP", message: "INDETERMINATE dt = 0.08178 m = 0.00000"}
{timestamp:0.92054, localtime:0.92054, state:"IN_SP", message: "RAMP_STATUS = INDETERMINATE dt = 0.08178 m = -0.00588"}
{timestamp:0.92054, localtime:0.92054, state:"IN_SP", message: "INDETERMINATE dt = 0.10173 m = -0.00588"}
{timestamp:0.93949, localtime:0.93949, state:"IN_SP", message: "RAMP_STATUS = AGAINST dt = 0.10173 m = -0.17578"}
{timestamp:0.93949, localtime:0.93949, state:"IN_QP", message: "START QP @ t = 0.93949 d = DOWNWARD m = -0.17578 max_sp_v = 0.22741"}
{timestamp:0.96043, localtime:0.96043, state:"IN_QP", message: "IN_QP VELOCITY CHECK v: -0.06686875783415806 dirn.: DOWNWARD"}
{timestamp:0.96043, localtime:0.96043, state:"IN_QP", message: "EXTEND dt = 0.05984 m = -0.17578"}
{timestamp:0.99035, localtime:0.99035, state:"IN_QP", message: "IN_QP VELOCITY CHECK v: 0 dirn.: DOWNWARD"}
{timestamp:0.99035, localtime:0.99035, state:"IN_QP", message: "EXTEND dt = 0.08976 m = -0.06687"}
{timestamp:1.00033, localtime:1.00033, state:"IN_QP", message: "IN_QP VELOCITY CHECK v: 0.08427273374706251 dirn.: DOWNWARD"}
{timestamp:1.00033, localtime:1.00033, state:"FOUND", message: "END (INDETERMINATE) m = 0.00000 [PASS-THROUGH TO FOUND]"}
{timestamp:1.00033, localtime:1.00033, state:"FOUND", message: "END qp end time = 1.00033  qp duration = 0.09973"}
{timestamp:1.00033, localtime:1.00033, state:"FOUND", message: "[PRE-VALIDATOR] END qp end time = 1.00033  qp duration = 0.09973"}
{timestamp:1.00033, localtime:1.00033, state:"FOUND", message: "FAILED VALIDITY CHECK"}
{timestamp:1.00033, localtime:1.00033, state:"FOUND", message: "PROGRESS RESET CALLED "}
{timestamp:1.00033, localtime:1.00033, state:"SEARCH_SP", message: "[FOUND] EARLY RESTART t_early = 1.00032639503479, t = 1.00032639503479 m = 0 f = true"}
{timestamp:1.02127, localtime:1.02127, state:"SEARCH_SP", message: "BUILD EVIDENCE  dt = 0.02094 m = 0.07124  f = 1.00000 [1.00000]"}
{timestamp:1.04022, localtime:1.04022, state:"SEARCH_SP", message: "BUILD EVIDENCE  dt = 0.03989 m = 0.07124  f = 1.00000 [2.00000]"}
{timestamp:1.06116, localtime:1.06116, state:"IN_SP", message: "INDETERMINATE dt = 0.06084 m = 0.01533"}
{timestamp:1.08011, localtime:1.08011, state:"IN_SP", message: "RAMP_STATUS = INDETERMINATE dt = 0.06084 m = 0.01533"}
{timestamp:1.08011, localtime:1.08011, state:"IN_SP", message: "INDETERMINATE dt = 0.07979 m = 0.01533"}
{timestamp:1.09906, localtime:1.09906, state:"IN_SP", message: "RAMP_STATUS = INDETERMINATE dt = 0.07979 m = 0.02017"}
{timestamp:1.09906, localtime:1.09906, state:"IN_SP", message: "INDETERMINATE dt = 0.09874 m = 0.02017"}
{timestamp:1.12001, localtime:1.12001, state:"IN_SP", message: "RAMP_STATUS = INDETERMINATE dt = 0.09874 m = 0.04093"}
{timestamp:1.12001, localtime:1.12001, state:"IN_SP", message: "INDETERMINATE dt = 0.11968 m = 0.04093"}
{timestamp:1.13995, localtime:1.13995, state:"IN_SP", message: "RAMP_STATUS = INDETERMINATE dt = 0.11968 m = 0.04093"}
{timestamp:1.13995, localtime:1.13995, state:"IN_SP", message: "INDETERMINATE dt = 0.13963 m = 0.04093"}
{timestamp:1.15990, localtime:1.15990, state:"IN_SP", message: "RAMP_STATUS = INDETERMINATE dt = 0.13963 m = 0.03534"}
{timestamp:1.15990, localtime:1.15990, state:"IN_SP", message: "INDETERMINATE dt = 0.15957 m = 0.03534"}
{timestamp:1.18084, localtime:1.18084, state:"IN_SP", message: "RAMP_STATUS = INDETERMINATE dt = 0.15957 m = 0.03534"}
{timestamp:1.18084, localtime:1.18084, state:"IN_SP", message: "INDETERMINATE dt = 0.18052 m = 0.03534"}
{timestamp:1.19979, localtime:1.19979, state:"IN_SP", message: "RAMP_STATUS = INDETERMINATE dt = 0.18052 m = 0.02994"}
{timestamp:1.19979, localtime:1.19979, state:"IN_SP", message: "INDETERMINATE dt = 0.19947 m = 0.02994"}
{timestamp:1.22074, localtime:1.22074, state:"IN_SP", message: "RAMP_STATUS = INDETERMINATE dt = 0.19947 m = 0.01701"}
{timestamp:1.22074, localtime:1.22074, state:"IN_SP", message: "INDETERMINATE dt = 0.22041 m = 0.01701"}
{timestamp:1.23869, localtime:1.23869, state:"IN_SP", message: "RAMP_STATUS = INDETERMINATE dt = 0.22041 m = 0.00000"}
{timestamp:1.23869, localtime:1.23869, state:"IN_SP", message: "INDETERMINATE dt = 0.23836 m = 0.00000"}
{timestamp:1.25764, localtime:1.25764, state:"IN_SP", message: "RAMP_STATUS = AGAINST dt = 0.23836 m = -0.05193"}
{timestamp:1.25764, localtime:1.25764, state:"IN_QP", message: "START QP @ t = 1.25764 d = DOWNWARD m = -0.05193 max_sp_v = 0.07124"}
{timestamp:1.27858, localtime:1.27858, state:"IN_QP", message: "IN_QP VELOCITY CHECK v: -0.018780231573466984 dirn.: DOWNWARD"}
{timestamp:1.27858, localtime:1.27858, state:"IN_QP", message: "EXTEND dt = 0.03989 m = -0.05193"}
{timestamp:1.29853, localtime:1.29853, state:"IN_QP", message: "IN_QP VELOCITY CHECK v: -0.016695625328871234 dirn.: DOWNWARD"}
{timestamp:1.29853, localtime:1.29853, state:"FOUND", message: "END (INDETERMINATE) m = -0.01878 [PASS-THROUGH TO FOUND]"}
{timestamp:1.29853, localtime:1.29853, state:"FOUND", message: "END qp end time = 1.29853  qp duration = 0.05984"}
{timestamp:1.29853, localtime:1.29853, state:"FOUND", message: "[PRE-VALIDATOR] END qp end time = 1.29853  qp duration = 0.05984"}
{timestamp:1.29853, localtime:1.29853, state:"FOUND", message: "FAILED VALIDITY CHECK"}
{timestamp:1.29853, localtime:1.29853, state:"FOUND", message: "PROGRESS RESET CALLED "}
{timestamp:1.29853, localtime:1.29853, state:"SEARCH_SP", message: "[FOUND] EARLY RESTART t_early = 1.2985289096832275, t = 1.2985289096832275 m = -0.018780231573466984 f = true"}
{timestamp:1.32147, localtime:1.32147, state:"IN_SP", message: "INDETERMINATE dt = 0.02294 m = -0.01878"}
{timestamp:1.33842, localtime:1.33842, state:"IN_SP", message: "RAMP_STATUS = INDETERMINATE dt = 0.02294 m = -0.01939"}
{timestamp:1.33842, localtime:1.33842, state:"IN_SP", message: "INDETERMINATE dt = 0.03989 m = -0.01939"}
{timestamp:1.35837, localtime:1.35837, state:"IN_SP", message: "RAMP_STATUS = INDETERMINATE dt = 0.03989 m = -0.01947"}
{timestamp:1.35837, localtime:1.35837, state:"IN_SP", message: "INDETERMINATE dt = 0.05984 m = -0.01947"}
{timestamp:1.37931, localtime:1.37931, state:"IN_SP", message: "RAMP_STATUS = INDETERMINATE dt = 0.05984 m = -0.01939"}
{timestamp:1.37931, localtime:1.37931, state:"IN_SP", message: "INDETERMINATE dt = 0.08078 m = -0.01939"}
{timestamp:1.40225, localtime:1.40225, state:"IN_SP", message: "RAMP_STATUS = INDETERMINATE dt = 0.08078 m = -0.01947"}
{timestamp:1.40225, localtime:1.40225, state:"IN_SP", message: "INDETERMINATE dt = 0.10372 m = -0.01947"}
{timestamp:1.42220, localtime:1.42220, state:"IN_SP", message: "RAMP_STATUS = INDETERMINATE dt = 0.10372 m = -0.02722"}
{timestamp:1.42220, localtime:1.42220, state:"IN_SP", message: "INDETERMINATE dt = 0.12367 m = -0.02722"}
{timestamp:1.43915, localtime:1.43915, state:"IN_SP", message: "RAMP_STATUS = AGAINST dt = 0.12367 m = -0.05223"}
{timestamp:1.43915, localtime:1.43915, state:"IN_QP", message: "START QP @ t = 1.43915 d = DOWNWARD m = -0.05223 max_sp_v = 0.00000"}
{timestamp:1.45711, localtime:1.45711, state:"IN_QP", message: "IN_QP VELOCITY CHECK v: -0.02075955370602912 dirn.: DOWNWARD"}
{timestamp:1.45711, localtime:1.45711, state:"IN_QP", message: "EXTEND dt = 0.15858 m = -0.05223"}
{timestamp:1.48304, localtime:1.48304, state:"IN_QP", message: "IN_QP VELOCITY CHECK v: -0.0196097181103018 dirn.: DOWNWARD"}
{timestamp:1.48304, localtime:1.48304, state:"FOUND", message: "END (INDETERMINATE) m = -0.02076 [PASS-THROUGH TO FOUND]"}
{timestamp:1.48304, localtime:1.48304, state:"FOUND", message: "END qp end time = 1.48304  qp duration = 0.18451"}
{timestamp:1.48304, localtime:1.48304, state:"FOUND", message: "[PRE-VALIDATOR] END qp end time = 1.48304  qp duration = 0.18451"}
{timestamp:1.48304, localtime:1.48304, state:"FOUND", message: "FAILED VALIDITY CHECK"}
{timestamp:1.48304, localtime:1.48304, state:"FOUND", message: "PROGRESS RESET CALLED "}
{timestamp:1.48304, localtime:1.48304, state:"SEARCH_SP", message: "[FOUND] EARLY RESTART t_early = 1.4830358028411865, t = 1.4830358028411865 m = -0.02075955370602912 f = true"}
{timestamp:1.50199, localtime:1.50199, state:"IN_SP", message: "INDETERMINATE dt = 0.01895 m = -0.01961"}
{timestamp:1.51794, localtime:1.51794, state:"IN_SP", message: "RAMP_STATUS = INDETERMINATE dt = 0.01895 m = 0.00000"}
{timestamp:1.51794, localtime:1.51794, state:"IN_SP", message: "INDETERMINATE dt = 0.03491 m = 0.00000"}
{timestamp:1.53988, localtime:1.53988, state:"IN_SP", message: "RAMP_STATUS = INDETERMINATE dt = 0.03491 m = 0.01176"}
{timestamp:1.53988, localtime:1.53988, state:"IN_SP", message: "INDETERMINATE dt = 0.05685 m = 0.01176"}
{timestamp:1.56282, localtime:1.56282, state:"IN_SP", message: "RAMP_STATUS = INDETERMINATE dt = 0.05685 m = 0.01529"}
{timestamp:1.56282, localtime:1.56282, state:"IN_SP", message: "INDETERMINATE dt = 0.07979 m = 0.01529"}
{timestamp:1.58377, localtime:1.58377, state:"IN_SP", message: "RAMP_STATUS = INDETERMINATE dt = 0.07979 m = 0.01658"}
{timestamp:1.58377, localtime:1.58377, state:"IN_SP", message: "INDETERMINATE dt = 0.10073 m = 0.01658"}
{timestamp:1.60272, localtime:1.60272, state:"IN_SP", message: "RAMP_STATUS = WITH dt = 0.10073 m = 0.06564"}
{timestamp:1.60272, localtime:1.60272, state:"IN_SP", message: "EXTEND dt = 0.11968 m = 0.06564"}
{timestamp:1.61668, localtime:1.61668, state:"IN_SP", message: "RAMP_STATUS = WITH dt = 0.11968 m = 0.06782"}
{timestamp:1.61668, localtime:1.61668, state:"IN_SP", message: "EXTEND dt = 0.13364 m = 0.06782"}
{timestamp:1.63962, localtime:1.63962, state:"IN_SP", message: "RAMP_STATUS = WITH dt = 0.13364 m = 0.06782"}
{timestamp:1.63962, localtime:1.63962, state:"IN_SP", message: "EXTEND dt = 0.15658 m = 0.06782"}
{timestamp:1.65956, localtime:1.65956, state:"IN_SP", message: "RAMP_STATUS = INDETERMINATE dt = 0.15658 m = 0.02801"}
{timestamp:1.65956, localtime:1.65956, state:"IN_SP", message: "INDETERMINATE dt = 0.17653 m = 0.02801"}
{timestamp:1.67752, localtime:1.67752, state:"IN_SP", message: "RAMP_STATUS = INDETERMINATE dt = 0.17653 m = 0.02492"}
{timestamp:1.67752, localtime:1.67752, state:"IN_SP", message: "INDETERMINATE dt = 0.19448 m = 0.02492"}
{timestamp:1.69647, localtime:1.69647, state:"IN_SP", message: "RAMP_STATUS = INDETERMINATE dt = 0.19448 m = 0.01945"}
{timestamp:1.69647, localtime:1.69647, state:"IN_SP", message: "INDETERMINATE dt = 0.21343 m = 0.01945"}
{timestamp:1.72040, localtime:1.72040, state:"IN_SP", message: "RAMP_STATUS = INDETERMINATE dt = 0.21343 m = 0.01902"}
{timestamp:1.72040, localtime:1.72040, state:"IN_SP", message: "INDETERMINATE dt = 0.23737 m = 0.01902"}
{timestamp:1.74334, localtime:1.74334, state:"IN_SP", message: "RAMP_STATUS = INDETERMINATE dt = 0.23737 m = 0.01902"}
{timestamp:1.74334, localtime:1.74334, state:"IN_SP", message: "INDETERMINATE dt = 0.26030 m = 0.01902"}
{timestamp:1.76329, localtime:1.76329, state:"IN_SP", message: "RAMP_STATUS = INDETERMINATE dt = 0.26030 m = 0.02020"}
{timestamp:1.76329, localtime:1.76329, state:"IN_SP", message: "INDETERMINATE dt = 0.28025 m = 0.02020"}
{timestamp:1.77825, localtime:1.77825, state:"IN_SP", message: "RAMP_STATUS = INDETERMINATE dt = 0.28025 m = 0.02257"}
{timestamp:1.77825, localtime:1.77825, state:"IN_SP", message: "INDETERMINATE dt = 0.29521 m = 0.02257"}
{timestamp:1.80119, localtime:1.80119, state:"IN_SP", message: "RAMP_STATUS = INDETERMINATE dt = 0.29521 m = 0.02257"}
{timestamp:1.80119, localtime:1.80119, state:"IN_SP", message: "INDETERMINATE dt = 0.31815 m = 0.02257"}
{timestamp:1.82013, localtime:1.82013, state:"IN_SP", message: "RAMP_STATUS = INDETERMINATE dt = 0.31815 m = 0.00252"}
{timestamp:1.82013, localtime:1.82013, state:"IN_SP", message: "INDETERMINATE dt = 0.33710 m = 0.00252"}
{timestamp:1.83809, localtime:1.83809, state:"IN_SP", message: "RAMP_STATUS = INDETERMINATE dt = 0.33710 m = 0.00000"}
{timestamp:1.83809, localtime:1.83809, state:"IN_SP", message: "INDETERMINATE dt = 0.35505 m = 0.00000"}
{timestamp:1.85803, localtime:1.85803, state:"IN_SP", message: "RAMP_STATUS = INDETERMINATE dt = 0.35505 m = -0.00194"}
{timestamp:1.85803, localtime:1.85803, state:"IN_SP", message: "INDETERMINATE dt = 0.37500 m = -0.00194"}
{timestamp:1.87798, localtime:1.87798, state:"IN_SP", message: "RAMP_STATUS = INDETERMINATE dt = 0.37500 m = -0.01522"}
{timestamp:1.87798, localtime:1.87798, state:"IN_SP", message: "INDETERMINATE dt = 0.39494 m = -0.01522"}
{timestamp:1.89793, localtime:1.89793, state:"IN_SP", message: "RAMP_STATUS = AGAINST dt = 0.39494 m = -0.10864"}
{timestamp:1.89793, localtime:1.89793, state:"IN_QP", message: "START QP @ t = 1.89793 d = DOWNWARD m = -0.10864 max_sp_v = 0.12508"}
{timestamp:1.91887, localtime:1.91887, state:"IN_QP", message: "IN_QP VELOCITY CHECK v: -0.04069279689065921 dirn.: DOWNWARD"}
{timestamp:1.91887, localtime:1.91887, state:"IN_QP", message: "EXTEND dt = 0.08078 m = -0.10864"}
{timestamp:1.93882, localtime:1.93882, state:"IN_QP", message: "IN_QP VELOCITY CHECK v: -0.019562308906897308 dirn.: DOWNWARD"}
{timestamp:1.93882, localtime:1.93882, state:"FOUND", message: "END (INDETERMINATE) m = -0.04069 [PASS-THROUGH TO FOUND]"}
{timestamp:1.93882, localtime:1.93882, state:"FOUND", message: "END qp end time = 1.93882  qp duration = 0.10073"}
{timestamp:1.93882, localtime:1.93882, state:"FOUND", message: "[PRE-VALIDATOR] END qp end time = 1.93882  qp duration = 0.10073"}
{timestamp:1.93882, localtime:1.93882, state:"FOUND", message: "FAILED VALIDITY CHECK"}
{timestamp:1.93882, localtime:1.93882, state:"FOUND", message: "PROGRESS RESET CALLED "}
{timestamp:1.93882, localtime:1.93882, state:"SEARCH_SP", message: "[FOUND] EARLY RESTART t_early = 1.9388175010681152, t = 1.9388175010681152 m = -0.04069279689065921 f = true"}
{timestamp:1.96076, localtime:1.96076, state:"IN_SP", message: "INDETERMINATE dt = 0.02194 m = -0.01956"}
{timestamp:1.98170, localtime:1.98170, state:"IN_SP", message: "RAMP_STATUS = INDETERMINATE dt = 0.02194 m = -0.00155"}
{timestamp:1.98170, localtime:1.98170, state:"IN_SP", message: "INDETERMINATE dt = 0.04289 m = -0.00155"}
{timestamp:1.99666, localtime:1.99666, state:"IN_SP", message: "RAMP_STATUS = INDETERMINATE dt = 0.04289 m = 0.00000"}
{timestamp:1.99666, localtime:1.99666, state:"IN_SP", message: "INDETERMINATE dt = 0.05785 m = 0.00000"}
{timestamp:2.01960, localtime:2.01960, state:"IN_SP", message: "RAMP_STATUS = INDETERMINATE dt = 0.05785 m = 0.01547"}
{timestamp:2.01960, localtime:2.01960, state:"IN_SP", message: "INDETERMINATE dt = 0.08078 m = 0.01547"}
{timestamp:2.04154, localtime:2.04154, state:"IN_SP", message: "RAMP_STATUS = INDETERMINATE dt = 0.08078 m = 0.01547"}
{timestamp:2.04154, localtime:2.04154, state:"IN_SP", message: "INDETERMINATE dt = 0.10273 m = 0.01547"}
{timestamp:2.06249, localtime:2.06249, state:"IN_SP", message: "RAMP_STATUS = INDETERMINATE dt = 0.10273 m = 0.01510"}
{timestamp:2.06249, localtime:2.06249, state:"IN_SP", message: "INDETERMINATE dt = 0.12367 m = 0.01510"}
{timestamp:2.07944, localtime:2.07944, state:"IN_SP", message: "RAMP_STATUS = INDETERMINATE dt = 0.12367 m = 0.00244"}
{timestamp:2.07944, localtime:2.07944, state:"IN_SP", message: "INDETERMINATE dt = 0.14062 m = 0.00244"}
{timestamp:2.09939, localtime:2.09939, state:"IN_SP", message: "RAMP_STATUS = INDETERMINATE dt = 0.14062 m = -0.00211"}
{timestamp:2.09939, localtime:2.09939, state:"IN_SP", message: "INDETERMINATE dt = 0.16057 m = -0.00211"}
{timestamp:2.12332, localtime:2.12332, state:"IN_SP", message: "RAMP_STATUS = INDETERMINATE dt = 0.16057 m = -0.00246"}
{timestamp:2.12332, localtime:2.12332, state:"IN_SP", message: "INDETERMINATE dt = 0.18451 m = -0.00246"}
{timestamp:2.13829, localtime:2.13829, state:"IN_SP", message: "RAMP_STATUS = INDETERMINATE dt = 0.18451 m = -0.00610"}
{timestamp:2.13829, localtime:2.13829, state:"IN_SP", message: "INDETERMINATE dt = 0.19947 m = -0.00610"}
{timestamp:2.15723, localtime:2.15723, state:"IN_SP", message: "RAMP_STATUS = INDETERMINATE dt = 0.19947 m = -0.02791"}
{timestamp:2.15723, localtime:2.15723, state:"IN_SP", message: "INDETERMINATE dt = 0.21842 m = -0.02791"}
{timestamp:2.17718, localtime:2.17718, state:"IN_SP", message: "RAMP_STATUS = INDETERMINATE dt = 0.21842 m = -0.02791"}
{timestamp:2.17718, localtime:2.17718, state:"IN_SP", message: "INDETERMINATE dt = 0.23836 m = -0.02791"}
{timestamp:2.20511, localtime:2.20511, state:"IN_SP", message: "RAMP_STATUS = INDETERMINATE dt = 0.23836 m = -0.00979"}
{timestamp:2.20511, localtime:2.20511, state:"IN_SP", message: "INDETERMINATE dt = 0.26629 m = -0.00979"}
{timestamp:2.22406, localtime:2.22406, state:"IN_SP", message: "RAMP_STATUS = INDETERMINATE dt = 0.26629 m = -0.00979"}
{timestamp:2.22406, localtime:2.22406, state:"IN_SP", message: "INDETERMINATE dt = 0.28524 m = -0.00979"}
{timestamp:2.24201, localtime:2.24201, state:"IN_SP", message: "RAMP_STATUS = INDETERMINATE dt = 0.28524 m = -0.00979"}
{timestamp:2.24201, localtime:2.24201, state:"IN_SP", message: "INDETERMINATE dt = 0.30319 m = -0.00979"}
{timestamp:2.26295, localtime:2.26295, state:"IN_SP", message: "RAMP_STATUS = INDETERMINATE dt = 0.30319 m = -0.01247"}
{timestamp:2.26295, localtime:2.26295, state:"IN_SP", message: "INDETERMINATE dt = 0.32413 m = -0.01247"}
{timestamp:2.28390, localtime:2.28390, state:"IN_SP", message: "RAMP_STATUS = INDETERMINATE dt = 0.32413 m = -0.01247"}
{timestamp:2.28390, localtime:2.28390, state:"IN_SP", message: "INDETERMINATE dt = 0.34508 m = -0.01247"}
{timestamp:2.30284, localtime:2.30284, state:"IN_SP", message: "RAMP_STATUS = AGAINST dt = 0.34508 m = -0.05306"}
{timestamp:2.30284, localtime:2.30284, state:"IN_QP", message: "START QP @ t = 2.30284 d = DOWNWARD m = -0.05306 max_sp_v = 0.02543"}
{timestamp:2.32279, localtime:2.32279, state:"IN_QP", message: "IN_QP VELOCITY CHECK v: -0.023451350349304095 dirn.: DOWNWARD"}
{timestamp:2.32279, localtime:2.32279, state:"IN_QP", message: "EXTEND dt = 0.24335 m = -0.05306"}
{timestamp:2.34374, localtime:2.34374, state:"IN_QP", message: "IN_QP VELOCITY CHECK v: -0.007520232244120197 dirn.: DOWNWARD"}
{timestamp:2.34374, localtime:2.34374, state:"FOUND", message: "END (INDETERMINATE) m = -0.02345 [PASS-THROUGH TO FOUND]"}
{timestamp:2.34374, localtime:2.34374, state:"FOUND", message: "END qp end time = 2.34374  qp duration = 0.26429"}
{timestamp:2.34374, localtime:2.34374, state:"FOUND", message: "[PRE-VALIDATOR] END qp end time = 2.34374  qp duration = 0.26429"}
{timestamp:2.34374, localtime:2.34374, state:"FOUND", message: "FAILED VALIDITY CHECK"}
{timestamp:2.34374, localtime:2.34374, state:"FOUND", message: "PROGRESS RESET CALLED "}
{timestamp:2.34374, localtime:2.34374, state:"SEARCH_SP", message: "[FOUND] EARLY RESTART t_early = 2.343735456466675, t = 2.343735456466675 m = -0.023451350349304095 f = true"}
{timestamp:2.36269, localtime:2.36269, state:"IN_SP", message: "INDETERMINATE dt = 0.01895 m = -0.00752"}
{timestamp:2.38263, localtime:2.38263, state:"IN_SP", message: "RAMP_STATUS = INDETERMINATE dt = 0.01895 m = 0.00771"}
{timestamp:2.38263, localtime:2.38263, state:"IN_SP", message: "INDETERMINATE dt = 0.03890 m = 0.00771"}
{timestamp:2.40258, localtime:2.40258, state:"IN_SP", message: "RAMP_STATUS = INDETERMINATE dt = 0.03890 m = 0.00972"}
{timestamp:2.40258, localtime:2.40258, state:"IN_SP", message: "INDETERMINATE dt = 0.05884 m = 0.00972"}
{timestamp:2.42352, localtime:2.42352, state:"IN_SP", message: "RAMP_STATUS = INDETERMINATE dt = 0.05884 m = 0.00972"}
{timestamp:2.42352, localtime:2.42352, state:"IN_SP", message: "INDETERMINATE dt = 0.07979 m = 0.00972"}
{timestamp:2.44247, localtime:2.44247, state:"IN_SP", message: "RAMP_STATUS = INDETERMINATE dt = 0.07979 m = 0.00027"}
{timestamp:2.44247, localtime:2.44247, state:"IN_SP", message: "INDETERMINATE dt = 0.09874 m = 0.00027"}
{timestamp:2.46541, localtime:2.46541, state:"IN_SP", message: "RAMP_STATUS = INDETERMINATE dt = 0.09874 m = -0.00025"}
{timestamp:2.46541, localtime:2.46541, state:"IN_SP", message: "INDETERMINATE dt = 0.12168 m = -0.00025"}
{timestamp:2.48336, localtime:2.48336, state:"IN_SP", message: "RAMP_STATUS = INDETERMINATE dt = 0.12168 m = -0.00440"}
{timestamp:2.48336, localtime:2.48336, state:"IN_SP", message: "INDETERMINATE dt = 0.13963 m = -0.00440"}
{timestamp:2.50331, localtime:2.50331, state:"IN_SP", message: "RAMP_STATUS = INDETERMINATE dt = 0.13963 m = -0.00859"}
{timestamp:2.50331, localtime:2.50331, state:"IN_SP", message: "INDETERMINATE dt = 0.15957 m = -0.00859"}
{timestamp:2.52326, localtime:2.52326, state:"IN_SP", message: "RAMP_STATUS = INDETERMINATE dt = 0.15957 m = -0.04049"}
{timestamp:2.52326, localtime:2.52326, state:"IN_SP", message: "INDETERMINATE dt = 0.17952 m = -0.04049"}
{timestamp:2.54420, localtime:2.54420, state:"IN_SP", message: "RAMP_STATUS = INDETERMINATE dt = 0.17952 m = -0.04049"}
{timestamp:2.54420, localtime:2.54420, state:"IN_SP", message: "INDETERMINATE dt = 0.20046 m = -0.04049"}
{timestamp:2.56115, localtime:2.56115, state:"IN_SP", message: "RAMP_STATUS = INDETERMINATE dt = 0.20046 m = -0.03522"}
{timestamp:2.56115, localtime:2.56115, state:"IN_SP", message: "INDETERMINATE dt = 0.21742 m = -0.03522"}
{timestamp:2.58210, localtime:2.58210, state:"IN_SP", message: "RAMP_STATUS = INDETERMINATE dt = 0.21742 m = -0.00453"}
{timestamp:2.58210, localtime:2.58210, state:"IN_SP", message: "INDETERMINATE dt = 0.23836 m = -0.00453"}
{timestamp:2.60204, localtime:2.60204, state:"IN_SP", message: "RAMP_STATUS = INDETERMINATE dt = 0.23836 m = -0.00408"}
{timestamp:2.60204, localtime:2.60204, state:"IN_SP", message: "INDETERMINATE dt = 0.25831 m = -0.00408"}
{timestamp:2.62698, localtime:2.62698, state:"IN_SP", message: "RAMP_STATUS = INDETERMINATE dt = 0.25831 m = -0.00408"}
{timestamp:2.62698, localtime:2.62698, state:"IN_SP", message: "INDETERMINATE dt = 0.28324 m = -0.00408"}
{timestamp:2.64294, localtime:2.64294, state:"IN_SP", message: "RAMP_STATUS = INDETERMINATE dt = 0.28324 m = -0.00497"}
{timestamp:2.64294, localtime:2.64294, state:"IN_SP", message: "INDETERMINATE dt = 0.29920 m = -0.00497"}
{timestamp:2.66189, localtime:2.66189, state:"IN_SP", message: "RAMP_STATUS = INDETERMINATE dt = 0.29920 m = -0.00703"}
{timestamp:2.66189, localtime:2.66189, state:"IN_SP", message: "INDETERMINATE dt = 0.31815 m = -0.00703"}
{timestamp:2.68283, localtime:2.68283, state:"IN_SP", message: "RAMP_STATUS = INDETERMINATE dt = 0.31815 m = -0.01715"}
{timestamp:2.68283, localtime:2.68283, state:"IN_SP", message: "INDETERMINATE dt = 0.33909 m = -0.01715"}
{timestamp:2.70278, localtime:2.70278, state:"IN_SP", message: "RAMP_STATUS = INDETERMINATE dt = 0.33909 m = -0.01715"}
{timestamp:2.70278, localtime:2.70278, state:"IN_SP", message: "INDETERMINATE dt = 0.35904 m = -0.01715"}
{timestamp:2.72372, localtime:2.72372, state:"IN_SP", message: "RAMP_STATUS = INDETERMINATE dt = 0.35904 m = 0.00000"}
{timestamp:2.72372, localtime:2.72372, state:"IN_SP", message: "INDETERMINATE dt = 0.37998 m = 0.00000"}
{timestamp:2.74267, localtime:2.74267, state:"IN_SP", message: "RAMP_STATUS = INDETERMINATE dt = 0.37998 m = 0.00105"}
{timestamp:2.74267, localtime:2.74267, state:"IN_SP", message: "INDETERMINATE dt = 0.39893 m = 0.00105"}
{timestamp:2.76262, localtime:2.76262, state:"IN_SP", message: "RAMP_STATUS = INDETERMINATE dt = 0.39893 m = 0.00742"}
{timestamp:2.76262, localtime:2.76262, state:"IN_SP", message: "INDETERMINATE dt = 0.41888 m = 0.00742"}
{timestamp:2.78456, localtime:2.78456, state:"IN_SP", message: "RAMP_STATUS = INDETERMINATE dt = 0.41888 m = 0.00742"}
{timestamp:2.78456, localtime:2.78456, state:"IN_SP", message: "INDETERMINATE dt = 0.44082 m = 0.00742"}
{timestamp:2.80750, localtime:2.80750, state:"IN_SP", message: "RAMP_STATUS = INDETERMINATE dt = 0.44082 m = 0.00075"}
{timestamp:2.80750, localtime:2.80750, state:"IN_SP", message: "INDETERMINATE dt = 0.46376 m = 0.00075"}
{timestamp:2.82744, localtime:2.82744, state:"IN_SP", message: "RAMP_STATUS = INDETERMINATE dt = 0.46376 m = 0.00000"}
{timestamp:2.82744, localtime:2.82744, state:"IN_SP", message: "INDETERMINATE dt = 0.48371 m = 0.00000"}
{timestamp:2.84839, localtime:2.84839, state:"IN_SP", message: "RAMP_STATUS = INDETERMINATE dt = 0.48371 m = -0.00144"}
{timestamp:2.84839, localtime:2.84839, state:"IN_SP", message: "INDETERMINATE dt = 0.50465 m = -0.00144"}
{timestamp:2.86335, localtime:2.86335, state:"IN_SP", message: "RAMP_STATUS = INDETERMINATE dt = 0.50465 m = -0.00900"}
{timestamp:2.86335, localtime:2.86335, state:"IN_SP", message: "INDETERMINATE dt = 0.51961 m = -0.00900"}
{timestamp:2.88329, localtime:2.88329, state:"IN_SP", message: "RAMP_STATUS = INDETERMINATE dt = 0.51961 m = -0.00974"}
{timestamp:2.88329, localtime:2.88329, state:"IN_SP", message: "INDETERMINATE dt = 0.53956 m = -0.00974"}
{timestamp:2.90324, localtime:2.90324, state:"IN_SP", message: "RAMP_STATUS = INDETERMINATE dt = 0.53956 m = -0.01085"}
{timestamp:2.90324, localtime:2.90324, state:"IN_SP", message: "INDETERMINATE dt = 0.55951 m = -0.01085"}
{timestamp:2.92219, localtime:2.92219, state:"IN_SP", message: "RAMP_STATUS = INDETERMINATE dt = 0.55951 m = -0.01085"}
{timestamp:2.92219, localtime:2.92219, state:"IN_SP", message: "INDETERMINATE dt = 0.57845 m = -0.01085"}
{timestamp:2.94313, localtime:2.94313, state:"IN_SP", message: "RAMP_STATUS = INDETERMINATE dt = 0.57845 m = -0.00013"}
{timestamp:2.94313, localtime:2.94313, state:"IN_SP", message: "INDETERMINATE dt = 0.59940 m = -0.00013"}
{timestamp:2.96408, localtime:2.96408, state:"IN_SP", message: "RAMP_STATUS = INDETERMINATE dt = 0.59940 m = 0.00000"}
{timestamp:2.96408, localtime:2.96408, state:"IN_SP", message: "INDETERMINATE dt = 0.62034 m = 0.00000"}
{timestamp:2.98402, localtime:2.98402, state:"IN_SP", message: "RAMP_STATUS = INDETERMINATE dt = 0.62034 m = 0.00468"}
{timestamp:2.98402, localtime:2.98402, state:"IN_SP", message: "INDETERMINATE dt = 0.64029 m = 0.00468"}
{timestamp:3.00297, localtime:3.00297, state:"IN_SP", message: "RAMP_STATUS = INDETERMINATE dt = 0.64029 m = 0.02464"}
{timestamp:3.00297, localtime:3.00297, state:"IN_SP", message: "INDETERMINATE dt = 0.65924 m = 0.02464"}
{timestamp:3.02292, localtime:3.02292, state:"IN_SP", message: "RAMP_STATUS = INDETERMINATE dt = 0.65924 m = 0.02464"}
{timestamp:3.02292, localtime:3.02292, state:"IN_SP", message: "INDETERMINATE dt = 0.67919 m = 0.02464"}
{timestamp:3.04287, localtime:3.04287, state:"IN_SP", message: "RAMP_STATUS = INDETERMINATE dt = 0.67919 m = 0.01335"}
{timestamp:3.04287, localtime:3.04287, state:"IN_SP", message: "INDETERMINATE dt = 0.69913 m = 0.01335"}
{timestamp:3.06381, localtime:3.06381, state:"IN_SP", message: "RAMP_STATUS = INDETERMINATE dt = 0.69913 m = 0.01006"}
{timestamp:3.06381, localtime:3.06381, state:"IN_SP", message: "INDETERMINATE dt = 0.72008 m = 0.01006"}
{timestamp:3.08575, localtime:3.08575, state:"IN_SP", message: "RAMP_STATUS = INDETERMINATE dt = 0.72008 m = 0.01006"}
{timestamp:3.08575, localtime:3.08575, state:"IN_SP", message: "INDETERMINATE dt = 0.74202 m = 0.01006"}
{timestamp:3.10470, localtime:3.10470, state:"IN_SP", message: "RAMP_STATUS = INDETERMINATE dt = 0.74202 m = 0.00317"}
{timestamp:3.10470, localtime:3.10470, state:"IN_SP", message: "INDETERMINATE dt = 0.76097 m = 0.00317"}
{timestamp:3.12265, localtime:3.12265, state:"IN_SP", message: "RAMP_STATUS = INDETERMINATE dt = 0.76097 m = 0.00000"}
{timestamp:3.12265, localtime:3.12265, state:"IN_SP", message: "INDETERMINATE dt = 0.77892 m = 0.00000"}
{timestamp:3.14460, localtime:3.14460, state:"IN_SP", message: "RAMP_STATUS = INDETERMINATE dt = 0.77892 m = -0.01250"}
{timestamp:3.14460, localtime:3.14460, state:"IN_SP", message: "INDETERMINATE dt = 0.80086 m = -0.01250"}
{timestamp:3.16654, localtime:3.16654, state:"IN_SP", message: "RAMP_STATUS = INDETERMINATE dt = 0.80086 m = -0.01250"}
{timestamp:3.16654, localtime:3.16654, state:"IN_SP", message: "INDETERMINATE dt = 0.82280 m = -0.01250"}
{timestamp:3.18349, localtime:3.18349, state:"IN_SP", message: "RAMP_STATUS = INDETERMINATE dt = 0.82280 m = -0.01250"}
{timestamp:3.18349, localtime:3.18349, state:"IN_SP", message: "INDETERMINATE dt = 0.83976 m = -0.01250"}
{timestamp:3.20344, localtime:3.20344, state:"IN_SP", message: "RAMP_STATUS = INDETERMINATE dt = 0.83976 m = -0.01176"}
{timestamp:3.20344, localtime:3.20344, state:"IN_SP", message: "INDETERMINATE dt = 0.85970 m = -0.01176"}
{timestamp:3.22338, localtime:3.22338, state:"IN_SP", message: "RAMP_STATUS = INDETERMINATE dt = 0.85970 m = -0.01176"}
{timestamp:3.22338, localtime:3.22338, state:"IN_SP", message: "INDETERMINATE dt = 0.87965 m = -0.01176"}
{timestamp:3.24632, localtime:3.24632, state:"IN_SP", message: "RAMP_STATUS = INDETERMINATE dt = 0.87965 m = -0.01176"}
{timestamp:3.24632, localtime:3.24632, state:"IN_SP", message: "INDETERMINATE dt = 0.90259 m = -0.01176"}
{timestamp:3.26328, localtime:3.26328, state:"IN_SP", message: "RAMP_STATUS = INDETERMINATE dt = 0.90259 m = -0.00859"}
{timestamp:3.26328, localtime:3.26328, state:"IN_SP", message: "INDETERMINATE dt = 0.91954 m = -0.00859"}
{timestamp:3.28322, localtime:3.28322, state:"IN_SP", message: "RAMP_STATUS = INDETERMINATE dt = 0.91954 m = -0.00859"}
{timestamp:3.28322, localtime:3.28322, state:"IN_SP", message: "INDETERMINATE dt = 0.93949 m = -0.00859"}
{timestamp:3.30417, localtime:3.30417, state:"IN_SP", message: "RAMP_STATUS = INDETERMINATE dt = 0.93949 m = 0.00000"}
{timestamp:3.30417, localtime:3.30417, state:"IN_SP", message: "INDETERMINATE dt = 0.96043 m = 0.00000"}
{timestamp:3.32611, localtime:3.32611, state:"IN_SP", message: "RAMP_STATUS = INDETERMINATE dt = 0.96043 m = 0.00000"}
{timestamp:3.32611, localtime:3.32611, state:"IN_SP", message: "INDETERMINATE dt = 0.98238 m = 0.00000"}
{timestamp:3.34406, localtime:3.34406, state:"IN_SP", message: "RAMP_STATUS = INDETERMINATE dt = 0.98238 m = 0.00000"}
{timestamp:3.34406, localtime:3.34406, state:"IN_SP", message: "INDETERMINATE dt = 1.00033 m = 0.00000"}
{timestamp:3.36401, localtime:3.36401, state:"IN_SP", message: "RAMP_STATUS = INDETERMINATE dt = 1.00033 m = -0.00499"}
{timestamp:3.36401, localtime:3.36401, state:"IN_SP", message: "INDETERMINATE dt = 1.02027 m = -0.00499"}
{timestamp:3.38495, localtime:3.38495, state:"IN_SP", message: "RAMP_STATUS = INDETERMINATE dt = 1.02027 m = -0.01471"}
{timestamp:3.38495, localtime:3.38495, state:"IN_SP", message: "INDETERMINATE dt = 1.04122 m = -0.01471"}
{timestamp:3.40291, localtime:3.40291, state:"IN_SP", message: "RAMP_STATUS = INDETERMINATE dt = 1.04122 m = -0.02416"}
{timestamp:3.40291, localtime:3.40291, state:"IN_SP", message: "INDETERMINATE dt = 1.05917 m = -0.02416"}
{timestamp:3.42385, localtime:3.42385, state:"IN_SP", message: "RAMP_STATUS = AGAINST dt = 1.05917 m = -0.05051"}
{timestamp:3.42385, localtime:3.42385, state:"IN_QP", message: "START QP @ t = 3.42385 d = DOWNWARD m = -0.05051 max_sp_v = 0.02552"}
{timestamp:3.44479, localtime:3.44479, state:"IN_QP", message: "IN_QP VELOCITY CHECK v: -0.025742843431113653 dirn.: DOWNWARD"}
{timestamp:3.44479, localtime:3.44479, state:"IN_QP", message: "TOO LONG 3.4447927474975586 start: 2.4424712657928467 dt: 1.002321481704712"}
{timestamp:3.44479, localtime:3.44479, state:"IN_QP", message: "PROGRESS RESET CALLED "}
{timestamp:3.46275, localtime:3.46275, state:"SEARCH_SP", message: "SEARCHING  m = -0.05051"}
{timestamp:3.46275, localtime:3.46275, state:"SEARCH_SP", message: "PROGRESS RESET CALLED "}
{timestamp:3.48369, localtime:3.48369, state:"SEARCH_SP", message: "SEARCHING  m = -0.05186"}
{timestamp:3.48369, localtime:3.48369, state:"SEARCH_SP", message: "PROGRESS RESET CALLED "}
{timestamp:3.50264, localtime:3.50264, state:"SEARCH_SP", message: "SEARCHING  m = -0.05186"}
{timestamp:3.50264, localtime:3.50264, state:"SEARCH_SP", message: "PROGRESS RESET CALLED "}
{timestamp:3.52458, localtime:3.52458, state:"SEARCH_SP", message: "SEARCHING  m = -0.03095"}
{timestamp:3.52458, localtime:3.52458, state:"SEARCH_SP", message: "PROGRESS RESET CALLED "}
{timestamp:3.54353, localtime:3.54353, state:"SEARCH_SP", message: "SEARCHING  m = -0.03095"}
{timestamp:3.54353, localtime:3.54353, state:"SEARCH_SP", message: "PROGRESS RESET CALLED "}
{timestamp:3.56348, localtime:3.56348, state:"SEARCH_SP", message: "SEARCHING  m = -0.03451"}
{timestamp:3.56348, localtime:3.56348, state:"SEARCH_SP", message: "PROGRESS RESET CALLED "}
{timestamp:3.58342, localtime:3.58342, state:"SEARCH_SP", message: "SEARCHING  m = -0.03451"}
{timestamp:3.58342, localtime:3.58342, state:"SEARCH_SP", message: "PROGRESS RESET CALLED "}
{timestamp:3.60337, localtime:3.60337, state:"SEARCH_SP", message: "SEARCHING  m = -0.01388"}
{timestamp:3.60337, localtime:3.60337, state:"SEARCH_SP", message: "PROGRESS RESET CALLED "}
{timestamp:3.62431, localtime:3.62431, state:"SEARCH_SP", message: "SEARCHING  m = -0.00825"}
{timestamp:3.62431, localtime:3.62431, state:"SEARCH_SP", message: "PROGRESS RESET CALLED "}
{timestamp:3.64326, localtime:3.64326, state:"SEARCH_SP", message: "SEARCHING  m = -0.00146"}
{timestamp:3.64326, localtime:3.64326, state:"SEARCH_SP", message: "PROGRESS RESET CALLED "}
{timestamp:3.66421, localtime:3.66421, state:"SEARCH_SP", message: "SEARCHING  m = 0.00146"}
{timestamp:3.66421, localtime:3.66421, state:"SEARCH_SP", message: "PROGRESS RESET CALLED "}
{timestamp:3.68515, localtime:3.68515, state:"SEARCH_SP", message: "SEARCHING  m = 0.00146"}
{timestamp:3.68515, localtime:3.68515, state:"SEARCH_SP", message: "PROGRESS RESET CALLED "}
{timestamp:3.70211, localtime:3.70211, state:"SEARCH_SP", message: "SEARCHING  m = 0.00042"}
{timestamp:3.70211, localtime:3.70211, state:"SEARCH_SP", message: "PROGRESS RESET CALLED "}
{timestamp:3.72504, localtime:3.72504, state:"SEARCH_SP", message: "SEARCHING  m = 0.00000"}
{timestamp:3.72504, localtime:3.72504, state:"SEARCH_SP", message: "PROGRESS RESET CALLED "}
{timestamp:3.74200, localtime:3.74200, state:"SEARCH_SP", message: "SEARCHING  m = -0.00456"}
{timestamp:3.74200, localtime:3.74200, state:"SEARCH_SP", message: "PROGRESS RESET CALLED "}
{timestamp:3.76294, localtime:3.76294, state:"SEARCH_SP", message: "SEARCHING  m = -0.01223"}
{timestamp:3.76294, localtime:3.76294, state:"SEARCH_SP", message: "PROGRESS RESET CALLED "}
{timestamp:3.78488, localtime:3.78488, state:"SEARCH_SP", message: "SEARCHING  m = -0.01223"}
{timestamp:3.78488, localtime:3.78488, state:"SEARCH_SP", message: "PROGRESS RESET CALLED "}
{timestamp:3.80483, localtime:3.80483, state:"SEARCH_SP", message: "SEARCHING  m = -0.00691"}
{timestamp:3.80483, localtime:3.80483, state:"SEARCH_SP", message: "PROGRESS RESET CALLED "}
{timestamp:3.82478, localtime:3.82478, state:"SEARCH_SP", message: "SEARCHING  m = -0.00691"}
{timestamp:3.82478, localtime:3.82478, state:"SEARCH_SP", message: "PROGRESS RESET CALLED "}
{timestamp:3.84472, localtime:3.84472, state:"SEARCH_SP", message: "SEARCHING  m = -0.01984"}
{timestamp:3.84472, localtime:3.84472, state:"SEARCH_SP", message: "PROGRESS RESET CALLED "}
{timestamp:3.86567, localtime:3.86567, state:"SEARCH_SP", message: "SEARCHING  m = -0.01984"}
{timestamp:3.86567, localtime:3.86567, state:"SEARCH_SP", message: "PROGRESS RESET CALLED "}
{timestamp:3.88462, localtime:3.88462, state:"SEARCH_SP", message: "SEARCHING  m = -0.00450"}
{timestamp:3.88462, localtime:3.88462, state:"SEARCH_SP", message: "PROGRESS RESET CALLED "}
{timestamp:3.90257, localtime:3.90257, state:"SEARCH_SP", message: "SEARCHING  m = -0.00450"}
{timestamp:3.90257, localtime:3.90257, state:"SEARCH_SP", message: "PROGRESS RESET CALLED "}
{timestamp:3.92351, localtime:3.92351, state:"SEARCH_SP", message: "SEARCHING  m = -0.01254"}
{timestamp:3.92351, localtime:3.92351, state:"SEARCH_SP", message: "PROGRESS RESET CALLED "}
{timestamp:3.94546, localtime:3.94546, state:"SEARCH_SP", message: "SEARCHING  m = -0.01254"}
{timestamp:3.94546, localtime:3.94546, state:"SEARCH_SP", message: "PROGRESS RESET CALLED "}
{timestamp:3.96440, localtime:3.96440, state:"SEARCH_SP", message: "SEARCHING  m = -0.00753"}
{timestamp:3.96440, localtime:3.96440, state:"SEARCH_SP", message: "PROGRESS RESET CALLED "}
{timestamp:3.98435, localtime:3.98435, state:"SEARCH_SP", message: "SEARCHING  m = -0.00753"}
{timestamp:3.98435, localtime:3.98435, state:"SEARCH_SP", message: "PROGRESS RESET CALLED "}
{timestamp:4.00430, localtime:4.00430, state:"SEARCH_SP", message: "SEARCHING  m = -0.00759"}
{timestamp:4.00430, localtime:4.00430, state:"SEARCH_SP", message: "PROGRESS RESET CALLED "}
{timestamp:4.02325, localtime:4.02325, state:"SEARCH_SP", message: "SEARCHING  m = -0.00759"}
{timestamp:4.02325, localtime:4.02325, state:"SEARCH_SP", message: "PROGRESS RESET CALLED "}
{timestamp:4.04419, localtime:4.04419, state:"SEARCH_SP", message: "SEARCHING  m = 0.00000"}
{timestamp:4.04419, localtime:4.04419, state:"SEARCH_SP", message: "PROGRESS RESET CALLED "}
{timestamp:4.06514, localtime:4.06514, state:"SEARCH_SP", message: "SEARCHING  m = 0.00000"}
{timestamp:4.06514, localtime:4.06514, state:"SEARCH_SP", message: "PROGRESS RESET CALLED "}
{timestamp:4.10403, localtime:4.10403, state:"SEARCH_SP", message: "SEARCHING  m = -0.00112"}
{timestamp:4.10403, localtime:4.10403, state:"SEARCH_SP", message: "PROGRESS RESET CALLED "}
{timestamp:4.12298, localtime:4.12298, state:"SEARCH_SP", message: "SEARCHING  m = -0.02499"}
{timestamp:4.12298, localtime:4.12298, state:"SEARCH_SP", message: "PROGRESS RESET CALLED "}
{timestamp:4.14193, localtime:4.14193, state:"SEARCH_SP", message: "SEARCHING  m = -0.03016"}
{timestamp:4.14193, localtime:4.14193, state:"SEARCH_SP", message: "PROGRESS RESET CALLED "}
{timestamp:4.15988, localtime:4.15988, state:"SEARCH_SP", message: "SEARCHING  m = -0.03016"}
{timestamp:4.15988, localtime:4.15988, state:"SEARCH_SP", message: "PROGRESS RESET CALLED "}
{timestamp:4.17983, localtime:4.17983, state:"SEARCH_SP", message: "SEARCHING  m = -0.02922"}
{timestamp:4.17983, localtime:4.17983, state:"SEARCH_SP", message: "PROGRESS RESET CALLED "}
{timestamp:4.19778, localtime:4.19778, state:"SEARCH_SP", message: "SEARCHING  m = -0.02922"}
{timestamp:4.19778, localtime:4.19778, state:"SEARCH_SP", message: "PROGRESS RESET CALLED "}
{timestamp:4.21573, localtime:4.21573, state:"SEARCH_SP", message: "SEARCHING  m = -0.02465"}
{timestamp:4.21573, localtime:4.21573, state:"SEARCH_SP", message: "PROGRESS RESET CALLED "}
{timestamp:4.23468, localtime:4.23468, state:"SEARCH_SP", message: "SEARCHING  m = -0.02465"}
{timestamp:4.23468, localtime:4.23468, state:"SEARCH_SP", message: "PROGRESS RESET CALLED "}
{timestamp:4.24964, localtime:4.24964, state:"SEARCH_SP", message: "SEARCHING  m = -0.00716"}
{timestamp:4.24964, localtime:4.24964, state:"SEARCH_SP", message: "PROGRESS RESET CALLED "}
{timestamp:4.26660, localtime:4.26660, state:"SEARCH_SP", message: "SEARCHING  m = -0.00716"}
{timestamp:4.26660, localtime:4.26660, state:"SEARCH_SP", message: "PROGRESS RESET CALLED "}
{timestamp:4.28255, localtime:4.28255, state:"SEARCH_SP", message: "SEARCHING  m = -0.00840"}
{timestamp:4.28255, localtime:4.28255, state:"SEARCH_SP", message: "PROGRESS RESET CALLED "}
{timestamp:4.30250, localtime:4.30250, state:"SEARCH_SP", message: "SEARCHING  m = -0.01141"}
{timestamp:4.30250, localtime:4.30250, state:"SEARCH_SP", message: "PROGRESS RESET CALLED "}
{timestamp:4.32345, localtime:4.32345, state:"SEARCH_SP", message: "SEARCHING  m = -0.01141"}
{timestamp:4.32345, localtime:4.32345, state:"SEARCH_SP", message: "PROGRESS RESET CALLED "}
{timestamp:4.34339, localtime:4.34339, state:"SEARCH_SP", message: "SEARCHING  m = -0.00500"}
{timestamp:4.34339, localtime:4.34339, state:"SEARCH_SP", message: "PROGRESS RESET CALLED "}
{timestamp:4.36134, localtime:4.36134, state:"SEARCH_SP", message: "SEARCHING  m = 0.00177"}
{timestamp:4.36134, localtime:4.36134, state:"SEARCH_SP", message: "PROGRESS RESET CALLED "}
{timestamp:4.38229, localtime:4.38229, state:"SEARCH_SP", message: "SEARCHING  m = 0.00182"}
{timestamp:4.38229, localtime:4.38229, state:"SEARCH_SP", message: "PROGRESS RESET CALLED "}
{timestamp:4.40323, localtime:4.40323, state:"SEARCH_SP", message: "SEARCHING  m = 0.00727"}
{timestamp:4.40323, localtime:4.40323, state:"SEARCH_SP", message: "PROGRESS RESET CALLED "}
{timestamp:4.42118, localtime:4.42118, state:"SEARCH_SP", message: "SEARCHING  m = 0.00727"}
{timestamp:4.42118, localtime:4.42118, state:"SEARCH_SP", message: "PROGRESS RESET CALLED "}
{timestamp:4.44213, localtime:4.44213, state:"SEARCH_SP", message: "SEARCHING  m = 0.00000"}
{timestamp:4.44213, localtime:4.44213, state:"SEARCH_SP", message: "PROGRESS RESET CALLED "}
{timestamp:4.46108, localtime:4.46108, state:"SEARCH_SP", message: "SEARCHING  m = -0.00431"}
{timestamp:4.46108, localtime:4.46108, state:"SEARCH_SP", message: "PROGRESS RESET CALLED "}
{timestamp:4.48601, localtime:4.48601, state:"SEARCH_SP", message: "SEARCHING  m = -0.00858"}
{timestamp:4.48601, localtime:4.48601, state:"SEARCH_SP", message: "PROGRESS RESET CALLED "}
{timestamp:4.50596, localtime:4.50596, state:"SEARCH_SP", message: "SEARCHING  m = -0.01475"}
{timestamp:4.50596, localtime:4.50596, state:"SEARCH_SP", message: "PROGRESS RESET CALLED "}
{timestamp:4.52092, localtime:4.52092, state:"SEARCH_SP", message: "SEARCHING  m = -0.01475"}
{timestamp:4.52092, localtime:4.52092, state:"SEARCH_SP", message: "PROGRESS RESET CALLED "}
{timestamp:4.54485, localtime:4.54485, state:"SEARCH_SP", message: "SEARCHING  m = -0.00769"}
{timestamp:4.54485, localtime:4.54485, state:"SEARCH_SP", message: "PROGRESS RESET CALLED "}
{timestamp:4.56779, localtime:4.56779, state:"SEARCH_SP", message: "SEARCHING  m = -0.00131"}
{timestamp:4.56779, localtime:4.56779, state:"SEARCH_SP", message: "PROGRESS RESET CALLED "}
{timestamp:4.58275, localtime:4.58275, state:"SEARCH_SP", message: "SEARCHING  m = 0.00161"}
{timestamp:4.58275, localtime:4.58275, state:"SEARCH_SP", message: "PROGRESS RESET CALLED "}
{timestamp:4.60469, localtime:4.60469, state:"SEARCH_SP", message: "SEARCHING  m = 0.00166"}
{timestamp:4.60469, localtime:4.60469, state:"SEARCH_SP", message: "PROGRESS RESET CALLED "}
{timestamp:4.62364, localtime:4.62364, state:"SEARCH_SP", message: "SEARCHING  m = 0.00865"}
{timestamp:4.62364, localtime:4.62364, state:"SEARCH_SP", message: "PROGRESS RESET CALLED "}
{timestamp:4.64259, localtime:4.64259, state:"SEARCH_SP", message: "SEARCHING  m = 0.00865"}
{timestamp:4.64259, localtime:4.64259, state:"SEARCH_SP", message: "PROGRESS RESET CALLED "}
{timestamp:4.66154, localtime:4.66154, state:"SEARCH_SP", message: "SEARCHING  m = 0.00732"}
{timestamp:4.66154, localtime:4.66154, state:"SEARCH_SP", message: "PROGRESS RESET CALLED "}
{timestamp:4.68348, localtime:4.68348, state:"SEARCH_SP", message: "SEARCHING  m = 0.00421"}
{timestamp:4.68348, localtime:4.68348, state:"SEARCH_SP", message: "PROGRESS RESET CALLED "}
{timestamp:4.70343, localtime:4.70343, state:"SEARCH_SP", message: "SEARCHING  m = 0.00421"}
{timestamp:4.70343, localtime:4.70343, state:"SEARCH_SP", message: "PROGRESS RESET CALLED "}
{timestamp:4.72437, localtime:4.72437, state:"SEARCH_SP", message: "SEARCHING  m = 0.00484"}
{timestamp:4.72437, localtime:4.72437, state:"SEARCH_SP", message: "PROGRESS RESET CALLED "}
{timestamp:4.74332, localtime:4.74332, state:"SEARCH_SP", message: "SEARCHING  m = 0.00582"}
{timestamp:4.74332, localtime:4.74332, state:"SEARCH_SP", message: "PROGRESS RESET CALLED "}
{timestamp:4.76327, localtime:4.76327, state:"SEARCH_SP", message: "SEARCHING  m = 0.00582"}
{timestamp:4.76327, localtime:4.76327, state:"SEARCH_SP", message: "PROGRESS RESET CALLED "}
{timestamp:4.78322, localtime:4.78322, state:"SEARCH_SP", message: "SEARCHING  m = 0.00244"}
{timestamp:4.78322, localtime:4.78322, state:"SEARCH_SP", message: "PROGRESS RESET CALLED "}
{timestamp:4.80615, localtime:4.80615, state:"SEARCH_SP", message: "SEARCHING  m = -0.00059"}
{timestamp:4.80615, localtime:4.80615, state:"SEARCH_SP", message: "PROGRESS RESET CALLED "}
{timestamp:4.82311, localtime:4.82311, state:"SEARCH_SP", message: "SEARCHING  m = -0.00244"}
{timestamp:4.82311, localtime:4.82311, state:"SEARCH_SP", message: "PROGRESS RESET CALLED "}
{timestamp:4.84106, localtime:4.84106, state:"SEARCH_SP", message: "SEARCHING  m = -0.00682"}
{timestamp:4.84106, localtime:4.84106, state:"SEARCH_SP", message: "PROGRESS RESET CALLED "}
{timestamp:4.86201, localtime:4.86201, state:"SEARCH_SP", message: "SEARCHING  m = -0.00682"}
{timestamp:4.86201, localtime:4.86201, state:"SEARCH_SP", message: "PROGRESS RESET CALLED "}
{timestamp:4.88594, localtime:4.88594, state:"SEARCH_SP", message: "SEARCHING  m = -0.00018"}
{timestamp:4.88594, localtime:4.88594, state:"SEARCH_SP", message: "PROGRESS RESET CALLED "}
{timestamp:4.90190, localtime:4.90190, state:"SEARCH_SP", message: "SEARCHING  m = -0.00018"}
{timestamp:4.90190, localtime:4.90190, state:"SEARCH_SP", message: "PROGRESS RESET CALLED "}
{timestamp:4.92384, localtime:4.92384, state:"SEARCH_SP", message: "SEARCHING  m = 0.00000"}
{timestamp:4.92384, localtime:4.92384, state:"SEARCH_SP", message: "PROGRESS RESET CALLED "}
{timestamp:4.94179, localtime:4.94179, state:"SEARCH_SP", message: "SEARCHING  m = 0.03834"}
{timestamp:4.94179, localtime:4.94179, state:"SEARCH_SP", message: "PROGRESS RESET CALLED "}
{timestamp:4.96074, localtime:4.96074, state:"SEARCH_SP", message: "START t = 4.9607415199279785 m = 0.2479596963544755 f = true"}
{timestamp:4.98168, localtime:4.98168, state:"SEARCH_SP", message: "BUILD EVIDENCE  dt = 0.02094 m = 2.51546  f = 1.00000 [1.00000]"}
{timestamp:5.00762, localtime:5.00762, state:"SEARCH_SP", message: "BUILD EVIDENCE  dt = 0.04688 m = 2.51546  f = 1.00000 [2.00000]"}
{timestamp:5.02756, localtime:5.02756, state:"SEARCH_SP", message: "BUILD EVIDENCE  dt = 0.06682 m = 1.38836  f = 1.00000 [3.00000]"}
{timestamp:5.04950, localtime:5.04950, state:"SEARCH_SP", message: "BUILD EVIDENCE  dt = 0.08876 m = 0.25724  f = 1.00000 [4.00000]"}
{timestamp:5.06247, localtime:5.06247, state:"SEARCH_SP", message: "SEARCHING  m = -0.30868"}
{timestamp:5.06247, localtime:5.06247, state:"SEARCH_SP", message: "PROGRESS RESET CALLED "}
{timestamp:5.08641, localtime:5.08641, state:"SEARCH_SP", message: "SEARCHING  m = -2.01136"}
{timestamp:5.08641, localtime:5.08641, state:"SEARCH_SP", message: "PROGRESS RESET CALLED "}
{timestamp:5.10236, localtime:5.10236, state:"SEARCH_SP", message: "SEARCHING  m = -2.01136"}
{timestamp:5.10236, localtime:5.10236, state:"SEARCH_SP", message: "PROGRESS RESET CALLED "}
{timestamp:5.12730, localtime:5.12730, state:"SEARCH_SP", message: "SEARCHING  m = -1.74132"}
{timestamp:5.12730, localtime:5.12730, state:"SEARCH_SP", message: "PROGRESS RESET CALLED "}
{timestamp:5.14126, localtime:5.14126, state:"SEARCH_SP", message: "SEARCHING  m = -0.61518"}
{timestamp:5.14126, localtime:5.14126, state:"SEARCH_SP", message: "PROGRESS RESET CALLED "}
{timestamp:5.16320, localtime:5.16320, state:"SEARCH_SP", message: "SEARCHING  m = -0.46260"}
{timestamp:5.16320, localtime:5.16320, state:"SEARCH_SP", message: "PROGRESS RESET CALLED "}
{timestamp:5.18614, localtime:5.18614, state:"SEARCH_SP", message: "SEARCHING  m = -0.24404"}
{timestamp:5.18614, localtime:5.18614, state:"SEARCH_SP", message: "PROGRESS RESET CALLED "}
{timestamp:5.20309, localtime:5.20309, state:"SEARCH_SP", message: "SEARCHING  m = -0.09270"}
{timestamp:5.20309, localtime:5.20309, state:"SEARCH_SP", message: "PROGRESS RESET CALLED "}
{timestamp:5.22204, localtime:5.22204, state:"SEARCH_SP", message: "SEARCHING  m = 0.04677"}
{timestamp:5.22204, localtime:5.22204, state:"SEARCH_SP", message: "PROGRESS RESET CALLED "}
{timestamp:5.24598, localtime:5.24598, state:"SEARCH_SP", message: "START t = 5.245978832244873 m = 0.05587084924612612 f = true"}
{timestamp:5.26692, localtime:5.26692, state:"SEARCH_SP", message: "BUILD EVIDENCE  dt = 0.02094 m = 0.06606  f = 1.00000 [1.00000]"}
{timestamp:5.28687, localtime:5.28687, state:"SEARCH_SP", message: "BUILD EVIDENCE  dt = 0.04089 m = 0.06606  f = 1.00000 [2.00000]"}
{timestamp:5.30781, localtime:5.30781, state:"IN_SP", message: "INDETERMINATE dt = 0.06184 m = 0.00000"}
{timestamp:5.32776, localtime:5.32776, state:"IN_SP", message: "RAMP_STATUS = INDETERMINATE dt = 0.06184 m = 0.00000"}
{timestamp:5.32776, localtime:5.32776, state:"IN_SP", message: "INDETERMINATE dt = 0.08178 m = 0.00000"}
{timestamp:5.34671, localtime:5.34671, state:"IN_SP", message: "RAMP_STATUS = INDETERMINATE dt = 0.08178 m = -0.00404"}
{timestamp:5.34671, localtime:5.34671, state:"IN_SP", message: "INDETERMINATE dt = 0.10073 m = -0.00404"}
{timestamp:5.36566, localtime:5.36566, state:"IN_SP", message: "RAMP_STATUS = INDETERMINATE dt = 0.10073 m = -0.00817"}
{timestamp:5.36566, localtime:5.36566, state:"IN_SP", message: "INDETERMINATE dt = 0.11968 m = -0.00817"}
{timestamp:5.38660, localtime:5.38660, state:"IN_SP", message: "RAMP_STATUS = INDETERMINATE dt = 0.11968 m = -0.01049"}
{timestamp:5.38660, localtime:5.38660, state:"IN_SP", message: "INDETERMINATE dt = 0.14063 m = -0.01049"}
{timestamp:5.40755, localtime:5.40755, state:"IN_SP", message: "RAMP_STATUS = INDETERMINATE dt = 0.14063 m = -0.01085"}
{timestamp:5.40755, localtime:5.40755, state:"IN_SP", message: "INDETERMINATE dt = 0.16157 m = -0.01085"}
{timestamp:5.42749, localtime:5.42749, state:"IN_SP", message: "RAMP_STATUS = INDETERMINATE dt = 0.16157 m = -0.04424"}
{timestamp:5.42749, localtime:5.42749, state:"IN_SP", message: "INDETERMINATE dt = 0.18152 m = -0.04424"}
{timestamp:5.44644, localtime:5.44644, state:"IN_SP", message: "RAMP_STATUS = INDETERMINATE dt = 0.18152 m = -0.04424"}
{timestamp:5.44644, localtime:5.44644, state:"IN_SP", message: "INDETERMINATE dt = 0.20046 m = -0.04424"}
{timestamp:5.46739, localtime:5.46739, state:"IN_SP", message: "RAMP_STATUS = INDETERMINATE dt = 0.20046 m = 0.00000"}
{timestamp:5.46739, localtime:5.46739, state:"IN_SP", message: "INDETERMINATE dt = 0.22141 m = 0.00000"}
{timestamp:5.48634, localtime:5.48634, state:"IN_SP", message: "RAMP_STATUS = INDETERMINATE dt = 0.22141 m = 0.03029"}
{timestamp:5.48634, localtime:5.48634, state:"IN_SP", message: "INDETERMINATE dt = 0.24036 m = 0.03029"}
{timestamp:5.50628, localtime:5.50628, state:"IN_SP", message: "RAMP_STATUS = INDETERMINATE dt = 0.24036 m = 0.03029"}
{timestamp:5.50628, localtime:5.50628, state:"IN_SP", message: "INDETERMINATE dt = 0.26030 m = 0.03029"}
{timestamp:5.52723, localtime:5.52723, state:"IN_SP", message: "RAMP_STATUS = INDETERMINATE dt = 0.26030 m = 0.01294"}
{timestamp:5.52723, localtime:5.52723, state:"IN_SP", message: "INDETERMINATE dt = 0.28125 m = 0.01294"}
{timestamp:5.54717, localtime:5.54717, state:"IN_SP", message: "RAMP_STATUS = INDETERMINATE dt = 0.28125 m = 0.01294"}
{timestamp:5.54717, localtime:5.54717, state:"IN_SP", message: "INDETERMINATE dt = 0.30120 m = 0.01294"}
{timestamp:5.56712, localtime:5.56712, state:"IN_SP", message: "RAMP_STATUS = INDETERMINATE dt = 0.30120 m = 0.01404"}
{timestamp:5.56712, localtime:5.56712, state:"IN_SP", message: "INDETERMINATE dt = 0.32114 m = 0.01404"}
{timestamp:5.58607, localtime:5.58607, state:"IN_SP", message: "RAMP_STATUS = INDETERMINATE dt = 0.32114 m = 0.01404"}
{timestamp:5.58607, localtime:5.58607, state:"IN_SP", message: "INDETERMINATE dt = 0.34009 m = 0.01404"}
{timestamp:5.60602, localtime:5.60602, state:"IN_SP", message: "RAMP_STATUS = INDETERMINATE dt = 0.34009 m = 0.01131"}
{timestamp:5.60602, localtime:5.60602, state:"IN_SP", message: "INDETERMINATE dt = 0.36004 m = 0.01131"}
{timestamp:5.62796, localtime:5.62796, state:"IN_SP", message: "RAMP_STATUS = INDETERMINATE dt = 0.36004 m = 0.01013"}
{timestamp:5.62796, localtime:5.62796, state:"IN_SP", message: "INDETERMINATE dt = 0.38198 m = 0.01013"}
{timestamp:5.65090, localtime:5.65090, state:"IN_SP", message: "RAMP_STATUS = INDETERMINATE dt = 0.38198 m = 0.01013"}
{timestamp:5.65090, localtime:5.65090, state:"IN_SP", message: "INDETERMINATE dt = 0.40492 m = 0.01013"}
{timestamp:5.66785, localtime:5.66785, state:"IN_SP", message: "RAMP_STATUS = INDETERMINATE dt = 0.40492 m = 0.03110"}
{timestamp:5.66785, localtime:5.66785, state:"IN_SP", message: "INDETERMINATE dt = 0.42187 m = 0.03110"}
{timestamp:5.68780, localtime:5.68780, state:"IN_SP", message: "RAMP_STATUS = INDETERMINATE dt = 0.42187 m = 0.03110"}
{timestamp:5.68780, localtime:5.68780, state:"IN_SP", message: "INDETERMINATE dt = 0.44182 m = 0.03110"}
{timestamp:5.70575, localtime:5.70575, state:"IN_SP", message: "RAMP_STATUS = INDETERMINATE dt = 0.44182 m = 0.02461"}
{timestamp:5.70575, localtime:5.70575, state:"IN_SP", message: "INDETERMINATE dt = 0.45977 m = 0.02461"}
{timestamp:5.72669, localtime:5.72669, state:"IN_SP", message: "RAMP_STATUS = INDETERMINATE dt = 0.45977 m = 0.02333"}
{timestamp:5.72669, localtime:5.72669, state:"IN_SP", message: "INDETERMINATE dt = 0.48072 m = 0.02333"}
{timestamp:5.74764, localtime:5.74764, state:"IN_SP", message: "RAMP_STATUS = INDETERMINATE dt = 0.48072 m = 0.01888"}
{timestamp:5.74764, localtime:5.74764, state:"IN_SP", message: "INDETERMINATE dt = 0.50166 m = 0.01888"}
{timestamp:5.76659, localtime:5.76659, state:"IN_SP", message: "RAMP_STATUS = INDETERMINATE dt = 0.50166 m = 0.01676"}
{timestamp:5.76659, localtime:5.76659, state:"IN_SP", message: "INDETERMINATE dt = 0.52061 m = 0.01676"}
{timestamp:5.78653, localtime:5.78653, state:"IN_SP", message: "RAMP_STATUS = INDETERMINATE dt = 0.52061 m = 0.01676"}
{timestamp:5.78653, localtime:5.78653, state:"IN_SP", message: "INDETERMINATE dt = 0.54056 m = 0.01676"}
{timestamp:5.80748, localtime:5.80748, state:"IN_SP", message: "RAMP_STATUS = INDETERMINATE dt = 0.54056 m = 0.03261"}
{timestamp:5.80748, localtime:5.80748, state:"IN_SP", message: "INDETERMINATE dt = 0.56150 m = 0.03261"}
{timestamp:5.82743, localtime:5.82743, state:"IN_SP", message: "RAMP_STATUS = WITH dt = 0.56150 m = 0.06610"}
{timestamp:5.82743, localtime:5.82743, state:"IN_SP", message: "EXTEND dt = 0.58145 m = 0.06610"}
{timestamp:5.84538, localtime:5.84538, state:"IN_SP", message: "RAMP_STATUS = WITH dt = 0.58145 m = 0.06610"}
{timestamp:5.84538, localtime:5.84538, state:"IN_SP", message: "EXTEND dt = 0.59940 m = 0.06610"}
{timestamp:5.86832, localtime:5.86832, state:"IN_SP", message: "RAMP_STATUS = WITH dt = 0.59940 m = 0.07078"}
{timestamp:5.86832, localtime:5.86832, state:"IN_SP", message: "EXTEND dt = 0.62234 m = 0.07078"}
{timestamp:5.88727, localtime:5.88727, state:"IN_SP", message: "RAMP_STATUS = WITH dt = 0.62234 m = 0.10596"}
{timestamp:5.88727, localtime:5.88727, state:"IN_SP", message: "EXTEND dt = 0.64129 m = 0.10596"}
{timestamp:5.90621, localtime:5.90621, state:"IN_SP", message: "RAMP_STATUS = WITH dt = 0.64129 m = 0.10596"}
{timestamp:5.90621, localtime:5.90621, state:"IN_SP", message: "EXTEND dt = 0.66024 m = 0.10596"}
{timestamp:5.92816, localtime:5.92816, state:"IN_SP", message: "RAMP_STATUS = WITH dt = 0.66024 m = 0.06087"}
{timestamp:5.92816, localtime:5.92816, state:"IN_SP", message: "EXTEND dt = 0.68218 m = 0.06087"}
{timestamp:5.95010, localtime:5.95010, state:"IN_SP", message: "RAMP_STATUS = INDETERMINATE dt = 0.68218 m = 0.03206"}
{timestamp:5.95010, localtime:5.95010, state:"IN_SP", message: "INDETERMINATE dt = 0.70412 m = 0.03206"}
{timestamp:5.97004, localtime:5.97004, state:"IN_SP", message: "RAMP_STATUS = INDETERMINATE dt = 0.70412 m = 0.02395"}
{timestamp:5.97004, localtime:5.97004, state:"IN_SP", message: "INDETERMINATE dt = 0.72407 m = 0.02395"}
{timestamp:5.98800, localtime:5.98800, state:"IN_SP", message: "RAMP_STATUS = INDETERMINATE dt = 0.72407 m = 0.02395"}
{timestamp:5.98800, localtime:5.98800, state:"IN_SP", message: "INDETERMINATE dt = 0.74202 m = 0.02395"}
{timestamp:6.00595, localtime:6.00595, state:"IN_SP", message: "RAMP_STATUS = INDETERMINATE dt = 0.74202 m = 0.04774"}
{timestamp:6.00595, localtime:6.00595, state:"IN_SP", message: "INDETERMINATE dt = 0.75997 m = 0.04774"}
{timestamp:6.02789, localtime:6.02789, state:"IN_SP", message: "RAMP_STATUS = WITH dt = 0.75997 m = 0.05214"}
{timestamp:6.02789, localtime:6.02789, state:"IN_SP", message: "EXTEND dt = 0.78191 m = 0.05214"}
{timestamp:6.05083, localtime:6.05083, state:"IN_SP", message: "RAMP_STATUS = WITH dt = 0.78191 m = 0.05214"}
{timestamp:6.05083, localtime:6.05083, state:"IN_SP", message: "EXTEND dt = 0.80485 m = 0.05214"}
{timestamp:6.06978, localtime:6.06978, state:"IN_SP", message: "RAMP_STATUS = WITH dt = 0.80485 m = 0.05214"}
{timestamp:6.06978, localtime:6.06978, state:"IN_SP", message: "EXTEND dt = 0.82380 m = 0.05214"}
{timestamp:6.08972, localtime:6.08972, state:"IN_SP", message: "RAMP_STATUS = WITH dt = 0.82380 m = 0.05932"}
{timestamp:6.08972, localtime:6.08972, state:"IN_SP", message: "EXTEND dt = 0.84374 m = 0.05932"}
{timestamp:6.10668, localtime:6.10668, state:"IN_SP", message: "RAMP_STATUS = WITH dt = 0.84374 m = 0.05932"}
{timestamp:6.10668, localtime:6.10668, state:"IN_SP", message: "EXTEND dt = 0.86070 m = 0.05932"}
{timestamp:6.12762, localtime:6.12762, state:"IN_SP", message: "RAMP_STATUS = WITH dt = 0.86070 m = 0.05151"}
{timestamp:6.12762, localtime:6.12762, state:"IN_SP", message: "EXTEND dt = 0.88164 m = 0.05151"}
{timestamp:6.14757, localtime:6.14757, state:"IN_SP", message: "RAMP_STATUS = INDETERMINATE dt = 0.88164 m = 0.04729"}
{timestamp:6.14757, localtime:6.14757, state:"IN_SP", message: "INDETERMINATE dt = 0.90159 m = 0.04729"}
{timestamp:6.16951, localtime:6.16951, state:"IN_SP", message: "RAMP_STATUS = INDETERMINATE dt = 0.90159 m = 0.04729"}
{timestamp:6.16951, localtime:6.16951, state:"IN_SP", message: "INDETERMINATE dt = 0.92353 m = 0.04729"}
{timestamp:6.18946, localtime:6.18946, state:"STEP", message: "END STATIONARITY (D = 5.787531614303589) [LONG]"}
{timestamp:6.18946, localtime:6.18946, state:"IN_SP", message: "RAMP_STATUS = INDETERMINATE dt = 0.92353 m = 0.04729"}
{timestamp:6.18946, localtime:6.18946, state:"IN_SP", message: "INDETERMINATE dt = 0.94348 m = 0.04729"}
{timestamp:6.20841, localtime:6.20841, state:"IN_SP", message: "RAMP_STATUS = INDETERMINATE dt = 0.94348 m = 0.04648"}
{timestamp:6.20841, localtime:6.20841, state:"IN_SP", message: "INDETERMINATE dt = 0.96243 m = 0.04648"}
{timestamp:6.22935, localtime:6.22935, state:"IN_SP", message: "RAMP_STATUS = INDETERMINATE dt = 0.96243 m = 0.04130"}
{timestamp:6.22935, localtime:6.22935, state:"IN_SP", message: "INDETERMINATE dt = 0.98337 m = 0.04130"}
{timestamp:6.24730, localtime:6.24730, state:"IN_SP", message: "RAMP_STATUS = INDETERMINATE dt = 0.98337 m = 0.04130"}
{timestamp:6.24730, localtime:6.24730, state:"IN_SP", message: "INDETERMINATE dt = 1.00133 m = 0.04130"}
{timestamp:6.27024, localtime:6.27024, state:"IN_SP", message: "RAMP_STATUS = INDETERMINATE dt = 1.00133 m = 0.04124"}
{timestamp:6.27024, localtime:6.27024, state:"IN_SP", message: "INDETERMINATE dt = 1.02426 m = 0.04124"}
{timestamp:6.28819, localtime:6.28819, state:"IN_SP", message: "RAMP_STATUS = INDETERMINATE dt = 1.02426 m = 0.04164"}
{timestamp:6.28819, localtime:6.28819, state:"IN_SP", message: "INDETERMINATE dt = 1.04222 m = 0.04164"}
{timestamp:6.30714, localtime:6.30714, state:"IN_SP", message: "RAMP_STATUS = INDETERMINATE dt = 1.04222 m = 0.04330"}
{timestamp:6.30714, localtime:6.30714, state:"IN_SP", message: "INDETERMINATE dt = 1.06117 m = 0.04330"}
{timestamp:6.33008, localtime:6.33008, state:"IN_SP", message: "RAMP_STATUS = WITH dt = 1.06117 m = 0.06662"}
{timestamp:6.33008, localtime:6.33008, state:"IN_SP", message: "EXTEND dt = 1.08410 m = 0.06662"}
{timestamp:6.35103, localtime:6.35103, state:"IN_SP", message: "RAMP_STATUS = WITH dt = 1.08410 m = 0.06662"}
{timestamp:6.35103, localtime:6.35103, state:"IN_SP", message: "EXTEND dt = 1.10505 m = 0.06662"}
{timestamp:6.37097, localtime:6.37097, state:"STEP", message: "START STATIONARITY (COUNT = 1 T = 6.370972394943237)"}
{timestamp:6.37097, localtime:6.37097, state:"IN_SP", message: "RAMP_STATUS = INDETERMINATE dt = 1.10505 m = 0.00000"}
{timestamp:6.37097, localtime:6.37097, state:"IN_SP", message: "INDETERMINATE dt = 1.12499 m = 0.00000"}
{timestamp:6.38693, localtime:6.38693, state:"IN_SP", message: "RAMP_STATUS = AGAINST dt = 1.12499 m = -0.24366"}
{timestamp:6.38693, localtime:6.38693, state:"IN_QP", message: "START QP @ t = 6.38693 d = DOWNWARD m = -0.24366 max_sp_v = 0.13060"}
{timestamp:6.40688, localtime:6.40688, state:"IN_QP", message: "IN_QP VELOCITY CHECK v: -0.2920515455290027 dirn.: DOWNWARD"}
{timestamp:6.40688, localtime:6.40688, state:"IN_QP", message: "EXTEND dt = 0.03590 m = -0.29205"}
{timestamp:6.42782, localtime:6.42782, state:"IN_QP", message: "IN_QP VELOCITY CHECK v: 0 dirn.: DOWNWARD"}
{timestamp:6.42782, localtime:6.42782, state:"IN_QP", message: "EXTEND dt = 0.05685 m = -0.29205"}
{timestamp:6.44876, localtime:6.44876, state:"IN_QP", message: "IN_QP VELOCITY CHECK v: 0.007427513368503428 dirn.: DOWNWARD"}
{timestamp:6.44876, localtime:6.44876, state:"FOUND", message: "END (INDETERMINATE) m = 0.00000 [PASS-THROUGH TO FOUND]"}
{timestamp:6.44876, localtime:6.44876, state:"FOUND", message: "END qp end time = 6.44876  qp duration = 0.07779"}
{timestamp:6.44876, localtime:6.44876, state:"FOUND", message: "[PRE-VALIDATOR] END qp end time = 6.44876  qp duration = 0.07779"}
{timestamp:6.44876, localtime:6.44876, state:"FOUND", message: "PASSED VALIDITY CHECK"}
{timestamp:6.44876, localtime:6.44876, state:"FOUND", message: "PROGRESS RESET CALLED "}
{timestamp:6.44876, localtime:6.44876, state:"SEARCH_SP", message: "[FOUND] EARLY RESTART t_early = 6.448764801025391, t = 6.448764801025391 m = 0 f = true"}
{timestamp:6.46771, localtime:6.46771, state:"IN_SP", message: "INDETERMINATE dt = 0.01895 m = 0.00743"}
{timestamp:6.48766, localtime:6.48766, state:"IN_SP", message: "RAMP_STATUS = INDETERMINATE dt = 0.01895 m = 0.00743"}
{timestamp:6.48766, localtime:6.48766, state:"IN_SP", message: "INDETERMINATE dt = 0.03890 m = 0.00743"}
{timestamp:6.51259, localtime:6.51259, state:"IN_SP", message: "RAMP_STATUS = INDETERMINATE dt = 0.03890 m = 0.00000"}
{timestamp:6.51259, localtime:6.51259, state:"IN_SP", message: "INDETERMINATE dt = 0.06383 m = 0.00000"}
{timestamp:6.53155, localtime:6.53155, state:"IN_SP", message: "RAMP_STATUS = AGAINST dt = 0.06383 m = -0.07057"}
{timestamp:6.53155, localtime:6.53155, state:"IN_QP", message: "START QP @ t = 6.53155 d = DOWNWARD m = -0.07057 max_sp_v = 0.00762"}
{timestamp:6.55149, localtime:6.55149, state:"IN_QP", message: "IN_QP VELOCITY CHECK v: -0.08644289660188592 dirn.: DOWNWARD"}
{timestamp:6.55149, localtime:6.55149, state:"IN_QP", message: "EXTEND dt = 0.03890 m = -0.08644"}
{timestamp:6.56745, localtime:6.56745, state:"IN_QP", message: "IN_QP VELOCITY CHECK v: -0.052888235028080426 dirn.: DOWNWARD"}
{timestamp:6.56745, localtime:6.56745, state:"IN_QP", message: "EXTEND dt = 0.05485 m = -0.08644"}
{timestamp:6.58839, localtime:6.58839, state:"IN_QP", message: "IN_QP VELOCITY CHECK v: -0.0171499343131928 dirn.: DOWNWARD"}
{timestamp:6.58839, localtime:6.58839, state:"IN_QP", message: "EXTEND dt = 0.07580 m = -0.05289"}
{timestamp:6.60734, localtime:6.60734, state:"IN_QP", message: "IN_QP VELOCITY CHECK v: 0 dirn.: DOWNWARD"}
{timestamp:6.60734, localtime:6.60734, state:"FOUND", message: "END (INDETERMINATE) m = -0.01715 [PASS-THROUGH TO FOUND]"}
{timestamp:6.60734, localtime:6.60734, state:"FOUND", message: "END qp end time = 6.60734  qp duration = 0.09475"}
{timestamp:6.60734, localtime:6.60734, state:"FOUND", message: "[PRE-VALIDATOR] END qp end time = 6.60734  qp duration = 0.09475"}
{timestamp:6.60734, localtime:6.60734, state:"FOUND", message: "FAILED VALIDITY CHECK"}
{timestamp:6.60734, localtime:6.60734, state:"FOUND", message: "PROGRESS RESET CALLED "}
{timestamp:6.60734, localtime:6.60734, state:"SEARCH_SP", message: "[FOUND] EARLY RESTART t_early = 6.607341766357422, t = 6.607341766357422 m = -0.0171499343131928 f = true"}
{timestamp:6.62729, localtime:6.62729, state:"IN_SP", message: "INDETERMINATE dt = 0.01995 m = 0.00000"}
{timestamp:6.64723, localtime:6.64723, state:"IN_SP", message: "RAMP_STATUS = INDETERMINATE dt = 0.01995 m = 0.01456"}
{timestamp:6.64723, localtime:6.64723, state:"IN_SP", message: "INDETERMINATE dt = 0.03989 m = 0.01456"}
{timestamp:6.66718, localtime:6.66718, state:"IN_SP", message: "RAMP_STATUS = INDETERMINATE dt = 0.03989 m = 0.01456"}
{timestamp:6.66718, localtime:6.66718, state:"IN_SP", message: "INDETERMINATE dt = 0.05984 m = 0.01456"}
{timestamp:6.68912, localtime:6.68912, state:"IN_SP", message: "RAMP_STATUS = INDETERMINATE dt = 0.05984 m = 0.00814"}
{timestamp:6.68912, localtime:6.68912, state:"IN_SP", message: "INDETERMINATE dt = 0.08178 m = 0.00814"}
{timestamp:6.70807, localtime:6.70807, state:"IN_SP", message: "RAMP_STATUS = INDETERMINATE dt = 0.08178 m = 0.00000"}
{timestamp:6.70807, localtime:6.70807, state:"IN_SP", message: "INDETERMINATE dt = 0.10073 m = 0.00000"}
{timestamp:6.72702, localtime:6.72702, state:"IN_SP", message: "RAMP_STATUS = INDETERMINATE dt = 0.10073 m = -0.00696"}
{timestamp:6.72702, localtime:6.72702, state:"IN_SP", message: "INDETERMINATE dt = 0.11968 m = -0.00696"}
{timestamp:6.74797, localtime:6.74797, state:"IN_SP", message: "RAMP_STATUS = INDETERMINATE dt = 0.11968 m = -0.00808"}
{timestamp:6.74797, localtime:6.74797, state:"IN_SP", message: "INDETERMINATE dt = 0.14062 m = -0.00808"}
{timestamp:6.76791, localtime:6.76791, state:"IN_SP", message: "RAMP_STATUS = INDETERMINATE dt = 0.14062 m = -0.03937"}
{timestamp:6.76791, localtime:6.76791, state:"IN_SP", message: "INDETERMINATE dt = 0.16057 m = -0.03937"}
{timestamp:6.78786, localtime:6.78786, state:"IN_SP", message: "RAMP_STATUS = INDETERMINATE dt = 0.16057 m = -0.03937"}
{timestamp:6.78786, localtime:6.78786, state:"IN_SP", message: "INDETERMINATE dt = 0.18052 m = -0.03937"}
{timestamp:6.80681, localtime:6.80681, state:"IN_SP", message: "RAMP_STATUS = INDETERMINATE dt = 0.18052 m = -0.00039"}
{timestamp:6.80681, localtime:6.80681, state:"IN_SP", message: "INDETERMINATE dt = 0.19947 m = -0.00039"}
{timestamp:6.82675, localtime:6.82675, state:"IN_SP", message: "RAMP_STATUS = INDETERMINATE dt = 0.19947 m = 0.00000"}
{timestamp:6.82675, localtime:6.82675, state:"IN_SP", message: "INDETERMINATE dt = 0.21941 m = 0.00000"}
{timestamp:6.84770, localtime:6.84770, state:"IN_SP", message: "RAMP_STATUS = INDETERMINATE dt = 0.21941 m = 0.00000"}
{timestamp:6.84770, localtime:6.84770, state:"IN_SP", message: "INDETERMINATE dt = 0.24036 m = 0.00000"}
{timestamp:6.86765, localtime:6.86765, state:"IN_SP", message: "RAMP_STATUS = INDETERMINATE dt = 0.24036 m = 0.00466"}
{timestamp:6.86765, localtime:6.86765, state:"IN_SP", message: "INDETERMINATE dt = 0.26030 m = 0.00466"}
{timestamp:6.88759, localtime:6.88759, state:"IN_SP", message: "RAMP_STATUS = INDETERMINATE dt = 0.26030 m = 0.02034"}
{timestamp:6.88759, localtime:6.88759, state:"IN_SP", message: "INDETERMINATE dt = 0.28025 m = 0.02034"}
{timestamp:6.90854, localtime:6.90854, state:"IN_SP", message: "RAMP_STATUS = INDETERMINATE dt = 0.28025 m = 0.03437"}
{timestamp:6.90854, localtime:6.90854, state:"IN_SP", message: "INDETERMINATE dt = 0.30119 m = 0.03437"}
{timestamp:6.92848, localtime:6.92848, state:"IN_SP", message: "RAMP_STATUS = INDETERMINATE dt = 0.30119 m = 0.03437"}
{timestamp:6.92848, localtime:6.92848, state:"IN_SP", message: "INDETERMINATE dt = 0.32114 m = 0.03437"}
{timestamp:6.94743, localtime:6.94743, state:"IN_SP", message: "RAMP_STATUS = INDETERMINATE dt = 0.32114 m = 0.03437"}
{timestamp:6.94743, localtime:6.94743, state:"IN_SP", message: "INDETERMINATE dt = 0.34009 m = 0.03437"}
{timestamp:6.96937, localtime:6.96937, state:"IN_SP", message: "RAMP_STATUS = INDETERMINATE dt = 0.34009 m = 0.04506"}
{timestamp:6.96937, localtime:6.96937, state:"IN_SP", message: "INDETERMINATE dt = 0.36203 m = 0.04506"}
{timestamp:6.98832, localtime:6.98832, state:"IN_SP", message: "RAMP_STATUS = INDETERMINATE dt = 0.36203 m = 0.04506"}
{timestamp:6.98832, localtime:6.98832, state:"IN_SP", message: "INDETERMINATE dt = 0.38098 m = 0.04506"}
{timestamp:7.00827, localtime:7.00827, state:"IN_SP", message: "RAMP_STATUS = INDETERMINATE dt = 0.38098 m = 0.01232"}
{timestamp:7.00827, localtime:7.00827, state:"IN_SP", message: "INDETERMINATE dt = 0.40093 m = 0.01232"}
{timestamp:7.02722, localtime:7.02722, state:"IN_SP", message: "RAMP_STATUS = INDETERMINATE dt = 0.40093 m = 0.01232"}
{timestamp:7.02722, localtime:7.02722, state:"IN_SP", message: "INDETERMINATE dt = 0.41988 m = 0.01232"}
{timestamp:7.04916, localtime:7.04916, state:"IN_SP", message: "RAMP_STATUS = INDETERMINATE dt = 0.41988 m = 0.01828"}
{timestamp:7.04916, localtime:7.04916, state:"IN_SP", message: "INDETERMINATE dt = 0.44182 m = 0.01828"}
{timestamp:7.06911, localtime:7.06911, state:"IN_SP", message: "RAMP_STATUS = INDETERMINATE dt = 0.44182 m = 0.01828"}
{timestamp:7.06911, localtime:7.06911, state:"IN_SP", message: "INDETERMINATE dt = 0.46177 m = 0.01828"}
{timestamp:7.08905, localtime:7.08905, state:"IN_SP", message: "RAMP_STATUS = INDETERMINATE dt = 0.46177 m = 0.01078"}
{timestamp:7.08905, localtime:7.08905, state:"IN_SP", message: "INDETERMINATE dt = 0.48171 m = 0.01078"}
{timestamp:7.10800, localtime:7.10800, state:"IN_SP", message: "RAMP_STATUS = INDETERMINATE dt = 0.48171 m = 0.01028"}
{timestamp:7.10800, localtime:7.10800, state:"IN_SP", message: "INDETERMINATE dt = 0.50066 m = 0.01028"}
{timestamp:7.12795, localtime:7.12795, state:"IN_SP", message: "RAMP_STATUS = INDETERMINATE dt = 0.50066 m = 0.00515"}
{timestamp:7.12795, localtime:7.12795, state:"IN_SP", message: "INDETERMINATE dt = 0.52061 m = 0.00515"}
{timestamp:7.14889, localtime:7.14889, state:"IN_SP", message: "RAMP_STATUS = INDETERMINATE dt = 0.52061 m = 0.00000"}
{timestamp:7.14889, localtime:7.14889, state:"IN_SP", message: "INDETERMINATE dt = 0.54155 m = 0.00000"}
