{timestamp:undefined, localtime:NaN, state:"undefined", message: "PROGRESS RESET CALLED "}
{timestamp:undefined, localtime:NaN, state:"configuring detector.", message: "undefined"}
{timestamp:undefined, localtime:NaN, state:"SEARCH_SP", message: "PROGRESS RESET CALLED "}
{timestamp:0.00000, localtime:0.00000, state:"SEARCH_SP", message: "SEARCHING  m = null"}
{timestamp:0.00000, localtime:0.00000, state:"SEARCH_SP", message: "PROGRESS RESET CALLED "}
{timestamp:0.01995, localtime:0.01995, state:"SEARCH_SP", message: "SEARCHING  m = 0.04453"}
{timestamp:0.01995, localtime:0.01995, state:"SEARCH_SP", message: "PROGRESS RESET CALLED "}
{timestamp:0.04089, localtime:0.04089, state:"SEARCH_SP", message: "SEARCHING  m = 0.04453"}
{timestamp:0.04089, localtime:0.04089, state:"SEARCH_SP", message: "PROGRESS RESET CALLED "}
{timestamp:0.07380, localtime:0.07380, state:"SEARCH_SP", message: "SEARCHING  m = 0.04013"}
{timestamp:0.07380, localtime:0.07380, state:"SEARCH_SP", message: "PROGRESS RESET CALLED "}
{timestamp:0.08976, localtime:0.08976, state:"SEARCH_SP", message: "SEARCHING  m = 0.04013"}
{timestamp:0.08976, localtime:0.08976, state:"SEARCH_SP", message: "PROGRESS RESET CALLED "}
{timestamp:0.10572, localtime:0.10572, state:"SEARCH_SP", message: "SEARCHING  m = 0.04013"}
{timestamp:0.10572, localtime:0.10572, state:"SEARCH_SP", message: "PROGRESS RESET CALLED "}
{timestamp:0.12866, localtime:0.12866, state:"SEARCH_SP", message: "SEARCHING  m = 0.04611"}
{timestamp:0.12866, localtime:0.12866, state:"SEARCH_SP", message: "PROGRESS RESET CALLED "}
{timestamp:0.14461, localtime:0.14461, state:"SEARCH_SP", message: "SEARCHING  m = 0.04611"}
{timestamp:0.14461, localtime:0.14461, state:"SEARCH_SP", message: "PROGRESS RESET CALLED "}
{timestamp:0.16456, localtime:0.16456, state:"SEARCH_SP", message: "START t = 0.16455984115600586 m = 0.06362731556711118 f = true"}
{timestamp:0.18650, localtime:0.18650, state:"SEARCH_SP", message: "BUILD EVIDENCE  dt = 0.02194 m = 0.06926  f = 1.00000 [1.00000]"}
{timestamp:0.21143, localtime:0.21143, state:"SEARCH_SP", message: "BUILD EVIDENCE  dt = 0.04687 m = 0.06926  f = 1.00000 [2.00000]"}
{timestamp:0.23138, localtime:0.23138, state:"SEARCH_SP", message: "BUILD EVIDENCE  dt = 0.06682 m = 0.06926  f = 1.00000 [3.00000]"}
{timestamp:0.25631, localtime:0.25631, state:"SEARCH_SP", message: "BUILD EVIDENCE  dt = 0.09175 m = 0.10669  f = 1.00000 [4.00000]"}
{timestamp:0.27128, localtime:0.27128, state:"SEARCH_SP", message: "ACCEPT c = 4.00000 dt = 0.10672  m = 0.10669 (start = 0.16456)"}
{timestamp:0.29122, localtime:0.29122, state:"IN_SP", message: "RAMP_STATUS = WITH dt = 0.10672 m = 0.08122"}
{timestamp:0.29122, localtime:0.29122, state:"IN_SP", message: "EXTEND dt = 0.12666 m = 0.08122"}
{timestamp:0.31017, localtime:0.31017, state:"IN_SP", message: "RAMP_STATUS = WITH dt = 0.12666 m = 0.07649"}
{timestamp:0.31017, localtime:0.31017, state:"IN_SP", message: "EXTEND dt = 0.14561 m = 0.07649"}
{timestamp:0.33012, localtime:0.33012, state:"IN_SP", message: "RAMP_STATUS = WITH dt = 0.14561 m = 0.07502"}
{timestamp:0.33012, localtime:0.33012, state:"IN_SP", message: "EXTEND dt = 0.16556 m = 0.07502"}
{timestamp:0.35006, localtime:0.35006, state:"IN_SP", message: "RAMP_STATUS = WITH dt = 0.16556 m = 0.05661"}
{timestamp:0.35006, localtime:0.35006, state:"IN_SP", message: "EXTEND dt = 0.18550 m = 0.05661"}
{timestamp:0.37201, localtime:0.37201, state:"IN_SP", message: "RAMP_STATUS = INDETERMINATE dt = 0.18550 m = 0.01905"}
{timestamp:0.37201, localtime:0.37201, state:"IN_SP", message: "INDETERMINATE dt = 0.20745 m = 0.01905"}
{timestamp:0.38996, localtime:0.38996, state:"IN_SP", message: "RAMP_STATUS = INDETERMINATE dt = 0.20745 m = 0.01905"}
{timestamp:0.38996, localtime:0.38996, state:"IN_SP", message: "INDETERMINATE dt = 0.22540 m = 0.01905"}
{timestamp:0.41090, localtime:0.41090, state:"IN_SP", message: "RAMP_STATUS = INDETERMINATE dt = 0.22540 m = 0.02678"}
{timestamp:0.41090, localtime:0.41090, state:"IN_SP", message: "INDETERMINATE dt = 0.24634 m = 0.02678"}
{timestamp:0.43184, localtime:0.43184, state:"IN_SP", message: "RAMP_STATUS = WITH dt = 0.24634 m = 0.06207"}
{timestamp:0.43184, localtime:0.43184, state:"IN_SP", message: "EXTEND dt = 0.26728 m = 0.06207"}
{timestamp:0.45478, localtime:0.45478, state:"STEP", message: "START STATIONARITY (COUNT = 0 T = 0.45478391647338867)"}
{timestamp:0.45478, localtime:0.45478, state:"IN_SP", message: "RAMP_STATUS = WITH dt = 0.26728 m = 0.06207"}
{timestamp:0.45478, localtime:0.45478, state:"IN_SP", message: "EXTEND dt = 0.29022 m = 0.06207"}
{timestamp:0.47074, localtime:0.47074, state:"IN_SP", message: "RAMP_STATUS = INDETERMINATE dt = 0.29022 m = 0.02572"}
{timestamp:0.47074, localtime:0.47074, state:"IN_SP", message: "INDETERMINATE dt = 0.30618 m = 0.02572"}
{timestamp:0.49069, localtime:0.49069, state:"IN_SP", message: "RAMP_STATUS = INDETERMINATE dt = 0.30618 m = 0.00000"}
{timestamp:0.49069, localtime:0.49069, state:"IN_SP", message: "INDETERMINATE dt = 0.32613 m = 0.00000"}
{timestamp:0.50964, localtime:0.50964, state:"IN_SP", message: "RAMP_STATUS = AGAINST dt = 0.32613 m = -0.33425"}
{timestamp:0.50964, localtime:0.50964, state:"IN_QP", message: "START QP @ t = 0.50964 d = DOWNWARD m = -0.33425 max_sp_v = 0.11430"}
{timestamp:0.53158, localtime:0.53158, state:"IN_QP", message: "IN_QP VELOCITY CHECK v: -0.749101053766657 dirn.: DOWNWARD"}
{timestamp:0.53158, localtime:0.53158, state:"IN_QP", message: "EXTEND dt = 0.04089 m = -0.74910"}
{timestamp:0.55053, localtime:0.55053, state:"IN_QP", message: "IN_QP VELOCITY CHECK v: -0.013789249188288815 dirn.: DOWNWARD"}
{timestamp:0.55053, localtime:0.55053, state:"IN_QP", message: "EXTEND dt = 0.05984 m = -0.74910"}
{timestamp:0.57047, localtime:0.57047, state:"IN_QP", message: "IN_QP VELOCITY CHECK v: 0 dirn.: DOWNWARD"}
{timestamp:0.57047, localtime:0.57047, state:"FOUND", message: "END (INDETERMINATE) m = -0.01379 [PASS-THROUGH TO FOUND]"}
{timestamp:0.57047, localtime:0.57047, state:"FOUND", message: "END qp end time = 0.57047  qp duration = 0.07979"}
{timestamp:0.57047, localtime:0.57047, state:"FOUND", message: "[PRE-VALIDATOR] END qp end time = 0.57047  qp duration = 0.07979"}
{timestamp:0.57047, localtime:0.57047, state:"FOUND", message: "PASSED VALIDITY CHECK"}
{timestamp:0.57047, localtime:0.57047, state:"FOUND", message: "PROGRESS RESET CALLED "}
{timestamp:0.57047, localtime:0.57047, state:"SEARCH_SP", message: "[FOUND] EARLY RESTART t_early = 0.5704748630523682, t = 0.5704748630523682 m = -0.013789249188288815 f = true"}
{timestamp:0.59242, localtime:0.59242, state:"IN_SP", message: "INDETERMINATE dt = 0.02194 m = 0.00000"}
{timestamp:0.60937, localtime:0.60937, state:"IN_SP", message: "RAMP_STATUS = WITH dt = 0.02194 m = 0.05703"}
{timestamp:0.60937, localtime:0.60937, state:"IN_SP", message: "EXTEND dt = 0.03890 m = 0.05703"}
{timestamp:0.63131, localtime:0.63131, state:"IN_SP", message: "RAMP_STATUS = WITH dt = 0.03890 m = 0.05703"}
{timestamp:0.63131, localtime:0.63131, state:"IN_SP", message: "EXTEND dt = 0.06084 m = 0.05703"}
{timestamp:0.65126, localtime:0.65126, state:"IN_SP", message: "RAMP_STATUS = INDETERMINATE dt = 0.06084 m = 0.00117"}
{timestamp:0.65126, localtime:0.65126, state:"IN_SP", message: "INDETERMINATE dt = 0.08079 m = 0.00117"}
{timestamp:0.67021, localtime:0.67021, state:"IN_SP", message: "RAMP_STATUS = INDETERMINATE dt = 0.08079 m = -0.00126"}
{timestamp:0.67021, localtime:0.67021, state:"IN_SP", message: "INDETERMINATE dt = 0.09973 m = -0.00126"}
{timestamp:0.69015, localtime:0.69015, state:"IN_SP", message: "RAMP_STATUS = AGAINST dt = 0.09973 m = -0.20690"}
{timestamp:0.69015, localtime:0.69015, state:"IN_QP", message: "START QP @ t = 0.69015 d = DOWNWARD m = -0.20690 max_sp_v = 0.05830"}
{timestamp:0.71010, localtime:0.71010, state:"IN_QP", message: "IN_QP VELOCITY CHECK v: -0.20704121819887766 dirn.: DOWNWARD"}
{timestamp:0.71010, localtime:0.71010, state:"IN_QP", message: "EXTEND dt = 0.05884 m = -0.20704"}
{timestamp:0.73005, localtime:0.73005, state:"IN_QP", message: "IN_QP VELOCITY CHECK v: -0.016875318757354464 dirn.: DOWNWARD"}
{timestamp:0.73005, localtime:0.73005, state:"IN_QP", message: "EXTEND dt = 0.07879 m = -0.20704"}
{timestamp:0.75099, localtime:0.75099, state:"IN_QP", message: "IN_QP VELOCITY CHECK v: -0.017949533186607063 dirn.: DOWNWARD"}
{timestamp:0.75099, localtime:0.75099, state:"FOUND", message: "END (INDETERMINATE) m = -0.01795 [PASS-THROUGH TO FOUND]"}
{timestamp:0.75099, localtime:0.75099, state:"FOUND", message: "END qp end time = 0.75099  qp duration = 0.09973"}
{timestamp:0.75099, localtime:0.75099, state:"FOUND", message: "[PRE-VALIDATOR] END qp end time = 0.75099  qp duration = 0.09973"}
{timestamp:0.75099, localtime:0.75099, state:"FOUND", message: "FAILED VALIDITY CHECK"}
{timestamp:0.75099, localtime:0.75099, state:"FOUND", message: "PROGRESS RESET CALLED "}
{timestamp:0.75099, localtime:0.75099, state:"SEARCH_SP", message: "[FOUND] EARLY RESTART t_early = 0.7509918212890625, t = 0.7509918212890625 m = -0.017949533186607063 f = true"}
{timestamp:0.77094, localtime:0.77094, state:"IN_SP", message: "INDETERMINATE dt = 0.01995 m = -0.01688"}
{timestamp:0.79089, localtime:0.79089, state:"IN_SP", message: "RAMP_STATUS = INDETERMINATE dt = 0.01995 m = -0.00140"}
{timestamp:0.79089, localtime:0.79089, state:"IN_SP", message: "INDETERMINATE dt = 0.03989 m = -0.00140"}
{timestamp:0.81083, localtime:0.81083, state:"IN_SP", message: "RAMP_STATUS = INDETERMINATE dt = 0.03989 m = 0.00000"}
{timestamp:0.81083, localtime:0.81083, state:"IN_SP", message: "INDETERMINATE dt = 0.05984 m = 0.00000"}
{timestamp:0.83078, localtime:0.83078, state:"IN_SP", message: "RAMP_STATUS = INDETERMINATE dt = 0.05984 m = 0.00706"}
{timestamp:0.83078, localtime:0.83078, state:"IN_SP", message: "INDETERMINATE dt = 0.07979 m = 0.00706"}
{timestamp:0.85272, localtime:0.85272, state:"IN_SP", message: "RAMP_STATUS = INDETERMINATE dt = 0.07979 m = 0.04401"}
{timestamp:0.85272, localtime:0.85272, state:"IN_SP", message: "INDETERMINATE dt = 0.10173 m = 0.04401"}
{timestamp:0.87267, localtime:0.87267, state:"IN_SP", message: "RAMP_STATUS = INDETERMINATE dt = 0.10173 m = 0.04401"}
{timestamp:0.87267, localtime:0.87267, state:"IN_SP", message: "INDETERMINATE dt = 0.12168 m = 0.04401"}
{timestamp:0.89062, localtime:0.89062, state:"IN_SP", message: "RAMP_STATUS = INDETERMINATE dt = 0.12168 m = 0.02607"}
{timestamp:0.89062, localtime:0.89062, state:"IN_SP", message: "INDETERMINATE dt = 0.13963 m = 0.02607"}
{timestamp:0.91057, localtime:0.91057, state:"IN_SP", message: "RAMP_STATUS = INDETERMINATE dt = 0.13963 m = 0.02607"}
{timestamp:0.91057, localtime:0.91057, state:"IN_SP", message: "INDETERMINATE dt = 0.15957 m = 0.02607"}
{timestamp:0.93051, localtime:0.93051, state:"IN_SP", message: "RAMP_STATUS = WITH dt = 0.15957 m = 0.12969"}
{timestamp:0.93051, localtime:0.93051, state:"IN_SP", message: "EXTEND dt = 0.17952 m = 0.12969"}
{timestamp:0.95046, localtime:0.95046, state:"IN_SP", message: "RAMP_STATUS = WITH dt = 0.17952 m = 0.46293"}
{timestamp:0.95046, localtime:0.95046, state:"IN_SP", message: "EXTEND dt = 0.19947 m = 0.46293"}
{timestamp:0.97240, localtime:0.97240, state:"IN_SP", message: "RAMP_STATUS = WITH dt = 0.19947 m = 0.46293"}
{timestamp:0.97240, localtime:0.97240, state:"IN_SP", message: "EXTEND dt = 0.22141 m = 0.46293"}
{timestamp:0.99335, localtime:0.99335, state:"IN_SP", message: "RAMP_STATUS = WITH dt = 0.22141 m = 0.14161"}
{timestamp:0.99335, localtime:0.99335, state:"IN_SP", message: "EXTEND dt = 0.24235 m = 0.14161"}
{timestamp:1.01030, localtime:1.01030, state:"IN_SP", message: "RAMP_STATUS = WITH dt = 0.24235 m = 0.07984"}
{timestamp:1.01030, localtime:1.01030, state:"IN_SP", message: "EXTEND dt = 0.25931 m = 0.07984"}
{timestamp:1.03324, localtime:1.03324, state:"IN_SP", message: "RAMP_STATUS = WITH dt = 0.25931 m = 0.05197"}
{timestamp:1.03324, localtime:1.03324, state:"IN_SP", message: "EXTEND dt = 0.28225 m = 0.05197"}
{timestamp:1.05119, localtime:1.05119, state:"IN_SP", message: "RAMP_STATUS = INDETERMINATE dt = 0.28225 m = 0.02570"}
{timestamp:1.05119, localtime:1.05119, state:"IN_SP", message: "INDETERMINATE dt = 0.30020 m = 0.02570"}
{timestamp:1.07114, localtime:1.07114, state:"IN_SP", message: "RAMP_STATUS = INDETERMINATE dt = 0.30020 m = 0.02570"}
{timestamp:1.07114, localtime:1.07114, state:"IN_SP", message: "INDETERMINATE dt = 0.32014 m = 0.02570"}
{timestamp:1.09108, localtime:1.09108, state:"IN_SP", message: "RAMP_STATUS = WITH dt = 0.32014 m = 0.05586"}
{timestamp:1.09108, localtime:1.09108, state:"IN_SP", message: "EXTEND dt = 0.34009 m = 0.05586"}
{timestamp:1.11003, localtime:1.11003, state:"IN_SP", message: "RAMP_STATUS = WITH dt = 0.34009 m = 0.05586"}
{timestamp:1.11003, localtime:1.11003, state:"IN_SP", message: "EXTEND dt = 0.35904 m = 0.05586"}
{timestamp:1.12998, localtime:1.12998, state:"IN_SP", message: "RAMP_STATUS = INDETERMINATE dt = 0.35904 m = 0.02966"}
{timestamp:1.12998, localtime:1.12998, state:"IN_SP", message: "INDETERMINATE dt = 0.37899 m = 0.02966"}
{timestamp:1.15392, localtime:1.15392, state:"IN_SP", message: "RAMP_STATUS = INDETERMINATE dt = 0.37899 m = 0.02770"}
{timestamp:1.15392, localtime:1.15392, state:"IN_SP", message: "INDETERMINATE dt = 0.40292 m = 0.02770"}
{timestamp:1.17087, localtime:1.17087, state:"IN_SP", message: "RAMP_STATUS = INDETERMINATE dt = 0.40292 m = 0.02770"}
{timestamp:1.17087, localtime:1.17087, state:"IN_SP", message: "INDETERMINATE dt = 0.41988 m = 0.02770"}
{timestamp:1.19082, localtime:1.19082, state:"IN_SP", message: "RAMP_STATUS = INDETERMINATE dt = 0.41988 m = 0.03006"}
{timestamp:1.19082, localtime:1.19082, state:"IN_SP", message: "INDETERMINATE dt = 0.43983 m = 0.03006"}
{timestamp:1.21076, localtime:1.21076, state:"IN_SP", message: "RAMP_STATUS = INDETERMINATE dt = 0.43983 m = 0.03426"}
{timestamp:1.21076, localtime:1.21076, state:"IN_SP", message: "INDETERMINATE dt = 0.45977 m = 0.03426"}
{timestamp:1.23071, localtime:1.23071, state:"IN_SP", message: "RAMP_STATUS = INDETERMINATE dt = 0.45977 m = 0.04543"}
{timestamp:1.23071, localtime:1.23071, state:"IN_SP", message: "INDETERMINATE dt = 0.47972 m = 0.04543"}
{timestamp:1.25265, localtime:1.25265, state:"IN_SP", message: "RAMP_STATUS = INDETERMINATE dt = 0.47972 m = 0.04543"}
{timestamp:1.25265, localtime:1.25265, state:"IN_SP", message: "INDETERMINATE dt = 0.50166 m = 0.04543"}
{timestamp:1.27260, localtime:1.27260, state:"IN_SP", message: "RAMP_STATUS = INDETERMINATE dt = 0.50166 m = 0.01714"}
{timestamp:1.27260, localtime:1.27260, state:"IN_SP", message: "INDETERMINATE dt = 0.52161 m = 0.01714"}
{timestamp:1.28856, localtime:1.28856, state:"IN_SP", message: "RAMP_STATUS = INDETERMINATE dt = 0.52161 m = 0.01714"}
{timestamp:1.28856, localtime:1.28856, state:"IN_SP", message: "INDETERMINATE dt = 0.53756 m = 0.01714"}
{timestamp:1.31050, localtime:1.31050, state:"IN_SP", message: "RAMP_STATUS = INDETERMINATE dt = 0.53756 m = 0.02037"}
{timestamp:1.31050, localtime:1.31050, state:"IN_SP", message: "INDETERMINATE dt = 0.55950 m = 0.02037"}
{timestamp:1.33044, localtime:1.33044, state:"IN_SP", message: "RAMP_STATUS = INDETERMINATE dt = 0.55950 m = 0.04815"}
{timestamp:1.33044, localtime:1.33044, state:"IN_SP", message: "INDETERMINATE dt = 0.57945 m = 0.04815"}
{timestamp:1.34939, localtime:1.34939, state:"IN_SP", message: "RAMP_STATUS = INDETERMINATE dt = 0.57945 m = 0.04815"}
{timestamp:1.34939, localtime:1.34939, state:"IN_SP", message: "INDETERMINATE dt = 0.59840 m = 0.04815"}
{timestamp:1.37034, localtime:1.37034, state:"IN_SP", message: "RAMP_STATUS = INDETERMINATE dt = 0.59840 m = 0.00000"}
{timestamp:1.37034, localtime:1.37034, state:"IN_SP", message: "INDETERMINATE dt = 0.61934 m = 0.00000"}
{timestamp:1.39128, localtime:1.39128, state:"IN_SP", message: "RAMP_STATUS = INDETERMINATE dt = 0.61934 m = -0.00142"}
{timestamp:1.39128, localtime:1.39128, state:"IN_SP", message: "INDETERMINATE dt = 0.64029 m = -0.00142"}
{timestamp:1.41422, localtime:1.41422, state:"IN_SP", message: "RAMP_STATUS = AGAINST dt = 0.64029 m = -0.10917"}
{timestamp:1.41422, localtime:1.41422, state:"IN_QP", message: "START QP @ t = 1.41422 d = DOWNWARD m = -0.10917 max_sp_v = 0.48085"}
{timestamp:1.43117, localtime:1.43117, state:"IN_QP", message: "IN_QP VELOCITY CHECK v: -0.02790612468440081 dirn.: DOWNWARD"}
{timestamp:1.43117, localtime:1.43117, state:"IN_QP", message: "EXTEND dt = 0.06084 m = -0.10917"}
{timestamp:1.45112, localtime:1.45112, state:"IN_QP", message: "IN_QP VELOCITY CHECK v: 0 dirn.: DOWNWARD"}
{timestamp:1.45112, localtime:1.45112, state:"FOUND", message: "END (INDETERMINATE) m = -0.02791 [PASS-THROUGH TO FOUND]"}
{timestamp:1.45112, localtime:1.45112, state:"FOUND", message: "END qp end time = 1.45112  qp duration = 0.08078"}
{timestamp:1.45112, localtime:1.45112, state:"FOUND", message: "[PRE-VALIDATOR] END qp end time = 1.45112  qp duration = 0.08078"}
{timestamp:1.45112, localtime:1.45112, state:"FOUND", message: "FAILED VALIDITY CHECK"}
{timestamp:1.45112, localtime:1.45112, state:"FOUND", message: "PROGRESS RESET CALLED "}
{timestamp:1.45112, localtime:1.45112, state:"SEARCH_SP", message: "[FOUND] EARLY RESTART t_early = 1.4511210918426514, t = 1.4511210918426514 m = -0.02790612468440081 f = true"}
{timestamp:1.47206, localtime:1.47206, state:"IN_SP", message: "INDETERMINATE dt = 0.02094 m = 0.00000"}
{timestamp:1.49101, localtime:1.49101, state:"IN_SP", message: "RAMP_STATUS = INDETERMINATE dt = 0.02094 m = 0.00152"}
{timestamp:1.49101, localtime:1.49101, state:"IN_SP", message: "INDETERMINATE dt = 0.03989 m = 0.00152"}
{timestamp:1.50996, localtime:1.50996, state:"IN_SP", message: "RAMP_STATUS = INDETERMINATE dt = 0.03989 m = 0.03134"}
{timestamp:1.50996, localtime:1.50996, state:"IN_SP", message: "INDETERMINATE dt = 0.05884 m = 0.03134"}
{timestamp:1.53091, localtime:1.53091, state:"IN_SP", message: "RAMP_STATUS = INDETERMINATE dt = 0.05884 m = 0.04513"}
{timestamp:1.53091, localtime:1.53091, state:"IN_SP", message: "INDETERMINATE dt = 0.07979 m = 0.04513"}
{timestamp:1.55085, localtime:1.55085, state:"IN_SP", message: "RAMP_STATUS = INDETERMINATE dt = 0.07979 m = 0.04513"}
{timestamp:1.55085, localtime:1.55085, state:"IN_SP", message: "INDETERMINATE dt = 0.09973 m = 0.04513"}
{timestamp:1.57379, localtime:1.57379, state:"IN_SP", message: "RAMP_STATUS = INDETERMINATE dt = 0.09973 m = 0.04513"}
{timestamp:1.57379, localtime:1.57379, state:"IN_SP", message: "INDETERMINATE dt = 0.12267 m = 0.04513"}
{timestamp:1.59274, localtime:1.59274, state:"IN_SP", message: "RAMP_STATUS = WITH dt = 0.12267 m = 0.05434"}
{timestamp:1.59274, localtime:1.59274, state:"IN_SP", message: "EXTEND dt = 0.14162 m = 0.05434"}
{timestamp:1.60970, localtime:1.60970, state:"IN_SP", message: "RAMP_STATUS = WITH dt = 0.14162 m = 0.05591"}
{timestamp:1.60970, localtime:1.60970, state:"IN_SP", message: "EXTEND dt = 0.15858 m = 0.05591"}
{timestamp:1.63064, localtime:1.63064, state:"IN_SP", message: "RAMP_STATUS = WITH dt = 0.15858 m = 0.05591"}
{timestamp:1.63064, localtime:1.63064, state:"IN_SP", message: "EXTEND dt = 0.17952 m = 0.05591"}
{timestamp:1.65059, localtime:1.65059, state:"IN_SP", message: "RAMP_STATUS = INDETERMINATE dt = 0.17952 m = 0.02860"}
{timestamp:1.65059, localtime:1.65059, state:"IN_SP", message: "INDETERMINATE dt = 0.19947 m = 0.02860"}
{timestamp:1.67054, localtime:1.67054, state:"IN_SP", message: "RAMP_STATUS = INDETERMINATE dt = 0.19947 m = 0.01115"}
{timestamp:1.67054, localtime:1.67054, state:"IN_SP", message: "INDETERMINATE dt = 0.21941 m = 0.01115"}
{timestamp:1.69048, localtime:1.69048, state:"IN_SP", message: "RAMP_STATUS = INDETERMINATE dt = 0.21941 m = 0.00000"}
{timestamp:1.69048, localtime:1.69048, state:"IN_SP", message: "INDETERMINATE dt = 0.23936 m = 0.00000"}
{timestamp:1.71043, localtime:1.71043, state:"IN_SP", message: "RAMP_STATUS = INDETERMINATE dt = 0.23936 m = -0.00133"}
{timestamp:1.71043, localtime:1.71043, state:"IN_SP", message: "INDETERMINATE dt = 0.25931 m = -0.00133"}
{timestamp:1.73037, localtime:1.73037, state:"IN_SP", message: "RAMP_STATUS = INDETERMINATE dt = 0.25931 m = -0.00133"}
{timestamp:1.73037, localtime:1.73037, state:"IN_SP", message: "INDETERMINATE dt = 0.27925 m = -0.00133"}
{timestamp:1.75232, localtime:1.75232, state:"IN_SP", message: "RAMP_STATUS = INDETERMINATE dt = 0.27925 m = 0.00000"}
{timestamp:1.75232, localtime:1.75232, state:"IN_SP", message: "INDETERMINATE dt = 0.30120 m = 0.00000"}
{timestamp:1.77127, localtime:1.77127, state:"IN_SP", message: "RAMP_STATUS = INDETERMINATE dt = 0.30120 m = 0.02529"}
{timestamp:1.77127, localtime:1.77127, state:"IN_SP", message: "INDETERMINATE dt = 0.32014 m = 0.02529"}
{timestamp:1.79021, localtime:1.79021, state:"IN_SP", message: "RAMP_STATUS = INDETERMINATE dt = 0.32014 m = 0.03055"}
{timestamp:1.79021, localtime:1.79021, state:"IN_SP", message: "INDETERMINATE dt = 0.33909 m = 0.03055"}
{timestamp:1.81116, localtime:1.81116, state:"IN_SP", message: "RAMP_STATUS = WITH dt = 0.33909 m = 0.06328"}
{timestamp:1.81116, localtime:1.81116, state:"IN_SP", message: "EXTEND dt = 0.36004 m = 0.06328"}
{timestamp:1.83111, localtime:1.83111, state:"IN_SP", message: "RAMP_STATUS = WITH dt = 0.36004 m = 0.06328"}
{timestamp:1.83111, localtime:1.83111, state:"IN_SP", message: "EXTEND dt = 0.37999 m = 0.06328"}
{timestamp:1.85006, localtime:1.85006, state:"IN_SP", message: "RAMP_STATUS = INDETERMINATE dt = 0.37999 m = 0.03275"}
{timestamp:1.85006, localtime:1.85006, state:"IN_SP", message: "INDETERMINATE dt = 0.39893 m = 0.03275"}
{timestamp:1.87299, localtime:1.87299, state:"IN_SP", message: "RAMP_STATUS = INDETERMINATE dt = 0.39893 m = 0.03117"}
{timestamp:1.87299, localtime:1.87299, state:"IN_SP", message: "INDETERMINATE dt = 0.42187 m = 0.03117"}
{timestamp:1.89194, localtime:1.89194, state:"IN_SP", message: "RAMP_STATUS = INDETERMINATE dt = 0.42187 m = 0.03117"}
{timestamp:1.89194, localtime:1.89194, state:"IN_SP", message: "INDETERMINATE dt = 0.44082 m = 0.03117"}
{timestamp:1.91289, localtime:1.91289, state:"IN_SP", message: "RAMP_STATUS = INDETERMINATE dt = 0.44082 m = 0.01106"}
{timestamp:1.91289, localtime:1.91289, state:"IN_SP", message: "INDETERMINATE dt = 0.46177 m = 0.01106"}
{timestamp:1.93184, localtime:1.93184, state:"IN_SP", message: "RAMP_STATUS = INDETERMINATE dt = 0.46177 m = 0.00000"}
{timestamp:1.93184, localtime:1.93184, state:"IN_SP", message: "INDETERMINATE dt = 0.48072 m = 0.00000"}
{timestamp:1.95079, localtime:1.95079, state:"IN_SP", message: "RAMP_STATUS = INDETERMINATE dt = 0.48072 m = -0.03000"}
{timestamp:1.95079, localtime:1.95079, state:"IN_SP", message: "INDETERMINATE dt = 0.49967 m = -0.03000"}
{timestamp:1.97472, localtime:1.97472, state:"IN_SP", message: "RAMP_STATUS = AGAINST dt = 0.49967 m = -0.05626"}
{timestamp:1.97472, localtime:1.97472, state:"IN_QP", message: "START QP @ t = 1.97472 d = DOWNWARD m = -0.05626 max_sp_v = 0.08621"}
{timestamp:1.99168, localtime:1.99168, state:"IN_QP", message: "IN_QP VELOCITY CHECK v: -0.0028059799836883123 dirn.: DOWNWARD"}
{timestamp:1.99168, localtime:1.99168, state:"IN_QP", message: "EXTEND dt = 0.05984 m = -0.05626"}
{timestamp:2.00963, localtime:2.00963, state:"IN_QP", message: "IN_QP VELOCITY CHECK v: 0 dirn.: DOWNWARD"}
{timestamp:2.00963, localtime:2.00963, state:"FOUND", message: "END (INDETERMINATE) m = -0.00281 [PASS-THROUGH TO FOUND]"}
{timestamp:2.00963, localtime:2.00963, state:"FOUND", message: "END qp end time = 2.00963  qp duration = 0.07779"}
{timestamp:2.00963, localtime:2.00963, state:"FOUND", message: "[PRE-VALIDATOR] END qp end time = 2.00963  qp duration = 0.07779"}
{timestamp:2.00963, localtime:2.00963, state:"FOUND", message: "FAILED VALIDITY CHECK"}
{timestamp:2.00963, localtime:2.00963, state:"FOUND", message: "PROGRESS RESET CALLED "}
{timestamp:2.00963, localtime:2.00963, state:"SEARCH_SP", message: "[FOUND] EARLY RESTART t_early = 2.0096285343170166, t = 2.0096285343170166 m = -0.0028059799836883123 f = true"}
{timestamp:2.03157, localtime:2.03157, state:"IN_SP", message: "INDETERMINATE dt = 0.02194 m = 0.00000"}
{timestamp:2.05152, localtime:2.05152, state:"IN_SP", message: "RAMP_STATUS = INDETERMINATE dt = 0.02194 m = 0.00575"}
{timestamp:2.05152, localtime:2.05152, state:"IN_SP", message: "INDETERMINATE dt = 0.04189 m = 0.00575"}
{timestamp:2.07047, localtime:2.07047, state:"IN_SP", message: "RAMP_STATUS = INDETERMINATE dt = 0.04189 m = 0.00932"}
{timestamp:2.07047, localtime:2.07047, state:"IN_SP", message: "INDETERMINATE dt = 0.06084 m = 0.00932"}
{timestamp:2.09241, localtime:2.09241, state:"IN_SP", message: "RAMP_STATUS = INDETERMINATE dt = 0.06084 m = 0.01482"}
{timestamp:2.09241, localtime:2.09241, state:"IN_SP", message: "INDETERMINATE dt = 0.08278 m = 0.01482"}
{timestamp:2.11136, localtime:2.11136, state:"IN_SP", message: "RAMP_STATUS = INDETERMINATE dt = 0.08278 m = 0.04890"}
{timestamp:2.11136, localtime:2.11136, state:"IN_SP", message: "INDETERMINATE dt = 0.10173 m = 0.04890"}
{timestamp:2.12931, localtime:2.12931, state:"IN_SP", message: "RAMP_STATUS = INDETERMINATE dt = 0.10173 m = 0.04890"}
{timestamp:2.12931, localtime:2.12931, state:"IN_SP", message: "INDETERMINATE dt = 0.11968 m = 0.04890"}
{timestamp:2.15025, localtime:2.15025, state:"IN_SP", message: "RAMP_STATUS = INDETERMINATE dt = 0.11968 m = 0.00391"}
{timestamp:2.15025, localtime:2.15025, state:"IN_SP", message: "INDETERMINATE dt = 0.14062 m = 0.00391"}
{timestamp:2.17020, localtime:2.17020, state:"IN_SP", message: "RAMP_STATUS = INDETERMINATE dt = 0.14062 m = 0.00000"}
{timestamp:2.17020, localtime:2.17020, state:"IN_SP", message: "INDETERMINATE dt = 0.16057 m = 0.00000"}
{timestamp:2.19114, localtime:2.19114, state:"IN_SP", message: "RAMP_STATUS = INDETERMINATE dt = 0.16057 m = -0.00123"}
{timestamp:2.19114, localtime:2.19114, state:"IN_SP", message: "INDETERMINATE dt = 0.18151 m = -0.00123"}
{timestamp:2.21209, localtime:2.21209, state:"IN_SP", message: "RAMP_STATUS = AGAINST dt = 0.18151 m = -0.05707"}
{timestamp:2.21209, localtime:2.21209, state:"IN_QP", message: "START QP @ t = 2.21209 d = DOWNWARD m = -0.05707 max_sp_v = 0.05227"}
{timestamp:2.23004, localtime:2.23004, state:"IN_QP", message: "IN_QP VELOCITY CHECK v: -0.0031498860238614096 dirn.: DOWNWARD"}
{timestamp:2.23004, localtime:2.23004, state:"IN_QP", message: "EXTEND dt = 0.05984 m = -0.05707"}
{timestamp:2.24999, localtime:2.24999, state:"IN_QP", message: "IN_QP VELOCITY CHECK v: 0.002849907123562881 dirn.: DOWNWARD"}
{timestamp:2.24999, localtime:2.24999, state:"FOUND", message: "END (INDETERMINATE) m = -0.00315 [PASS-THROUGH TO FOUND]"}
{timestamp:2.24999, localtime:2.24999, state:"FOUND", message: "END qp end time = 2.24999  qp duration = 0.07979"}
{timestamp:2.24999, localtime:2.24999, state:"FOUND", message: "[PRE-VALIDATOR] END qp end time = 2.24999  qp duration = 0.07979"}
{timestamp:2.24999, localtime:2.24999, state:"FOUND", message: "FAILED VALIDITY CHECK"}
{timestamp:2.24999, localtime:2.24999, state:"FOUND", message: "PROGRESS RESET CALLED "}
{timestamp:2.24999, localtime:2.24999, state:"SEARCH_SP", message: "[FOUND] EARLY RESTART t_early = 2.249986171722412, t = 2.249986171722412 m = -0.0031498860238614096 f = true"}
{timestamp:2.27193, localtime:2.27193, state:"IN_SP", message: "INDETERMINATE dt = 0.02194 m = 0.00285"}
{timestamp:2.29088, localtime:2.29088, state:"IN_SP", message: "RAMP_STATUS = INDETERMINATE dt = 0.02194 m = 0.00647"}
{timestamp:2.29088, localtime:2.29088, state:"IN_SP", message: "INDETERMINATE dt = 0.04089 m = 0.00647"}
{timestamp:2.31082, localtime:2.31082, state:"IN_SP", message: "RAMP_STATUS = INDETERMINATE dt = 0.04089 m = 0.01959"}
{timestamp:2.31082, localtime:2.31082, state:"IN_SP", message: "INDETERMINATE dt = 0.06084 m = 0.01959"}
{timestamp:2.33077, localtime:2.33077, state:"IN_SP", message: "RAMP_STATUS = INDETERMINATE dt = 0.06084 m = 0.03510"}
{timestamp:2.33077, localtime:2.33077, state:"IN_SP", message: "INDETERMINATE dt = 0.08078 m = 0.03510"}
{timestamp:2.35171, localtime:2.35171, state:"IN_SP", message: "RAMP_STATUS = INDETERMINATE dt = 0.08078 m = 0.04920"}
{timestamp:2.35171, localtime:2.35171, state:"IN_SP", message: "INDETERMINATE dt = 0.10173 m = 0.04920"}
{timestamp:2.37066, localtime:2.37066, state:"IN_SP", message: "RAMP_STATUS = INDETERMINATE dt = 0.10173 m = 0.04920"}
{timestamp:2.37066, localtime:2.37066, state:"IN_SP", message: "INDETERMINATE dt = 0.12068 m = 0.04920"}
{timestamp:2.39161, localtime:2.39161, state:"IN_SP", message: "RAMP_STATUS = INDETERMINATE dt = 0.12068 m = 0.00000"}
{timestamp:2.39161, localtime:2.39161, state:"IN_SP", message: "INDETERMINATE dt = 0.14162 m = 0.00000"}
{timestamp:2.41156, localtime:2.41156, state:"IN_SP", message: "RAMP_STATUS = INDETERMINATE dt = 0.14162 m = -0.00836"}
{timestamp:2.41156, localtime:2.41156, state:"IN_SP", message: "INDETERMINATE dt = 0.16157 m = -0.00836"}
{timestamp:2.42951, localtime:2.42951, state:"IN_SP", message: "RAMP_STATUS = AGAINST dt = 0.16157 m = -0.09076"}
{timestamp:2.42951, localtime:2.42951, state:"IN_QP", message: "START QP @ t = 2.42951 d = DOWNWARD m = -0.09076 max_sp_v = 0.06716"}
{timestamp:2.45045, localtime:2.45045, state:"IN_QP", message: "IN_QP VELOCITY CHECK v: -0.05809303972407299 dirn.: DOWNWARD"}
{timestamp:2.45045, localtime:2.45045, state:"IN_QP", message: "EXTEND dt = 0.05884 m = -0.09076"}
{timestamp:2.46840, localtime:2.46840, state:"IN_QP", message: "IN_QP VELOCITY CHECK v: -0.046324133360543494 dirn.: DOWNWARD"}
{timestamp:2.46840, localtime:2.46840, state:"IN_QP", message: "EXTEND dt = 0.07679 m = -0.05809"}
{timestamp:2.48935, localtime:2.48935, state:"IN_QP", message: "IN_QP VELOCITY CHECK v: 0 dirn.: DOWNWARD"}
{timestamp:2.48935, localtime:2.48935, state:"FOUND", message: "END (INDETERMINATE) m = -0.04632 [PASS-THROUGH TO FOUND]"}
{timestamp:2.48935, localtime:2.48935, state:"FOUND", message: "END qp end time = 2.48935  qp duration = 0.09774"}
{timestamp:2.48935, localtime:2.48935, state:"FOUND", message: "[PRE-VALIDATOR] END qp end time = 2.48935  qp duration = 0.09774"}
{timestamp:2.48935, localtime:2.48935, state:"FOUND", message: "FAILED VALIDITY CHECK"}
{timestamp:2.48935, localtime:2.48935, state:"FOUND", message: "PROGRESS RESET CALLED "}
{timestamp:2.48935, localtime:2.48935, state:"SEARCH_SP", message: "[FOUND] EARLY RESTART t_early = 2.4893462657928467, t = 2.4893462657928467 m = -0.046324133360543494 f = true"}
{timestamp:2.51228, localtime:2.51228, state:"IN_SP", message: "INDETERMINATE dt = 0.02294 m = 0.00000"}
{timestamp:2.52824, localtime:2.52824, state:"IN_SP", message: "RAMP_STATUS = INDETERMINATE dt = 0.02294 m = 0.00984"}
{timestamp:2.52824, localtime:2.52824, state:"IN_SP", message: "INDETERMINATE dt = 0.03890 m = 0.00984"}
{timestamp:2.55118, localtime:2.55118, state:"IN_SP", message: "RAMP_STATUS = WITH dt = 0.03890 m = 0.06192"}
{timestamp:2.55118, localtime:2.55118, state:"IN_SP", message: "EXTEND dt = 0.06183 m = 0.06192"}
{timestamp:2.57312, localtime:2.57312, state:"IN_SP", message: "RAMP_STATUS = WITH dt = 0.06183 m = 0.07034"}
{timestamp:2.57312, localtime:2.57312, state:"IN_SP", message: "EXTEND dt = 0.08378 m = 0.07034"}
{timestamp:2.58808, localtime:2.58808, state:"IN_SP", message: "RAMP_STATUS = WITH dt = 0.08378 m = 0.07034"}
{timestamp:2.58808, localtime:2.58808, state:"IN_SP", message: "EXTEND dt = 0.09874 m = 0.07034"}
{timestamp:2.61501, localtime:2.61501, state:"IN_SP", message: "RAMP_STATUS = WITH dt = 0.09874 m = 0.07034"}
{timestamp:2.61501, localtime:2.61501, state:"IN_SP", message: "EXTEND dt = 0.12567 m = 0.07034"}
{timestamp:2.63396, localtime:2.63396, state:"IN_SP", message: "RAMP_STATUS = WITH dt = 0.12567 m = 0.06933"}
{timestamp:2.63396, localtime:2.63396, state:"IN_SP", message: "EXTEND dt = 0.14461 m = 0.06933"}
{timestamp:2.65491, localtime:2.65491, state:"IN_SP", message: "RAMP_STATUS = WITH dt = 0.14461 m = 0.06197"}
{timestamp:2.65491, localtime:2.65491, state:"IN_SP", message: "EXTEND dt = 0.16556 m = 0.06197"}
{timestamp:2.67086, localtime:2.67086, state:"IN_SP", message: "RAMP_STATUS = WITH dt = 0.16556 m = 0.06933"}
{timestamp:2.67086, localtime:2.67086, state:"IN_SP", message: "EXTEND dt = 0.18151 m = 0.06933"}
{timestamp:2.69081, localtime:2.69081, state:"IN_SP", message: "RAMP_STATUS = WITH dt = 0.18151 m = 0.07985"}
{timestamp:2.69081, localtime:2.69081, state:"IN_SP", message: "EXTEND dt = 0.20146 m = 0.07985"}
{timestamp:2.71075, localtime:2.71075, state:"IN_SP", message: "RAMP_STATUS = WITH dt = 0.20146 m = 0.07985"}
{timestamp:2.71075, localtime:2.71075, state:"IN_SP", message: "EXTEND dt = 0.22141 m = 0.07985"}
{timestamp:2.72970, localtime:2.72970, state:"IN_SP", message: "RAMP_STATUS = INDETERMINATE dt = 0.22141 m = 0.02732"}
{timestamp:2.72970, localtime:2.72970, state:"IN_SP", message: "INDETERMINATE dt = 0.24036 m = 0.02732"}
{timestamp:2.75464, localtime:2.75464, state:"IN_SP", message: "RAMP_STATUS = INDETERMINATE dt = 0.24036 m = 0.00157"}
{timestamp:2.75464, localtime:2.75464, state:"IN_SP", message: "INDETERMINATE dt = 0.26529 m = 0.00157"}
{timestamp:2.76860, localtime:2.76860, state:"IN_SP", message: "RAMP_STATUS = INDETERMINATE dt = 0.26529 m = -0.00177"}
{timestamp:2.76860, localtime:2.76860, state:"IN_SP", message: "INDETERMINATE dt = 0.27925 m = -0.00177"}
{timestamp:2.78954, localtime:2.78954, state:"IN_SP", message: "RAMP_STATUS = AGAINST dt = 0.27925 m = -0.08476"}
{timestamp:2.78954, localtime:2.78954, state:"IN_QP", message: "START QP @ t = 2.78954 d = DOWNWARD m = -0.08476 max_sp_v = 0.08901"}
{timestamp:2.81448, localtime:2.81448, state:"IN_QP", message: "IN_QP VELOCITY CHECK v: -0.09371878930051354 dirn.: DOWNWARD"}
{timestamp:2.81448, localtime:2.81448, state:"IN_QP", message: "EXTEND dt = 0.05984 m = -0.09372"}
{timestamp:2.83343, localtime:2.83343, state:"IN_QP", message: "IN_QP VELOCITY CHECK v: -0.02229958270942509 dirn.: DOWNWARD"}
{timestamp:2.83343, localtime:2.83343, state:"IN_QP", message: "EXTEND dt = 0.07879 m = -0.09372"}
{timestamp:2.85138, localtime:2.85138, state:"IN_QP", message: "IN_QP VELOCITY CHECK v: -0.011754315586108226 dirn.: DOWNWARD"}
{timestamp:2.85138, localtime:2.85138, state:"FOUND", message: "END (INDETERMINATE) m = -0.02230 [PASS-THROUGH TO FOUND]"}
{timestamp:2.85138, localtime:2.85138, state:"FOUND", message: "END qp end time = 2.85138  qp duration = 0.09674"}
{timestamp:2.85138, localtime:2.85138, state:"FOUND", message: "[PRE-VALIDATOR] END qp end time = 2.85138  qp duration = 0.09674"}
{timestamp:2.85138, localtime:2.85138, state:"FOUND", message: "FAILED VALIDITY CHECK"}
{timestamp:2.85138, localtime:2.85138, state:"FOUND", message: "PROGRESS RESET CALLED "}
{timestamp:2.85138, localtime:2.85138, state:"SEARCH_SP", message: "[FOUND] EARLY RESTART t_early = 2.851379632949829, t = 2.851379632949829 m = -0.02229958270942509 f = true"}
{timestamp:2.86933, localtime:2.86933, state:"IN_SP", message: "INDETERMINATE dt = 0.01795 m = -0.01175"}
{timestamp:2.88928, localtime:2.88928, state:"IN_SP", message: "RAMP_STATUS = INDETERMINATE dt = 0.01795 m = 0.00000"}
{timestamp:2.88928, localtime:2.88928, state:"IN_SP", message: "INDETERMINATE dt = 0.03790 m = 0.00000"}
{timestamp:2.91720, localtime:2.91720, state:"IN_SP", message: "RAMP_STATUS = INDETERMINATE dt = 0.03790 m = 0.00197"}
{timestamp:2.91720, localtime:2.91720, state:"IN_SP", message: "INDETERMINATE dt = 0.06582 m = 0.00197"}
{timestamp:2.93416, localtime:2.93416, state:"IN_SP", message: "RAMP_STATUS = INDETERMINATE dt = 0.06582 m = 0.00496"}
{timestamp:2.93416, localtime:2.93416, state:"IN_SP", message: "INDETERMINATE dt = 0.08278 m = 0.00496"}
{timestamp:2.95011, localtime:2.95011, state:"IN_SP", message: "RAMP_STATUS = WITH dt = 0.08278 m = 0.06156"}
{timestamp:2.95011, localtime:2.95011, state:"IN_SP", message: "EXTEND dt = 0.09874 m = 0.06156"}
{timestamp:2.97006, localtime:2.97006, state:"IN_SP", message: "RAMP_STATUS = WITH dt = 0.09874 m = 0.10634"}
{timestamp:2.97006, localtime:2.97006, state:"IN_SP", message: "EXTEND dt = 0.11868 m = 0.10634"}
{timestamp:2.98901, localtime:2.98901, state:"IN_SP", message: "RAMP_STATUS = WITH dt = 0.11868 m = 0.10634"}
{timestamp:2.98901, localtime:2.98901, state:"IN_SP", message: "EXTEND dt = 0.13763 m = 0.10634"}
{timestamp:3.00995, localtime:3.00995, state:"IN_SP", message: "RAMP_STATUS = WITH dt = 0.13763 m = 0.09361"}
{timestamp:3.00995, localtime:3.00995, state:"IN_SP", message: "EXTEND dt = 0.15858 m = 0.09361"}
{timestamp:3.02990, localtime:3.02990, state:"IN_SP", message: "RAMP_STATUS = WITH dt = 0.15858 m = 0.06646"}
{timestamp:3.02990, localtime:3.02990, state:"IN_SP", message: "EXTEND dt = 0.17852 m = 0.06646"}
{timestamp:3.04885, localtime:3.04885, state:"IN_SP", message: "RAMP_STATUS = INDETERMINATE dt = 0.17852 m = 0.03406"}
{timestamp:3.04885, localtime:3.04885, state:"IN_SP", message: "INDETERMINATE dt = 0.19747 m = 0.03406"}
{timestamp:3.07777, localtime:3.07777, state:"IN_SP", message: "RAMP_STATUS = INDETERMINATE dt = 0.19747 m = 0.00000"}
{timestamp:3.07777, localtime:3.07777, state:"IN_SP", message: "INDETERMINATE dt = 0.22639 m = 0.00000"}
{timestamp:3.09872, localtime:3.09872, state:"IN_SP", message: "RAMP_STATUS = AGAINST dt = 0.22639 m = -0.06464"}
{timestamp:3.09872, localtime:3.09872, state:"IN_QP", message: "START QP @ t = 3.09872 d = DOWNWARD m = -0.06464 max_sp_v = 0.10957"}
{timestamp:3.11866, localtime:3.11866, state:"IN_QP", message: "IN_QP VELOCITY CHECK v: -0.07490453043686136 dirn.: DOWNWARD"}
{timestamp:3.11866, localtime:3.11866, state:"IN_QP", message: "EXTEND dt = 0.04089 m = -0.07490"}
{timestamp:3.13761, localtime:3.13761, state:"IN_QP", message: "IN_QP VELOCITY CHECK v: -0.018230309999641554 dirn.: DOWNWARD"}
{timestamp:3.13761, localtime:3.13761, state:"IN_QP", message: "EXTEND dt = 0.05984 m = -0.07490"}
{timestamp:3.15457, localtime:3.15457, state:"IN_QP", message: "IN_QP VELOCITY CHECK v: 0 dirn.: DOWNWARD"}
{timestamp:3.15457, localtime:3.15457, state:"FOUND", message: "END (INDETERMINATE) m = -0.01823 [PASS-THROUGH TO FOUND]"}
{timestamp:3.15457, localtime:3.15457, state:"FOUND", message: "END qp end time = 3.15457  qp duration = 0.07680"}
{timestamp:3.15457, localtime:3.15457, state:"FOUND", message: "[PRE-VALIDATOR] END qp end time = 3.15457  qp duration = 0.07680"}
{timestamp:3.15457, localtime:3.15457, state:"FOUND", message: "FAILED VALIDITY CHECK"}
{timestamp:3.15457, localtime:3.15457, state:"FOUND", message: "PROGRESS RESET CALLED "}
{timestamp:3.15457, localtime:3.15457, state:"SEARCH_SP", message: "[FOUND] EARLY RESTART t_early = 3.154569149017334, t = 3.154569149017334 m = -0.018230309999641554 f = true"}
{timestamp:3.17252, localtime:3.17252, state:"IN_SP", message: "INDETERMINATE dt = 0.01795 m = 0.00000"}
{timestamp:3.19446, localtime:3.19446, state:"IN_SP", message: "RAMP_STATUS = INDETERMINATE dt = 0.01795 m = 0.00439"}
{timestamp:3.19446, localtime:3.19446, state:"IN_SP", message: "INDETERMINATE dt = 0.03989 m = 0.00439"}
{timestamp:3.20942, localtime:3.20942, state:"IN_SP", message: "RAMP_STATUS = WITH dt = 0.03989 m = 0.07702"}
{timestamp:3.20942, localtime:3.20942, state:"IN_SP", message: "EXTEND dt = 0.05485 m = 0.07702"}
{timestamp:3.22837, localtime:3.22837, state:"IN_SP", message: "RAMP_STATUS = WITH dt = 0.05485 m = 0.07702"}
{timestamp:3.22837, localtime:3.22837, state:"IN_SP", message: "EXTEND dt = 0.07380 m = 0.07702"}
{timestamp:3.24832, localtime:3.24832, state:"IN_SP", message: "RAMP_STATUS = WITH dt = 0.07380 m = 0.05335"}
{timestamp:3.24832, localtime:3.24832, state:"IN_SP", message: "EXTEND dt = 0.09375 m = 0.05335"}
{timestamp:3.27525, localtime:3.27525, state:"IN_SP", message: "RAMP_STATUS = INDETERMINATE dt = 0.09375 m = 0.01574"}
{timestamp:3.27525, localtime:3.27525, state:"IN_SP", message: "INDETERMINATE dt = 0.12068 m = 0.01574"}
{timestamp:3.29519, localtime:3.29519, state:"IN_SP", message: "RAMP_STATUS = INDETERMINATE dt = 0.12068 m = 0.00000"}
{timestamp:3.29519, localtime:3.29519, state:"IN_SP", message: "INDETERMINATE dt = 0.14062 m = 0.00000"}
{timestamp:3.31514, localtime:3.31514, state:"IN_SP", message: "RAMP_STATUS = INDETERMINATE dt = 0.14062 m = -0.02616"}
{timestamp:3.31514, localtime:3.31514, state:"IN_SP", message: "INDETERMINATE dt = 0.16057 m = -0.02616"}
{timestamp:3.33509, localtime:3.33509, state:"IN_SP", message: "RAMP_STATUS = INDETERMINATE dt = 0.16057 m = -0.02616"}
{timestamp:3.33509, localtime:3.33509, state:"IN_SP", message: "INDETERMINATE dt = 0.18052 m = -0.02616"}
{timestamp:3.35503, localtime:3.35503, state:"IN_SP", message: "RAMP_STATUS = INDETERMINATE dt = 0.18052 m = 0.00000"}
{timestamp:3.35503, localtime:3.35503, state:"IN_SP", message: "INDETERMINATE dt = 0.20046 m = 0.00000"}
{timestamp:3.37498, localtime:3.37498, state:"IN_SP", message: "RAMP_STATUS = INDETERMINATE dt = 0.20046 m = 0.02332"}
{timestamp:3.37498, localtime:3.37498, state:"IN_SP", message: "INDETERMINATE dt = 0.22041 m = 0.02332"}
{timestamp:3.39293, localtime:3.39293, state:"IN_SP", message: "RAMP_STATUS = INDETERMINATE dt = 0.22041 m = 0.02332"}
{timestamp:3.39293, localtime:3.39293, state:"IN_SP", message: "INDETERMINATE dt = 0.23836 m = 0.02332"}
{timestamp:3.41786, localtime:3.41786, state:"IN_SP", message: "RAMP_STATUS = INDETERMINATE dt = 0.23836 m = 0.03934"}
{timestamp:3.41786, localtime:3.41786, state:"IN_SP", message: "INDETERMINATE dt = 0.26329 m = 0.03934"}
{timestamp:3.43781, localtime:3.43781, state:"IN_SP", message: "RAMP_STATUS = INDETERMINATE dt = 0.26329 m = 0.03934"}
{timestamp:3.43781, localtime:3.43781, state:"IN_SP", message: "INDETERMINATE dt = 0.28324 m = 0.03934"}
{timestamp:3.45477, localtime:3.45477, state:"IN_SP", message: "RAMP_STATUS = WITH dt = 0.28324 m = 0.05526"}
{timestamp:3.45477, localtime:3.45477, state:"IN_SP", message: "EXTEND dt = 0.30020 m = 0.05526"}
{timestamp:3.47471, localtime:3.47471, state:"IN_SP", message: "RAMP_STATUS = WITH dt = 0.30020 m = 0.05526"}
{timestamp:3.47471, localtime:3.47471, state:"IN_SP", message: "EXTEND dt = 0.32014 m = 0.05526"}
{timestamp:3.49266, localtime:3.49266, state:"IN_SP", message: "RAMP_STATUS = INDETERMINATE dt = 0.32014 m = 0.04189"}
{timestamp:3.49266, localtime:3.49266, state:"IN_SP", message: "INDETERMINATE dt = 0.33810 m = 0.04189"}
{timestamp:3.51361, localtime:3.51361, state:"IN_SP", message: "RAMP_STATUS = INDETERMINATE dt = 0.33810 m = 0.01938"}
{timestamp:3.51361, localtime:3.51361, state:"IN_SP", message: "INDETERMINATE dt = 0.35904 m = 0.01938"}
{timestamp:3.53555, localtime:3.53555, state:"IN_SP", message: "RAMP_STATUS = INDETERMINATE dt = 0.35904 m = 0.01596"}
{timestamp:3.53555, localtime:3.53555, state:"IN_SP", message: "INDETERMINATE dt = 0.38098 m = 0.01596"}
{timestamp:3.55550, localtime:3.55550, state:"IN_SP", message: "RAMP_STATUS = INDETERMINATE dt = 0.38098 m = 0.01596"}
{timestamp:3.55550, localtime:3.55550, state:"IN_SP", message: "INDETERMINATE dt = 0.40093 m = 0.01596"}
{timestamp:3.57445, localtime:3.57445, state:"IN_SP", message: "RAMP_STATUS = INDETERMINATE dt = 0.40093 m = 0.01947"}
{timestamp:3.57445, localtime:3.57445, state:"IN_SP", message: "INDETERMINATE dt = 0.41988 m = 0.01947"}
{timestamp:3.59439, localtime:3.59439, state:"IN_SP", message: "RAMP_STATUS = INDETERMINATE dt = 0.41988 m = 0.02110"}
{timestamp:3.59439, localtime:3.59439, state:"IN_SP", message: "INDETERMINATE dt = 0.43982 m = 0.02110"}
{timestamp:3.61334, localtime:3.61334, state:"IN_SP", message: "RAMP_STATUS = INDETERMINATE dt = 0.43982 m = 0.02636"}
{timestamp:3.61334, localtime:3.61334, state:"IN_SP", message: "INDETERMINATE dt = 0.45877 m = 0.02636"}
{timestamp:3.63429, localtime:3.63429, state:"IN_SP", message: "RAMP_STATUS = INDETERMINATE dt = 0.45877 m = 0.04856"}
{timestamp:3.63429, localtime:3.63429, state:"IN_SP", message: "INDETERMINATE dt = 0.47972 m = 0.04856"}
{timestamp:3.65423, localtime:3.65423, state:"IN_SP", message: "RAMP_STATUS = INDETERMINATE dt = 0.47972 m = 0.04856"}
{timestamp:3.65423, localtime:3.65423, state:"IN_SP", message: "INDETERMINATE dt = 0.49966 m = 0.04856"}
{timestamp:3.67618, localtime:3.67618, state:"IN_SP", message: "RAMP_STATUS = INDETERMINATE dt = 0.49966 m = 0.01450"}
{timestamp:3.67618, localtime:3.67618, state:"IN_SP", message: "INDETERMINATE dt = 0.52161 m = 0.01450"}
{timestamp:3.69712, localtime:3.69712, state:"IN_SP", message: "RAMP_STATUS = INDETERMINATE dt = 0.52161 m = 0.01450"}
{timestamp:3.69712, localtime:3.69712, state:"IN_SP", message: "INDETERMINATE dt = 0.54255 m = 0.01450"}
{timestamp:3.71407, localtime:3.71407, state:"IN_SP", message: "RAMP_STATUS = INDETERMINATE dt = 0.54255 m = 0.03070"}
{timestamp:3.71407, localtime:3.71407, state:"IN_SP", message: "INDETERMINATE dt = 0.55950 m = 0.03070"}
{timestamp:3.73402, localtime:3.73402, state:"IN_SP", message: "RAMP_STATUS = WITH dt = 0.55950 m = 0.05287"}
{timestamp:3.73402, localtime:3.73402, state:"IN_SP", message: "EXTEND dt = 0.57945 m = 0.05287"}
{timestamp:3.75496, localtime:3.75496, state:"IN_SP", message: "RAMP_STATUS = WITH dt = 0.57945 m = 0.05910"}
{timestamp:3.75496, localtime:3.75496, state:"IN_SP", message: "EXTEND dt = 0.60039 m = 0.05910"}
{timestamp:3.77491, localtime:3.77491, state:"IN_SP", message: "RAMP_STATUS = WITH dt = 0.60039 m = 0.05910"}
{timestamp:3.77491, localtime:3.77491, state:"IN_SP", message: "EXTEND dt = 0.62034 m = 0.05910"}
{timestamp:3.79286, localtime:3.79286, state:"IN_SP", message: "RAMP_STATUS = INDETERMINATE dt = 0.62034 m = 0.02605"}
{timestamp:3.79286, localtime:3.79286, state:"IN_SP", message: "INDETERMINATE dt = 0.63829 m = 0.02605"}
{timestamp:3.81281, localtime:3.81281, state:"IN_SP", message: "RAMP_STATUS = INDETERMINATE dt = 0.63829 m = 0.00144"}
{timestamp:3.81281, localtime:3.81281, state:"IN_SP", message: "INDETERMINATE dt = 0.65824 m = 0.00144"}
{timestamp:3.83375, localtime:3.83375, state:"IN_SP", message: "RAMP_STATUS = INDETERMINATE dt = 0.65824 m = 0.00000"}
{timestamp:3.83375, localtime:3.83375, state:"IN_SP", message: "INDETERMINATE dt = 0.67918 m = 0.00000"}
{timestamp:3.85270, localtime:3.85270, state:"IN_SP", message: "RAMP_STATUS = INDETERMINATE dt = 0.67918 m = -0.00212"}
{timestamp:3.85270, localtime:3.85270, state:"IN_SP", message: "INDETERMINATE dt = 0.69813 m = -0.00212"}
{timestamp:3.87365, localtime:3.87365, state:"IN_SP", message: "RAMP_STATUS = AGAINST dt = 0.69813 m = -0.33838"}
{timestamp:3.87365, localtime:3.87365, state:"IN_QP", message: "START QP @ t = 3.87365 d = DOWNWARD m = -0.33838 max_sp_v = 0.11809"}
{timestamp:3.89459, localtime:3.89459, state:"IN_QP", message: "IN_QP VELOCITY CHECK v: -0.07141332651694687 dirn.: DOWNWARD"}
{timestamp:3.89459, localtime:3.89459, state:"IN_QP", message: "EXTEND dt = 0.06084 m = -0.33838"}
{timestamp:3.91853, localtime:3.91853, state:"IN_QP", message: "IN_QP VELOCITY CHECK v: 0 dirn.: DOWNWARD"}
{timestamp:3.91853, localtime:3.91853, state:"IN_QP", message: "EXTEND dt = 0.08477 m = -0.07141"}
{timestamp:3.93947, localtime:3.93947, state:"IN_QP", message: "IN_QP VELOCITY CHECK v: 0.03213469267532619 dirn.: DOWNWARD"}
{timestamp:3.93947, localtime:3.93947, state:"FOUND", message: "END (INDETERMINATE) m = 0.00000 [PASS-THROUGH TO FOUND]"}
{timestamp:3.93947, localtime:3.93947, state:"FOUND", message: "END qp end time = 3.93947  qp duration = 0.10572"}
{timestamp:3.93947, localtime:3.93947, state:"FOUND", message: "[PRE-VALIDATOR] END qp end time = 3.93947  qp duration = 0.10572"}
{timestamp:3.93947, localtime:3.93947, state:"FOUND", message: "PASSED VALIDITY CHECK"}
{timestamp:3.93947, localtime:3.93947, state:"FOUND", message: "PROGRESS RESET CALLED "}
{timestamp:3.93947, localtime:3.93947, state:"SEARCH_SP", message: "[FOUND] EARLY RESTART t_early = 3.9394707679748535, t = 3.9394707679748535 m = 0 f = true"}
{timestamp:3.95543, localtime:3.95543, state:"IN_SP", message: "INDETERMINATE dt = 0.01596 m = 0.03213"}
{timestamp:3.97338, localtime:3.97338, state:"IN_SP", message: "RAMP_STATUS = INDETERMINATE dt = 0.01596 m = 0.03213"}
{timestamp:3.97338, localtime:3.97338, state:"IN_SP", message: "INDETERMINATE dt = 0.03391 m = 0.03213"}
{timestamp:3.99233, localtime:3.99233, state:"IN_SP", message: "RAMP_STATUS = INDETERMINATE dt = 0.03391 m = 0.02898"}
{timestamp:3.99233, localtime:3.99233, state:"IN_SP", message: "INDETERMINATE dt = 0.05286 m = 0.02898"}
{timestamp:4.01527, localtime:4.01527, state:"IN_SP", message: "RAMP_STATUS = INDETERMINATE dt = 0.05286 m = 0.02636"}
{timestamp:4.01527, localtime:4.01527, state:"IN_SP", message: "INDETERMINATE dt = 0.07580 m = 0.02636"}
{timestamp:4.03522, localtime:4.03522, state:"IN_SP", message: "RAMP_STATUS = INDETERMINATE dt = 0.07580 m = 0.02898"}
{timestamp:4.03522, localtime:4.03522, state:"IN_SP", message: "INDETERMINATE dt = 0.09574 m = 0.02898"}
{timestamp:4.05516, localtime:4.05516, state:"IN_SP", message: "RAMP_STATUS = INDETERMINATE dt = 0.09574 m = 0.03897"}
{timestamp:4.05516, localtime:4.05516, state:"IN_SP", message: "INDETERMINATE dt = 0.11569 m = 0.03897"}
{timestamp:4.07411, localtime:4.07411, state:"IN_SP", message: "RAMP_STATUS = WITH dt = 0.11569 m = 0.06433"}
{timestamp:4.07411, localtime:4.07411, state:"IN_SP", message: "EXTEND dt = 0.13464 m = 0.06433"}
{timestamp:4.09506, localtime:4.09506, state:"IN_SP", message: "RAMP_STATUS = WITH dt = 0.13464 m = 0.06852"}
{timestamp:4.09506, localtime:4.09506, state:"IN_SP", message: "EXTEND dt = 0.15558 m = 0.06852"}
{timestamp:4.11700, localtime:4.11700, state:"IN_SP", message: "RAMP_STATUS = WITH dt = 0.15558 m = 0.06852"}
{timestamp:4.11700, localtime:4.11700, state:"IN_SP", message: "EXTEND dt = 0.17752 m = 0.06852"}
{timestamp:4.13694, localtime:4.13694, state:"IN_SP", message: "RAMP_STATUS = WITH dt = 0.17752 m = 0.06594"}
{timestamp:4.13694, localtime:4.13694, state:"IN_SP", message: "EXTEND dt = 0.19747 m = 0.06594"}
{timestamp:4.15390, localtime:4.15390, state:"IN_SP", message: "RAMP_STATUS = INDETERMINATE dt = 0.19747 m = 0.04778"}
{timestamp:4.15390, localtime:4.15390, state:"IN_SP", message: "INDETERMINATE dt = 0.21443 m = 0.04778"}
{timestamp:4.18182, localtime:4.18182, state:"IN_SP", message: "RAMP_STATUS = INDETERMINATE dt = 0.21443 m = 0.00852"}
{timestamp:4.18182, localtime:4.18182, state:"IN_SP", message: "INDETERMINATE dt = 0.24235 m = 0.00852"}
{timestamp:4.19479, localtime:4.19479, state:"IN_SP", message: "RAMP_STATUS = INDETERMINATE dt = 0.24235 m = 0.00566"}
{timestamp:4.19479, localtime:4.19479, state:"IN_SP", message: "INDETERMINATE dt = 0.25532 m = 0.00566"}
{timestamp:4.21274, localtime:4.21274, state:"IN_SP", message: "RAMP_STATUS = INDETERMINATE dt = 0.25532 m = 0.00566"}
{timestamp:4.21274, localtime:4.21274, state:"IN_SP", message: "INDETERMINATE dt = 0.27327 m = 0.00566"}
{timestamp:4.23368, localtime:4.23368, state:"IN_SP", message: "RAMP_STATUS = INDETERMINATE dt = 0.27327 m = 0.01524"}
{timestamp:4.23368, localtime:4.23368, state:"IN_SP", message: "INDETERMINATE dt = 0.29421 m = 0.01524"}
{timestamp:4.25862, localtime:4.25862, state:"IN_SP", message: "RAMP_STATUS = INDETERMINATE dt = 0.29421 m = 0.03426"}
{timestamp:4.25862, localtime:4.25862, state:"IN_SP", message: "INDETERMINATE dt = 0.31915 m = 0.03426"}
{timestamp:4.27657, localtime:4.27657, state:"IN_SP", message: "RAMP_STATUS = WITH dt = 0.31915 m = 0.05089"}
{timestamp:4.27657, localtime:4.27657, state:"IN_SP", message: "EXTEND dt = 0.33710 m = 0.05089"}
{timestamp:4.29552, localtime:4.29552, state:"IN_SP", message: "RAMP_STATUS = WITH dt = 0.33710 m = 0.05853"}
{timestamp:4.29552, localtime:4.29552, state:"IN_SP", message: "EXTEND dt = 0.35605 m = 0.05853"}
{timestamp:4.31347, localtime:4.31347, state:"IN_SP", message: "RAMP_STATUS = WITH dt = 0.35605 m = 0.07722"}
{timestamp:4.31347, localtime:4.31347, state:"IN_SP", message: "EXTEND dt = 0.37400 m = 0.07722"}
{timestamp:4.33442, localtime:4.33442, state:"IN_SP", message: "RAMP_STATUS = WITH dt = 0.37400 m = 0.07742"}
{timestamp:4.33442, localtime:4.33442, state:"IN_SP", message: "EXTEND dt = 0.39494 m = 0.07742"}
{timestamp:4.35536, localtime:4.35536, state:"IN_SP", message: "RAMP_STATUS = WITH dt = 0.39494 m = 0.07742"}
{timestamp:4.35536, localtime:4.35536, state:"IN_SP", message: "EXTEND dt = 0.41589 m = 0.07742"}
{timestamp:4.37531, localtime:4.37531, state:"IN_SP", message: "RAMP_STATUS = INDETERMINATE dt = 0.41589 m = 0.04842"}
{timestamp:4.37531, localtime:4.37531, state:"IN_SP", message: "INDETERMINATE dt = 0.43584 m = 0.04842"}
{timestamp:4.39326, localtime:4.39326, state:"IN_SP", message: "RAMP_STATUS = INDETERMINATE dt = 0.43584 m = 0.04078"}
{timestamp:4.39326, localtime:4.39326, state:"IN_SP", message: "INDETERMINATE dt = 0.45379 m = 0.04078"}
{timestamp:4.41819, localtime:4.41819, state:"IN_SP", message: "RAMP_STATUS = INDETERMINATE dt = 0.45379 m = 0.03885"}
{timestamp:4.41819, localtime:4.41819, state:"IN_SP", message: "INDETERMINATE dt = 0.47872 m = 0.03885"}
{timestamp:4.43714, localtime:4.43714, state:"IN_SP", message: "RAMP_STATUS = INDETERMINATE dt = 0.47872 m = 0.03885"}
{timestamp:4.43714, localtime:4.43714, state:"IN_SP", message: "INDETERMINATE dt = 0.49767 m = 0.03885"}
{timestamp:4.45709, localtime:4.45709, state:"IN_SP", message: "RAMP_STATUS = WITH dt = 0.49767 m = 0.06115"}
{timestamp:4.45709, localtime:4.45709, state:"IN_SP", message: "EXTEND dt = 0.51762 m = 0.06115"}
{timestamp:4.47404, localtime:4.47404, state:"IN_SP", message: "RAMP_STATUS = WITH dt = 0.51762 m = 0.06115"}
{timestamp:4.47404, localtime:4.47404, state:"IN_SP", message: "EXTEND dt = 0.53457 m = 0.06115"}
{timestamp:4.49499, localtime:4.49499, state:"IN_SP", message: "RAMP_STATUS = WITH dt = 0.53457 m = 0.05635"}
{timestamp:4.49499, localtime:4.49499, state:"IN_SP", message: "EXTEND dt = 0.55552 m = 0.05635"}
{timestamp:4.51394, localtime:4.51394, state:"IN_SP", message: "RAMP_STATUS = INDETERMINATE dt = 0.55552 m = 0.02516"}
{timestamp:4.51394, localtime:4.51394, state:"IN_SP", message: "INDETERMINATE dt = 0.57447 m = 0.02516"}
{timestamp:4.53687, localtime:4.53687, state:"IN_SP", message: "RAMP_STATUS = INDETERMINATE dt = 0.57447 m = 0.00000"}
{timestamp:4.53687, localtime:4.53687, state:"IN_SP", message: "INDETERMINATE dt = 0.59740 m = 0.00000"}
{timestamp:4.55383, localtime:4.55383, state:"IN_SP", message: "RAMP_STATUS = AGAINST dt = 0.59740 m = -0.38734"}
{timestamp:4.55383, localtime:4.55383, state:"IN_QP", message: "START QP @ t = 4.55383 d = DOWNWARD m = -0.38734 max_sp_v = 0.10429"}
{timestamp:4.57477, localtime:4.57477, state:"IN_QP", message: "IN_QP VELOCITY CHECK v: -0.3717005029829771 dirn.: DOWNWARD"}
{timestamp:4.57477, localtime:4.57477, state:"IN_QP", message: "EXTEND dt = 0.03790 m = -0.38734"}
{timestamp:4.59572, localtime:4.59572, state:"IN_QP", message: "IN_QP VELOCITY CHECK v: -0.007018646664015375 dirn.: DOWNWARD"}
{timestamp:4.59572, localtime:4.59572, state:"IN_QP", message: "EXTEND dt = 0.05884 m = -0.37170"}
{timestamp:4.61467, localtime:4.61467, state:"IN_QP", message: "IN_QP VELOCITY CHECK v: -0.0082361729990067 dirn.: DOWNWARD"}
{timestamp:4.61467, localtime:4.61467, state:"FOUND", message: "END (INDETERMINATE) m = -0.00824 [PASS-THROUGH TO FOUND]"}
{timestamp:4.61467, localtime:4.61467, state:"FOUND", message: "END qp end time = 4.61467  qp duration = 0.07779"}
{timestamp:4.61467, localtime:4.61467, state:"FOUND", message: "[PRE-VALIDATOR] END qp end time = 4.61467  qp duration = 0.07779"}
{timestamp:4.61467, localtime:4.61467, state:"FOUND", message: "PASSED VALIDITY CHECK"}
{timestamp:4.61467, localtime:4.61467, state:"FOUND", message: "PROGRESS RESET CALLED "}
{timestamp:4.61467, localtime:4.61467, state:"SEARCH_SP", message: "[FOUND] EARLY RESTART t_early = 4.614665508270264, t = 4.614665508270264 m = -0.0082361729990067 f = true"}
{timestamp:4.63561, localtime:4.63561, state:"IN_SP", message: "INDETERMINATE dt = 0.02095 m = -0.00824"}
{timestamp:4.65456, localtime:4.65456, state:"IN_SP", message: "RAMP_STATUS = INDETERMINATE dt = 0.02095 m = -0.00824"}
{timestamp:4.65456, localtime:4.65456, state:"IN_SP", message: "INDETERMINATE dt = 0.03989 m = -0.00824"}
{timestamp:4.67351, localtime:4.67351, state:"IN_SP", message: "RAMP_STATUS = INDETERMINATE dt = 0.03989 m = -0.00824"}
{timestamp:4.67351, localtime:4.67351, state:"IN_SP", message: "INDETERMINATE dt = 0.05884 m = -0.00824"}
{timestamp:4.69445, localtime:4.69445, state:"IN_SP", message: "RAMP_STATUS = AGAINST dt = 0.05884 m = -0.05168"}
{timestamp:4.69445, localtime:4.69445, state:"IN_QP", message: "START QP @ t = 4.69445 d = DOWNWARD m = -0.05168 max_sp_v = 0.00000"}
{timestamp:4.71540, localtime:4.71540, state:"IN_QP", message: "IN_QP VELOCITY CHECK v: -0.009343992975886032 dirn.: DOWNWARD"}
{timestamp:4.71540, localtime:4.71540, state:"IN_QP", message: "EXTEND dt = 0.10073 m = -0.05168"}
{timestamp:4.73534, localtime:4.73534, state:"IN_QP", message: "IN_QP VELOCITY CHECK v: -0.0035476799618557337 dirn.: DOWNWARD"}
{timestamp:4.73534, localtime:4.73534, state:"FOUND", message: "END (INDETERMINATE) m = -0.00934 [PASS-THROUGH TO FOUND]"}
{timestamp:4.73534, localtime:4.73534, state:"FOUND", message: "END qp end time = 4.73534  qp duration = 0.12068"}
{timestamp:4.73534, localtime:4.73534, state:"FOUND", message: "[PRE-VALIDATOR] END qp end time = 4.73534  qp duration = 0.12068"}
{timestamp:4.73534, localtime:4.73534, state:"FOUND", message: "FAILED VALIDITY CHECK"}
{timestamp:4.73534, localtime:4.73534, state:"FOUND", message: "PROGRESS RESET CALLED "}
{timestamp:4.73534, localtime:4.73534, state:"SEARCH_SP", message: "[FOUND] EARLY RESTART t_early = 4.735343933105469, t = 4.735343933105469 m = -0.009343992975886032 f = true"}
{timestamp:4.75828, localtime:4.75828, state:"IN_SP", message: "INDETERMINATE dt = 0.02294 m = -0.00355"}
{timestamp:4.77723, localtime:4.77723, state:"IN_SP", message: "RAMP_STATUS = INDETERMINATE dt = 0.02294 m = -0.00355"}
{timestamp:4.77723, localtime:4.77723, state:"IN_SP", message: "INDETERMINATE dt = 0.04189 m = -0.00355"}
{timestamp:4.79319, localtime:4.79319, state:"IN_SP", message: "RAMP_STATUS = INDETERMINATE dt = 0.04189 m = -0.01947"}
{timestamp:4.79319, localtime:4.79319, state:"IN_SP", message: "INDETERMINATE dt = 0.05784 m = -0.01947"}
{timestamp:4.81413, localtime:4.81413, state:"IN_SP", message: "RAMP_STATUS = INDETERMINATE dt = 0.05784 m = -0.02006"}
{timestamp:4.81413, localtime:4.81413, state:"IN_SP", message: "INDETERMINATE dt = 0.07879 m = -0.02006"}
{timestamp:4.83408, localtime:4.83408, state:"IN_SP", message: "RAMP_STATUS = INDETERMINATE dt = 0.07879 m = -0.03858"}
{timestamp:4.83408, localtime:4.83408, state:"IN_SP", message: "INDETERMINATE dt = 0.09874 m = -0.03858"}
{timestamp:4.85403, localtime:4.85403, state:"IN_SP", message: "RAMP_STATUS = AGAINST dt = 0.09874 m = -0.07133"}
{timestamp:4.85403, localtime:4.85403, state:"IN_QP", message: "START QP @ t = 4.85403 d = DOWNWARD m = -0.07133 max_sp_v = 0.00549"}
{timestamp:4.87597, localtime:4.87597, state:"IN_QP", message: "IN_QP VELOCITY CHECK v: 0 dirn.: DOWNWARD"}
{timestamp:4.87597, localtime:4.87597, state:"IN_QP", message: "EXTEND dt = 0.09874 m = -0.07133"}
{timestamp:4.89392, localtime:4.89392, state:"IN_QP", message: "IN_QP VELOCITY CHECK v: 0.013271893220912571 dirn.: DOWNWARD"}
{timestamp:4.89392, localtime:4.89392, state:"FOUND", message: "END (INDETERMINATE) m = 0.00000 [PASS-THROUGH TO FOUND]"}
{timestamp:4.89392, localtime:4.89392, state:"FOUND", message: "END qp end time = 4.89392  qp duration = 0.11669"}
{timestamp:4.89392, localtime:4.89392, state:"FOUND", message: "[PRE-VALIDATOR] END qp end time = 4.89392  qp duration = 0.11669"}
{timestamp:4.89392, localtime:4.89392, state:"FOUND", message: "FAILED VALIDITY CHECK"}
{timestamp:4.89392, localtime:4.89392, state:"FOUND", message: "PROGRESS RESET CALLED "}
{timestamp:4.89392, localtime:4.89392, state:"SEARCH_SP", message: "[FOUND] EARLY RESTART t_early = 4.893919229507446, t = 4.893919229507446 m = 0 f = true"}
{timestamp:4.91387, localtime:4.91387, state:"IN_SP", message: "INDETERMINATE dt = 0.01995 m = 0.01327"}
{timestamp:4.93481, localtime:4.93481, state:"IN_SP", message: "RAMP_STATUS = INDETERMINATE dt = 0.01995 m = 0.02828"}
{timestamp:4.93481, localtime:4.93481, state:"IN_SP", message: "INDETERMINATE dt = 0.04089 m = 0.02828"}
{timestamp:4.95675, localtime:4.95675, state:"IN_SP", message: "RAMP_STATUS = INDETERMINATE dt = 0.04089 m = 0.02828"}
{timestamp:4.95675, localtime:4.95675, state:"IN_SP", message: "INDETERMINATE dt = 0.06283 m = 0.02828"}
{timestamp:4.97371, localtime:4.97371, state:"IN_SP", message: "RAMP_STATUS = INDETERMINATE dt = 0.06283 m = 0.01029"}
{timestamp:4.97371, localtime:4.97371, state:"IN_SP", message: "INDETERMINATE dt = 0.07979 m = 0.01029"}
{timestamp:4.99365, localtime:4.99365, state:"IN_SP", message: "RAMP_STATUS = INDETERMINATE dt = 0.07979 m = 0.01029"}
{timestamp:4.99365, localtime:4.99365, state:"IN_SP", message: "INDETERMINATE dt = 0.09973 m = 0.01029"}
{timestamp:5.01360, localtime:5.01360, state:"IN_SP", message: "RAMP_STATUS = INDETERMINATE dt = 0.09973 m = 0.01786"}
{timestamp:5.01360, localtime:5.01360, state:"IN_SP", message: "INDETERMINATE dt = 0.11968 m = 0.01786"}
{timestamp:5.03554, localtime:5.03554, state:"IN_SP", message: "RAMP_STATUS = INDETERMINATE dt = 0.11968 m = 0.02339"}
{timestamp:5.03554, localtime:5.03554, state:"IN_SP", message: "INDETERMINATE dt = 0.14162 m = 0.02339"}
{timestamp:5.05549, localtime:5.05549, state:"IN_SP", message: "RAMP_STATUS = WITH dt = 0.14162 m = 0.05010"}
{timestamp:5.05549, localtime:5.05549, state:"IN_SP", message: "EXTEND dt = 0.16157 m = 0.05010"}
{timestamp:5.07444, localtime:5.07444, state:"IN_SP", message: "RAMP_STATUS = WITH dt = 0.16157 m = 0.05010"}
{timestamp:5.07444, localtime:5.07444, state:"IN_SP", message: "EXTEND dt = 0.18052 m = 0.05010"}
{timestamp:5.09438, localtime:5.09438, state:"IN_SP", message: "RAMP_STATUS = INDETERMINATE dt = 0.18052 m = 0.04326"}
{timestamp:5.09438, localtime:5.09438, state:"IN_SP", message: "INDETERMINATE dt = 0.20047 m = 0.04326"}
{timestamp:5.11333, localtime:5.11333, state:"IN_SP", message: "RAMP_STATUS = INDETERMINATE dt = 0.20047 m = 0.03354"}
{timestamp:5.11333, localtime:5.11333, state:"IN_SP", message: "INDETERMINATE dt = 0.21941 m = 0.03354"}
{timestamp:5.13627, localtime:5.13627, state:"IN_SP", message: "RAMP_STATUS = INDETERMINATE dt = 0.21941 m = 0.03354"}
{timestamp:5.13627, localtime:5.13627, state:"IN_SP", message: "INDETERMINATE dt = 0.24235 m = 0.03354"}
{timestamp:5.15622, localtime:5.15622, state:"IN_SP", message: "RAMP_STATUS = INDETERMINATE dt = 0.24235 m = 0.03354"}
{timestamp:5.15622, localtime:5.15622, state:"IN_SP", message: "INDETERMINATE dt = 0.26230 m = 0.03354"}
{timestamp:5.17517, localtime:5.17517, state:"IN_SP", message: "RAMP_STATUS = INDETERMINATE dt = 0.26230 m = 0.03703"}
{timestamp:5.17517, localtime:5.17517, state:"IN_SP", message: "INDETERMINATE dt = 0.28125 m = 0.03703"}
{timestamp:5.19711, localtime:5.19711, state:"IN_SP", message: "RAMP_STATUS = INDETERMINATE dt = 0.28125 m = 0.03703"}
{timestamp:5.19711, localtime:5.19711, state:"IN_SP", message: "INDETERMINATE dt = 0.30319 m = 0.03703"}
{timestamp:5.21606, localtime:5.21606, state:"IN_SP", message: "RAMP_STATUS = INDETERMINATE dt = 0.30319 m = 0.01872"}
{timestamp:5.21606, localtime:5.21606, state:"IN_SP", message: "INDETERMINATE dt = 0.32214 m = 0.01872"}
{timestamp:5.23501, localtime:5.23501, state:"IN_SP", message: "RAMP_STATUS = INDETERMINATE dt = 0.32214 m = 0.01872"}
{timestamp:5.23501, localtime:5.23501, state:"IN_SP", message: "INDETERMINATE dt = 0.34109 m = 0.01872"}
{timestamp:5.25496, localtime:5.25496, state:"IN_SP", message: "RAMP_STATUS = INDETERMINATE dt = 0.34109 m = 0.04262"}
{timestamp:5.25496, localtime:5.25496, state:"IN_SP", message: "INDETERMINATE dt = 0.36104 m = 0.04262"}
{timestamp:5.27590, localtime:5.27590, state:"IN_SP", message: "RAMP_STATUS = INDETERMINATE dt = 0.36104 m = 0.04262"}
{timestamp:5.27590, localtime:5.27590, state:"IN_SP", message: "INDETERMINATE dt = 0.38198 m = 0.04262"}
{timestamp:5.29585, localtime:5.29585, state:"STEP", message: "END STATIONARITY (D = 4.841062545776367) [LONG]"}
{timestamp:5.29585, localtime:5.29585, state:"IN_SP", message: "RAMP_STATUS = WITH dt = 0.38198 m = 0.05195"}
{timestamp:5.29585, localtime:5.29585, state:"IN_SP", message: "EXTEND dt = 0.40193 m = 0.05195"}
{timestamp:5.31380, localtime:5.31380, state:"STEP", message: "START STATIONARITY (COUNT = 1 T = 5.31379771232605)"}
{timestamp:5.31380, localtime:5.31380, state:"IN_SP", message: "RAMP_STATUS = WITH dt = 0.40193 m = 0.05195"}
{timestamp:5.31380, localtime:5.31380, state:"IN_SP", message: "EXTEND dt = 0.41988 m = 0.05195"}
{timestamp:5.33374, localtime:5.33374, state:"IN_SP", message: "RAMP_STATUS = WITH dt = 0.41988 m = 0.05355"}
{timestamp:5.33374, localtime:5.33374, state:"IN_SP", message: "EXTEND dt = 0.43983 m = 0.05355"}
{timestamp:5.35469, localtime:5.35469, state:"IN_SP", message: "RAMP_STATUS = WITH dt = 0.43983 m = 0.05355"}
{timestamp:5.35469, localtime:5.35469, state:"IN_SP", message: "EXTEND dt = 0.46077 m = 0.05355"}
{timestamp:5.37464, localtime:5.37464, state:"IN_SP", message: "RAMP_STATUS = INDETERMINATE dt = 0.46077 m = 0.04429"}
{timestamp:5.37464, localtime:5.37464, state:"IN_SP", message: "INDETERMINATE dt = 0.48072 m = 0.04429"}
{timestamp:5.39358, localtime:5.39358, state:"STEP", message: "END STATIONARITY (D = 0.07978630065917969) [LONG]"}
{timestamp:5.39358, localtime:5.39358, state:"IN_SP", message: "RAMP_STATUS = INDETERMINATE dt = 0.48072 m = 0.04429"}
{timestamp:5.39358, localtime:5.39358, state:"IN_SP", message: "INDETERMINATE dt = 0.49966 m = 0.04429"}
{timestamp:5.41553, localtime:5.41553, state:"IN_SP", message: "RAMP_STATUS = WITH dt = 0.49966 m = 0.05995"}
{timestamp:5.41553, localtime:5.41553, state:"IN_SP", message: "EXTEND dt = 0.52161 m = 0.05995"}
{timestamp:5.43447, localtime:5.43447, state:"IN_SP", message: "RAMP_STATUS = WITH dt = 0.52161 m = 0.05995"}
{timestamp:5.43447, localtime:5.43447, state:"IN_SP", message: "EXTEND dt = 0.54056 m = 0.05995"}
{timestamp:5.45442, localtime:5.45442, state:"STEP", message: "START STATIONARITY (COUNT = 2 T = 5.454422235488892)"}
{timestamp:5.45442, localtime:5.45442, state:"IN_SP", message: "RAMP_STATUS = INDETERMINATE dt = 0.54056 m = 0.02791"}
{timestamp:5.45442, localtime:5.45442, state:"IN_SP", message: "INDETERMINATE dt = 0.56050 m = 0.02791"}
{timestamp:5.47636, localtime:5.47636, state:"IN_SP", message: "RAMP_STATUS = INDETERMINATE dt = 0.56050 m = 0.00996"}
{timestamp:5.47636, localtime:5.47636, state:"IN_SP", message: "INDETERMINATE dt = 0.58244 m = 0.00996"}
{timestamp:5.49631, localtime:5.49631, state:"IN_SP", message: "RAMP_STATUS = INDETERMINATE dt = 0.58244 m = 0.00158"}
{timestamp:5.49631, localtime:5.49631, state:"IN_SP", message: "INDETERMINATE dt = 0.60239 m = 0.00158"}
{timestamp:5.51426, localtime:5.51426, state:"IN_SP", message: "RAMP_STATUS = INDETERMINATE dt = 0.60239 m = 0.00158"}
{timestamp:5.51426, localtime:5.51426, state:"IN_SP", message: "INDETERMINATE dt = 0.62034 m = 0.00158"}
{timestamp:5.53321, localtime:5.53321, state:"IN_SP", message: "RAMP_STATUS = INDETERMINATE dt = 0.62034 m = 0.00602"}
{timestamp:5.53321, localtime:5.53321, state:"IN_SP", message: "INDETERMINATE dt = 0.63929 m = 0.00602"}
{timestamp:5.55316, localtime:5.55316, state:"IN_SP", message: "RAMP_STATUS = INDETERMINATE dt = 0.63929 m = 0.02262"}
{timestamp:5.55316, localtime:5.55316, state:"IN_SP", message: "INDETERMINATE dt = 0.65924 m = 0.02262"}
{timestamp:5.57909, localtime:5.57909, state:"IN_SP", message: "RAMP_STATUS = INDETERMINATE dt = 0.65924 m = 0.04915"}
{timestamp:5.57909, localtime:5.57909, state:"IN_SP", message: "INDETERMINATE dt = 0.68517 m = 0.04915"}
{timestamp:5.59405, localtime:5.59405, state:"IN_SP", message: "RAMP_STATUS = INDETERMINATE dt = 0.68517 m = 0.04915"}
{timestamp:5.59405, localtime:5.59405, state:"IN_SP", message: "INDETERMINATE dt = 0.70013 m = 0.04915"}
{timestamp:5.61699, localtime:5.61699, state:"IN_SP", message: "RAMP_STATUS = INDETERMINATE dt = 0.70013 m = 0.01352"}
{timestamp:5.61699, localtime:5.61699, state:"IN_SP", message: "INDETERMINATE dt = 0.72307 m = 0.01352"}
{timestamp:5.63693, localtime:5.63693, state:"IN_SP", message: "RAMP_STATUS = INDETERMINATE dt = 0.72307 m = 0.01064"}
{timestamp:5.63693, localtime:5.63693, state:"IN_SP", message: "INDETERMINATE dt = 0.74302 m = 0.01064"}
{timestamp:5.65389, localtime:5.65389, state:"IN_SP", message: "RAMP_STATUS = INDETERMINATE dt = 0.74302 m = 0.01064"}
{timestamp:5.65389, localtime:5.65389, state:"IN_SP", message: "INDETERMINATE dt = 0.75997 m = 0.01064"}
{timestamp:5.67184, localtime:5.67184, state:"IN_SP", message: "RAMP_STATUS = INDETERMINATE dt = 0.75997 m = 0.00000"}
{timestamp:5.67184, localtime:5.67184, state:"IN_SP", message: "INDETERMINATE dt = 0.77792 m = 0.00000"}
{timestamp:5.69677, localtime:5.69677, state:"IN_SP", message: "RAMP_STATUS = INDETERMINATE dt = 0.77792 m = -0.01562"}
{timestamp:5.69677, localtime:5.69677, state:"IN_SP", message: "INDETERMINATE dt = 0.80286 m = -0.01562"}
{timestamp:5.71672, localtime:5.71672, state:"IN_SP", message: "RAMP_STATUS = INDETERMINATE dt = 0.80286 m = -0.01562"}
{timestamp:5.71672, localtime:5.71672, state:"IN_SP", message: "INDETERMINATE dt = 0.82280 m = -0.01562"}
{timestamp:5.73567, localtime:5.73567, state:"IN_SP", message: "RAMP_STATUS = INDETERMINATE dt = 0.82280 m = -0.00518"}
{timestamp:5.73567, localtime:5.73567, state:"IN_SP", message: "INDETERMINATE dt = 0.84175 m = -0.00518"}
{timestamp:5.75761, localtime:5.75761, state:"IN_SP", message: "RAMP_STATUS = INDETERMINATE dt = 0.84175 m = -0.00141"}
{timestamp:5.75761, localtime:5.75761, state:"IN_SP", message: "INDETERMINATE dt = 0.86369 m = -0.00141"}
{timestamp:5.77656, localtime:5.77656, state:"IN_SP", message: "RAMP_STATUS = INDETERMINATE dt = 0.86369 m = 0.00141"}
{timestamp:5.77656, localtime:5.77656, state:"IN_SP", message: "INDETERMINATE dt = 0.88264 m = 0.00141"}
{timestamp:5.79252, localtime:5.79252, state:"IN_SP", message: "RAMP_STATUS = INDETERMINATE dt = 0.88264 m = 0.02751"}
{timestamp:5.79252, localtime:5.79252, state:"IN_SP", message: "INDETERMINATE dt = 0.89860 m = 0.02751"}
{timestamp:5.81246, localtime:5.81246, state:"IN_SP", message: "RAMP_STATUS = INDETERMINATE dt = 0.89860 m = 0.02847"}
{timestamp:5.81246, localtime:5.81246, state:"IN_SP", message: "INDETERMINATE dt = 0.91855 m = 0.02847"}
{timestamp:5.83141, localtime:5.83141, state:"IN_SP", message: "RAMP_STATUS = INDETERMINATE dt = 0.91855 m = 0.03188"}
{timestamp:5.83141, localtime:5.83141, state:"IN_SP", message: "INDETERMINATE dt = 0.93750 m = 0.03188"}
{timestamp:5.85336, localtime:5.85336, state:"IN_SP", message: "RAMP_STATUS = INDETERMINATE dt = 0.93750 m = 0.03188"}
{timestamp:5.85336, localtime:5.85336, state:"IN_SP", message: "INDETERMINATE dt = 0.95944 m = 0.03188"}
{timestamp:5.87231, localtime:5.87231, state:"IN_SP", message: "RAMP_STATUS = INDETERMINATE dt = 0.95944 m = 0.03046"}
{timestamp:5.87231, localtime:5.87231, state:"IN_SP", message: "INDETERMINATE dt = 0.97839 m = 0.03046"}
{timestamp:5.89524, localtime:5.89524, state:"IN_SP", message: "RAMP_STATUS = INDETERMINATE dt = 0.97839 m = 0.03013"}
{timestamp:5.89524, localtime:5.89524, state:"IN_SP", message: "INDETERMINATE dt = 1.00132 m = 0.03013"}
{timestamp:5.91419, localtime:5.91419, state:"IN_SP", message: "RAMP_STATUS = INDETERMINATE dt = 1.00132 m = 0.01785"}
{timestamp:5.91419, localtime:5.91419, state:"IN_SP", message: "INDETERMINATE dt = 1.02027 m = 0.01785"}
{timestamp:5.93813, localtime:5.93813, state:"IN_SP", message: "RAMP_STATUS = INDETERMINATE dt = 1.02027 m = 0.01785"}
{timestamp:5.93813, localtime:5.93813, state:"IN_SP", message: "INDETERMINATE dt = 1.04421 m = 0.01785"}
{timestamp:5.95608, localtime:5.95608, state:"IN_SP", message: "RAMP_STATUS = INDETERMINATE dt = 1.04421 m = 0.01457"}
{timestamp:5.95608, localtime:5.95608, state:"IN_SP", message: "INDETERMINATE dt = 1.06216 m = 0.01457"}
{timestamp:5.97304, localtime:5.97304, state:"IN_SP", message: "RAMP_STATUS = INDETERMINATE dt = 1.06216 m = 0.01888"}
{timestamp:5.97304, localtime:5.97304, state:"IN_SP", message: "INDETERMINATE dt = 1.07912 m = 0.01888"}
{timestamp:5.99198, localtime:5.99198, state:"IN_SP", message: "RAMP_STATUS = INDETERMINATE dt = 1.07912 m = 0.02460"}
{timestamp:5.99198, localtime:5.99198, state:"IN_SP", message: "INDETERMINATE dt = 1.09807 m = 0.02460"}
{timestamp:6.01692, localtime:6.01692, state:"IN_SP", message: "RAMP_STATUS = INDETERMINATE dt = 1.09807 m = 0.03796"}
{timestamp:6.01692, localtime:6.01692, state:"IN_SP", message: "INDETERMINATE dt = 1.12300 m = 0.03796"}
{timestamp:6.03188, localtime:6.03188, state:"IN_SP", message: "RAMP_STATUS = INDETERMINATE dt = 1.12300 m = 0.03928"}
{timestamp:6.03188, localtime:6.03188, state:"IN_SP", message: "INDETERMINATE dt = 1.13796 m = 0.03928"}
{timestamp:6.05681, localtime:6.05681, state:"IN_SP", message: "RAMP_STATUS = INDETERMINATE dt = 1.13796 m = 0.03928"}
{timestamp:6.05681, localtime:6.05681, state:"IN_SP", message: "INDETERMINATE dt = 1.16289 m = 0.03928"}
{timestamp:6.07277, localtime:6.07277, state:"IN_SP", message: "RAMP_STATUS = INDETERMINATE dt = 1.16289 m = 0.02912"}
{timestamp:6.07277, localtime:6.07277, state:"IN_SP", message: "INDETERMINATE dt = 1.17885 m = 0.02912"}
{timestamp:6.09471, localtime:6.09471, state:"IN_SP", message: "RAMP_STATUS = INDETERMINATE dt = 1.17885 m = 0.01082"}
{timestamp:6.09471, localtime:6.09471, state:"IN_SP", message: "INDETERMINATE dt = 1.20079 m = 0.01082"}
{timestamp:6.11865, localtime:6.11865, state:"IN_SP", message: "RAMP_STATUS = INDETERMINATE dt = 1.20079 m = 0.01082"}
{timestamp:6.11865, localtime:6.11865, state:"IN_SP", message: "INDETERMINATE dt = 1.22473 m = 0.01082"}
{timestamp:6.13460, localtime:6.13460, state:"IN_SP", message: "RAMP_STATUS = INDETERMINATE dt = 1.22473 m = 0.02453"}
{timestamp:6.13460, localtime:6.13460, state:"IN_SP", message: "INDETERMINATE dt = 1.24068 m = 0.02453"}
{timestamp:6.15256, localtime:6.15256, state:"STEP", message: "END STATIONARITY (D = 0.6981332302093506) [LONG]"}
{timestamp:6.15256, localtime:6.15256, state:"IN_SP", message: "RAMP_STATUS = INDETERMINATE dt = 1.24068 m = 0.02453"}
{timestamp:6.15256, localtime:6.15256, state:"IN_SP", message: "INDETERMINATE dt = 1.25864 m = 0.02453"}
{timestamp:6.17749, localtime:6.17749, state:"IN_SP", message: "RAMP_STATUS = INDETERMINATE dt = 1.25864 m = 0.02161"}
{timestamp:6.17749, localtime:6.17749, state:"IN_SP", message: "INDETERMINATE dt = 1.28357 m = 0.02161"}
{timestamp:6.19943, localtime:6.19943, state:"STEP", message: "START STATIONARITY (COUNT = 3 T = 6.1994311809539795)"}
{timestamp:6.19943, localtime:6.19943, state:"IN_SP", message: "RAMP_STATUS = INDETERMINATE dt = 1.28357 m = 0.00624"}
{timestamp:6.19943, localtime:6.19943, state:"IN_SP", message: "INDETERMINATE dt = 1.30551 m = 0.00624"}
{timestamp:6.21738, localtime:6.21738, state:"IN_SP", message: "RAMP_STATUS = INDETERMINATE dt = 1.30551 m = 0.00624"}
{timestamp:6.21738, localtime:6.21738, state:"IN_SP", message: "INDETERMINATE dt = 1.32346 m = 0.00624"}
{timestamp:6.23334, localtime:6.23334, state:"IN_SP", message: "RAMP_STATUS = INDETERMINATE dt = 1.32346 m = 0.01925"}
{timestamp:6.23334, localtime:6.23334, state:"IN_SP", message: "INDETERMINATE dt = 1.33942 m = 0.01925"}
{timestamp:6.25329, localtime:6.25329, state:"IN_SP", message: "RAMP_STATUS = INDETERMINATE dt = 1.33942 m = 0.01925"}
{timestamp:6.25329, localtime:6.25329, state:"IN_SP", message: "INDETERMINATE dt = 1.35937 m = 0.01925"}
{timestamp:6.27423, localtime:6.27423, state:"IN_SP", message: "RAMP_STATUS = INDETERMINATE dt = 1.35937 m = 0.01547"}
{timestamp:6.27423, localtime:6.27423, state:"IN_SP", message: "INDETERMINATE dt = 1.38031 m = 0.01547"}
{timestamp:6.30315, localtime:6.30315, state:"IN_SP", message: "RAMP_STATUS = INDETERMINATE dt = 1.38031 m = 0.01437"}
{timestamp:6.30315, localtime:6.30315, state:"IN_SP", message: "INDETERMINATE dt = 1.40923 m = 0.01437"}
{timestamp:6.31811, localtime:6.31811, state:"IN_SP", message: "RAMP_STATUS = INDETERMINATE dt = 1.40923 m = 0.00300"}
{timestamp:6.31811, localtime:6.31811, state:"IN_SP", message: "INDETERMINATE dt = 1.42419 m = 0.00300"}
{timestamp:6.33706, localtime:6.33706, state:"IN_SP", message: "RAMP_STATUS = INDETERMINATE dt = 1.42419 m = 0.00000"}
{timestamp:6.33706, localtime:6.33706, state:"IN_SP", message: "INDETERMINATE dt = 1.44314 m = 0.00000"}
{timestamp:6.35900, localtime:6.35900, state:"IN_SP", message: "RAMP_STATUS = INDETERMINATE dt = 1.44314 m = -0.00658"}
{timestamp:6.35900, localtime:6.35900, state:"IN_SP", message: "INDETERMINATE dt = 1.46509 m = -0.00658"}
{timestamp:6.38294, localtime:6.38294, state:"IN_SP", message: "RAMP_STATUS = INDETERMINATE dt = 1.46509 m = -0.00673"}
{timestamp:6.38294, localtime:6.38294, state:"IN_SP", message: "INDETERMINATE dt = 1.48902 m = -0.00673"}
{timestamp:6.40289, localtime:6.40289, state:"IN_SP", message: "RAMP_STATUS = INDETERMINATE dt = 1.48902 m = -0.00928"}
{timestamp:6.40289, localtime:6.40289, state:"IN_SP", message: "INDETERMINATE dt = 1.50897 m = -0.00928"}
{timestamp:6.42184, localtime:6.42184, state:"IN_SP", message: "RAMP_STATUS = INDETERMINATE dt = 1.50897 m = -0.00928"}
{timestamp:6.42184, localtime:6.42184, state:"IN_SP", message: "INDETERMINATE dt = 1.52792 m = -0.00928"}
{timestamp:6.43879, localtime:6.43879, state:"IN_SP", message: "RAMP_STATUS = INDETERMINATE dt = 1.52792 m = 0.00000"}
{timestamp:6.43879, localtime:6.43879, state:"IN_SP", message: "INDETERMINATE dt = 1.54487 m = 0.00000"}
{timestamp:6.45774, localtime:6.45774, state:"IN_SP", message: "RAMP_STATUS = INDETERMINATE dt = 1.54487 m = 0.01219"}
{timestamp:6.45774, localtime:6.45774, state:"IN_SP", message: "INDETERMINATE dt = 1.56382 m = 0.01219"}
{timestamp:6.47669, localtime:6.47669, state:"IN_SP", message: "RAMP_STATUS = INDETERMINATE dt = 1.56382 m = 0.01219"}
{timestamp:6.47669, localtime:6.47669, state:"IN_SP", message: "INDETERMINATE dt = 1.58277 m = 0.01219"}
{timestamp:6.49763, localtime:6.49763, state:"IN_SP", message: "RAMP_STATUS = INDETERMINATE dt = 1.58277 m = 0.00723"}
{timestamp:6.49763, localtime:6.49763, state:"IN_SP", message: "INDETERMINATE dt = 1.60371 m = 0.00723"}
{timestamp:6.51858, localtime:6.51858, state:"IN_SP", message: "RAMP_STATUS = INDETERMINATE dt = 1.60371 m = 0.00216"}
{timestamp:6.51858, localtime:6.51858, state:"IN_SP", message: "INDETERMINATE dt = 1.62466 m = 0.00216"}
{timestamp:6.53853, localtime:6.53853, state:"IN_SP", message: "RAMP_STATUS = INDETERMINATE dt = 1.62466 m = 0.00216"}
{timestamp:6.53853, localtime:6.53853, state:"IN_SP", message: "INDETERMINATE dt = 1.64461 m = 0.00216"}
{timestamp:6.55847, localtime:6.55847, state:"IN_SP", message: "RAMP_STATUS = INDETERMINATE dt = 1.64461 m = 0.00431"}
{timestamp:6.55847, localtime:6.55847, state:"IN_SP", message: "INDETERMINATE dt = 1.66455 m = 0.00431"}
{timestamp:6.57842, localtime:6.57842, state:"IN_SP", message: "RAMP_STATUS = INDETERMINATE dt = 1.66455 m = 0.00658"}
{timestamp:6.57842, localtime:6.57842, state:"IN_SP", message: "INDETERMINATE dt = 1.68450 m = 0.00658"}
{timestamp:6.60136, localtime:6.60136, state:"IN_SP", message: "RAMP_STATUS = INDETERMINATE dt = 1.68450 m = 0.03063"}
{timestamp:6.60136, localtime:6.60136, state:"IN_SP", message: "INDETERMINATE dt = 1.70744 m = 0.03063"}
{timestamp:6.61831, localtime:6.61831, state:"IN_SP", message: "RAMP_STATUS = INDETERMINATE dt = 1.70744 m = 0.03063"}
{timestamp:6.61831, localtime:6.61831, state:"IN_SP", message: "INDETERMINATE dt = 1.72439 m = 0.03063"}
{timestamp:6.63626, localtime:6.63626, state:"IN_SP", message: "RAMP_STATUS = INDETERMINATE dt = 1.72439 m = 0.00000"}
{timestamp:6.63626, localtime:6.63626, state:"IN_SP", message: "INDETERMINATE dt = 1.74234 m = 0.00000"}
{timestamp:6.65920, localtime:6.65920, state:"IN_SP", message: "RAMP_STATUS = AGAINST dt = 1.74234 m = -0.34107"}
{timestamp:6.65920, localtime:6.65920, state:"IN_QP", message: "START QP @ t = 6.65920 d = DOWNWARD m = -0.34107 max_sp_v = 0.09721"}
{timestamp:6.68214, localtime:6.68214, state:"IN_QP", message: "IN_QP VELOCITY CHECK v: -0.5379808579639825 dirn.: DOWNWARD"}
{timestamp:6.68214, localtime:6.68214, state:"IN_QP", message: "EXTEND dt = 0.04588 m = -0.53798"}
{timestamp:6.69910, localtime:6.69910, state:"IN_QP", message: "IN_QP VELOCITY CHECK v: -0.06092391059800563 dirn.: DOWNWARD"}
{timestamp:6.69910, localtime:6.69910, state:"IN_QP", message: "EXTEND dt = 0.06283 m = -0.53798"}
{timestamp:6.71705, localtime:6.71705, state:"IN_QP", message: "IN_QP VELOCITY CHECK v: -0.0027562236596361156 dirn.: DOWNWARD"}
{timestamp:6.71705, localtime:6.71705, state:"IN_QP", message: "EXTEND dt = 0.08078 m = -0.06092"}
{timestamp:6.74198, localtime:6.74198, state:"IN_QP", message: "IN_QP VELOCITY CHECK v: -0.0028218472854287585 dirn.: DOWNWARD"}
{timestamp:6.74198, localtime:6.74198, state:"FOUND", message: "END (INDETERMINATE) m = -0.00282 [PASS-THROUGH TO FOUND]"}
{timestamp:6.74198, localtime:6.74198, state:"FOUND", message: "END qp end time = 6.74198  qp duration = 0.10572"}
{timestamp:6.74198, localtime:6.74198, state:"FOUND", message: "[PRE-VALIDATOR] END qp end time = 6.74198  qp duration = 0.10572"}
{timestamp:6.74198, localtime:6.74198, state:"FOUND", message: "PASSED VALIDITY CHECK"}
{timestamp:6.74198, localtime:6.74198, state:"FOUND", message: "PROGRESS RESET CALLED "}
{timestamp:6.74198, localtime:6.74198, state:"SEARCH_SP", message: "[FOUND] EARLY RESTART t_early = 6.741980314254761, t = 6.741980314254761 m = -0.0028218472854287585 f = true"}
{timestamp:6.75894, localtime:6.75894, state:"IN_SP", message: "INDETERMINATE dt = 0.01696 m = -0.00282"}
{timestamp:6.77689, localtime:6.77689, state:"IN_SP", message: "RAMP_STATUS = INDETERMINATE dt = 0.01696 m = -0.01740"}
{timestamp:6.77689, localtime:6.77689, state:"IN_SP", message: "INDETERMINATE dt = 0.03491 m = -0.01740"}
{timestamp:6.79883, localtime:6.79883, state:"IN_SP", message: "RAMP_STATUS = AGAINST dt = 0.03491 m = -0.06061"}
{timestamp:6.79883, localtime:6.79883, state:"IN_QP", message: "START QP @ t = 6.79883 d = DOWNWARD m = -0.06061 max_sp_v = 0.00000"}
{timestamp:6.81678, localtime:6.81678, state:"IN_QP", message: "IN_QP VELOCITY CHECK v: -0.02428039493320703 dirn.: DOWNWARD"}
{timestamp:6.81678, localtime:6.81678, state:"IN_QP", message: "EXTEND dt = 0.05785 m = -0.06061"}
{timestamp:6.83773, localtime:6.83773, state:"IN_QP", message: "IN_QP VELOCITY CHECK v: -0.01246841463304313 dirn.: DOWNWARD"}
{timestamp:6.83773, localtime:6.83773, state:"FOUND", message: "END (INDETERMINATE) m = -0.02428 [PASS-THROUGH TO FOUND]"}
{timestamp:6.83773, localtime:6.83773, state:"FOUND", message: "END qp end time = 6.83773  qp duration = 0.07879"}
{timestamp:6.83773, localtime:6.83773, state:"FOUND", message: "[PRE-VALIDATOR] END qp end time = 6.83773  qp duration = 0.07879"}
{timestamp:6.83773, localtime:6.83773, state:"FOUND", message: "FAILED VALIDITY CHECK"}
{timestamp:6.83773, localtime:6.83773, state:"FOUND", message: "PROGRESS RESET CALLED "}
{timestamp:6.83773, localtime:6.83773, state:"SEARCH_SP", message: "[FOUND] EARLY RESTART t_early = 6.837725639343262, t = 6.837725639343262 m = -0.02428039493320703 f = true"}
{timestamp:6.85867, localtime:6.85867, state:"IN_SP", message: "INDETERMINATE dt = 0.02094 m = -0.01247"}
{timestamp:6.87762, localtime:6.87762, state:"IN_SP", message: "RAMP_STATUS = INDETERMINATE dt = 0.02094 m = 0.00000"}
{timestamp:6.87762, localtime:6.87762, state:"IN_SP", message: "INDETERMINATE dt = 0.03989 m = 0.00000"}
{timestamp:6.89856, localtime:6.89856, state:"IN_SP", message: "RAMP_STATUS = INDETERMINATE dt = 0.03989 m = 0.00834"}
{timestamp:6.89856, localtime:6.89856, state:"IN_SP", message: "INDETERMINATE dt = 0.06084 m = 0.00834"}
{timestamp:6.91851, localtime:6.91851, state:"IN_SP", message: "RAMP_STATUS = INDETERMINATE dt = 0.06084 m = 0.01944"}
{timestamp:6.91851, localtime:6.91851, state:"IN_SP", message: "INDETERMINATE dt = 0.08078 m = 0.01944"}
{timestamp:6.93746, localtime:6.93746, state:"IN_SP", message: "RAMP_STATUS = INDETERMINATE dt = 0.08078 m = 0.01944"}
{timestamp:6.93746, localtime:6.93746, state:"IN_SP", message: "INDETERMINATE dt = 0.09973 m = 0.01944"}
{timestamp:6.95641, localtime:6.95641, state:"IN_SP", message: "RAMP_STATUS = INDETERMINATE dt = 0.09973 m = 0.02420"}
{timestamp:6.95641, localtime:6.95641, state:"IN_SP", message: "INDETERMINATE dt = 0.11868 m = 0.02420"}
{timestamp:6.97935, localtime:6.97935, state:"IN_SP", message: "RAMP_STATUS = INDETERMINATE dt = 0.11868 m = 0.03968"}
{timestamp:6.97935, localtime:6.97935, state:"IN_SP", message: "INDETERMINATE dt = 0.14162 m = 0.03968"}
{timestamp:6.99830, localtime:6.99830, state:"IN_SP", message: "RAMP_STATUS = WITH dt = 0.14162 m = 0.07950"}
{timestamp:6.99830, localtime:6.99830, state:"IN_SP", message: "EXTEND dt = 0.16057 m = 0.07950"}
{timestamp:7.01824, localtime:7.01824, state:"IN_SP", message: "RAMP_STATUS = WITH dt = 0.16057 m = 0.10919"}
{timestamp:7.01824, localtime:7.01824, state:"IN_SP", message: "EXTEND dt = 0.18052 m = 0.10919"}
{timestamp:7.04318, localtime:7.04318, state:"IN_SP", message: "RAMP_STATUS = WITH dt = 0.18052 m = 0.11029"}
{timestamp:7.04318, localtime:7.04318, state:"IN_SP", message: "EXTEND dt = 0.20545 m = 0.11029"}
{timestamp:7.06113, localtime:7.06113, state:"IN_SP", message: "RAMP_STATUS = WITH dt = 0.20545 m = 0.11029"}
{timestamp:7.06113, localtime:7.06113, state:"IN_SP", message: "EXTEND dt = 0.22340 m = 0.11029"}
{timestamp:7.07808, localtime:7.07808, state:"IN_SP", message: "RAMP_STATUS = WITH dt = 0.22340 m = 0.06392"}
{timestamp:7.07808, localtime:7.07808, state:"IN_SP", message: "EXTEND dt = 0.24036 m = 0.06392"}
{timestamp:7.09903, localtime:7.09903, state:"IN_SP", message: "RAMP_STATUS = INDETERMINATE dt = 0.24036 m = 0.00088"}
{timestamp:7.09903, localtime:7.09903, state:"IN_SP", message: "INDETERMINATE dt = 0.26130 m = 0.00088"}
{timestamp:7.11997, localtime:7.11997, state:"IN_SP", message: "RAMP_STATUS = INDETERMINATE dt = 0.26130 m = 0.00000"}
{timestamp:7.11997, localtime:7.11997, state:"IN_SP", message: "INDETERMINATE dt = 0.28224 m = 0.00000"}
{timestamp:7.13892, localtime:7.13892, state:"IN_SP", message: "RAMP_STATUS = AGAINST dt = 0.28224 m = -0.11895"}
{timestamp:7.13892, localtime:7.13892, state:"IN_QP", message: "START QP @ t = 7.13892 d = DOWNWARD m = -0.11895 max_sp_v = 0.11139"}
{timestamp:7.15887, localtime:7.15887, state:"IN_QP", message: "IN_QP VELOCITY CHECK v: -0.006982051253390614 dirn.: DOWNWARD"}
{timestamp:7.15887, localtime:7.15887, state:"IN_QP", message: "EXTEND dt = 0.03890 m = -0.11895"}
{timestamp:7.17782, localtime:7.17782, state:"IN_QP", message: "IN_QP VELOCITY CHECK v: -0.008781677581657588 dirn.: DOWNWARD"}
{timestamp:7.17782, localtime:7.17782, state:"FOUND", message: "END (INDETERMINATE) m = -0.00878 [PASS-THROUGH TO FOUND]"}
{timestamp:7.17782, localtime:7.17782, state:"FOUND", message: "END qp end time = 7.17782  qp duration = 0.05785"}
{timestamp:7.17782, localtime:7.17782, state:"FOUND", message: "[PRE-VALIDATOR] END qp end time = 7.17782  qp duration = 0.05785"}
{timestamp:7.17782, localtime:7.17782, state:"FOUND", message: "FAILED VALIDITY CHECK"}
{timestamp:7.17782, localtime:7.17782, state:"FOUND", message: "PROGRESS RESET CALLED "}
{timestamp:7.17782, localtime:7.17782, state:"SEARCH_SP", message: "[FOUND] EARLY RESTART t_early = 7.177815914154053, t = 7.177815914154053 m = -0.008781677581657588 f = true"}
{timestamp:7.19876, localtime:7.19876, state:"IN_SP", message: "INDETERMINATE dt = 0.02094 m = -0.00878"}
{timestamp:7.21871, localtime:7.21871, state:"IN_SP", message: "RAMP_STATUS = INDETERMINATE dt = 0.02094 m = -0.00878"}
{timestamp:7.21871, localtime:7.21871, state:"IN_SP", message: "INDETERMINATE dt = 0.04089 m = -0.00878"}
