{timestamp:undefined, localtime:NaN, state:"undefined", message: "PROGRESS RESET CALLED "}
{timestamp:undefined, localtime:NaN, state:"configuring detector.", message: "undefined"}
{timestamp:undefined, localtime:NaN, state:"SEARCH_SP", message: "PROGRESS RESET CALLED "}
{timestamp:0.00000, localtime:0.00000, state:"SEARCH_SP", message: "SEARCHING  m = null"}
{timestamp:0.00000, localtime:0.00000, state:"SEARCH_SP", message: "PROGRESS RESET CALLED "}
{timestamp:0.02593, localtime:0.02593, state:"SEARCH_SP", message: "SEARCHING  m = 0.03538"}
{timestamp:0.02593, localtime:0.02593, state:"SEARCH_SP", message: "PROGRESS RESET CALLED "}
{timestamp:0.04488, localtime:0.04488, state:"SEARCH_SP", message: "SEARCHING  m = 0.03645"}
{timestamp:0.04488, localtime:0.04488, state:"SEARCH_SP", message: "PROGRESS RESET CALLED "}
{timestamp:0.06483, localtime:0.06483, state:"SEARCH_SP", message: "SEARCHING  m = 0.03645"}
{timestamp:0.06483, localtime:0.06483, state:"SEARCH_SP", message: "PROGRESS RESET CALLED "}
{timestamp:0.08378, localtime:0.08378, state:"SEARCH_SP", message: "SEARCHING  m = 0.01645"}
{timestamp:0.08378, localtime:0.08378, state:"SEARCH_SP", message: "PROGRESS RESET CALLED "}
{timestamp:0.10272, localtime:0.10272, state:"SEARCH_SP", message: "SEARCHING  m = 0.01645"}
{timestamp:0.10272, localtime:0.10272, state:"SEARCH_SP", message: "PROGRESS RESET CALLED "}
{timestamp:0.12267, localtime:0.12267, state:"SEARCH_SP", message: "SEARCHING  m = 0.02469"}
{timestamp:0.12267, localtime:0.12267, state:"SEARCH_SP", message: "PROGRESS RESET CALLED "}
{timestamp:0.14262, localtime:0.14262, state:"SEARCH_SP", message: "SEARCHING  m = 0.02469"}
{timestamp:0.14262, localtime:0.14262, state:"SEARCH_SP", message: "PROGRESS RESET CALLED "}
{timestamp:0.16356, localtime:0.16356, state:"SEARCH_SP", message: "SEARCHING  m = 0.02751"}
{timestamp:0.16356, localtime:0.16356, state:"SEARCH_SP", message: "PROGRESS RESET CALLED "}
{timestamp:0.18251, localtime:0.18251, state:"SEARCH_SP", message: "SEARCHING  m = 0.03940"}
{timestamp:0.18251, localtime:0.18251, state:"SEARCH_SP", message: "PROGRESS RESET CALLED "}
{timestamp:0.20346, localtime:0.20346, state:"SEARCH_SP", message: "SEARCHING  m = 0.03940"}
{timestamp:0.20346, localtime:0.20346, state:"SEARCH_SP", message: "PROGRESS RESET CALLED "}
{timestamp:0.22340, localtime:0.22340, state:"SEARCH_SP", message: "SEARCHING  m = 0.02380"}
{timestamp:0.22340, localtime:0.22340, state:"SEARCH_SP", message: "PROGRESS RESET CALLED "}
{timestamp:0.24634, localtime:0.24634, state:"SEARCH_SP", message: "SEARCHING  m = 0.02269"}
{timestamp:0.24634, localtime:0.24634, state:"SEARCH_SP", message: "PROGRESS RESET CALLED "}
{timestamp:0.26729, localtime:0.26729, state:"SEARCH_SP", message: "SEARCHING  m = 0.00132"}
{timestamp:0.26729, localtime:0.26729, state:"SEARCH_SP", message: "PROGRESS RESET CALLED "}
{timestamp:0.28823, localtime:0.28823, state:"SEARCH_SP", message: "SEARCHING  m = 0.00000"}
{timestamp:0.28823, localtime:0.28823, state:"SEARCH_SP", message: "PROGRESS RESET CALLED "}
{timestamp:0.30419, localtime:0.30419, state:"SEARCH_SP", message: "SEARCHING  m = -0.33816"}
{timestamp:0.30419, localtime:0.30419, state:"SEARCH_SP", message: "PROGRESS RESET CALLED "}
{timestamp:0.32314, localtime:0.32314, state:"SEARCH_SP", message: "SEARCHING  m = -0.65112"}
{timestamp:0.32314, localtime:0.32314, state:"SEARCH_SP", message: "PROGRESS RESET CALLED "}
{timestamp:0.34308, localtime:0.34308, state:"SEARCH_SP", message: "SEARCHING  m = -0.65112"}
{timestamp:0.34308, localtime:0.34308, state:"SEARCH_SP", message: "PROGRESS RESET CALLED "}
{timestamp:0.36303, localtime:0.36303, state:"SEARCH_SP", message: "SEARCHING  m = -0.02080"}
{timestamp:0.36303, localtime:0.36303, state:"SEARCH_SP", message: "PROGRESS RESET CALLED "}
{timestamp:0.38298, localtime:0.38298, state:"SEARCH_SP", message: "SEARCHING  m = -0.01587"}
{timestamp:0.38298, localtime:0.38298, state:"SEARCH_SP", message: "PROGRESS RESET CALLED "}
{timestamp:0.40392, localtime:0.40392, state:"STEP", message: "START STATIONARITY (COUNT = 0 T = 0.40391969680786133)"}
{timestamp:0.40392, localtime:0.40392, state:"SEARCH_SP", message: "SEARCHING  m = 0.02029"}
{timestamp:0.40392, localtime:0.40392, state:"SEARCH_SP", message: "PROGRESS RESET CALLED "}
{timestamp:0.42287, localtime:0.42287, state:"SEARCH_SP", message: "SEARCHING  m = 0.02759"}
{timestamp:0.42287, localtime:0.42287, state:"SEARCH_SP", message: "PROGRESS RESET CALLED "}
{timestamp:0.44481, localtime:0.44481, state:"SEARCH_SP", message: "SEARCHING  m = 0.02759"}
{timestamp:0.44481, localtime:0.44481, state:"SEARCH_SP", message: "PROGRESS RESET CALLED "}
{timestamp:0.46476, localtime:0.46476, state:"SEARCH_SP", message: "SEARCHING  m = 0.02759"}
{timestamp:0.46476, localtime:0.46476, state:"SEARCH_SP", message: "PROGRESS RESET CALLED "}
{timestamp:0.48271, localtime:0.48271, state:"SEARCH_SP", message: "SEARCHING  m = 0.02617"}
{timestamp:0.48271, localtime:0.48271, state:"SEARCH_SP", message: "PROGRESS RESET CALLED "}
{timestamp:0.50365, localtime:0.50365, state:"SEARCH_SP", message: "SEARCHING  m = 0.02805"}
{timestamp:0.50365, localtime:0.50365, state:"SEARCH_SP", message: "PROGRESS RESET CALLED "}
{timestamp:0.52360, localtime:0.52360, state:"SEARCH_SP", message: "SEARCHING  m = 0.02945"}
{timestamp:0.52360, localtime:0.52360, state:"SEARCH_SP", message: "PROGRESS RESET CALLED "}
{timestamp:0.54255, localtime:0.54255, state:"SEARCH_SP", message: "SEARCHING  m = 0.04872"}
{timestamp:0.54255, localtime:0.54255, state:"SEARCH_SP", message: "PROGRESS RESET CALLED "}
{timestamp:0.56449, localtime:0.56449, state:"SEARCH_SP", message: "START t = 0.564490556716919 m = 0.0500420953572515 f = true"}
{timestamp:0.58344, localtime:0.58344, state:"SEARCH_SP", message: "BUILD EVIDENCE  dt = 0.01895 m = 0.08046  f = 1.00000 [1.00000]"}
{timestamp:0.60239, localtime:0.60239, state:"SEARCH_SP", message: "BUILD EVIDENCE  dt = 0.03790 m = 0.09495  f = 1.00000 [2.00000]"}
{timestamp:0.62234, localtime:0.62234, state:"SEARCH_SP", message: "BUILD EVIDENCE  dt = 0.05785 m = 0.09495  f = 1.00000 [3.00000]"}
{timestamp:0.64428, localtime:0.64428, state:"SEARCH_SP", message: "BUILD EVIDENCE  dt = 0.07979 m = 0.09813  f = 1.00000 [4.00000]"}
{timestamp:0.66422, localtime:0.66422, state:"SEARCH_SP", message: "BUILD EVIDENCE  dt = 0.09973 m = 0.11093  f = 1.00000 [5.00000]"}
{timestamp:0.68417, localtime:0.68417, state:"SEARCH_SP", message: "ACCEPT c = 5.00000 dt = 0.11968  m = 0.12281 (start = 0.56449)"}
{timestamp:0.70312, localtime:0.70312, state:"IN_SP", message: "RAMP_STATUS = WITH dt = 0.11968 m = 0.12281"}
{timestamp:0.70312, localtime:0.70312, state:"IN_SP", message: "EXTEND dt = 0.13863 m = 0.12281"}
{timestamp:0.72506, localtime:0.72506, state:"IN_SP", message: "RAMP_STATUS = WITH dt = 0.13863 m = 0.08266"}
{timestamp:0.72506, localtime:0.72506, state:"IN_SP", message: "EXTEND dt = 0.16057 m = 0.08266"}
{timestamp:0.74301, localtime:0.74301, state:"IN_SP", message: "RAMP_STATUS = WITH dt = 0.16057 m = 0.06719"}
{timestamp:0.74301, localtime:0.74301, state:"IN_SP", message: "EXTEND dt = 0.17852 m = 0.06719"}
{timestamp:0.76396, localtime:0.76396, state:"IN_SP", message: "RAMP_STATUS = INDETERMINATE dt = 0.17852 m = 0.04463"}
{timestamp:0.76396, localtime:0.76396, state:"IN_SP", message: "INDETERMINATE dt = 0.19947 m = 0.04463"}
{timestamp:0.78690, localtime:0.78690, state:"IN_SP", message: "RAMP_STATUS = INDETERMINATE dt = 0.19947 m = 0.00000"}
{timestamp:0.78690, localtime:0.78690, state:"IN_SP", message: "INDETERMINATE dt = 0.22241 m = 0.00000"}
{timestamp:0.80784, localtime:0.80784, state:"IN_SP", message: "RAMP_STATUS = AGAINST dt = 0.22241 m = -0.78062"}
{timestamp:0.80784, localtime:0.80784, state:"IN_QP", message: "START QP @ t = 0.80784 d = DOWNWARD m = -0.78062 max_sp_v = 0.15015"}
{timestamp:0.83178, localtime:0.83178, state:"IN_QP", message: "IN_QP VELOCITY CHECK v: -0.2958444788880281 dirn.: DOWNWARD"}
{timestamp:0.83178, localtime:0.83178, state:"IN_QP", message: "EXTEND dt = 0.04488 m = -0.78062"}
{timestamp:0.85272, localtime:0.85272, state:"IN_QP", message: "IN_QP VELOCITY CHECK v: -0.016445645919026114 dirn.: DOWNWARD"}
{timestamp:0.85272, localtime:0.85272, state:"IN_QP", message: "EXTEND dt = 0.06582 m = -0.29584"}
{timestamp:0.86967, localtime:0.86967, state:"IN_QP", message: "IN_QP VELOCITY CHECK v: 0.01838041418799207 dirn.: DOWNWARD"}
{timestamp:0.86967, localtime:0.86967, state:"FOUND", message: "END (INDETERMINATE) m = -0.01645 [PASS-THROUGH TO FOUND]"}
{timestamp:0.86967, localtime:0.86967, state:"FOUND", message: "END qp end time = 0.86967  qp duration = 0.08278"}
{timestamp:0.86967, localtime:0.86967, state:"FOUND", message: "[PRE-VALIDATOR] END qp end time = 0.86967  qp duration = 0.08278"}
{timestamp:0.86967, localtime:0.86967, state:"FOUND", message: "PASSED VALIDITY CHECK"}
{timestamp:0.86967, localtime:0.86967, state:"FOUND", message: "PROGRESS RESET CALLED "}
{timestamp:0.86967, localtime:0.86967, state:"SEARCH_SP", message: "[FOUND] EARLY RESTART t_early = 0.8696742057800293, t = 0.8696742057800293 m = -0.016445645919026114 f = true"}
{timestamp:0.88663, localtime:0.88663, state:"IN_SP", message: "INDETERMINATE dt = 0.01695 m = 0.01838"}
{timestamp:0.90358, localtime:0.90358, state:"IN_SP", message: "RAMP_STATUS = INDETERMINATE dt = 0.01695 m = 0.02116"}
{timestamp:0.90358, localtime:0.90358, state:"IN_SP", message: "INDETERMINATE dt = 0.03391 m = 0.02116"}
{timestamp:0.92253, localtime:0.92253, state:"IN_SP", message: "RAMP_STATUS = WITH dt = 0.03391 m = 0.07940"}
{timestamp:0.92253, localtime:0.92253, state:"IN_SP", message: "EXTEND dt = 0.05286 m = 0.07940"}
{timestamp:0.95844, localtime:0.95844, state:"IN_SP", message: "RAMP_STATUS = WITH dt = 0.05286 m = 0.07940"}
{timestamp:0.95844, localtime:0.95844, state:"IN_SP", message: "EXTEND dt = 0.08876 m = 0.07940"}
{timestamp:0.97439, localtime:0.97439, state:"IN_SP", message: "RAMP_STATUS = WITH dt = 0.08876 m = 0.05422"}
{timestamp:0.97439, localtime:0.97439, state:"IN_SP", message: "EXTEND dt = 0.10472 m = 0.05422"}
{timestamp:0.99135, localtime:0.99135, state:"IN_SP", message: "RAMP_STATUS = INDETERMINATE dt = 0.10472 m = 0.03849"}
{timestamp:0.99135, localtime:0.99135, state:"IN_SP", message: "INDETERMINATE dt = 0.12168 m = 0.03849"}
{timestamp:1.01130, localtime:1.01130, state:"IN_SP", message: "RAMP_STATUS = INDETERMINATE dt = 0.12168 m = 0.02757"}
{timestamp:1.01130, localtime:1.01130, state:"IN_SP", message: "INDETERMINATE dt = 0.14162 m = 0.02757"}
{timestamp:1.03025, localtime:1.03025, state:"IN_SP", message: "RAMP_STATUS = INDETERMINATE dt = 0.14162 m = 0.01398"}
{timestamp:1.03025, localtime:1.03025, state:"IN_SP", message: "INDETERMINATE dt = 0.16057 m = 0.01398"}
{timestamp:1.04421, localtime:1.04421, state:"IN_SP", message: "RAMP_STATUS = INDETERMINATE dt = 0.16057 m = 0.01398"}
{timestamp:1.04421, localtime:1.04421, state:"IN_SP", message: "INDETERMINATE dt = 0.17453 m = 0.01398"}
{timestamp:1.06515, localtime:1.06515, state:"IN_SP", message: "RAMP_STATUS = INDETERMINATE dt = 0.17453 m = 0.03118"}
{timestamp:1.06515, localtime:1.06515, state:"IN_SP", message: "INDETERMINATE dt = 0.19548 m = 0.03118"}
{timestamp:1.08310, localtime:1.08310, state:"IN_SP", message: "RAMP_STATUS = INDETERMINATE dt = 0.19548 m = 0.03215"}
{timestamp:1.08310, localtime:1.08310, state:"IN_SP", message: "INDETERMINATE dt = 0.21343 m = 0.03215"}
{timestamp:1.10305, localtime:1.10305, state:"IN_SP", message: "RAMP_STATUS = INDETERMINATE dt = 0.21343 m = 0.03782"}
{timestamp:1.10305, localtime:1.10305, state:"IN_SP", message: "INDETERMINATE dt = 0.23338 m = 0.03782"}
{timestamp:1.12699, localtime:1.12699, state:"IN_SP", message: "RAMP_STATUS = WITH dt = 0.23338 m = 0.06139"}
{timestamp:1.12699, localtime:1.12699, state:"IN_SP", message: "EXTEND dt = 0.25731 m = 0.06139"}
{timestamp:1.14494, localtime:1.14494, state:"IN_SP", message: "RAMP_STATUS = WITH dt = 0.25731 m = 0.06139"}
{timestamp:1.14494, localtime:1.14494, state:"IN_SP", message: "EXTEND dt = 0.27527 m = 0.06139"}
{timestamp:1.16289, localtime:1.16289, state:"IN_SP", message: "RAMP_STATUS = WITH dt = 0.27527 m = 0.05666"}
{timestamp:1.16289, localtime:1.16289, state:"IN_SP", message: "EXTEND dt = 0.29322 m = 0.05666"}
{timestamp:1.18284, localtime:1.18284, state:"IN_SP", message: "RAMP_STATUS = WITH dt = 0.29322 m = 0.05666"}
{timestamp:1.18284, localtime:1.18284, state:"IN_SP", message: "EXTEND dt = 0.31316 m = 0.05666"}
{timestamp:1.20478, localtime:1.20478, state:"IN_SP", message: "RAMP_STATUS = WITH dt = 0.31316 m = 0.09656"}
{timestamp:1.20478, localtime:1.20478, state:"IN_SP", message: "EXTEND dt = 0.33510 m = 0.09656"}
{timestamp:1.22173, localtime:1.22173, state:"IN_SP", message: "RAMP_STATUS = WITH dt = 0.33510 m = 0.11130"}
{timestamp:1.22173, localtime:1.22173, state:"IN_SP", message: "EXTEND dt = 0.35206 m = 0.11130"}
{timestamp:1.24168, localtime:1.24168, state:"IN_SP", message: "RAMP_STATUS = WITH dt = 0.35206 m = 0.11130"}
{timestamp:1.24168, localtime:1.24168, state:"IN_SP", message: "EXTEND dt = 0.37201 m = 0.11130"}
{timestamp:1.26562, localtime:1.26562, state:"IN_SP", message: "RAMP_STATUS = WITH dt = 0.37201 m = 0.08125"}
{timestamp:1.26562, localtime:1.26562, state:"IN_SP", message: "EXTEND dt = 0.39594 m = 0.08125"}
{timestamp:1.28157, localtime:1.28157, state:"IN_SP", message: "RAMP_STATUS = WITH dt = 0.39594 m = 0.08125"}
{timestamp:1.28157, localtime:1.28157, state:"IN_SP", message: "EXTEND dt = 0.41190 m = 0.08125"}
{timestamp:1.30152, localtime:1.30152, state:"STEP", message: "END STATIONARITY (D = 0.8976008892059326) [LONG]"}
{timestamp:1.30152, localtime:1.30152, state:"IN_SP", message: "RAMP_STATUS = WITH dt = 0.41190 m = 0.08125"}
{timestamp:1.30152, localtime:1.30152, state:"IN_SP", message: "EXTEND dt = 0.43185 m = 0.08125"}
{timestamp:1.32845, localtime:1.32845, state:"STEP", message: "START STATIONARITY (COUNT = 1 T = 1.3284492492675781)"}
{timestamp:1.32845, localtime:1.32845, state:"IN_SP", message: "RAMP_STATUS = WITH dt = 0.43185 m = 0.06507"}
{timestamp:1.32845, localtime:1.32845, state:"IN_SP", message: "EXTEND dt = 0.45878 m = 0.06507"}
{timestamp:1.34740, localtime:1.34740, state:"IN_SP", message: "RAMP_STATUS = INDETERMINATE dt = 0.45878 m = 0.04561"}
{timestamp:1.34740, localtime:1.34740, state:"IN_SP", message: "INDETERMINATE dt = 0.47772 m = 0.04561"}
{timestamp:1.36635, localtime:1.36635, state:"IN_SP", message: "RAMP_STATUS = INDETERMINATE dt = 0.47772 m = 0.00000"}
{timestamp:1.36635, localtime:1.36635, state:"IN_SP", message: "INDETERMINATE dt = 0.49667 m = 0.00000"}
{timestamp:1.38131, localtime:1.38131, state:"IN_SP", message: "RAMP_STATUS = AGAINST dt = 0.49667 m = -0.10224"}
{timestamp:1.38131, localtime:1.38131, state:"IN_QP", message: "START QP @ t = 1.38131 d = DOWNWARD m = -0.10224 max_sp_v = 0.11669"}
{timestamp:1.41023, localtime:1.41023, state:"IN_QP", message: "IN_QP VELOCITY CHECK v: -0.3805910177508774 dirn.: DOWNWARD"}
{timestamp:1.41023, localtime:1.41023, state:"IN_QP", message: "EXTEND dt = 0.04388 m = -0.38059"}
{timestamp:1.42818, localtime:1.42818, state:"IN_QP", message: "IN_QP VELOCITY CHECK v: -0.07110317194992236 dirn.: DOWNWARD"}
{timestamp:1.42818, localtime:1.42818, state:"IN_QP", message: "EXTEND dt = 0.06184 m = -0.38059"}
{timestamp:1.44115, localtime:1.44115, state:"IN_QP", message: "IN_QP VELOCITY CHECK v: 0 dirn.: DOWNWARD"}
{timestamp:1.44115, localtime:1.44115, state:"IN_QP", message: "EXTEND dt = 0.07480 m = -0.07110"}
{timestamp:1.46109, localtime:1.46109, state:"IN_QP", message: "IN_QP VELOCITY CHECK v: 0 dirn.: DOWNWARD"}
{timestamp:1.46109, localtime:1.46109, state:"FOUND", message: "END (INDETERMINATE) m = 0.00000 [PASS-THROUGH TO FOUND]"}
{timestamp:1.46109, localtime:1.46109, state:"FOUND", message: "END qp end time = 1.46109  qp duration = 0.09475"}
{timestamp:1.46109, localtime:1.46109, state:"FOUND", message: "[PRE-VALIDATOR] END qp end time = 1.46109  qp duration = 0.09475"}
{timestamp:1.46109, localtime:1.46109, state:"FOUND", message: "PASSED VALIDITY CHECK"}
{timestamp:1.46109, localtime:1.46109, state:"FOUND", message: "PROGRESS RESET CALLED "}
{timestamp:1.46109, localtime:1.46109, state:"SEARCH_SP", message: "[FOUND] EARLY RESTART t_early = 1.4610941410064697, t = 1.4610941410064697 m = 0 f = true"}
{timestamp:1.48703, localtime:1.48703, state:"IN_SP", message: "INDETERMINATE dt = 0.02593 m = 0.00000"}
{timestamp:1.50797, localtime:1.50797, state:"IN_SP", message: "RAMP_STATUS = INDETERMINATE dt = 0.02593 m = 0.01749"}
{timestamp:1.50797, localtime:1.50797, state:"IN_SP", message: "INDETERMINATE dt = 0.04688 m = 0.01749"}
{timestamp:1.52293, localtime:1.52293, state:"IN_SP", message: "RAMP_STATUS = INDETERMINATE dt = 0.04688 m = 0.03647"}
{timestamp:1.52293, localtime:1.52293, state:"IN_SP", message: "INDETERMINATE dt = 0.06184 m = 0.03647"}
{timestamp:1.54188, localtime:1.54188, state:"IN_SP", message: "RAMP_STATUS = WITH dt = 0.06184 m = 0.29407"}
{timestamp:1.54188, localtime:1.54188, state:"IN_SP", message: "EXTEND dt = 0.08078 m = 0.29407"}
{timestamp:1.56282, localtime:1.56282, state:"IN_SP", message: "RAMP_STATUS = WITH dt = 0.08078 m = 0.57756"}
{timestamp:1.56282, localtime:1.56282, state:"IN_SP", message: "EXTEND dt = 0.10173 m = 0.57756"}
{timestamp:1.58277, localtime:1.58277, state:"IN_SP", message: "RAMP_STATUS = WITH dt = 0.10173 m = 1.94160"}
{timestamp:1.58277, localtime:1.58277, state:"IN_SP", message: "EXTEND dt = 0.12167 m = 1.94160"}
{timestamp:1.60770, localtime:1.60770, state:"IN_SP", message: "RAMP_STATUS = WITH dt = 0.12167 m = 1.94160"}
{timestamp:1.60770, localtime:1.60770, state:"IN_SP", message: "EXTEND dt = 0.14661 m = 1.94160"}
{timestamp:1.62167, localtime:1.62167, state:"IN_SP", message: "RAMP_STATUS = INDETERMINATE dt = 0.14661 m = 0.02813"}
{timestamp:1.62167, localtime:1.62167, state:"IN_SP", message: "INDETERMINATE dt = 0.16057 m = 0.02813"}
{timestamp:1.64062, localtime:1.64062, state:"IN_SP", message: "RAMP_STATUS = INDETERMINATE dt = 0.16057 m = 0.00000"}
{timestamp:1.64062, localtime:1.64062, state:"IN_SP", message: "INDETERMINATE dt = 0.17952 m = 0.00000"}
{timestamp:1.66056, localtime:1.66056, state:"IN_SP", message: "RAMP_STATUS = INDETERMINATE dt = 0.17952 m = 0.00000"}
{timestamp:1.66056, localtime:1.66056, state:"IN_SP", message: "INDETERMINATE dt = 0.19947 m = 0.00000"}
{timestamp:1.68250, localtime:1.68250, state:"IN_SP", message: "RAMP_STATUS = INDETERMINATE dt = 0.19947 m = 0.02612"}
{timestamp:1.68250, localtime:1.68250, state:"IN_SP", message: "INDETERMINATE dt = 0.22141 m = 0.02612"}
{timestamp:1.70744, localtime:1.70744, state:"IN_SP", message: "RAMP_STATUS = WITH dt = 0.22141 m = 0.23288"}
{timestamp:1.70744, localtime:1.70744, state:"IN_SP", message: "EXTEND dt = 0.24634 m = 0.23288"}
{timestamp:1.72240, localtime:1.72240, state:"IN_SP", message: "RAMP_STATUS = WITH dt = 0.24634 m = 0.23288"}
{timestamp:1.72240, localtime:1.72240, state:"IN_SP", message: "EXTEND dt = 0.26130 m = 0.23288"}
{timestamp:1.74234, localtime:1.74234, state:"IN_SP", message: "RAMP_STATUS = INDETERMINATE dt = 0.26130 m = 0.00000"}
{timestamp:1.74234, localtime:1.74234, state:"IN_SP", message: "INDETERMINATE dt = 0.28125 m = 0.00000"}
{timestamp:1.76428, localtime:1.76428, state:"IN_SP", message: "RAMP_STATUS = AGAINST dt = 0.28125 m = -0.80110"}
{timestamp:1.76428, localtime:1.76428, state:"IN_QP", message: "START QP @ t = 1.76428 d = DOWNWARD m = -0.80110 max_sp_v = 2.43587"}
{timestamp:1.78722, localtime:1.78722, state:"IN_QP", message: "IN_QP VELOCITY CHECK v: -1.8863731463369118 dirn.: DOWNWARD"}
{timestamp:1.78722, localtime:1.78722, state:"IN_QP", message: "EXTEND dt = 0.04488 m = -1.88637"}
{timestamp:1.80119, localtime:1.80119, state:"IN_QP", message: "IN_QP VELOCITY CHECK v: -0.3436120162155426 dirn.: DOWNWARD"}
{timestamp:1.80119, localtime:1.80119, state:"IN_QP", message: "EXTEND dt = 0.05884 m = -1.88637"}
{timestamp:1.82213, localtime:1.82213, state:"IN_QP", message: "IN_QP VELOCITY CHECK v: -0.24820941976450597 dirn.: DOWNWARD"}
{timestamp:1.82213, localtime:1.82213, state:"IN_QP", message: "EXTEND dt = 0.07979 m = -0.34361"}
{timestamp:1.84607, localtime:1.84607, state:"IN_QP", message: "IN_QP VELOCITY CHECK v: -0.21192105046171536 dirn.: DOWNWARD"}
{timestamp:1.84607, localtime:1.84607, state:"IN_QP", message: "EXTEND dt = 0.10372 m = -0.24821"}
{timestamp:1.86601, localtime:1.86601, state:"IN_QP", message: "IN_QP VELOCITY CHECK v: -0.11722823453400097 dirn.: DOWNWARD"}
{timestamp:1.86601, localtime:1.86601, state:"IN_QP", message: "EXTEND dt = 0.12367 m = -0.21192"}
{timestamp:1.88297, localtime:1.88297, state:"IN_QP", message: "IN_QP VELOCITY CHECK v: -0.23563092630612803 dirn.: DOWNWARD"}
{timestamp:1.88297, localtime:1.88297, state:"IN_QP", message: "EXTEND dt = 0.14062 m = -0.21192"}
{timestamp:1.90690, localtime:1.90690, state:"IN_QP", message: "IN_QP VELOCITY CHECK v: -0.14267947512569942 dirn.: DOWNWARD"}
{timestamp:1.90690, localtime:1.90690, state:"IN_QP", message: "EXTEND dt = 0.16456 m = -0.14268"}
{timestamp:1.92585, localtime:1.92585, state:"IN_QP", message: "IN_QP VELOCITY CHECK v: 0 dirn.: DOWNWARD"}
{timestamp:1.92585, localtime:1.92585, state:"IN_QP", message: "EXTEND dt = 0.18351 m = -0.14268"}
{timestamp:1.94081, localtime:1.94081, state:"IN_QP", message: "IN_QP VELOCITY CHECK v: 0.03290070622546388 dirn.: DOWNWARD"}
{timestamp:1.94081, localtime:1.94081, state:"FOUND", message: "END (INDETERMINATE) m = 0.00000 [PASS-THROUGH TO FOUND]"}
{timestamp:1.94081, localtime:1.94081, state:"FOUND", message: "END qp end time = 1.94081  qp duration = 0.19847"}
{timestamp:1.94081, localtime:1.94081, state:"FOUND", message: "[PRE-VALIDATOR] END qp end time = 1.94081  qp duration = 0.19847"}
{timestamp:1.94081, localtime:1.94081, state:"FOUND", message: "FAILED VALIDITY CHECK"}
{timestamp:1.94081, localtime:1.94081, state:"FOUND", message: "PROGRESS RESET CALLED "}
{timestamp:1.94081, localtime:1.94081, state:"SEARCH_SP", message: "[FOUND] EARLY RESTART t_early = 1.940812110900879, t = 1.940812110900879 m = 0 f = true"}
{timestamp:1.96575, localtime:1.96575, state:"IN_SP", message: "INDETERMINATE dt = 0.02493 m = 0.03290"}
{timestamp:1.98170, localtime:1.98170, state:"IN_SP", message: "RAMP_STATUS = WITH dt = 0.02493 m = 0.09073"}
{timestamp:1.98170, localtime:1.98170, state:"IN_SP", message: "EXTEND dt = 0.04089 m = 0.09073"}
{timestamp:2.00664, localtime:2.00664, state:"IN_SP", message: "RAMP_STATUS = WITH dt = 0.04089 m = 0.09073"}
{timestamp:2.00664, localtime:2.00664, state:"IN_SP", message: "EXTEND dt = 0.06582 m = 0.09073"}
{timestamp:2.02758, localtime:2.02758, state:"IN_SP", message: "RAMP_STATUS = WITH dt = 0.06582 m = 0.06295"}
{timestamp:2.02758, localtime:2.02758, state:"IN_SP", message: "EXTEND dt = 0.08677 m = 0.06295"}
{timestamp:2.04952, localtime:2.04952, state:"IN_SP", message: "RAMP_STATUS = WITH dt = 0.08677 m = 0.06295"}
{timestamp:2.04952, localtime:2.04952, state:"IN_SP", message: "EXTEND dt = 0.10871 m = 0.06295"}
{timestamp:2.06648, localtime:2.06648, state:"IN_SP", message: "RAMP_STATUS = WITH dt = 0.10871 m = 0.07090"}
{timestamp:2.06648, localtime:2.06648, state:"IN_SP", message: "EXTEND dt = 0.12566 m = 0.07090"}
{timestamp:2.08543, localtime:2.08543, state:"IN_SP", message: "RAMP_STATUS = WITH dt = 0.12566 m = 0.07090"}
{timestamp:2.08543, localtime:2.08543, state:"IN_SP", message: "EXTEND dt = 0.14461 m = 0.07090"}
{timestamp:2.10737, localtime:2.10737, state:"IN_SP", message: "RAMP_STATUS = WITH dt = 0.14461 m = 0.06583"}
{timestamp:2.10737, localtime:2.10737, state:"IN_SP", message: "EXTEND dt = 0.16655 m = 0.06583"}
{timestamp:2.12731, localtime:2.12731, state:"IN_SP", message: "RAMP_STATUS = INDETERMINATE dt = 0.16655 m = 0.04697"}
{timestamp:2.12731, localtime:2.12731, state:"IN_SP", message: "INDETERMINATE dt = 0.18650 m = 0.04697"}
{timestamp:2.14626, localtime:2.14626, state:"IN_SP", message: "RAMP_STATUS = INDETERMINATE dt = 0.18650 m = 0.03875"}
{timestamp:2.14626, localtime:2.14626, state:"IN_SP", message: "INDETERMINATE dt = 0.20545 m = 0.03875"}
{timestamp:2.16920, localtime:2.16920, state:"IN_SP", message: "RAMP_STATUS = INDETERMINATE dt = 0.20545 m = 0.03875"}
{timestamp:2.16920, localtime:2.16920, state:"IN_SP", message: "INDETERMINATE dt = 0.22839 m = 0.03875"}
{timestamp:2.18715, localtime:2.18715, state:"IN_SP", message: "RAMP_STATUS = INDETERMINATE dt = 0.22839 m = 0.03875"}
{timestamp:2.18715, localtime:2.18715, state:"IN_SP", message: "INDETERMINATE dt = 0.24634 m = 0.03875"}
{timestamp:2.20710, localtime:2.20710, state:"IN_SP", message: "RAMP_STATUS = INDETERMINATE dt = 0.24634 m = 0.03983"}
{timestamp:2.20710, localtime:2.20710, state:"IN_SP", message: "INDETERMINATE dt = 0.26629 m = 0.03983"}
{timestamp:2.22605, localtime:2.22605, state:"IN_SP", message: "RAMP_STATUS = INDETERMINATE dt = 0.26629 m = 0.04225"}
{timestamp:2.22605, localtime:2.22605, state:"IN_SP", message: "INDETERMINATE dt = 0.28524 m = 0.04225"}
{timestamp:2.24500, localtime:2.24500, state:"IN_SP", message: "RAMP_STATUS = INDETERMINATE dt = 0.28524 m = 0.04225"}
{timestamp:2.24500, localtime:2.24500, state:"IN_SP", message: "INDETERMINATE dt = 0.30419 m = 0.04225"}
{timestamp:2.26694, localtime:2.26694, state:"IN_SP", message: "RAMP_STATUS = WITH dt = 0.30419 m = 0.05738"}
{timestamp:2.26694, localtime:2.26694, state:"IN_SP", message: "EXTEND dt = 0.32613 m = 0.05738"}
{timestamp:2.28689, localtime:2.28689, state:"IN_SP", message: "RAMP_STATUS = WITH dt = 0.32613 m = 0.05261"}
{timestamp:2.28689, localtime:2.28689, state:"IN_SP", message: "EXTEND dt = 0.34607 m = 0.05261"}
{timestamp:2.30683, localtime:2.30683, state:"IN_SP", message: "RAMP_STATUS = WITH dt = 0.34607 m = 0.05738"}
{timestamp:2.30683, localtime:2.30683, state:"IN_SP", message: "EXTEND dt = 0.36602 m = 0.05738"}
{timestamp:2.32678, localtime:2.32678, state:"STEP", message: "END STATIONARITY (D = 0.99833083152771) [LONG]"}
{timestamp:2.32678, localtime:2.32678, state:"IN_SP", message: "RAMP_STATUS = WITH dt = 0.36602 m = 0.06957"}
{timestamp:2.32678, localtime:2.32678, state:"IN_SP", message: "EXTEND dt = 0.38597 m = 0.06957"}
{timestamp:2.35171, localtime:2.35171, state:"IN_SP", message: "RAMP_STATUS = WITH dt = 0.38597 m = 0.06957"}
{timestamp:2.35171, localtime:2.35171, state:"IN_SP", message: "EXTEND dt = 0.41090 m = 0.06957"}
{timestamp:2.36767, localtime:2.36767, state:"IN_SP", message: "RAMP_STATUS = INDETERMINATE dt = 0.41090 m = 0.04255"}
{timestamp:2.36767, localtime:2.36767, state:"IN_SP", message: "INDETERMINATE dt = 0.42686 m = 0.04255"}
{timestamp:2.38767, localtime:2.38767, state:"IN_SP", message: "RAMP_STATUS = INDETERMINATE dt = 0.42686 m = 0.04255"}
{timestamp:2.38767, localtime:2.38767, state:"IN_SP", message: "INDETERMINATE dt = 0.44685 m = 0.04255"}
{timestamp:2.40965, localtime:2.40965, state:"IN_SP", message: "RAMP_STATUS = WITH dt = 0.44685 m = 0.06904"}
{timestamp:2.40965, localtime:2.40965, state:"IN_SP", message: "EXTEND dt = 0.46884 m = 0.06904"}
{timestamp:2.42663, localtime:2.42663, state:"IN_SP", message: "RAMP_STATUS = WITH dt = 0.46884 m = 0.07326"}
{timestamp:2.42663, localtime:2.42663, state:"IN_SP", message: "EXTEND dt = 0.48582 m = 0.07326"}
{timestamp:2.44658, localtime:2.44658, state:"IN_SP", message: "RAMP_STATUS = WITH dt = 0.48582 m = 0.07326"}
{timestamp:2.44658, localtime:2.44658, state:"IN_SP", message: "EXTEND dt = 0.50577 m = 0.07326"}
{timestamp:2.46852, localtime:2.46852, state:"STEP", message: "START STATIONARITY (COUNT = 2 T = 2.4685208797454834)"}
{timestamp:2.46852, localtime:2.46852, state:"IN_SP", message: "RAMP_STATUS = INDETERMINATE dt = 0.50577 m = 0.00000"}
{timestamp:2.46852, localtime:2.46852, state:"IN_SP", message: "INDETERMINATE dt = 0.52771 m = 0.00000"}
{timestamp:2.49146, localtime:2.49146, state:"IN_SP", message: "RAMP_STATUS = AGAINST dt = 0.52771 m = -0.47938"}
{timestamp:2.49146, localtime:2.49146, state:"IN_QP", message: "START QP @ t = 2.49146 d = DOWNWARD m = -0.47938 max_sp_v = 0.12470"}
{timestamp:2.50542, localtime:2.50542, state:"IN_QP", message: "IN_QP VELOCITY CHECK v: -0.8237090971590171 dirn.: DOWNWARD"}
{timestamp:2.50542, localtime:2.50542, state:"IN_QP", message: "EXTEND dt = 0.03690 m = -0.82371"}
{timestamp:2.52736, localtime:2.52736, state:"IN_QP", message: "IN_QP VELOCITY CHECK v: -0.018748012377525183 dirn.: DOWNWARD"}
{timestamp:2.52736, localtime:2.52736, state:"IN_QP", message: "EXTEND dt = 0.05884 m = -0.82371"}
{timestamp:2.54432, localtime:2.54432, state:"IN_QP", message: "IN_QP VELOCITY CHECK v: -0.01851952677528635 dirn.: DOWNWARD"}
{timestamp:2.54432, localtime:2.54432, state:"FOUND", message: "END (INDETERMINATE) m = -0.01875 [PASS-THROUGH TO FOUND]"}
{timestamp:2.54432, localtime:2.54432, state:"FOUND", message: "END qp end time = 2.54432  qp duration = 0.07580"}
{timestamp:2.54432, localtime:2.54432, state:"FOUND", message: "[PRE-VALIDATOR] END qp end time = 2.54432  qp duration = 0.07580"}
{timestamp:2.54432, localtime:2.54432, state:"FOUND", message: "PASSED VALIDITY CHECK"}
{timestamp:2.54432, localtime:2.54432, state:"FOUND", message: "PROGRESS RESET CALLED "}
{timestamp:2.54432, localtime:2.54432, state:"SEARCH_SP", message: "[FOUND] EARLY RESTART t_early = 2.5443174839019775, t = 2.5443174839019775 m = -0.018748012377525183 f = true"}
{timestamp:2.56626, localtime:2.56626, state:"IN_SP", message: "INDETERMINATE dt = 0.02194 m = -0.01852"}
{timestamp:2.58621, localtime:2.58621, state:"IN_SP", message: "RAMP_STATUS = INDETERMINATE dt = 0.02194 m = -0.00116"}
{timestamp:2.58621, localtime:2.58621, state:"IN_SP", message: "INDETERMINATE dt = 0.04189 m = -0.00116"}
{timestamp:2.60815, localtime:2.60815, state:"IN_SP", message: "RAMP_STATUS = INDETERMINATE dt = 0.04189 m = 0.00116"}
{timestamp:2.60815, localtime:2.60815, state:"IN_SP", message: "INDETERMINATE dt = 0.06383 m = 0.00116"}
{timestamp:2.63607, localtime:2.63607, state:"IN_SP", message: "RAMP_STATUS = INDETERMINATE dt = 0.06383 m = 0.00836"}
{timestamp:2.63607, localtime:2.63607, state:"IN_SP", message: "INDETERMINATE dt = 0.09176 m = 0.00836"}
{timestamp:2.64704, localtime:2.64704, state:"IN_SP", message: "RAMP_STATUS = INDETERMINATE dt = 0.09176 m = 0.01382"}
{timestamp:2.64704, localtime:2.64704, state:"IN_SP", message: "INDETERMINATE dt = 0.10273 m = 0.01382"}
{timestamp:2.66599, localtime:2.66599, state:"IN_SP", message: "RAMP_STATUS = WITH dt = 0.10273 m = 0.05785"}
{timestamp:2.66599, localtime:2.66599, state:"IN_SP", message: "EXTEND dt = 0.12168 m = 0.05785"}
{timestamp:2.68594, localtime:2.68594, state:"IN_SP", message: "RAMP_STATUS = WITH dt = 0.12168 m = 0.11630"}
{timestamp:2.68594, localtime:2.68594, state:"IN_SP", message: "EXTEND dt = 0.14162 m = 0.11630"}
{timestamp:2.70489, localtime:2.70489, state:"IN_SP", message: "RAMP_STATUS = WITH dt = 0.14162 m = 0.11630"}
{timestamp:2.70489, localtime:2.70489, state:"IN_SP", message: "EXTEND dt = 0.16057 m = 0.11630"}
{timestamp:2.72683, localtime:2.72683, state:"IN_SP", message: "RAMP_STATUS = WITH dt = 0.16057 m = 0.06616"}
{timestamp:2.72683, localtime:2.72683, state:"IN_SP", message: "EXTEND dt = 0.18251 m = 0.06616"}
{timestamp:2.74578, localtime:2.74578, state:"IN_SP", message: "RAMP_STATUS = INDETERMINATE dt = 0.18251 m = 0.04966"}
{timestamp:2.74578, localtime:2.74578, state:"IN_SP", message: "INDETERMINATE dt = 0.20146 m = 0.04966"}
{timestamp:2.76573, localtime:2.76573, state:"IN_SP", message: "RAMP_STATUS = INDETERMINATE dt = 0.20146 m = 0.04758"}
{timestamp:2.76573, localtime:2.76573, state:"IN_SP", message: "INDETERMINATE dt = 0.22141 m = 0.04758"}
{timestamp:2.78767, localtime:2.78767, state:"IN_SP", message: "RAMP_STATUS = INDETERMINATE dt = 0.22141 m = 0.04966"}
{timestamp:2.78767, localtime:2.78767, state:"IN_SP", message: "INDETERMINATE dt = 0.24335 m = 0.04966"}
{timestamp:2.80562, localtime:2.80562, state:"IN_SP", message: "RAMP_STATUS = WITH dt = 0.24335 m = 0.07509"}
{timestamp:2.80562, localtime:2.80562, state:"IN_SP", message: "EXTEND dt = 0.26130 m = 0.07509"}
{timestamp:2.82756, localtime:2.82756, state:"IN_SP", message: "RAMP_STATUS = WITH dt = 0.26130 m = 0.07509"}
{timestamp:2.82756, localtime:2.82756, state:"IN_SP", message: "EXTEND dt = 0.28324 m = 0.07509"}
{timestamp:2.85050, localtime:2.85050, state:"IN_SP", message: "RAMP_STATUS = WITH dt = 0.28324 m = 0.09515"}
{timestamp:2.85050, localtime:2.85050, state:"IN_SP", message: "EXTEND dt = 0.30618 m = 0.09515"}
{timestamp:2.87045, localtime:2.87045, state:"IN_SP", message: "RAMP_STATUS = WITH dt = 0.30618 m = 0.10358"}
{timestamp:2.87045, localtime:2.87045, state:"IN_SP", message: "EXTEND dt = 0.32613 m = 0.10358"}
{timestamp:2.88740, localtime:2.88740, state:"IN_SP", message: "RAMP_STATUS = WITH dt = 0.32613 m = 0.10358"}
{timestamp:2.88740, localtime:2.88740, state:"IN_SP", message: "EXTEND dt = 0.34308 m = 0.10358"}
{timestamp:2.90735, localtime:2.90735, state:"IN_SP", message: "RAMP_STATUS = WITH dt = 0.34308 m = 0.05358"}
{timestamp:2.90735, localtime:2.90735, state:"IN_SP", message: "EXTEND dt = 0.36303 m = 0.05358"}
{timestamp:2.92929, localtime:2.92929, state:"IN_SP", message: "RAMP_STATUS = INDETERMINATE dt = 0.36303 m = 0.03658"}
{timestamp:2.92929, localtime:2.92929, state:"IN_SP", message: "INDETERMINATE dt = 0.38497 m = 0.03658"}
{timestamp:2.95023, localtime:2.95023, state:"IN_SP", message: "RAMP_STATUS = INDETERMINATE dt = 0.38497 m = 0.02720"}
{timestamp:2.95023, localtime:2.95023, state:"IN_SP", message: "INDETERMINATE dt = 0.40592 m = 0.02720"}
{timestamp:2.96619, localtime:2.96619, state:"IN_SP", message: "RAMP_STATUS = INDETERMINATE dt = 0.40592 m = 0.02720"}
{timestamp:2.96619, localtime:2.96619, state:"IN_SP", message: "INDETERMINATE dt = 0.42187 m = 0.02720"}
{timestamp:2.99013, localtime:2.99013, state:"IN_SP", message: "RAMP_STATUS = INDETERMINATE dt = 0.42187 m = 0.03580"}
{timestamp:2.99013, localtime:2.99013, state:"IN_SP", message: "INDETERMINATE dt = 0.44581 m = 0.03580"}
{timestamp:3.00808, localtime:3.00808, state:"IN_SP", message: "RAMP_STATUS = INDETERMINATE dt = 0.44581 m = 0.04945"}
{timestamp:3.00808, localtime:3.00808, state:"IN_SP", message: "INDETERMINATE dt = 0.46376 m = 0.04945"}
{timestamp:3.03002, localtime:3.03002, state:"IN_SP", message: "RAMP_STATUS = WITH dt = 0.46376 m = 0.08589"}
{timestamp:3.03002, localtime:3.03002, state:"IN_SP", message: "EXTEND dt = 0.48570 m = 0.08589"}
{timestamp:3.04598, localtime:3.04598, state:"STEP", message: "END STATIONARITY (D = 0.5774562358856201) [LONG]"}
{timestamp:3.04598, localtime:3.04598, state:"IN_SP", message: "RAMP_STATUS = WITH dt = 0.48570 m = 0.08780"}
{timestamp:3.04598, localtime:3.04598, state:"IN_SP", message: "EXTEND dt = 0.50166 m = 0.08780"}
{timestamp:3.06692, localtime:3.06692, state:"IN_SP", message: "RAMP_STATUS = WITH dt = 0.50166 m = 0.08780"}
{timestamp:3.06692, localtime:3.06692, state:"IN_SP", message: "EXTEND dt = 0.52260 m = 0.08780"}
{timestamp:3.08886, localtime:3.08886, state:"IN_SP", message: "RAMP_STATUS = WITH dt = 0.52260 m = 0.05279"}
{timestamp:3.08886, localtime:3.08886, state:"IN_SP", message: "EXTEND dt = 0.54454 m = 0.05279"}
{timestamp:3.10781, localtime:3.10781, state:"IN_SP", message: "RAMP_STATUS = WITH dt = 0.54454 m = 0.05279"}
{timestamp:3.10781, localtime:3.10781, state:"IN_SP", message: "EXTEND dt = 0.56349 m = 0.05279"}
{timestamp:3.12676, localtime:3.12676, state:"IN_SP", message: "RAMP_STATUS = WITH dt = 0.56349 m = 0.05642"}
{timestamp:3.12676, localtime:3.12676, state:"IN_SP", message: "EXTEND dt = 0.58244 m = 0.05642"}
{timestamp:3.14771, localtime:3.14771, state:"IN_SP", message: "RAMP_STATUS = WITH dt = 0.58244 m = 0.07182"}
{timestamp:3.14771, localtime:3.14771, state:"IN_SP", message: "EXTEND dt = 0.60339 m = 0.07182"}
{timestamp:3.17064, localtime:3.17064, state:"IN_SP", message: "RAMP_STATUS = WITH dt = 0.60339 m = 0.08451"}
{timestamp:3.17064, localtime:3.17064, state:"IN_SP", message: "EXTEND dt = 0.62633 m = 0.08451"}
{timestamp:3.18660, localtime:3.18660, state:"IN_SP", message: "RAMP_STATUS = WITH dt = 0.62633 m = 0.08451"}
{timestamp:3.18660, localtime:3.18660, state:"IN_SP", message: "EXTEND dt = 0.64228 m = 0.08451"}
{timestamp:3.20655, localtime:3.20655, state:"IN_SP", message: "RAMP_STATUS = WITH dt = 0.64228 m = 0.08451"}
{timestamp:3.20655, localtime:3.20655, state:"IN_SP", message: "EXTEND dt = 0.66223 m = 0.08451"}
{timestamp:3.22649, localtime:3.22649, state:"IN_SP", message: "RAMP_STATUS = WITH dt = 0.66223 m = 0.11305"}
{timestamp:3.22649, localtime:3.22649, state:"IN_SP", message: "EXTEND dt = 0.68218 m = 0.11305"}
{timestamp:3.24744, localtime:3.24744, state:"IN_SP", message: "RAMP_STATUS = WITH dt = 0.68218 m = 0.11305"}
{timestamp:3.24744, localtime:3.24744, state:"IN_SP", message: "EXTEND dt = 0.70312 m = 0.11305"}
{timestamp:3.27038, localtime:3.27038, state:"STEP", message: "START STATIONARITY (COUNT = 3 T = 3.2703773975372314)"}
{timestamp:3.27038, localtime:3.27038, state:"IN_SP", message: "RAMP_STATUS = INDETERMINATE dt = 0.70312 m = 0.03832"}
{timestamp:3.27038, localtime:3.27038, state:"IN_SP", message: "INDETERMINATE dt = 0.72606 m = 0.03832"}
{timestamp:3.28733, localtime:3.28733, state:"IN_SP", message: "RAMP_STATUS = INDETERMINATE dt = 0.72606 m = 0.01469"}
{timestamp:3.28733, localtime:3.28733, state:"IN_SP", message: "INDETERMINATE dt = 0.74301 m = 0.01469"}
{timestamp:3.30628, localtime:3.30628, state:"IN_SP", message: "RAMP_STATUS = INDETERMINATE dt = 0.74301 m = 0.00000"}
{timestamp:3.30628, localtime:3.30628, state:"IN_SP", message: "INDETERMINATE dt = 0.76196 m = 0.00000"}
{timestamp:3.32623, localtime:3.32623, state:"IN_SP", message: "RAMP_STATUS = AGAINST dt = 0.76196 m = -0.25877"}
{timestamp:3.32623, localtime:3.32623, state:"IN_QP", message: "START QP @ t = 3.32623 d = DOWNWARD m = -0.25877 max_sp_v = 0.12429"}
{timestamp:3.34917, localtime:3.34917, state:"IN_QP", message: "IN_QP VELOCITY CHECK v: -0.23141420323528494 dirn.: DOWNWARD"}
{timestamp:3.34917, localtime:3.34917, state:"IN_QP", message: "EXTEND dt = 0.04289 m = -0.25877"}
{timestamp:3.37011, localtime:3.37011, state:"IN_QP", message: "IN_QP VELOCITY CHECK v: -0.08355200759065781 dirn.: DOWNWARD"}
{timestamp:3.37011, localtime:3.37011, state:"IN_QP", message: "EXTEND dt = 0.06383 m = -0.23141"}
{timestamp:3.38707, localtime:3.38707, state:"IN_QP", message: "IN_QP VELOCITY CHECK v: -0.0011538233813916665 dirn.: DOWNWARD"}
{timestamp:3.38707, localtime:3.38707, state:"IN_QP", message: "EXTEND dt = 0.08078 m = -0.08355"}
{timestamp:3.40801, localtime:3.40801, state:"IN_QP", message: "IN_QP VELOCITY CHECK v: 0.0010694002338420684 dirn.: DOWNWARD"}
{timestamp:3.40801, localtime:3.40801, state:"FOUND", message: "END (INDETERMINATE) m = -0.00115 [PASS-THROUGH TO FOUND]"}
{timestamp:3.40801, localtime:3.40801, state:"FOUND", message: "END qp end time = 3.40801  qp duration = 0.10173"}
{timestamp:3.40801, localtime:3.40801, state:"FOUND", message: "[PRE-VALIDATOR] END qp end time = 3.40801  qp duration = 0.10173"}
{timestamp:3.40801, localtime:3.40801, state:"FOUND", message: "PASSED VALIDITY CHECK"}
{timestamp:3.40801, localtime:3.40801, state:"FOUND", message: "PROGRESS RESET CALLED "}
{timestamp:3.40801, localtime:3.40801, state:"SEARCH_SP", message: "[FOUND] EARLY RESTART t_early = 3.4080095291137695, t = 3.4080095291137695 m = -0.0011538233813916665 f = true"}
{timestamp:3.42796, localtime:3.42796, state:"IN_SP", message: "INDETERMINATE dt = 0.01995 m = 0.00107"}
{timestamp:3.44591, localtime:3.44591, state:"IN_SP", message: "RAMP_STATUS = INDETERMINATE dt = 0.01995 m = 0.00447"}
{timestamp:3.44591, localtime:3.44591, state:"IN_SP", message: "INDETERMINATE dt = 0.03790 m = 0.00447"}
{timestamp:3.47383, localtime:3.47383, state:"IN_SP", message: "RAMP_STATUS = INDETERMINATE dt = 0.03790 m = 0.01879"}
{timestamp:3.47383, localtime:3.47383, state:"IN_SP", message: "INDETERMINATE dt = 0.06582 m = 0.01879"}
{timestamp:3.49278, localtime:3.49278, state:"IN_SP", message: "RAMP_STATUS = INDETERMINATE dt = 0.06582 m = 0.02101"}
{timestamp:3.49278, localtime:3.49278, state:"IN_SP", message: "INDETERMINATE dt = 0.08477 m = 0.02101"}
{timestamp:3.50974, localtime:3.50974, state:"IN_SP", message: "RAMP_STATUS = INDETERMINATE dt = 0.08477 m = 0.02101"}
{timestamp:3.50974, localtime:3.50974, state:"IN_SP", message: "INDETERMINATE dt = 0.10173 m = 0.02101"}
{timestamp:3.52669, localtime:3.52669, state:"IN_SP", message: "RAMP_STATUS = INDETERMINATE dt = 0.10173 m = 0.00000"}
{timestamp:3.52669, localtime:3.52669, state:"IN_SP", message: "INDETERMINATE dt = 0.11868 m = 0.00000"}
{timestamp:3.54664, localtime:3.54664, state:"IN_SP", message: "RAMP_STATUS = AGAINST dt = 0.11868 m = -0.13634"}
{timestamp:3.54664, localtime:3.54664, state:"IN_QP", message: "START QP @ t = 3.54664 d = DOWNWARD m = -0.13634 max_sp_v = 0.03181"}
{timestamp:3.56659, localtime:3.56659, state:"IN_QP", message: "IN_QP VELOCITY CHECK v: -0.01098167263173544 dirn.: DOWNWARD"}
{timestamp:3.56659, localtime:3.56659, state:"IN_QP", message: "EXTEND dt = 0.03989 m = -0.13634"}
{timestamp:3.58753, localtime:3.58753, state:"IN_QP", message: "IN_QP VELOCITY CHECK v: 0 dirn.: DOWNWARD"}
{timestamp:3.58753, localtime:3.58753, state:"FOUND", message: "END (INDETERMINATE) m = -0.01098 [PASS-THROUGH TO FOUND]"}
{timestamp:3.58753, localtime:3.58753, state:"FOUND", message: "END qp end time = 3.58753  qp duration = 0.06084"}
{timestamp:3.58753, localtime:3.58753, state:"FOUND", message: "[PRE-VALIDATOR] END qp end time = 3.58753  qp duration = 0.06084"}
{timestamp:3.58753, localtime:3.58753, state:"FOUND", message: "FAILED VALIDITY CHECK"}
{timestamp:3.58753, localtime:3.58753, state:"FOUND", message: "PROGRESS RESET CALLED "}
{timestamp:3.58753, localtime:3.58753, state:"SEARCH_SP", message: "[FOUND] EARLY RESTART t_early = 3.587528944015503, t = 3.587528944015503 m = -0.01098167263173544 f = true"}
{timestamp:3.60847, localtime:3.60847, state:"IN_SP", message: "INDETERMINATE dt = 0.02094 m = 0.00000"}
{timestamp:3.62742, localtime:3.62742, state:"IN_SP", message: "RAMP_STATUS = INDETERMINATE dt = 0.02094 m = 0.00831"}
{timestamp:3.62742, localtime:3.62742, state:"IN_SP", message: "INDETERMINATE dt = 0.03989 m = 0.00831"}
{timestamp:3.65036, localtime:3.65036, state:"IN_SP", message: "RAMP_STATUS = INDETERMINATE dt = 0.03989 m = 0.01529"}
{timestamp:3.65036, localtime:3.65036, state:"IN_SP", message: "INDETERMINATE dt = 0.06283 m = 0.01529"}
{timestamp:3.66831, localtime:3.66831, state:"IN_SP", message: "RAMP_STATUS = INDETERMINATE dt = 0.06283 m = 0.01658"}
{timestamp:3.66831, localtime:3.66831, state:"IN_SP", message: "INDETERMINATE dt = 0.08079 m = 0.01658"}
{timestamp:3.68726, localtime:3.68726, state:"IN_SP", message: "RAMP_STATUS = INDETERMINATE dt = 0.08079 m = 0.01712"}
{timestamp:3.68726, localtime:3.68726, state:"IN_SP", message: "INDETERMINATE dt = 0.09973 m = 0.01712"}
{timestamp:3.70821, localtime:3.70821, state:"IN_SP", message: "RAMP_STATUS = INDETERMINATE dt = 0.09973 m = 0.01837"}
{timestamp:3.70821, localtime:3.70821, state:"IN_SP", message: "INDETERMINATE dt = 0.12068 m = 0.01837"}
{timestamp:3.72815, localtime:3.72815, state:"IN_SP", message: "RAMP_STATUS = INDETERMINATE dt = 0.12068 m = 0.01837"}
{timestamp:3.72815, localtime:3.72815, state:"IN_SP", message: "INDETERMINATE dt = 0.14062 m = 0.01837"}
{timestamp:3.74910, localtime:3.74910, state:"IN_SP", message: "RAMP_STATUS = INDETERMINATE dt = 0.14062 m = 0.00000"}
{timestamp:3.74910, localtime:3.74910, state:"IN_SP", message: "INDETERMINATE dt = 0.16157 m = 0.00000"}
{timestamp:3.76805, localtime:3.76805, state:"IN_SP", message: "RAMP_STATUS = INDETERMINATE dt = 0.16157 m = -0.02076"}
{timestamp:3.76805, localtime:3.76805, state:"IN_SP", message: "INDETERMINATE dt = 0.18052 m = -0.02076"}
{timestamp:3.78700, localtime:3.78700, state:"IN_SP", message: "RAMP_STATUS = INDETERMINATE dt = 0.18052 m = -0.03677"}
{timestamp:3.78700, localtime:3.78700, state:"IN_SP", message: "INDETERMINATE dt = 0.19947 m = -0.03677"}
{timestamp:3.80794, localtime:3.80794, state:"IN_SP", message: "RAMP_STATUS = INDETERMINATE dt = 0.19947 m = -0.03677"}
{timestamp:3.80794, localtime:3.80794, state:"IN_SP", message: "INDETERMINATE dt = 0.22041 m = -0.03677"}
{timestamp:3.82789, localtime:3.82789, state:"IN_SP", message: "RAMP_STATUS = INDETERMINATE dt = 0.22041 m = -0.00652"}
{timestamp:3.82789, localtime:3.82789, state:"IN_SP", message: "INDETERMINATE dt = 0.24036 m = -0.00652"}
{timestamp:3.84883, localtime:3.84883, state:"IN_SP", message: "RAMP_STATUS = INDETERMINATE dt = 0.24036 m = 0.00000"}
{timestamp:3.84883, localtime:3.84883, state:"IN_SP", message: "INDETERMINATE dt = 0.26130 m = 0.00000"}
{timestamp:3.86678, localtime:3.86678, state:"IN_SP", message: "RAMP_STATUS = INDETERMINATE dt = 0.26130 m = 0.03745"}
{timestamp:3.86678, localtime:3.86678, state:"IN_SP", message: "INDETERMINATE dt = 0.27925 m = 0.03745"}
{timestamp:3.88773, localtime:3.88773, state:"IN_SP", message: "RAMP_STATUS = WITH dt = 0.27925 m = 0.05088"}
{timestamp:3.88773, localtime:3.88773, state:"IN_SP", message: "EXTEND dt = 0.30020 m = 0.05088"}
{timestamp:3.90668, localtime:3.90668, state:"IN_SP", message: "RAMP_STATUS = WITH dt = 0.30020 m = 0.05371"}
{timestamp:3.90668, localtime:3.90668, state:"IN_SP", message: "EXTEND dt = 0.31915 m = 0.05371"}
{timestamp:3.92912, localtime:3.92912, state:"IN_SP", message: "RAMP_STATUS = WITH dt = 0.31915 m = 0.06956"}
{timestamp:3.92912, localtime:3.92912, state:"IN_SP", message: "EXTEND dt = 0.34159 m = 0.06956"}
{timestamp:3.94907, localtime:3.94907, state:"IN_SP", message: "RAMP_STATUS = WITH dt = 0.34159 m = 0.06956"}
{timestamp:3.94907, localtime:3.94907, state:"IN_SP", message: "EXTEND dt = 0.36154 m = 0.06956"}
{timestamp:3.96802, localtime:3.96802, state:"IN_SP", message: "RAMP_STATUS = WITH dt = 0.36154 m = 0.05987"}
{timestamp:3.96802, localtime:3.96802, state:"IN_SP", message: "EXTEND dt = 0.38049 m = 0.05987"}
{timestamp:3.98696, localtime:3.98696, state:"IN_SP", message: "RAMP_STATUS = INDETERMINATE dt = 0.38049 m = 0.04322"}
{timestamp:3.98696, localtime:3.98696, state:"IN_SP", message: "INDETERMINATE dt = 0.39944 m = 0.04322"}
{timestamp:4.00791, localtime:4.00791, state:"IN_SP", message: "RAMP_STATUS = INDETERMINATE dt = 0.39944 m = 0.04322"}
{timestamp:4.00791, localtime:4.00791, state:"IN_SP", message: "INDETERMINATE dt = 0.42038 m = 0.04322"}
{timestamp:4.02787, localtime:4.02787, state:"IN_SP", message: "RAMP_STATUS = WITH dt = 0.42038 m = 0.05942"}
{timestamp:4.02787, localtime:4.02787, state:"IN_SP", message: "EXTEND dt = 0.44034 m = 0.05942"}
{timestamp:4.04882, localtime:4.04882, state:"IN_SP", message: "RAMP_STATUS = WITH dt = 0.44034 m = 0.05942"}
{timestamp:4.04882, localtime:4.04882, state:"IN_SP", message: "EXTEND dt = 0.46129 m = 0.05942"}
{timestamp:4.06876, localtime:4.06876, state:"IN_SP", message: "RAMP_STATUS = INDETERMINATE dt = 0.46129 m = 0.01730"}
{timestamp:4.06876, localtime:4.06876, state:"IN_SP", message: "INDETERMINATE dt = 0.48123 m = 0.01730"}
{timestamp:4.08771, localtime:4.08771, state:"IN_SP", message: "RAMP_STATUS = INDETERMINATE dt = 0.48123 m = 0.00772"}
{timestamp:4.08771, localtime:4.08771, state:"IN_SP", message: "INDETERMINATE dt = 0.50018 m = 0.00772"}
{timestamp:4.10766, localtime:4.10766, state:"IN_SP", message: "RAMP_STATUS = INDETERMINATE dt = 0.50018 m = 0.00000"}
{timestamp:4.10766, localtime:4.10766, state:"IN_SP", message: "INDETERMINATE dt = 0.52013 m = 0.00000"}
{timestamp:4.12761, localtime:4.12761, state:"IN_SP", message: "RAMP_STATUS = INDETERMINATE dt = 0.52013 m = 0.00000"}
{timestamp:4.12761, localtime:4.12761, state:"IN_SP", message: "INDETERMINATE dt = 0.54008 m = 0.00000"}
{timestamp:4.15054, localtime:4.15054, state:"IN_SP", message: "RAMP_STATUS = INDETERMINATE dt = 0.54008 m = 0.01319"}
{timestamp:4.15054, localtime:4.15054, state:"IN_SP", message: "INDETERMINATE dt = 0.56302 m = 0.01319"}
{timestamp:4.16750, localtime:4.16750, state:"IN_SP", message: "RAMP_STATUS = INDETERMINATE dt = 0.56302 m = 0.01730"}
{timestamp:4.16750, localtime:4.16750, state:"IN_SP", message: "INDETERMINATE dt = 0.57997 m = 0.01730"}
{timestamp:4.18745, localtime:4.18745, state:"IN_SP", message: "RAMP_STATUS = INDETERMINATE dt = 0.57997 m = 0.03183"}
{timestamp:4.18745, localtime:4.18745, state:"IN_SP", message: "INDETERMINATE dt = 0.59992 m = 0.03183"}
{timestamp:4.20839, localtime:4.20839, state:"IN_SP", message: "RAMP_STATUS = WITH dt = 0.59992 m = 0.05351"}
{timestamp:4.20839, localtime:4.20839, state:"IN_SP", message: "EXTEND dt = 0.62086 m = 0.05351"}
{timestamp:4.22734, localtime:4.22734, state:"IN_SP", message: "RAMP_STATUS = WITH dt = 0.62086 m = 0.05351"}
{timestamp:4.22734, localtime:4.22734, state:"IN_SP", message: "EXTEND dt = 0.63981 m = 0.05351"}
{timestamp:4.24729, localtime:4.24729, state:"IN_SP", message: "RAMP_STATUS = INDETERMINATE dt = 0.63981 m = 0.03775"}
{timestamp:4.24729, localtime:4.24729, state:"IN_SP", message: "INDETERMINATE dt = 0.65976 m = 0.03775"}
{timestamp:4.26723, localtime:4.26723, state:"IN_SP", message: "RAMP_STATUS = INDETERMINATE dt = 0.65976 m = 0.03775"}
{timestamp:4.26723, localtime:4.26723, state:"IN_SP", message: "INDETERMINATE dt = 0.67970 m = 0.03775"}
{timestamp:4.28718, localtime:4.28718, state:"IN_SP", message: "RAMP_STATUS = INDETERMINATE dt = 0.67970 m = 0.03978"}
{timestamp:4.28718, localtime:4.28718, state:"IN_SP", message: "INDETERMINATE dt = 0.69965 m = 0.03978"}
{timestamp:4.30713, localtime:4.30713, state:"IN_SP", message: "RAMP_STATUS = INDETERMINATE dt = 0.69965 m = 0.04492"}
{timestamp:4.30713, localtime:4.30713, state:"IN_SP", message: "INDETERMINATE dt = 0.71960 m = 0.04492"}
{timestamp:4.32608, localtime:4.32608, state:"IN_SP", message: "RAMP_STATUS = WITH dt = 0.71960 m = 0.07850"}
{timestamp:4.32608, localtime:4.32608, state:"IN_SP", message: "EXTEND dt = 0.73855 m = 0.07850"}
{timestamp:4.35001, localtime:4.35001, state:"IN_SP", message: "RAMP_STATUS = WITH dt = 0.73855 m = 0.07850"}
{timestamp:4.35001, localtime:4.35001, state:"IN_SP", message: "EXTEND dt = 0.76248 m = 0.07850"}
{timestamp:4.36597, localtime:4.36597, state:"IN_SP", message: "RAMP_STATUS = WITH dt = 0.76248 m = 0.06643"}
{timestamp:4.36597, localtime:4.36597, state:"IN_SP", message: "EXTEND dt = 0.77844 m = 0.06643"}
{timestamp:4.39190, localtime:4.39190, state:"IN_SP", message: "RAMP_STATUS = WITH dt = 0.77844 m = 0.06643"}
{timestamp:4.39190, localtime:4.39190, state:"IN_SP", message: "EXTEND dt = 0.80437 m = 0.06643"}
{timestamp:4.41085, localtime:4.41085, state:"IN_SP", message: "RAMP_STATUS = WITH dt = 0.80437 m = 0.07003"}
{timestamp:4.41085, localtime:4.41085, state:"IN_SP", message: "EXTEND dt = 0.82332 m = 0.07003"}
{timestamp:4.42681, localtime:4.42681, state:"IN_SP", message: "RAMP_STATUS = WITH dt = 0.82332 m = 0.07003"}
{timestamp:4.42681, localtime:4.42681, state:"IN_SP", message: "EXTEND dt = 0.83928 m = 0.07003"}
{timestamp:4.44576, localtime:4.44576, state:"IN_SP", message: "RAMP_STATUS = WITH dt = 0.83928 m = 0.05785"}
{timestamp:4.44576, localtime:4.44576, state:"IN_SP", message: "EXTEND dt = 0.85823 m = 0.05785"}
{timestamp:4.46969, localtime:4.46969, state:"IN_SP", message: "RAMP_STATUS = WITH dt = 0.85823 m = 0.05785"}
{timestamp:4.46969, localtime:4.46969, state:"IN_SP", message: "EXTEND dt = 0.88216 m = 0.05785"}
{timestamp:4.48565, localtime:4.48565, state:"IN_SP", message: "RAMP_STATUS = WITH dt = 0.88216 m = 0.08383"}
{timestamp:4.48565, localtime:4.48565, state:"IN_SP", message: "EXTEND dt = 0.89812 m = 0.08383"}
{timestamp:4.51058, localtime:4.51058, state:"IN_SP", message: "RAMP_STATUS = WITH dt = 0.89812 m = 0.08475"}
{timestamp:4.51058, localtime:4.51058, state:"IN_SP", message: "EXTEND dt = 0.92305 m = 0.08475"}
{timestamp:4.52554, localtime:4.52554, state:"STEP", message: "END STATIONARITY (D = 1.2551653385162354) [LONG]"}
{timestamp:4.52554, localtime:4.52554, state:"IN_SP", message: "RAMP_STATUS = WITH dt = 0.92305 m = 0.08936"}
{timestamp:4.52554, localtime:4.52554, state:"IN_SP", message: "EXTEND dt = 0.93801 m = 0.08936"}
{timestamp:4.54449, localtime:4.54449, state:"IN_SP", message: "RAMP_STATUS = WITH dt = 0.93801 m = 0.08936"}
{timestamp:4.54449, localtime:4.54449, state:"IN_SP", message: "EXTEND dt = 0.95696 m = 0.08936"}
{timestamp:4.56643, localtime:4.56643, state:"IN_SP", message: "RAMP_STATUS = INDETERMINATE dt = 0.95696 m = 0.04905"}
{timestamp:4.56643, localtime:4.56643, state:"IN_SP", message: "INDETERMINATE dt = 0.97890 m = 0.04905"}
{timestamp:4.58638, localtime:4.58638, state:"IN_SP", message: "RAMP_STATUS = INDETERMINATE dt = 0.97890 m = 0.04905"}
{timestamp:4.58638, localtime:4.58638, state:"IN_SP", message: "INDETERMINATE dt = 0.99885 m = 0.04905"}
{timestamp:4.60633, localtime:4.60633, state:"IN_SP", message: "RAMP_STATUS = WITH dt = 0.99885 m = 0.08458"}
{timestamp:4.60633, localtime:4.60633, state:"IN_SP", message: "EXTEND dt = 1.01880 m = 0.08458"}
{timestamp:4.62527, localtime:4.62527, state:"IN_SP", message: "RAMP_STATUS = WITH dt = 1.01880 m = 0.08458"}
{timestamp:4.62527, localtime:4.62527, state:"IN_SP", message: "EXTEND dt = 1.03775 m = 0.08458"}
{timestamp:4.64522, localtime:4.64522, state:"STEP", message: "START STATIONARITY (COUNT = 4 T = 4.645222187042236)"}
{timestamp:4.64522, localtime:4.64522, state:"IN_SP", message: "RAMP_STATUS = INDETERMINATE dt = 1.03775 m = 0.00000"}
{timestamp:4.64522, localtime:4.64522, state:"IN_SP", message: "INDETERMINATE dt = 1.05769 m = 0.00000"}
{timestamp:4.67016, localtime:4.67016, state:"IN_SP", message: "RAMP_STATUS = INDETERMINATE dt = 1.05769 m = -0.00464"}
{timestamp:4.67016, localtime:4.67016, state:"IN_SP", message: "INDETERMINATE dt = 1.08263 m = -0.00464"}
{timestamp:4.68911, localtime:4.68911, state:"IN_SP", message: "RAMP_STATUS = AGAINST dt = 1.08263 m = -0.87452"}
{timestamp:4.68911, localtime:4.68911, state:"IN_QP", message: "START QP @ t = 4.68911 d = DOWNWARD m = -0.87452 max_sp_v = 0.12503"}
{timestamp:4.70506, localtime:4.70506, state:"IN_QP", message: "IN_QP VELOCITY CHECK v: -0.3158517624407645 dirn.: DOWNWARD"}
{timestamp:4.70506, localtime:4.70506, state:"IN_QP", message: "EXTEND dt = 0.05984 m = -0.87452"}
{timestamp:4.72601, localtime:4.72601, state:"IN_QP", message: "IN_QP VELOCITY CHECK v: 0 dirn.: DOWNWARD"}
{timestamp:4.72601, localtime:4.72601, state:"IN_QP", message: "EXTEND dt = 0.08078 m = -0.31585"}
{timestamp:4.75094, localtime:4.75094, state:"IN_QP", message: "IN_QP VELOCITY CHECK v: 0.004239735197121659 dirn.: DOWNWARD"}
{timestamp:4.75094, localtime:4.75094, state:"FOUND", message: "END (INDETERMINATE) m = 0.00000 [PASS-THROUGH TO FOUND]"}
{timestamp:4.75094, localtime:4.75094, state:"FOUND", message: "END qp end time = 4.75094  qp duration = 0.10572"}
{timestamp:4.75094, localtime:4.75094, state:"FOUND", message: "[PRE-VALIDATOR] END qp end time = 4.75094  qp duration = 0.10572"}
{timestamp:4.75094, localtime:4.75094, state:"FOUND", message: "PASSED VALIDITY CHECK"}
{timestamp:4.75094, localtime:4.75094, state:"FOUND", message: "PROGRESS RESET CALLED "}
{timestamp:4.75094, localtime:4.75094, state:"SEARCH_SP", message: "[FOUND] EARLY RESTART t_early = 4.7509400844573975, t = 4.7509400844573975 m = 0 f = true"}
{timestamp:4.76989, localtime:4.76989, state:"IN_SP", message: "INDETERMINATE dt = 0.01895 m = 0.00424"}
{timestamp:4.78884, localtime:4.78884, state:"IN_SP", message: "RAMP_STATUS = INDETERMINATE dt = 0.01895 m = 0.00424"}
{timestamp:4.78884, localtime:4.78884, state:"IN_SP", message: "INDETERMINATE dt = 0.03790 m = 0.00424"}
{timestamp:4.80978, localtime:4.80978, state:"IN_SP", message: "RAMP_STATUS = INDETERMINATE dt = 0.03790 m = 0.00522"}
{timestamp:4.80978, localtime:4.80978, state:"IN_SP", message: "INDETERMINATE dt = 0.05884 m = 0.00522"}
{timestamp:4.82674, localtime:4.82674, state:"IN_SP", message: "RAMP_STATUS = INDETERMINATE dt = 0.05884 m = 0.01551"}
{timestamp:4.82674, localtime:4.82674, state:"IN_SP", message: "INDETERMINATE dt = 0.07580 m = 0.01551"}
{timestamp:4.84968, localtime:4.84968, state:"IN_SP", message: "RAMP_STATUS = INDETERMINATE dt = 0.07580 m = 0.01551"}
{timestamp:4.84968, localtime:4.84968, state:"IN_SP", message: "INDETERMINATE dt = 0.09874 m = 0.01551"}
{timestamp:4.86962, localtime:4.86962, state:"IN_SP", message: "RAMP_STATUS = INDETERMINATE dt = 0.09874 m = 0.01551"}
{timestamp:4.86962, localtime:4.86962, state:"IN_SP", message: "INDETERMINATE dt = 0.11868 m = 0.01551"}
{timestamp:4.88658, localtime:4.88658, state:"IN_SP", message: "RAMP_STATUS = WITH dt = 0.11868 m = 0.05195"}
{timestamp:4.88658, localtime:4.88658, state:"IN_SP", message: "EXTEND dt = 0.13564 m = 0.05195"}
{timestamp:4.90453, localtime:4.90453, state:"IN_SP", message: "RAMP_STATUS = WITH dt = 0.13564 m = 0.05195"}
{timestamp:4.90453, localtime:4.90453, state:"IN_SP", message: "EXTEND dt = 0.15359 m = 0.05195"}
{timestamp:4.92747, localtime:4.92747, state:"IN_SP", message: "RAMP_STATUS = INDETERMINATE dt = 0.15359 m = 0.03476"}
{timestamp:4.92747, localtime:4.92747, state:"IN_SP", message: "INDETERMINATE dt = 0.17653 m = 0.03476"}
{timestamp:4.95141, localtime:4.95141, state:"IN_SP", message: "RAMP_STATUS = INDETERMINATE dt = 0.17653 m = 0.02698"}
{timestamp:4.95141, localtime:4.95141, state:"IN_SP", message: "INDETERMINATE dt = 0.20046 m = 0.02698"}
{timestamp:4.98038, localtime:4.98038, state:"IN_SP", message: "RAMP_STATUS = INDETERMINATE dt = 0.20046 m = 0.02628"}
{timestamp:4.98038, localtime:4.98038, state:"IN_SP", message: "INDETERMINATE dt = 0.22944 m = 0.02628"}
{timestamp:4.99833, localtime:4.99833, state:"IN_SP", message: "RAMP_STATUS = INDETERMINATE dt = 0.22944 m = 0.02427"}
{timestamp:4.99833, localtime:4.99833, state:"IN_SP", message: "INDETERMINATE dt = 0.24739 m = 0.02427"}
{timestamp:5.01827, localtime:5.01827, state:"IN_SP", message: "RAMP_STATUS = INDETERMINATE dt = 0.24739 m = 0.02628"}
{timestamp:5.01827, localtime:5.01827, state:"IN_SP", message: "INDETERMINATE dt = 0.26733 m = 0.02628"}
{timestamp:5.03623, localtime:5.03623, state:"IN_SP", message: "RAMP_STATUS = INDETERMINATE dt = 0.26733 m = 0.02699"}
{timestamp:5.03623, localtime:5.03623, state:"IN_SP", message: "INDETERMINATE dt = 0.28529 m = 0.02699"}
{timestamp:5.05418, localtime:5.05418, state:"IN_SP", message: "RAMP_STATUS = INDETERMINATE dt = 0.28529 m = 0.03809"}
{timestamp:5.05418, localtime:5.05418, state:"IN_SP", message: "INDETERMINATE dt = 0.30324 m = 0.03809"}
{timestamp:5.07519, localtime:5.07519, state:"IN_SP", message: "RAMP_STATUS = INDETERMINATE dt = 0.30324 m = 0.04739"}
{timestamp:5.07519, localtime:5.07519, state:"IN_SP", message: "INDETERMINATE dt = 0.32425 m = 0.04739"}
{timestamp:5.09277, localtime:5.09277, state:"IN_SP", message: "RAMP_STATUS = WITH dt = 0.32425 m = 0.08759"}
{timestamp:5.09277, localtime:5.09277, state:"IN_SP", message: "EXTEND dt = 0.34183 m = 0.08759"}
{timestamp:5.11172, localtime:5.11172, state:"IN_SP", message: "RAMP_STATUS = WITH dt = 0.34183 m = 0.09934"}
{timestamp:5.11172, localtime:5.11172, state:"IN_SP", message: "EXTEND dt = 0.36078 m = 0.09934"}
{timestamp:5.12868, localtime:5.12868, state:"IN_SP", message: "RAMP_STATUS = WITH dt = 0.36078 m = 0.11249"}
{timestamp:5.12868, localtime:5.12868, state:"IN_SP", message: "EXTEND dt = 0.37774 m = 0.11249"}
{timestamp:5.14962, localtime:5.14962, state:"IN_SP", message: "RAMP_STATUS = WITH dt = 0.37774 m = 0.11249"}
{timestamp:5.14962, localtime:5.14962, state:"IN_SP", message: "EXTEND dt = 0.39868 m = 0.11249"}
{timestamp:5.17057, localtime:5.17057, state:"IN_SP", message: "RAMP_STATUS = INDETERMINATE dt = 0.39868 m = 0.04780"}
{timestamp:5.17057, localtime:5.17057, state:"IN_SP", message: "INDETERMINATE dt = 0.41963 m = 0.04780"}
{timestamp:5.19258, localtime:5.19258, state:"IN_SP", message: "RAMP_STATUS = INDETERMINATE dt = 0.41963 m = 0.02739"}
{timestamp:5.19258, localtime:5.19258, state:"IN_SP", message: "INDETERMINATE dt = 0.44164 m = 0.02739"}
{timestamp:5.21253, localtime:5.21253, state:"IN_SP", message: "RAMP_STATUS = INDETERMINATE dt = 0.44164 m = 0.02739"}
{timestamp:5.21253, localtime:5.21253, state:"IN_SP", message: "INDETERMINATE dt = 0.46159 m = 0.02739"}
{timestamp:5.23155, localtime:5.23155, state:"IN_SP", message: "RAMP_STATUS = INDETERMINATE dt = 0.46159 m = 0.04960"}
{timestamp:5.23155, localtime:5.23155, state:"IN_SP", message: "INDETERMINATE dt = 0.48061 m = 0.04960"}
{timestamp:5.25349, localtime:5.25349, state:"IN_SP", message: "RAMP_STATUS = WITH dt = 0.48061 m = 0.08593"}
{timestamp:5.25349, localtime:5.25349, state:"IN_SP", message: "EXTEND dt = 0.50255 m = 0.08593"}
{timestamp:5.26945, localtime:5.26945, state:"IN_SP", message: "RAMP_STATUS = WITH dt = 0.50255 m = 0.08593"}
{timestamp:5.26945, localtime:5.26945, state:"IN_SP", message: "EXTEND dt = 0.51851 m = 0.08593"}
{timestamp:5.29140, localtime:5.29140, state:"IN_SP", message: "RAMP_STATUS = WITH dt = 0.51851 m = 0.06154"}
{timestamp:5.29140, localtime:5.29140, state:"IN_SP", message: "EXTEND dt = 0.54046 m = 0.06154"}
{timestamp:5.31334, localtime:5.31334, state:"IN_SP", message: "RAMP_STATUS = WITH dt = 0.54046 m = 0.06154"}
{timestamp:5.31334, localtime:5.31334, state:"IN_SP", message: "EXTEND dt = 0.56240 m = 0.06154"}
{timestamp:5.33029, localtime:5.33029, state:"IN_SP", message: "RAMP_STATUS = WITH dt = 0.56240 m = 0.09947"}
{timestamp:5.33029, localtime:5.33029, state:"IN_SP", message: "EXTEND dt = 0.57935 m = 0.09947"}
{timestamp:5.35124, localtime:5.35124, state:"IN_SP", message: "RAMP_STATUS = WITH dt = 0.57935 m = 0.09947"}
{timestamp:5.35124, localtime:5.35124, state:"IN_SP", message: "EXTEND dt = 0.60030 m = 0.09947"}
{timestamp:5.37218, localtime:5.37218, state:"IN_SP", message: "RAMP_STATUS = WITH dt = 0.60030 m = 0.08819"}
{timestamp:5.37218, localtime:5.37218, state:"IN_SP", message: "EXTEND dt = 0.62124 m = 0.08819"}
{timestamp:5.39213, localtime:5.39213, state:"STEP", message: "END STATIONARITY (D = 0.7469053268432617) [LONG]"}
{timestamp:5.39213, localtime:5.39213, state:"IN_SP", message: "RAMP_STATUS = WITH dt = 0.62124 m = 0.08535"}
{timestamp:5.39213, localtime:5.39213, state:"IN_SP", message: "EXTEND dt = 0.64119 m = 0.08535"}
{timestamp:5.41052, localtime:5.41052, state:"STEP", message: "START STATIONARITY (COUNT = 5 T = 5.410516738891602)"}
{timestamp:5.41052, localtime:5.41052, state:"IN_SP", message: "RAMP_STATUS = WITH dt = 0.64119 m = 0.08535"}
{timestamp:5.41052, localtime:5.41052, state:"IN_SP", message: "EXTEND dt = 0.65958 m = 0.08535"}
{timestamp:5.43345, localtime:5.43345, state:"STEP", message: "END STATIONARITY (COUNT = 5 D = 0.022937774658203125) [SHORT]"}
{timestamp:5.43345, localtime:5.43345, state:"IN_SP", message: "RAMP_STATUS = INDETERMINATE dt = 0.65958 m = 0.04387"}
{timestamp:5.43345, localtime:5.43345, state:"IN_SP", message: "INDETERMINATE dt = 0.68251 m = 0.04387"}
{timestamp:5.45041, localtime:5.45041, state:"IN_SP", message: "RAMP_STATUS = INDETERMINATE dt = 0.68251 m = 0.04387"}
{timestamp:5.45041, localtime:5.45041, state:"IN_SP", message: "INDETERMINATE dt = 0.69947 m = 0.04387"}
{timestamp:5.47135, localtime:5.47135, state:"IN_SP", message: "RAMP_STATUS = INDETERMINATE dt = 0.69947 m = 0.04387"}
{timestamp:5.47135, localtime:5.47135, state:"IN_SP", message: "INDETERMINATE dt = 0.72041 m = 0.04387"}
{timestamp:5.49030, localtime:5.49030, state:"STEP", message: "START STATIONARITY (COUNT = 6 T = 5.490302562713623)"}
{timestamp:5.49030, localtime:5.49030, state:"IN_SP", message: "RAMP_STATUS = INDETERMINATE dt = 0.72041 m = 0.03393"}
{timestamp:5.49030, localtime:5.49030, state:"IN_SP", message: "INDETERMINATE dt = 0.73936 m = 0.03393"}
{timestamp:5.51027, localtime:5.51027, state:"IN_SP", message: "RAMP_STATUS = INDETERMINATE dt = 0.73936 m = 0.00000"}
{timestamp:5.51027, localtime:5.51027, state:"IN_SP", message: "INDETERMINATE dt = 0.75933 m = 0.00000"}
{timestamp:5.53021, localtime:5.53021, state:"IN_SP", message: "RAMP_STATUS = AGAINST dt = 0.75933 m = -0.42643"}
{timestamp:5.53021, localtime:5.53021, state:"IN_QP", message: "START QP @ t = 5.53021 d = DOWNWARD m = -0.42643 max_sp_v = 0.11382"}
{timestamp:5.55116, localtime:5.55116, state:"IN_QP", message: "IN_QP VELOCITY CHECK v: -0.42407981377973786 dirn.: DOWNWARD"}
{timestamp:5.55116, localtime:5.55116, state:"IN_QP", message: "EXTEND dt = 0.04089 m = -0.42643"}
{timestamp:5.57110, localtime:5.57110, state:"IN_QP", message: "IN_QP VELOCITY CHECK v: -0.03997810207520126 dirn.: DOWNWARD"}
{timestamp:5.57110, localtime:5.57110, state:"IN_QP", message: "EXTEND dt = 0.06084 m = -0.42408"}
{timestamp:5.59404, localtime:5.59404, state:"IN_QP", message: "IN_QP VELOCITY CHECK v: -0.0034175324679999917 dirn.: DOWNWARD"}
{timestamp:5.59404, localtime:5.59404, state:"FOUND", message: "END (INDETERMINATE) m = -0.03998 [PASS-THROUGH TO FOUND]"}
{timestamp:5.59404, localtime:5.59404, state:"FOUND", message: "END qp end time = 5.59404  qp duration = 0.08378"}
{timestamp:5.59404, localtime:5.59404, state:"FOUND", message: "[PRE-VALIDATOR] END qp end time = 5.59404  qp duration = 0.08378"}
{timestamp:5.59404, localtime:5.59404, state:"FOUND", message: "PASSED VALIDITY CHECK"}
{timestamp:5.59404, localtime:5.59404, state:"FOUND", message: "PROGRESS RESET CALLED "}
{timestamp:5.59404, localtime:5.59404, state:"SEARCH_SP", message: "[FOUND] EARLY RESTART t_early = 5.594042062759399, t = 5.594042062759399 m = -0.03997810207520126 f = true"}
{timestamp:5.61000, localtime:5.61000, state:"IN_SP", message: "INDETERMINATE dt = 0.01596 m = -0.00342"}
{timestamp:5.62995, localtime:5.62995, state:"IN_SP", message: "RAMP_STATUS = INDETERMINATE dt = 0.01596 m = 0.00000"}
{timestamp:5.62995, localtime:5.62995, state:"IN_SP", message: "INDETERMINATE dt = 0.03590 m = 0.00000"}
{timestamp:5.64989, localtime:5.64989, state:"IN_SP", message: "RAMP_STATUS = INDETERMINATE dt = 0.03590 m = 0.02429"}
{timestamp:5.64989, localtime:5.64989, state:"IN_SP", message: "INDETERMINATE dt = 0.05585 m = 0.02429"}
{timestamp:5.67084, localtime:5.67084, state:"IN_SP", message: "RAMP_STATUS = INDETERMINATE dt = 0.05585 m = 0.02429"}
{timestamp:5.67084, localtime:5.67084, state:"IN_SP", message: "INDETERMINATE dt = 0.07680 m = 0.02429"}
{timestamp:5.69477, localtime:5.69477, state:"IN_SP", message: "RAMP_STATUS = INDETERMINATE dt = 0.07680 m = 0.00347"}
{timestamp:5.69477, localtime:5.69477, state:"IN_SP", message: "INDETERMINATE dt = 0.10073 m = 0.00347"}
{timestamp:5.70874, localtime:5.70874, state:"IN_SP", message: "RAMP_STATUS = INDETERMINATE dt = 0.10073 m = 0.00347"}
{timestamp:5.70874, localtime:5.70874, state:"IN_SP", message: "INDETERMINATE dt = 0.11469 m = 0.00347"}
{timestamp:5.73068, localtime:5.73068, state:"IN_SP", message: "RAMP_STATUS = INDETERMINATE dt = 0.11469 m = 0.01515"}
{timestamp:5.73068, localtime:5.73068, state:"IN_SP", message: "INDETERMINATE dt = 0.13664 m = 0.01515"}
{timestamp:5.74963, localtime:5.74963, state:"IN_SP", message: "RAMP_STATUS = INDETERMINATE dt = 0.13664 m = 0.03352"}
{timestamp:5.74963, localtime:5.74963, state:"IN_SP", message: "INDETERMINATE dt = 0.15558 m = 0.03352"}
{timestamp:5.76957, localtime:5.76957, state:"IN_SP", message: "RAMP_STATUS = INDETERMINATE dt = 0.15558 m = 0.03352"}
{timestamp:5.76957, localtime:5.76957, state:"IN_SP", message: "INDETERMINATE dt = 0.17553 m = 0.03352"}
{timestamp:5.79750, localtime:5.79750, state:"IN_SP", message: "RAMP_STATUS = INDETERMINATE dt = 0.17553 m = 0.04234"}
{timestamp:5.79750, localtime:5.79750, state:"IN_SP", message: "INDETERMINATE dt = 0.20346 m = 0.04234"}
{timestamp:5.81146, localtime:5.81146, state:"IN_SP", message: "RAMP_STATUS = INDETERMINATE dt = 0.20346 m = 0.04234"}
{timestamp:5.81146, localtime:5.81146, state:"IN_SP", message: "INDETERMINATE dt = 0.21742 m = 0.04234"}
{timestamp:5.82941, localtime:5.82941, state:"IN_SP", message: "RAMP_STATUS = WITH dt = 0.21742 m = 0.08143"}
{timestamp:5.82941, localtime:5.82941, state:"IN_SP", message: "EXTEND dt = 0.23537 m = 0.08143"}
{timestamp:5.85335, localtime:5.85335, state:"IN_SP", message: "RAMP_STATUS = WITH dt = 0.23537 m = 0.08603"}
{timestamp:5.85335, localtime:5.85335, state:"IN_SP", message: "EXTEND dt = 0.25931 m = 0.08603"}
{timestamp:5.87030, localtime:5.87030, state:"IN_SP", message: "RAMP_STATUS = WITH dt = 0.25931 m = 0.08603"}
{timestamp:5.87030, localtime:5.87030, state:"IN_SP", message: "EXTEND dt = 0.27626 m = 0.08603"}
{timestamp:5.88925, localtime:5.88925, state:"IN_SP", message: "RAMP_STATUS = WITH dt = 0.27626 m = 0.08603"}
{timestamp:5.88925, localtime:5.88925, state:"IN_SP", message: "EXTEND dt = 0.29521 m = 0.08603"}
{timestamp:5.91419, localtime:5.91419, state:"IN_SP", message: "RAMP_STATUS = WITH dt = 0.29521 m = 0.08790"}
{timestamp:5.91419, localtime:5.91419, state:"IN_SP", message: "EXTEND dt = 0.32014 m = 0.08790"}
{timestamp:5.93613, localtime:5.93613, state:"IN_SP", message: "RAMP_STATUS = WITH dt = 0.32014 m = 0.08327"}
{timestamp:5.93613, localtime:5.93613, state:"IN_SP", message: "EXTEND dt = 0.34209 m = 0.08327"}
{timestamp:5.95109, localtime:5.95109, state:"IN_SP", message: "RAMP_STATUS = WITH dt = 0.34209 m = 0.08327"}
{timestamp:5.95109, localtime:5.95109, state:"IN_SP", message: "EXTEND dt = 0.35705 m = 0.08327"}
{timestamp:5.97104, localtime:5.97104, state:"IN_SP", message: "RAMP_STATUS = WITH dt = 0.35705 m = 0.06533"}
{timestamp:5.97104, localtime:5.97104, state:"IN_SP", message: "EXTEND dt = 0.37699 m = 0.06533"}
{timestamp:5.99098, localtime:5.99098, state:"IN_SP", message: "RAMP_STATUS = WITH dt = 0.37699 m = 0.06326"}
{timestamp:5.99098, localtime:5.99098, state:"IN_SP", message: "EXTEND dt = 0.39694 m = 0.06326"}
{timestamp:6.01093, localtime:6.01093, state:"IN_SP", message: "RAMP_STATUS = WITH dt = 0.39694 m = 0.05564"}
{timestamp:6.01093, localtime:6.01093, state:"IN_SP", message: "EXTEND dt = 0.41689 m = 0.05564"}
{timestamp:6.03187, localtime:6.03187, state:"IN_SP", message: "RAMP_STATUS = INDETERMINATE dt = 0.41689 m = 0.02686"}
{timestamp:6.03187, localtime:6.03187, state:"IN_SP", message: "INDETERMINATE dt = 0.43783 m = 0.02686"}
{timestamp:6.05082, localtime:6.05082, state:"IN_SP", message: "RAMP_STATUS = INDETERMINATE dt = 0.43783 m = 0.00000"}
{timestamp:6.05082, localtime:6.05082, state:"IN_SP", message: "INDETERMINATE dt = 0.45678 m = 0.00000"}
{timestamp:6.07077, localtime:6.07077, state:"IN_SP", message: "RAMP_STATUS = INDETERMINATE dt = 0.45678 m = -0.04869"}
{timestamp:6.07077, localtime:6.07077, state:"IN_SP", message: "INDETERMINATE dt = 0.47673 m = -0.04869"}
{timestamp:6.09371, localtime:6.09371, state:"IN_SP", message: "RAMP_STATUS = INDETERMINATE dt = 0.47673 m = -0.04869"}
{timestamp:6.09371, localtime:6.09371, state:"IN_SP", message: "INDETERMINATE dt = 0.49967 m = -0.04869"}
{timestamp:6.11465, localtime:6.11465, state:"IN_SP", message: "RAMP_STATUS = INDETERMINATE dt = 0.49967 m = -0.04268"}
{timestamp:6.11465, localtime:6.11465, state:"IN_SP", message: "INDETERMINATE dt = 0.52061 m = -0.04268"}
{timestamp:6.13161, localtime:6.13161, state:"IN_SP", message: "RAMP_STATUS = INDETERMINATE dt = 0.52061 m = -0.02350"}
{timestamp:6.13161, localtime:6.13161, state:"IN_SP", message: "INDETERMINATE dt = 0.53756 m = -0.02350"}
{timestamp:6.15155, localtime:6.15155, state:"IN_SP", message: "RAMP_STATUS = INDETERMINATE dt = 0.53756 m = 0.00000"}
{timestamp:6.15155, localtime:6.15155, state:"IN_SP", message: "INDETERMINATE dt = 0.55751 m = 0.00000"}
{timestamp:6.17250, localtime:6.17250, state:"IN_SP", message: "RAMP_STATUS = INDETERMINATE dt = 0.55751 m = 0.04403"}
{timestamp:6.17250, localtime:6.17250, state:"IN_SP", message: "INDETERMINATE dt = 0.57846 m = 0.04403"}
{timestamp:6.19045, localtime:6.19045, state:"IN_SP", message: "RAMP_STATUS = INDETERMINATE dt = 0.57846 m = 0.04403"}
{timestamp:6.19045, localtime:6.19045, state:"IN_SP", message: "INDETERMINATE dt = 0.59641 m = 0.04403"}
{timestamp:6.21638, localtime:6.21638, state:"IN_SP", message: "RAMP_STATUS = INDETERMINATE dt = 0.59641 m = 0.03582"}
{timestamp:6.21638, localtime:6.21638, state:"IN_SP", message: "INDETERMINATE dt = 0.62234 m = 0.03582"}
{timestamp:6.23034, localtime:6.23034, state:"IN_SP", message: "RAMP_STATUS = INDETERMINATE dt = 0.62234 m = 0.01299"}
{timestamp:6.23034, localtime:6.23034, state:"IN_SP", message: "INDETERMINATE dt = 0.63630 m = 0.01299"}
{timestamp:6.25029, localtime:6.25029, state:"IN_SP", message: "RAMP_STATUS = INDETERMINATE dt = 0.63630 m = 0.00000"}
{timestamp:6.25029, localtime:6.25029, state:"IN_SP", message: "INDETERMINATE dt = 0.65625 m = 0.00000"}
{timestamp:6.27223, localtime:6.27223, state:"IN_SP", message: "RAMP_STATUS = INDETERMINATE dt = 0.65625 m = -0.03428"}
{timestamp:6.27223, localtime:6.27223, state:"IN_SP", message: "INDETERMINATE dt = 0.67819 m = -0.03428"}
{timestamp:6.29317, localtime:6.29317, state:"IN_SP", message: "RAMP_STATUS = INDETERMINATE dt = 0.67819 m = -0.03428"}
{timestamp:6.29317, localtime:6.29317, state:"IN_SP", message: "INDETERMINATE dt = 0.69913 m = -0.03428"}
{timestamp:6.32010, localtime:6.32010, state:"IN_SP", message: "RAMP_STATUS = INDETERMINATE dt = 0.69913 m = -0.03038"}
{timestamp:6.32010, localtime:6.32010, state:"IN_SP", message: "INDETERMINATE dt = 0.72606 m = -0.03038"}
{timestamp:6.33207, localtime:6.33207, state:"IN_SP", message: "RAMP_STATUS = INDETERMINATE dt = 0.72606 m = -0.02519"}
{timestamp:6.33207, localtime:6.33207, state:"IN_SP", message: "INDETERMINATE dt = 0.73803 m = -0.02519"}
{timestamp:6.35700, localtime:6.35700, state:"IN_SP", message: "RAMP_STATUS = INDETERMINATE dt = 0.73803 m = -0.01694"}
{timestamp:6.35700, localtime:6.35700, state:"IN_SP", message: "INDETERMINATE dt = 0.76296 m = -0.01694"}
{timestamp:6.37196, localtime:6.37196, state:"IN_SP", message: "RAMP_STATUS = INDETERMINATE dt = 0.76296 m = 0.00000"}
{timestamp:6.37196, localtime:6.37196, state:"IN_SP", message: "INDETERMINATE dt = 0.77792 m = 0.00000"}
{timestamp:6.39091, localtime:6.39091, state:"IN_SP", message: "RAMP_STATUS = INDETERMINATE dt = 0.77792 m = 0.03198"}
{timestamp:6.39091, localtime:6.39091, state:"IN_SP", message: "INDETERMINATE dt = 0.79687 m = 0.03198"}
{timestamp:6.41086, localtime:6.41086, state:"IN_SP", message: "RAMP_STATUS = WITH dt = 0.79687 m = 0.07670"}
{timestamp:6.41086, localtime:6.41086, state:"IN_SP", message: "EXTEND dt = 0.81682 m = 0.07670"}
{timestamp:6.43380, localtime:6.43380, state:"IN_SP", message: "RAMP_STATUS = WITH dt = 0.81682 m = 0.07670"}
{timestamp:6.43380, localtime:6.43380, state:"IN_SP", message: "EXTEND dt = 0.83976 m = 0.07670"}
{timestamp:6.45075, localtime:6.45075, state:"IN_SP", message: "RAMP_STATUS = WITH dt = 0.83976 m = 0.05276"}
{timestamp:6.45075, localtime:6.45075, state:"IN_SP", message: "EXTEND dt = 0.85671 m = 0.05276"}
{timestamp:6.47170, localtime:6.47170, state:"IN_SP", message: "RAMP_STATUS = INDETERMINATE dt = 0.85671 m = 0.00504"}
{timestamp:6.47170, localtime:6.47170, state:"IN_SP", message: "INDETERMINATE dt = 0.87766 m = 0.00504"}
{timestamp:6.49164, localtime:6.49164, state:"IN_SP", message: "RAMP_STATUS = INDETERMINATE dt = 0.87766 m = 0.00439"}
{timestamp:6.49164, localtime:6.49164, state:"IN_SP", message: "INDETERMINATE dt = 0.89760 m = 0.00439"}
{timestamp:6.51159, localtime:6.51159, state:"IN_SP", message: "RAMP_STATUS = INDETERMINATE dt = 0.89760 m = 0.00439"}
{timestamp:6.51159, localtime:6.51159, state:"IN_SP", message: "INDETERMINATE dt = 0.91755 m = 0.00439"}
{timestamp:6.53154, localtime:6.53154, state:"IN_SP", message: "RAMP_STATUS = INDETERMINATE dt = 0.91755 m = -0.00502"}
{timestamp:6.53154, localtime:6.53154, state:"IN_SP", message: "INDETERMINATE dt = 0.93749 m = -0.00502"}
{timestamp:6.55148, localtime:6.55148, state:"IN_SP", message: "RAMP_STATUS = INDETERMINATE dt = 0.93749 m = -0.00502"}
{timestamp:6.55148, localtime:6.55148, state:"IN_SP", message: "INDETERMINATE dt = 0.95744 m = -0.00502"}
{timestamp:6.57043, localtime:6.57043, state:"IN_SP", message: "RAMP_STATUS = INDETERMINATE dt = 0.95744 m = -0.00502"}
{timestamp:6.57043, localtime:6.57043, state:"IN_SP", message: "INDETERMINATE dt = 0.97639 m = -0.00502"}
{timestamp:6.59238, localtime:6.59238, state:"IN_SP", message: "RAMP_STATUS = INDETERMINATE dt = 0.97639 m = -0.03824"}
{timestamp:6.59238, localtime:6.59238, state:"IN_SP", message: "INDETERMINATE dt = 0.99833 m = -0.03824"}
{timestamp:6.61033, localtime:6.61033, state:"IN_SP", message: "RAMP_STATUS = INDETERMINATE dt = 0.99833 m = -0.03824"}
{timestamp:6.61033, localtime:6.61033, state:"IN_SP", message: "INDETERMINATE dt = 1.01628 m = -0.03824"}
{timestamp:6.63027, localtime:6.63027, state:"IN_SP", message: "RAMP_STATUS = INDETERMINATE dt = 1.01628 m = -0.03281"}
{timestamp:6.63027, localtime:6.63027, state:"IN_SP", message: "INDETERMINATE dt = 1.03623 m = -0.03281"}
{timestamp:6.65221, localtime:6.65221, state:"IN_SP", message: "RAMP_STATUS = INDETERMINATE dt = 1.03623 m = -0.01648"}
{timestamp:6.65221, localtime:6.65221, state:"IN_SP", message: "INDETERMINATE dt = 1.05817 m = -0.01648"}
{timestamp:6.67116, localtime:6.67116, state:"IN_SP", message: "RAMP_STATUS = INDETERMINATE dt = 1.05817 m = 0.00000"}
{timestamp:6.67116, localtime:6.67116, state:"IN_SP", message: "INDETERMINATE dt = 1.07712 m = 0.00000"}
{timestamp:6.69211, localtime:6.69211, state:"IN_SP", message: "RAMP_STATUS = INDETERMINATE dt = 1.07712 m = 0.02961"}
{timestamp:6.69211, localtime:6.69211, state:"IN_SP", message: "INDETERMINATE dt = 1.09807 m = 0.02961"}
{timestamp:6.71106, localtime:6.71106, state:"IN_SP", message: "RAMP_STATUS = WITH dt = 1.09807 m = 0.05414"}
{timestamp:6.71106, localtime:6.71106, state:"IN_SP", message: "EXTEND dt = 1.11702 m = 0.05414"}
{timestamp:6.73200, localtime:6.73200, state:"IN_SP", message: "RAMP_STATUS = WITH dt = 1.11702 m = 0.05414"}
{timestamp:6.73200, localtime:6.73200, state:"IN_SP", message: "EXTEND dt = 1.13796 m = 0.05414"}
{timestamp:6.75095, localtime:6.75095, state:"IN_SP", message: "RAMP_STATUS = WITH dt = 1.13796 m = 0.05414"}
{timestamp:6.75095, localtime:6.75095, state:"IN_SP", message: "EXTEND dt = 1.15691 m = 0.05414"}
{timestamp:6.77090, localtime:6.77090, state:"IN_SP", message: "RAMP_STATUS = INDETERMINATE dt = 1.15691 m = 0.04499"}
{timestamp:6.77090, localtime:6.77090, state:"IN_SP", message: "INDETERMINATE dt = 1.17686 m = 0.04499"}
{timestamp:6.79084, localtime:6.79084, state:"IN_SP", message: "RAMP_STATUS = INDETERMINATE dt = 1.17686 m = 0.04499"}
{timestamp:6.79084, localtime:6.79084, state:"IN_SP", message: "INDETERMINATE dt = 1.19680 m = 0.04499"}
{timestamp:6.81179, localtime:6.81179, state:"IN_SP", message: "RAMP_STATUS = INDETERMINATE dt = 1.19680 m = 0.04499"}
{timestamp:6.81179, localtime:6.81179, state:"IN_SP", message: "INDETERMINATE dt = 1.21775 m = 0.04499"}
{timestamp:6.83174, localtime:6.83174, state:"IN_SP", message: "RAMP_STATUS = INDETERMINATE dt = 1.21775 m = 0.04134"}
{timestamp:6.83174, localtime:6.83174, state:"IN_SP", message: "INDETERMINATE dt = 1.23769 m = 0.04134"}
{timestamp:6.85467, localtime:6.85467, state:"IN_SP", message: "RAMP_STATUS = WITH dt = 1.23769 m = 0.05063"}
{timestamp:6.85467, localtime:6.85467, state:"IN_SP", message: "EXTEND dt = 1.26063 m = 0.05063"}
{timestamp:6.87163, localtime:6.87163, state:"IN_SP", message: "RAMP_STATUS = WITH dt = 1.26063 m = 0.05574"}
{timestamp:6.87163, localtime:6.87163, state:"IN_SP", message: "EXTEND dt = 1.27759 m = 0.05574"}
{timestamp:6.89158, localtime:6.89158, state:"IN_SP", message: "RAMP_STATUS = WITH dt = 1.27759 m = 0.05574"}
{timestamp:6.89158, localtime:6.89158, state:"IN_SP", message: "EXTEND dt = 1.29754 m = 0.05574"}
{timestamp:6.91252, localtime:6.91252, state:"IN_SP", message: "RAMP_STATUS = INDETERMINATE dt = 1.29754 m = 0.04273"}
{timestamp:6.91252, localtime:6.91252, state:"IN_SP", message: "INDETERMINATE dt = 1.31848 m = 0.04273"}
{timestamp:6.93047, localtime:6.93047, state:"IN_SP", message: "RAMP_STATUS = INDETERMINATE dt = 1.31848 m = 0.00675"}
{timestamp:6.93047, localtime:6.93047, state:"IN_SP", message: "INDETERMINATE dt = 1.33643 m = 0.00675"}
{timestamp:6.95142, localtime:6.95142, state:"IN_SP", message: "RAMP_STATUS = INDETERMINATE dt = 1.33643 m = 0.00000"}
{timestamp:6.95142, localtime:6.95142, state:"IN_SP", message: "INDETERMINATE dt = 1.35737 m = 0.00000"}
{timestamp:6.97136, localtime:6.97136, state:"IN_SP", message: "RAMP_STATUS = AGAINST dt = 1.35737 m = -0.09333"}
{timestamp:6.97136, localtime:6.97136, state:"IN_QP", message: "START QP @ t = 6.97136 d = DOWNWARD m = -0.09333 max_sp_v = 0.10551"}
{timestamp:6.99131, localtime:6.99131, state:"IN_QP", message: "IN_QP VELOCITY CHECK v: -0.1166583553556029 dirn.: DOWNWARD"}
{timestamp:6.99131, localtime:6.99131, state:"IN_QP", message: "EXTEND dt = 0.03989 m = -0.11666"}
{timestamp:7.01026, localtime:7.01026, state:"IN_QP", message: "IN_QP VELOCITY CHECK v: -0.036026726818496044 dirn.: DOWNWARD"}
{timestamp:7.01026, localtime:7.01026, state:"IN_QP", message: "EXTEND dt = 0.05884 m = -0.11666"}
{timestamp:7.03270, localtime:7.03270, state:"IN_QP", message: "IN_QP VELOCITY CHECK v: -0.012566202768752146 dirn.: DOWNWARD"}
{timestamp:7.03270, localtime:7.03270, state:"FOUND", message: "END (INDETERMINATE) m = -0.03603 [PASS-THROUGH TO FOUND]"}
{timestamp:7.03270, localtime:7.03270, state:"FOUND", message: "END qp end time = 7.03270  qp duration = 0.08129"}
{timestamp:7.03270, localtime:7.03270, state:"FOUND", message: "[PRE-VALIDATOR] END qp end time = 7.03270  qp duration = 0.08129"}
{timestamp:7.03270, localtime:7.03270, state:"FOUND", message: "FAILED VALIDITY CHECK"}
{timestamp:7.03270, localtime:7.03270, state:"FOUND", message: "PROGRESS RESET CALLED "}
{timestamp:7.03270, localtime:7.03270, state:"SEARCH_SP", message: "[FOUND] EARLY RESTART t_early = 7.032704591751099, t = 7.032704591751099 m = -0.036026726818496044 f = true"}
{timestamp:7.05165, localtime:7.05165, state:"IN_SP", message: "INDETERMINATE dt = 0.01895 m = -0.01257"}
{timestamp:7.07260, localtime:7.07260, state:"IN_SP", message: "RAMP_STATUS = INDETERMINATE dt = 0.01895 m = -0.00320"}
{timestamp:7.07260, localtime:7.07260, state:"IN_SP", message: "INDETERMINATE dt = 0.03989 m = -0.00320"}
{timestamp:7.09057, localtime:7.09057, state:"IN_SP", message: "RAMP_STATUS = INDETERMINATE dt = 0.03989 m = -0.00160"}
{timestamp:7.09057, localtime:7.09057, state:"IN_SP", message: "INDETERMINATE dt = 0.05786 m = -0.00160"}
{timestamp:7.11301, localtime:7.11301, state:"IN_SP", message: "RAMP_STATUS = INDETERMINATE dt = 0.05786 m = 0.00000"}
{timestamp:7.11301, localtime:7.11301, state:"IN_SP", message: "INDETERMINATE dt = 0.08031 m = 0.00000"}
{timestamp:7.13199, localtime:7.13199, state:"IN_SP", message: "RAMP_STATUS = INDETERMINATE dt = 0.08031 m = 0.00152"}
{timestamp:7.13199, localtime:7.13199, state:"IN_SP", message: "INDETERMINATE dt = 0.09928 m = 0.00152"}
{timestamp:7.15199, localtime:7.15199, state:"IN_SP", message: "RAMP_STATUS = INDETERMINATE dt = 0.09928 m = 0.00278"}
{timestamp:7.15199, localtime:7.15199, state:"IN_SP", message: "INDETERMINATE dt = 0.11929 m = 0.00278"}
{timestamp:7.17099, localtime:7.17099, state:"IN_SP", message: "RAMP_STATUS = INDETERMINATE dt = 0.11929 m = 0.00809"}
{timestamp:7.17099, localtime:7.17099, state:"IN_SP", message: "INDETERMINATE dt = 0.13828 m = 0.00809"}
{timestamp:7.19197, localtime:7.19197, state:"IN_SP", message: "RAMP_STATUS = INDETERMINATE dt = 0.13828 m = 0.01208"}
{timestamp:7.19197, localtime:7.19197, state:"IN_SP", message: "INDETERMINATE dt = 0.15927 m = 0.01208"}
{timestamp:7.20996, localtime:7.20996, state:"IN_SP", message: "RAMP_STATUS = INDETERMINATE dt = 0.15927 m = 0.02175"}
{timestamp:7.20996, localtime:7.20996, state:"IN_SP", message: "INDETERMINATE dt = 0.17726 m = 0.02175"}
{timestamp:7.23888, localtime:7.23888, state:"IN_SP", message: "RAMP_STATUS = INDETERMINATE dt = 0.17726 m = 0.02175"}
{timestamp:7.23888, localtime:7.23888, state:"IN_SP", message: "INDETERMINATE dt = 0.20618 m = 0.02175"}
{timestamp:7.25185, localtime:7.25185, state:"IN_SP", message: "RAMP_STATUS = INDETERMINATE dt = 0.20618 m = 0.00901"}
{timestamp:7.25185, localtime:7.25185, state:"IN_SP", message: "INDETERMINATE dt = 0.21915 m = 0.00901"}
{timestamp:7.27479, localtime:7.27479, state:"IN_SP", message: "RAMP_STATUS = INDETERMINATE dt = 0.21915 m = 0.00835"}
{timestamp:7.27479, localtime:7.27479, state:"IN_SP", message: "INDETERMINATE dt = 0.24208 m = 0.00835"}
{timestamp:7.29174, localtime:7.29174, state:"IN_SP", message: "RAMP_STATUS = INDETERMINATE dt = 0.24208 m = 0.00659"}
{timestamp:7.29174, localtime:7.29174, state:"IN_SP", message: "INDETERMINATE dt = 0.25904 m = 0.00659"}
{timestamp:7.31069, localtime:7.31069, state:"IN_SP", message: "RAMP_STATUS = INDETERMINATE dt = 0.25904 m = 0.00659"}
{timestamp:7.31069, localtime:7.31069, state:"IN_SP", message: "INDETERMINATE dt = 0.27799 m = 0.00659"}
{timestamp:7.33164, localtime:7.33164, state:"IN_SP", message: "RAMP_STATUS = INDETERMINATE dt = 0.27799 m = 0.00090"}
{timestamp:7.33164, localtime:7.33164, state:"IN_SP", message: "INDETERMINATE dt = 0.29893 m = 0.00090"}
{timestamp:7.35158, localtime:7.35158, state:"IN_SP", message: "RAMP_STATUS = INDETERMINATE dt = 0.29893 m = -0.00087"}
{timestamp:7.35158, localtime:7.35158, state:"IN_SP", message: "INDETERMINATE dt = 0.31888 m = -0.00087"}
